{"expand":"renderedFields,names,schema,transitions,operations,editmeta,changelog","id":"12349072","self":"https://issues.apache.org/jira/rest/api/latest/issue/12349072","key":"DERBY-1800","fields":{"issuetype":{"self":"https://issues.apache.org/jira/rest/api/2/issuetype/1","id":"1","description":"A problem which impairs or prevents the functions of the product.","iconUrl":"https://issues.apache.org/jira/images/icons/issuetypes/bug.png","name":"Bug","subtask":false},"timespent":null,"project":{"self":"https://issues.apache.org/jira/rest/api/2/project/10594","id":"10594","key":"DERBY","name":"Derby","avatarUrls":{"48x48":"https://issues.apache.org/jira/secure/projectavatar?pid=10594&avatarId=10122","24x24":"https://issues.apache.org/jira/secure/projectavatar?size=small&pid=10594&avatarId=10122","16x16":"https://issues.apache.org/jira/secure/projectavatar?size=xsmall&pid=10594&avatarId=10122","32x32":"https://issues.apache.org/jira/secure/projectavatar?size=medium&pid=10594&avatarId=10122"},"projectCategory":{"self":"https://issues.apache.org/jira/rest/api/2/projectCategory/10090","id":"10090","description":"DB related projects","name":"DB"}},"fixVersions":[{"self":"https://issues.apache.org/jira/rest/api/2/version/12312027","id":"12312027","description":"","name":"10.2.2.0","archived":false,"released":true,"releaseDate":"2006-12-19"},{"self":"https://issues.apache.org/jira/rest/api/2/version/12312590","id":"12312590","description":"","name":"10.3.1.4","archived":false,"released":true,"releaseDate":"2007-08-10"}],"aggregatetimespent":null,"resolution":{"self":"https://issues.apache.org/jira/rest/api/2/resolution/1","id":"1","description":"A fix for this issue is checked into the tree and tested.","name":"Fixed"},"customfield_12310220":"2006-09-01 12:57:16.0","customfield_12312322":null,"customfield_12312323":null,"customfield_12310420":"22713","customfield_12310222":"1_*:*_1_*:*_263108000_*|*_6_*:*_2_*:*_5695762465_*|*_5_*:*_1_*:*_17048854327_*|*_4_*:*_1_*:*_14224","customfield_12312320":null,"customfield_12312321":null,"customfield_12312120":null,"customfield_12312121":null,"resolutiondate":"2007-05-25T19:00:09.016+0000","workratio":-1,"customfield_12312328":null,"customfield_12312329":null,"customfield_12312326":null,"customfield_12310300":null,"customfield_12312327":null,"customfield_12312324":null,"customfield_12312325":null,"lastViewed":null,"watches":{"self":"https://issues.apache.org/jira/rest/api/2/issue/DERBY-1800/watchers","watchCount":0,"isWatching":false},"created":"2006-09-01T11:57:50.000+0000","priority":{"self":"https://issues.apache.org/jira/rest/api/2/priority/4","iconUrl":"https://issues.apache.org/jira/images/icons/priorities/minor.png","name":"Minor","id":"4"},"labels":[],"customfield_12312333":null,"customfield_12312334":null,"customfield_12310310":"1.0","customfield_12312331":null,"customfield_12312332":null,"timeestimate":null,"aggregatetimeoriginalestimate":null,"versions":[{"self":"https://issues.apache.org/jira/rest/api/2/version/12312590","id":"12312590","description":"","name":"10.3.1.4","archived":false,"released":true,"releaseDate":"2007-08-10"}],"customfield_12311120":null,"customfield_12312330":null,"issuelinks":[],"customfield_12312339":null,"assignee":{"self":"https://issues.apache.org/jira/rest/api/2/user?username=andreask","name":"andreask","emailAddress":"andreas dot korneliussen at gmail dot com","avatarUrls":{"48x48":"https://issues.apache.org/jira/secure/useravatar?avatarId=10452","24x24":"https://issues.apache.org/jira/secure/useravatar?size=small&avatarId=10452","16x16":"https://issues.apache.org/jira/secure/useravatar?size=xsmall&avatarId=10452","32x32":"https://issues.apache.org/jira/secure/useravatar?size=medium&avatarId=10452"},"displayName":"Andreas Korneliussen","active":true},"customfield_12312337":null,"customfield_12312338":null,"updated":"2009-06-29T22:42:55.828+0000","customfield_12312335":null,"customfield_12311720":null,"customfield_12312336":null,"status":{"self":"https://issues.apache.org/jira/rest/api/2/status/6","description":"The issue is considered finished, the resolution is correct. Issues which are closed can be reopened.","iconUrl":"https://issues.apache.org/jira/images/icons/statuses/closed.png","name":"Closed","id":"6","statusCategory":{"self":"https://issues.apache.org/jira/rest/api/2/statuscategory/3","id":3,"key":"done","colorName":"green","name":"Complete"}},"components":[{"self":"https://issues.apache.org/jira/rest/api/2/component/11410","id":"11410","name":"Network Server"}],"timeoriginalestimate":null,"description":"Has failed since 438528, changes:  http://www.multinet.no/~solberg/public/Apache/Daily/jvm1.6/UpdateInfo/438528.txt\n\nLogs in http://www.multinet.no/~solberg/public/Apache/Daily/jvm1.6/Limited/testSummary-438528.html.\nE.g.\n*** Start: _Suite jdk1.6.0-rc DerbyNetClient derbynetclientmats:jdbc40 2006-08-31 02:52:09 ***\n0 add\n> ............................F.............\n> There was 1 failure:\n> 1) testSetBinaryStreamLengthLessOnBlobTooLong(org.apache.derbyTesting.functionTests.tests.jdbc4.PreparedStatementTest)junit.framework.ComparisonFailure: Unexpected SQL state. expected:<22001> but was:<58009>\n> FAILURES!!!\n> Tests run: 2048,  Failures: 1,  Errors: 0\nTest Failed.\n*** End:   _Suite jdk1.6.0-rc DerbyNetClient derbynetclientmats:jdbc40 2006-08-31 02:52:26 ***\n","customfield_10010":null,"timetracking":{},"customfield_12312026":null,"customfield_12310200":[{"self":"https://issues.apache.org/jira/rest/api/2/customFieldOption/10369","value":"Regression Test Failure","id":"10369"}],"customfield_12312023":null,"customfield_12312024":null,"customfield_12312340":null,"aggregatetimeestimate":null,"customfield_12312022":null,"customfield_12312341":null,"customfield_12312220":null,"customfield_12310921":null,"customfield_12310920":"39039","summary":"testSetBinaryStreamLengthLessOnBlobTooLong fails with 'Unexpected SQL state. expected:<22001> but was:<58009>'","creator":{"self":"https://issues.apache.org/jira/rest/api/2/user?username=olesolberg","name":"olesolberg","emailAddress":"Ole dot Solberg at Sun dot COM","avatarUrls":{"48x48":"https://issues.apache.org/jira/secure/useravatar?avatarId=10452","24x24":"https://issues.apache.org/jira/secure/useravatar?size=small&avatarId=10452","16x16":"https://issues.apache.org/jira/secure/useravatar?size=xsmall&avatarId=10452","32x32":"https://issues.apache.org/jira/secure/useravatar?size=medium&avatarId=10452"},"displayName":"Ole Solberg","active":true},"subtasks":[],"customfield_12310090":null,"reporter":{"self":"https://issues.apache.org/jira/rest/api/2/user?username=olesolberg","name":"olesolberg","emailAddress":"Ole dot Solberg at Sun dot COM","avatarUrls":{"48x48":"https://issues.apache.org/jira/secure/useravatar?avatarId=10452","24x24":"https://issues.apache.org/jira/secure/useravatar?size=small&avatarId=10452","16x16":"https://issues.apache.org/jira/secure/useravatar?size=xsmall&avatarId=10452","32x32":"https://issues.apache.org/jira/secure/useravatar?size=medium&avatarId=10452"},"displayName":"Ole Solberg","active":true},"customfield_12310291":null,"customfield_12310290":null,"aggregateprogress":{"progress":0,"total":0},"environment":"All","customfield_12311020":null,"customfield_12310050":null,"duedate":null,"customfield_12310250":null,"progress":{"progress":0,"total":0},"comment":{"startAt":0,"maxResults":5,"total":5,"comments":[{"self":"https://issues.apache.org/jira/rest/api/2/issue/12349072/comment/12432130","id":"12432130","author":{"self":"https://issues.apache.org/jira/rest/api/2/user?username=kristwaa","name":"kristwaa","emailAddress":"kristwaa at apache dot org","avatarUrls":{"48x48":"https://issues.apache.org/jira/secure/useravatar?ownerId=kristwaa&avatarId=14736","24x24":"https://issues.apache.org/jira/secure/useravatar?size=small&ownerId=kristwaa&avatarId=14736","16x16":"https://issues.apache.org/jira/secure/useravatar?size=xsmall&ownerId=kristwaa&avatarId=14736","32x32":"https://issues.apache.org/jira/secure/useravatar?size=medium&ownerId=kristwaa&avatarId=14736"},"displayName":"Kristian Waagan","active":true},"body":"There are many instances of the 58009 state. Here's the stack trace:\r\n\r\njava.sql.SQLException: A communications error has been detected: Broken pipe.\r\n        at org.apache.derby.client.am.SQLExceptionFactory40.getSQLException(SQLExceptionFactory40.java:95)\r\n        at org.apache.derby.client.am.SqlException.getSQLException(SqlException.java:345)\r\n        at org.apache.derby.client.am.PreparedStatement.executeUpdate(PreparedStatement.java:389)\r\n        at org.apache.derbyTesting.functionTests.tests.jdbc4.PreparedStatementTest.setBinaryStreamOnBlob(PreparedStatementTest.java:1085)\r\n        at org.apache.derbyTesting.functionTests.tests.jdbc4.PreparedStatementTest.testSetBinaryStreamLengthLessOnBlobTooLong(PreparedStatementTest.java:860)        at sun.reflect.NativeMethodAccessorImpl.invoke0(Native Method)\r\n        at sun.reflect.NativeMethodAccessorImpl.invoke(NativeMethodAccessorImpl.java:39)\r\n        at sun.reflect.DelegatingMethodAccessorImpl.invoke(DelegatingMethodAccessorImpl.java:25)\r\n        at java.lang.reflect.Method.invoke(Method.java:597)\r\n        at junit.framework.TestCase.runTest(TestCase.java:154)\r\n        at junit.framework.TestCase.runBare(TestCase.java:127)\r\n        at org.apache.derbyTesting.junit.BaseTestCase.runBare(BaseTestCase.java:76)\r\n        at junit.framework.TestResult$1.protect(TestResult.java:106)\r\n        at junit.framework.TestResult.runProtected(TestResult.java:124)\r\n        at junit.framework.TestResult.run(TestResult.java:109)\r\n        at junit.framework.TestCase.run(TestCase.java:118)\r\n        at junit.framework.TestSuite.runTest(TestSuite.java:208)\r\n        at junit.framework.TestSuite.run(TestSuite.java:203)\r\n        at junit.framework.TestSuite.runTest(TestSuite.java:208)\r\n        at junit.framework.TestSuite.run(TestSuite.java:203)\r\n        at junit.extensions.TestDecorator.basicRun(TestDecorator.java:22)\r\n        at junit.extensions.TestSetup$1.protect(TestSetup.java:19)\r\n        at junit.framework.TestResult.runProtected(TestResult.java:124)\r\n        at junit.extensions.TestSetup.run(TestSetup.java:23)\r\n        at junit.textui.TestRunner.doRun(TestRunner.java:116)\r\n        at junit.textui.TestRunner.start(TestRunner.java:172)\r\n        at junit.textui.TestRunner.main(TestRunner.java:138)\r\nCaused by: org.apache.derby.client.am.DisconnectException: A communications error has been detected: Broken pipe.\r\n        at org.apache.derby.client.net.NetAgent.throwCommunicationsFailure(NetAgent.java:408)\r\n        at org.apache.derby.client.net.Request.flushScalarStreamSegment(Request.java:593)\r\n        at org.apache.derby.client.net.Request.writePlainScalarStream(Request.java:478)\r\n        at org.apache.derby.client.net.Request.writeScalarStream(Request.java:242)\r\n        at org.apache.derby.client.net.NetStatementRequest.buildEXTDTA(NetStatementRequest.java:855)\r\n        at org.apache.derby.client.net.NetStatementRequest.writeExecute(NetStatementRequest.java:145)\r\n        at org.apache.derby.client.net.NetPreparedStatement.writeExecute_(NetPreparedStatement.java:172)\r\n        at org.apache.derby.client.am.PreparedStatement.writeExecute(PreparedStatement.java:1557)\r\n        at org.apache.derby.client.am.PreparedStatement.flowExecute(PreparedStatement.java:1803)\r\n        at org.apache.derby.client.am.PreparedStatement.executeUpdateX(PreparedStatement.java:394)\r\n        at org.apache.derby.client.am.PreparedStatement.executeUpdate(PreparedStatement.java:380)\r\n        ... 24 more\r\nCaused by: java.net.SocketException: Broken pipe\r\n        at java.net.SocketOutputStream.socketWrite0(Native Method)\r\n        at java.net.SocketOutputStream.socketWrite(SocketOutputStream.java:92)\r\n        at java.net.SocketOutputStream.write(SocketOutputStream.java:136)\r\n        at org.apache.derby.client.net.Request.sendBytes(Request.java:1221)\r\n        at org.apache.derby.client.net.Request.flushScalarStreamSegment(Request.java:591)\r\n        ... 33 more\r\n","updateAuthor":{"self":"https://issues.apache.org/jira/rest/api/2/user?username=kristwaa","name":"kristwaa","emailAddress":"kristwaa at apache dot org","avatarUrls":{"48x48":"https://issues.apache.org/jira/secure/useravatar?ownerId=kristwaa&avatarId=14736","24x24":"https://issues.apache.org/jira/secure/useravatar?size=small&ownerId=kristwaa&avatarId=14736","16x16":"https://issues.apache.org/jira/secure/useravatar?size=xsmall&ownerId=kristwaa&avatarId=14736","32x32":"https://issues.apache.org/jira/secure/useravatar?size=medium&ownerId=kristwaa&avatarId=14736"},"displayName":"Kristian Waagan","active":true},"created":"2006-09-01T12:57:16.000+0000","updated":"2006-09-01T12:57:16.000+0000"},{"self":"https://issues.apache.org/jira/rest/api/2/issue/12349072/comment/12432140","id":"12432140","author":{"self":"https://issues.apache.org/jira/rest/api/2/user?username=andreask","name":"andreask","emailAddress":"andreas dot korneliussen at gmail dot com","avatarUrls":{"48x48":"https://issues.apache.org/jira/secure/useravatar?avatarId=10452","24x24":"https://issues.apache.org/jira/secure/useravatar?size=small&avatarId=10452","16x16":"https://issues.apache.org/jira/secure/useravatar?size=xsmall&avatarId=10452","32x32":"https://issues.apache.org/jira/secure/useravatar?size=medium&avatarId=10452"},"displayName":"Andreas Korneliussen","active":true},"body":"I will check if this is caused by DERBY-1559, and if that is the case, fix the issue.","updateAuthor":{"self":"https://issues.apache.org/jira/rest/api/2/user?username=andreask","name":"andreask","emailAddress":"andreas dot korneliussen at gmail dot com","avatarUrls":{"48x48":"https://issues.apache.org/jira/secure/useravatar?avatarId=10452","24x24":"https://issues.apache.org/jira/secure/useravatar?size=small&avatarId=10452","16x16":"https://issues.apache.org/jira/secure/useravatar?size=xsmall&avatarId=10452","32x32":"https://issues.apache.org/jira/secure/useravatar?size=medium&avatarId=10452"},"displayName":"Andreas Korneliussen","active":true},"created":"2006-09-01T13:40:31.000+0000","updated":"2006-09-01T13:40:31.000+0000"},{"self":"https://issues.apache.org/jira/rest/api/2/issue/12349072/comment/12432459","id":"12432459","author":{"self":"https://issues.apache.org/jira/rest/api/2/user?username=andreask","name":"andreask","emailAddress":"andreas dot korneliussen at gmail dot com","avatarUrls":{"48x48":"https://issues.apache.org/jira/secure/useravatar?avatarId=10452","24x24":"https://issues.apache.org/jira/secure/useravatar?size=small&avatarId=10452","16x16":"https://issues.apache.org/jira/secure/useravatar?size=xsmall&avatarId=10452","32x32":"https://issues.apache.org/jira/secure/useravatar?size=medium&avatarId=10452"},"displayName":"Andreas Korneliussen","active":true},"body":"The problem is caused by not flushing the blob data after an exception occurs.\r\nAttached patch makes the test pass. I will test the patch more before committing.\r\n","updateAuthor":{"self":"https://issues.apache.org/jira/rest/api/2/user?username=andreask","name":"andreask","emailAddress":"andreas dot korneliussen at gmail dot com","avatarUrls":{"48x48":"https://issues.apache.org/jira/secure/useravatar?avatarId=10452","24x24":"https://issues.apache.org/jira/secure/useravatar?size=small&avatarId=10452","16x16":"https://issues.apache.org/jira/secure/useravatar?size=xsmall&avatarId=10452","32x32":"https://issues.apache.org/jira/secure/useravatar?size=medium&avatarId=10452"},"displayName":"Andreas Korneliussen","active":true},"created":"2006-09-04T09:09:55.000+0000","updated":"2006-09-04T09:09:55.000+0000"},{"self":"https://issues.apache.org/jira/rest/api/2/issue/12349072/comment/12432508","id":"12432508","author":{"self":"https://issues.apache.org/jira/rest/api/2/user?username=andreask","name":"andreask","emailAddress":"andreas dot korneliussen at gmail dot com","avatarUrls":{"48x48":"https://issues.apache.org/jira/secure/useravatar?avatarId=10452","24x24":"https://issues.apache.org/jira/secure/useravatar?size=small&avatarId=10452","16x16":"https://issues.apache.org/jira/secure/useravatar?size=xsmall&avatarId=10452","32x32":"https://issues.apache.org/jira/secure/useravatar?size=medium&avatarId=10452"},"displayName":"Andreas Korneliussen","active":true},"body":"Tests shows that the failure has been fixed. Derbyall passes. Running the jdbc40 suite, fails with more or less the same erros on client and embedded, indicating that those failures are not related to this fix, or DERBY-1559.\r\n\r\nJDBC40_EMBEDDED:\r\n\r\nGenerating report for RunSuite jdbc40  null null null true \r\n------------------ Java Information ------------------\r\nJava Version:    1.6.0-rc\r\nJava Vendor:     Sun Microsystems Inc.\r\nJava home:       /usr/local/java/jdk1.6.0_b98/jre\r\nJava classpath:  /export/home/tmp/ak136785/derbyall-20060904-1131-438476-438489M/jars/derby.jar:/export/home/tmp/ak136785/derbyall-20060904-1131-438476-438489M/jars/derbyLocale_de_DE.jar:/export/home/tmp/ak136785/derbyall-20060904-1131-438476-438489M/jars/derbyLocale_es.jar:/export/home/tmp/ak136785/derbyall-20060904-1131-438476-438489M/jars/derbyLocale_fr.jar:/export/home/tmp/ak136785/derbyall-20060904-1131-438476-438489M/jars/derbyLocale_it.jar:/export/home/tmp/ak136785/derbyall-20060904-1131-438476-438489M/jars/derbyLocale_ja_JP.jar:/export/home/tmp/ak136785/derbyall-20060904-1131-438476-438489M/jars/derbyLocale_ko_KR.jar:/export/home/tmp/ak136785/derbyall-20060904-1131-438476-438489M/jars/derbyLocale_pt_BR.jar:/export/home/tmp/ak136785/derbyall-20060904-1131-438476-438489M/jars/derbyLocale_zh_CN.jar:/export/home/tmp/ak136785/derbyall-20060904-1131-438476-438489M/jars/derbyLocale_zh_TW.jar:/export/home/tmp/ak136785/derbyall-20060904-1131-438476-438489M/jars/derbyTesting.jar:/expor\r\nOS name:         SunOS\r\nOS architecture: x86\r\nOS version:      5.10\r\nJava user name:  ak136785\r\nJava user home:  /home/ak136785\r\nJava user dir:   /export/home/tmp/ak136785/derbyall-20060904-1131-438476-438489M/jdbc40_embedded\r\njava.specification.name: Java Platform API Specification\r\njava.specification.version: 1.6\r\n--------- Derby Information --------\r\nJRE - JDBC: Java SE 6 - JDBC 4.0\r\n[/export/home/tmp/ak136785/derbyall-20060904-1131-438476-438489M/jars/derby.jar] 10.3.0.0 alpha - (438476:438489M)\r\n[/export/home/tmp/ak136785/derbyall-20060904-1131-438476-438489M/jars/derbytools.jar] 10.3.0.0 alpha - (438476:438489M)\r\n[/export/home/tmp/ak136785/derbyall-20060904-1131-438476-438489M/jars/derbynet.jar] 10.3.0.0 alpha - (438476:438489M)\r\n[/export/home/tmp/ak136785/derbyall-20060904-1131-438476-438489M/jars/derbyclient.jar] 10.3.0.0 alpha - (438476:438489M)\r\n[/export/home/tmp/ak136785/derbyall-20060904-1131-438476-438489M/jars/jcc/db2jcc.jar] 2.4 - (17)\r\n[/export/home/tmp/ak136785/derbyall-20060904-1131-438476-438489M/jars/jcc/db2jcc_license_c.jar] 2.4 - (17)\r\n------------------------------------------------------\r\n----------------- Locale Information -----------------\r\nCurrent Locale :  [English/United States [en_US]]\r\nFound support for locale: [de_DE]\r\n\t version: 10.3.0.0 alpha - (438476:438489M)\r\nFound support for locale: [es]\r\n\t version: 10.3.0.0 alpha - (438476:438489M)\r\nFound support for locale: [fr]\r\n\t version: 10.3.0.0 alpha - (438476:438489M)\r\nFound support for locale: [it]\r\n\t version: 10.3.0.0 alpha - (438476:438489M)\r\nFound support for locale: [ja_JP]\r\n\t version: 10.3.0.0 alpha - (438476:438489M)\r\nFound support for locale: [ko_KR]\r\n\t version: 10.3.0.0 alpha - (438476:438489M)\r\nFound support for locale: [pt_BR]\r\n\t version: 10.3.0.0 alpha - (438476:438489M)\r\nFound support for locale: [zh_CN]\r\n\t version: 10.3.0.0 alpha - (438476:438489M)\r\nFound support for locale: [zh_TW]\r\n\t version: 10.3.0.0 alpha - (438476:438489M)\r\n------------------------------------------------------\r\nTest environment information:\r\nCOMMAND LINE STYLE: jdk13\r\nTEST CANONS: master\r\n------------------------------------------------------\r\n------------------------------------------------------\r\nSummary results:\r\n\r\nTest Run Started: 2006-09-04 14:05:59.0\r\nTest Run Duration: 00:02:19\r\n\r\n10 Tests Run\r\n90% Pass (9 tests passed)\r\n10% Fail (1 tests failed)\r\n0 Suites skipped\r\n------------------------------------------------------\r\nFailed tests in: jdbc40_fail.txt\r\n------------------------------------------------------\r\nPassed tests in: jdbc40_pass.txt\r\n------------------------------------------------------\r\nSystem properties in: jdbc40_prop.txt\r\n------------------------------------------------------\r\n------------------------------------------------------\r\nFailure Details:\r\n********* Diff file jdbc40/jdbc40/_Suite.diff\r\n*** Start: _Suite jdk1.6.0-rc jdbc40:jdbc40 2006-09-04 14:08:02 ***\r\n0 add\r\n> > .......E.E.E.E.E.E.E.E.....E.E.E.E...................\r\n> > ..............................F..F.F.F.......\r\n> > ........E.E.E.E.E.E.E.E.....E.E.E.E..................\r\n> > There were 24 errors:\r\n> > 1) testUnsupportedSetObject_NCHAR(org.apache.derbyTesting.functionTests.tests.jdbc4.SetObjectUnsupportedTest)java.sql.SQLException: An attempt was made to get a data value of type 'VARCHAR' from a data value of type '-15'.\r\n> > Caused by: java.sql.SQLException: An attempt was made to get a data value of type 'VARCHAR' from a data value of type '-15'.\r\n> > \t... 33 more\r\n> > 2) testUnsupportedSetObjectWithScale_NCHAR(org.apache.derbyTesting.functionTests.tests.jdbc4.SetObjectUnsupportedTest)java.sql.SQLException: An attempt was made to get a data value of type 'VARCHAR' from a data value of type '-15'.\r\n> > Caused by: java.sql.SQLException: An attempt was made to get a data value of type 'VARCHAR' from a data value of type '-15'.\r\n> > \t... 32 more\r\n> > 3) testUnsupportedSetNull_NCHAR(org.apache.derbyTesting.functionTests.tests.jdbc4.SetObjectUnsupportedTest)java.sql.SQLException: An attempt was made to get a data value of type 'VARCHAR' from a data value of type '-15'.\r\n> > Caused by: java.sql.SQLException: An attempt was made to get a data value of type 'VARCHAR' from a data value of type '-15'.\r\n> > \t... 31 more\r\n> > 4) testUnsupportedSetNullWithTypeName_NCHAR(org.apache.derbyTesting.functionTests.tests.jdbc4.SetObjectUnsupportedTest)java.sql.SQLException: An attempt was made to get a data value of type 'VARCHAR' from a data value of type '-15'.\r\n> > Caused by: java.sql.SQLException: An attempt was made to get a data value of type 'VARCHAR' from a data value of type '-15'.\r\n> > \t... 32 more\r\n> > 5) testUnsupportedSetObject_NCLOB(org.apache.derbyTesting.functionTests.tests.jdbc4.SetObjectUnsupportedTest)java.sql.SQLException: An attempt was made to get a data value of type 'VARCHAR' from a data value of type '2011'.\r\n> > Caused by: java.sql.SQLException: An attempt was made to get a data value of type 'VARCHAR' from a data value of type '2011'.\r\n> > \t... 33 more\r\n> > 6) testUnsupportedSetObjectWithScale_NCLOB(org.apache.derbyTesting.functionTests.tests.jdbc4.SetObjectUnsupportedTest)java.sql.SQLException: An attempt was made to get a data value of type 'VARCHAR' from a data value of type '2011'.\r\n> > Caused by: java.sql.SQLException: An attempt was made to get a data value of type 'VARCHAR' from a data value of type '2011'.\r\n> > \t... 32 more\r\n> > 7) testUnsupportedSetNull_NCLOB(org.apache.derbyTesting.functionTests.tests.jdbc4.SetObjectUnsupportedTest)java.sql.SQLException: An attempt was made to get a data value of type 'VARCHAR' from a data value of type '2011'.\r\n> > Caused by: java.sql.SQLException: An attempt was made to get a data value of type 'VARCHAR' from a data value of type '2011'.\r\n> > \t... 31 more\r\n> > 8) testUnsupportedSetNullWithTypeName_NCLOB(org.apache.derbyTesting.functionTests.tests.jdbc4.SetObjectUnsupportedTest)java.sql.SQLException: An attempt was made to get a data value of type 'VARCHAR' from a data value of type '2011'.\r\n> > Caused by: java.sql.SQLException: An attempt was made to get a data value of type 'VARCHAR' from a data value of type '2011'.\r\n> > \t... 32 more\r\n> > 9) testUnsupportedSetObject_LONGNVARCHAR(org.apache.derbyTesting.functionTests.tests.jdbc4.SetObjectUnsupportedTest)java.sql.SQLException: An attempt was made to get a data value of type 'VARCHAR' from a data value of type '-16'.\r\n> > Caused by: java.sql.SQLException: An attempt was made to get a data value of type 'VARCHAR' from a data value of type '-16'.\r\n> > \t... 33 more\r\n> > 10) testUnsupportedSetObjectWithScale_LONGNVARCHAR(org.apache.derbyTesting.functionTests.tests.jdbc4.SetObjectUnsupportedTest)java.sql.SQLException: An attempt was made to get a data value of type 'VARCHAR' from a data value of type '-16'.\r\n> > Caused by: java.sql.SQLException: An attempt was made to get a data value of type 'VARCHAR' from a data value of type '-16'.\r\n> > \t... 32 more\r\n> > 11) testUnsupportedSetNull_LONGNVARCHAR(org.apache.derbyTesting.functionTests.tests.jdbc4.SetObjectUnsupportedTest)java.sql.SQLException: An attempt was made to get a data value of type 'VARCHAR' from a data value of type '-16'.\r\n> > Caused by: java.sql.SQLException: An attempt was made to get a data value of type 'VARCHAR' from a data value of type '-16'.\r\n> > \t... 31 more\r\n> > 12) testUnsupportedSetNullWithTypeName_LONGNVARCHAR(org.apache.derbyTesting.functionTests.tests.jdbc4.SetObjectUnsupportedTest)java.sql.SQLException: An attempt was made to get a data value of type 'VARCHAR' from a data value of type '-16'.\r\n> > Caused by: java.sql.SQLException: An attempt was made to get a data value of type 'VARCHAR' from a data value of type '-16'.\r\n> > \t... 32 more\r\n> > 13) testUnsupportedSetObject_NCHAR(org.apache.derbyTesting.functionTests.tests.jdbc4.SetObjectUnsupportedTest)java.sql.SQLException: An attempt was made to get a data value of type 'VARCHAR' from a data value of type '-15'.\r\n> > Caused by: java.sql.SQLException: An attempt was made to get a data value of type 'VARCHAR' from a data value of type '-15'.\r\n> > \t... 37 more\r\n> > 14) testUnsupportedSetObjectWithScale_NCHAR(org.apache.derbyTesting.functionTests.tests.jdbc4.SetObjectUnsupportedTest)java.sql.SQLException: An attempt was made to get a data value of type 'VARCHAR' from a data value of type '-15'.\r\n> > Caused by: java.sql.SQLException: An attempt was made to get a data value of type 'VARCHAR' from a data value of type '-15'.\r\n> > \t... 36 more\r\n> > 15) testUnsupportedSetNull_NCHAR(org.apache.derbyTesting.functionTests.tests.jdbc4.SetObjectUnsupportedTest)java.sql.SQLException: An attempt was made to get a data value of type 'VARCHAR' from a data value of type '-15'.\r\n> > Caused by: java.sql.SQLException: An attempt was made to get a data value of type 'VARCHAR' from a data value of type '-15'.\r\n> > \t... 35 more\r\n> > 16) testUnsupportedSetNullWithTypeName_NCHAR(org.apache.derbyTesting.functionTests.tests.jdbc4.SetObjectUnsupportedTest)java.sql.SQLException: An attempt was made to get a data value of type 'VARCHAR' from a data value of type '-15'.\r\n> > Caused by: java.sql.SQLException: An attempt was made to get a data value of type 'VARCHAR' from a data value of type '-15'.\r\n> > \t... 36 more\r\n> > 17) testUnsupportedSetObject_NCLOB(org.apache.derbyTesting.functionTests.tests.jdbc4.SetObjectUnsupportedTest)java.sql.SQLException: An attempt was made to get a data value of type 'VARCHAR' from a data value of type '2011'.\r\n> > Caused by: java.sql.SQLException: An attempt was made to get a data value of type 'VARCHAR' from a data value of type '2011'.\r\n> > \t... 37 more\r\n> > 18) testUnsupportedSetObjectWithScale_NCLOB(org.apache.derbyTesting.functionTests.tests.jdbc4.SetObjectUnsupportedTest)java.sql.SQLException: An attempt was made to get a data value of type 'VARCHAR' from a data value of type '2011'.\r\n> > Caused by: java.sql.SQLException: An attempt was made to get a data value of type 'VARCHAR' from a data value of type '2011'.\r\n> > \t... 36 more\r\n> > 19) testUnsupportedSetNull_NCLOB(org.apache.derbyTesting.functionTests.tests.jdbc4.SetObjectUnsupportedTest)java.sql.SQLException: An attempt was made to get a data value of type 'VARCHAR' from a data value of type '2011'.\r\n> > Caused by: java.sql.SQLException: An attempt was made to get a data value of type 'VARCHAR' from a data value of type '2011'.\r\n> > \t... 35 more\r\n> > 20) testUnsupportedSetNullWithTypeName_NCLOB(org.apache.derbyTesting.functionTests.tests.jdbc4.SetObjectUnsupportedTest)java.sql.SQLException: An attempt was made to get a data value of type 'VARCHAR' from a data value of type '2011'.\r\n> > Caused by: java.sql.SQLException: An attempt was made to get a data value of type 'VARCHAR' from a data value of type '2011'.\r\n> > \t... 36 more\r\n> > 21) testUnsupportedSetObject_LONGNVARCHAR(org.apache.derbyTesting.functionTests.tests.jdbc4.SetObjectUnsupportedTest)java.sql.SQLException: An attempt was made to get a data value of type 'VARCHAR' from a data value of type '-16'.\r\n> > Caused by: java.sql.SQLException: An attempt was made to get a data value of type 'VARCHAR' from a data value of type '-16'.\r\n> > \t... 37 more\r\n> > 22) testUnsupportedSetObjectWithScale_LONGNVARCHAR(org.apache.derbyTesting.functionTests.tests.jdbc4.SetObjectUnsupportedTest)java.sql.SQLException: An attempt was made to get a data value of type 'VARCHAR' from a data value of type '-16'.\r\n> > Caused by: java.sql.SQLException: An attempt was made to get a data value of type 'VARCHAR' from a data value of type '-16'.\r\n> > \t... 36 more\r\n> > 23) testUnsupportedSetNull_LONGNVARCHAR(org.apache.derbyTesting.functionTests.tests.jdbc4.SetObjectUnsupportedTest)java.sql.SQLException: An attempt was made to get a data value of type 'VARCHAR' from a data value of type '-16'.\r\n> > Caused by: java.sql.SQLException: An attempt was made to get a data value of type 'VARCHAR' from a data value of type '-16'.\r\n> > \t... 35 more\r\n> > 24) testUnsupportedSetNullWithTypeName_LONGNVARCHAR(org.apache.derbyTesting.functionTests.tests.jdbc4.SetObjectUnsupportedTest)java.sql.SQLException: An attempt was made to get a data value of type 'VARCHAR' from a data value of type '-16'.\r\n> > Caused by: java.sql.SQLException: An attempt was made to get a data value of type 'VARCHAR' from a data value of type '-16'.\r\n> > \t... 36 more\r\n> > There were 4 failures:\r\n> > 1) testTypesNCHAR(org.apache.derbyTesting.functionTests.tests.jdbc4.JDBC40TranslationTest)junit.framework.AssertionFailedError: expected:<-15> but was:<-8>\r\n> > 2) testTypesLONGNVARCHAR(org.apache.derbyTesting.functionTests.tests.jdbc4.JDBC40TranslationTest)junit.framework.AssertionFailedError: expected:<-16> but was:<-10>\r\n> > 3) testTypesNCLOB(org.apache.derbyTesting.functionTests.tests.jdbc4.JDBC40TranslationTest)junit.framework.AssertionFailedError: expected:<2011> but was:<2007>\r\n> > 4) testTypesROWID(org.apache.derbyTesting.functionTests.tests.jdbc4.JDBC40TranslationTest)junit.framework.AssertionFailedError: expected:<-8> but was:<2008>\r\n> > FAILURES!!!\r\n> > Tests run: 2053,  Failures: 4,  Errors: 24\r\nTest Failed.\r\n*** End:   _Suite jdk1.6.0-rc jdbc40:jdbc40 2006-09-04 14:08:18 ***\r\n------------------------------------------------------\r\n\r\nJDBC40_CLIENT:\r\n\r\nGenerating report for RunSuite jdbc40  null null DerbyNetClient true \r\n------------------ Java Information ------------------\r\nJava Version:    1.6.0-rc\r\nJava Vendor:     Sun Microsystems Inc.\r\nJava home:       /usr/local/java/jdk1.6.0_b98/jre\r\nJava classpath:  /export/home/tmp/ak136785/derbyall-20060904-1131-438476-438489M/jars/derby.jar:/export/home/tmp/ak136785/derbyall-20060904-1131-438476-438489M/jars/derbyLocale_de_DE.jar:/export/home/tmp/ak136785/derbyall-20060904-1131-438476-438489M/jars/derbyLocale_es.jar:/export/home/tmp/ak136785/derbyall-20060904-1131-438476-438489M/jars/derbyLocale_fr.jar:/export/home/tmp/ak136785/derbyall-20060904-1131-438476-438489M/jars/derbyLocale_it.jar:/export/home/tmp/ak136785/derbyall-20060904-1131-438476-438489M/jars/derbyLocale_ja_JP.jar:/export/home/tmp/ak136785/derbyall-20060904-1131-438476-438489M/jars/derbyLocale_ko_KR.jar:/export/home/tmp/ak136785/derbyall-20060904-1131-438476-438489M/jars/derbyLocale_pt_BR.jar:/export/home/tmp/ak136785/derbyall-20060904-1131-438476-438489M/jars/derbyLocale_zh_CN.jar:/export/home/tmp/ak136785/derbyall-20060904-1131-438476-438489M/jars/derbyLocale_zh_TW.jar:/export/home/tmp/ak136785/derbyall-20060904-1131-438476-438489M/jars/derbyTesting.jar:/expor\r\nOS name:         SunOS\r\nOS architecture: x86\r\nOS version:      5.10\r\nJava user name:  ak136785\r\nJava user home:  /home/ak136785\r\nJava user dir:   /export/home/tmp/ak136785/derbyall-20060904-1131-438476-438489M/jdbc40_client\r\njava.specification.name: Java Platform API Specification\r\njava.specification.version: 1.6\r\n--------- Derby Information --------\r\nJRE - JDBC: Java SE 6 - JDBC 4.0\r\n[/export/home/tmp/ak136785/derbyall-20060904-1131-438476-438489M/jars/derby.jar] 10.3.0.0 alpha - (438476:438489M)\r\n[/export/home/tmp/ak136785/derbyall-20060904-1131-438476-438489M/jars/derbytools.jar] 10.3.0.0 alpha - (438476:438489M)\r\n[/export/home/tmp/ak136785/derbyall-20060904-1131-438476-438489M/jars/derbynet.jar] 10.3.0.0 alpha - (438476:438489M)\r\n[/export/home/tmp/ak136785/derbyall-20060904-1131-438476-438489M/jars/derbyclient.jar] 10.3.0.0 alpha - (438476:438489M)\r\n[/export/home/tmp/ak136785/derbyall-20060904-1131-438476-438489M/jars/jcc/db2jcc.jar] 2.4 - (17)\r\n[/export/home/tmp/ak136785/derbyall-20060904-1131-438476-438489M/jars/jcc/db2jcc_license_c.jar] 2.4 - (17)\r\n------------------------------------------------------\r\n----------------- Locale Information -----------------\r\nCurrent Locale :  [English/United States [en_US]]\r\nFound support for locale: [de_DE]\r\n\t version: 10.3.0.0 alpha - (438476:438489M)\r\nFound support for locale: [es]\r\n\t version: 10.3.0.0 alpha - (438476:438489M)\r\nFound support for locale: [fr]\r\n\t version: 10.3.0.0 alpha - (438476:438489M)\r\nFound support for locale: [it]\r\n\t version: 10.3.0.0 alpha - (438476:438489M)\r\nFound support for locale: [ja_JP]\r\n\t version: 10.3.0.0 alpha - (438476:438489M)\r\nFound support for locale: [ko_KR]\r\n\t version: 10.3.0.0 alpha - (438476:438489M)\r\nFound support for locale: [pt_BR]\r\n\t version: 10.3.0.0 alpha - (438476:438489M)\r\nFound support for locale: [zh_CN]\r\n\t version: 10.3.0.0 alpha - (438476:438489M)\r\nFound support for locale: [zh_TW]\r\n\t version: 10.3.0.0 alpha - (438476:438489M)\r\n------------------------------------------------------\r\nFramework: DerbyNetClient\r\nTest environment information:\r\nCOMMAND LINE STYLE: jdk13\r\nTEST CANONS: master\r\n------------------------------------------------------\r\n------------------------------------------------------\r\nSummary results:\r\n\r\nTest Run Started: 2006-09-04 14:08:19.0\r\nTest Run Duration: 00:01:28\r\n\r\n8 Tests Run\r\n87% Pass (7 tests passed)\r\n13% Fail (1 tests failed)\r\n0 Suites skipped\r\n------------------------------------------------------\r\nFailed tests in: jdbc40_fail.txt\r\n------------------------------------------------------\r\nPassed tests in: jdbc40_pass.txt\r\n------------------------------------------------------\r\nSystem properties in: jdbc40_prop.txt\r\n------------------------------------------------------\r\n------------------------------------------------------\r\nFailure Details:\r\n********* Diff file jdbc40/DerbyNetClient/jdbc40/TestDbMetaData.diff\r\n*** Start: TestDbMetaData jdk1.6.0-rc DerbyNetClient jdbc40:jdbc40 2006-09-04 14:08:30 ***\r\nTest skipped: listed in DerbyNetClient.exclude file, skipping test: jdbc4/TestDbMetaData.java\r\n*** End:   TestDbMetaData jdk1.6.0-rc DerbyNetClient jdbc40:jdbc40 2006-09-04 14:08:30 ***\r\n********* Diff file jdbc40/DerbyNetClient/jdbc40/_Suite.diff\r\n*** Start: _Suite jdk1.6.0-rc DerbyNetClient jdbc40:jdbc40 2006-09-04 14:09:28 ***\r\n0 add\r\n> > .......F.F.F.F.F.F.F.F.....F.F.F.F...................\r\n> > ............................F..F.F.F.........\r\n> > ......F.F.F.F.F.F.F.F.....F.F.F.F....................\r\n> > There were 28 failures:\r\n> > 1) testUnsupportedSetObject_NCHAR(org.apache.derbyTesting.functionTests.tests.jdbc4.SetObjectUnsupportedTest)junit.framework.AssertionFailedError: No exception thrown.\r\n> > 2) testUnsupportedSetObjectWithScale_NCHAR(org.apache.derbyTesting.functionTests.tests.jdbc4.SetObjectUnsupportedTest)junit.framework.AssertionFailedError: No exception thrown.\r\n> > 3) testUnsupportedSetNull_NCHAR(org.apache.derbyTesting.functionTests.tests.jdbc4.SetObjectUnsupportedTest)junit.framework.AssertionFailedError: No exception thrown.\r\n> > 4) testUnsupportedSetNullWithTypeName_NCHAR(org.apache.derbyTesting.functionTests.tests.jdbc4.SetObjectUnsupportedTest)junit.framework.AssertionFailedError: No exception thrown.\r\n> > 5) testUnsupportedSetObject_NCLOB(org.apache.derbyTesting.functionTests.tests.jdbc4.SetObjectUnsupportedTest)junit.framework.AssertionFailedError: No exception thrown.\r\n> > 6) testUnsupportedSetObjectWithScale_NCLOB(org.apache.derbyTesting.functionTests.tests.jdbc4.SetObjectUnsupportedTest)junit.framework.AssertionFailedError: No exception thrown.\r\n> > 7) testUnsupportedSetNull_NCLOB(org.apache.derbyTesting.functionTests.tests.jdbc4.SetObjectUnsupportedTest)junit.framework.AssertionFailedError: No exception thrown.\r\n> > 8) testUnsupportedSetNullWithTypeName_NCLOB(org.apache.derbyTesting.functionTests.tests.jdbc4.SetObjectUnsupportedTest)junit.framework.AssertionFailedError: No exception thrown.\r\n> > 9) testUnsupportedSetObject_LONGNVARCHAR(org.apache.derbyTesting.functionTests.tests.jdbc4.SetObjectUnsupportedTest)junit.framework.AssertionFailedError: No exception thrown.\r\n> > 10) testUnsupportedSetObjectWithScale_LONGNVARCHAR(org.apache.derbyTesting.functionTests.tests.jdbc4.SetObjectUnsupportedTest)junit.framework.AssertionFailedError: No exception thrown.\r\n> > 11) testUnsupportedSetNull_LONGNVARCHAR(org.apache.derbyTesting.functionTests.tests.jdbc4.SetObjectUnsupportedTest)junit.framework.AssertionFailedError: No exception thrown.\r\n> > 12) testUnsupportedSetNullWithTypeName_LONGNVARCHAR(org.apache.derbyTesting.functionTests.tests.jdbc4.SetObjectUnsupportedTest)junit.framework.AssertionFailedError: No exception thrown.\r\n> > 13) testTypesNCHAR(org.apache.derbyTesting.functionTests.tests.jdbc4.JDBC40TranslationTest)junit.framework.AssertionFailedError: expected:<-15> but was:<-8>\r\n> > 14) testTypesLONGNVARCHAR(org.apache.derbyTesting.functionTests.tests.jdbc4.JDBC40TranslationTest)junit.framework.AssertionFailedError: expected:<-16> but was:<-10>\r\n> > 15) testTypesNCLOB(org.apache.derbyTesting.functionTests.tests.jdbc4.JDBC40TranslationTest)junit.framework.AssertionFailedError: expected:<2011> but was:<2007>\r\n> > 16) testTypesROWID(org.apache.derbyTesting.functionTests.tests.jdbc4.JDBC40TranslationTest)junit.framework.AssertionFailedError: expected:<-8> but was:<2008>\r\n> > 17) testUnsupportedSetObject_NCHAR(org.apache.derbyTesting.functionTests.tests.jdbc4.SetObjectUnsupportedTest)junit.framework.AssertionFailedError: No exception thrown.\r\n> > 18) testUnsupportedSetObjectWithScale_NCHAR(org.apache.derbyTesting.functionTests.tests.jdbc4.SetObjectUnsupportedTest)junit.framework.AssertionFailedError: No exception thrown.\r\n> > 19) testUnsupportedSetNull_NCHAR(org.apache.derbyTesting.functionTests.tests.jdbc4.SetObjectUnsupportedTest)junit.framework.AssertionFailedError: No exception thrown.\r\n> > 20) testUnsupportedSetNullWithTypeName_NCHAR(org.apache.derbyTesting.functionTests.tests.jdbc4.SetObjectUnsupportedTest)junit.framework.AssertionFailedError: No exception thrown.\r\n> > 21) testUnsupportedSetObject_NCLOB(org.apache.derbyTesting.functionTests.tests.jdbc4.SetObjectUnsupportedTest)junit.framework.AssertionFailedError: No exception thrown.\r\n> > 22) testUnsupportedSetObjectWithScale_NCLOB(org.apache.derbyTesting.functionTests.tests.jdbc4.SetObjectUnsupportedTest)junit.framework.AssertionFailedError: No exception thrown.\r\n> > 23) testUnsupportedSetNull_NCLOB(org.apache.derbyTesting.functionTests.tests.jdbc4.SetObjectUnsupportedTest)junit.framework.AssertionFailedError: No exception thrown.\r\n> > 24) testUnsupportedSetNullWithTypeName_NCLOB(org.apache.derbyTesting.functionTests.tests.jdbc4.SetObjectUnsupportedTest)junit.framework.AssertionFailedError: No exception thrown.\r\n> > 25) testUnsupportedSetObject_LONGNVARCHAR(org.apache.derbyTesting.functionTests.tests.jdbc4.SetObjectUnsupportedTest)junit.framework.AssertionFailedError: No exception thrown.\r\n> > 26) testUnsupportedSetObjectWithScale_LONGNVARCHAR(org.apache.derbyTesting.functionTests.tests.jdbc4.SetObjectUnsupportedTest)junit.framework.AssertionFailedError: No exception thrown.\r\n> > 27) testUnsupportedSetNull_LONGNVARCHAR(org.apache.derbyTesting.functionTests.tests.jdbc4.SetObjectUnsupportedTest)junit.framework.AssertionFailedError: No exception thrown.\r\n> > 28) testUnsupportedSetNullWithTypeName_LONGNVARCHAR(org.apache.derbyTesting.functionTests.tests.jdbc4.SetObjectUnsupportedTest)junit.framework.AssertionFailedError: No exception thrown.\r\n> > FAILURES!!!\r\n> > Tests run: 2048,  Failures: 28,  Errors: 0\r\nTest Failed.\r\n*** End:   _Suite jdk1.6.0-rc DerbyNetClient jdbc40:jdbc40 2006-09-04 14:09:47 ***\r\n********* Diff file jdbc40/DerbyNetClient/jdbc40/TestJDBC40Exception.diff\r\n*** Start: TestJDBC40Exception jdk1.6.0-rc DerbyNetClient jdbc40:jdbc40 2006-09-04 14:08:31 ***\r\nTest skipped: listed in DerbyNetClient.exclude file, skipping test: jdbc4/TestJDBC40Exception.java\r\n*** End:   TestJDBC40Exception jdk1.6.0-rc DerbyNetClient jdbc40:jdbc40 2006-09-04 14:08:31 ***","updateAuthor":{"self":"https://issues.apache.org/jira/rest/api/2/user?username=andreask","name":"andreask","emailAddress":"andreas dot korneliussen at gmail dot com","avatarUrls":{"48x48":"https://issues.apache.org/jira/secure/useravatar?avatarId=10452","24x24":"https://issues.apache.org/jira/secure/useravatar?size=small&avatarId=10452","16x16":"https://issues.apache.org/jira/secure/useravatar?size=xsmall&avatarId=10452","32x32":"https://issues.apache.org/jira/secure/useravatar?size=medium&avatarId=10452"},"displayName":"Andreas Korneliussen","active":true},"created":"2006-09-04T12:58:25.000+0000","updated":"2006-09-04T12:58:25.000+0000"},{"self":"https://issues.apache.org/jira/rest/api/2/issue/12349072/comment/12432509","id":"12432509","author":{"self":"https://issues.apache.org/jira/rest/api/2/user?username=andreask","name":"andreask","emailAddress":"andreas dot korneliussen at gmail dot com","avatarUrls":{"48x48":"https://issues.apache.org/jira/secure/useravatar?avatarId=10452","24x24":"https://issues.apache.org/jira/secure/useravatar?size=small&avatarId=10452","16x16":"https://issues.apache.org/jira/secure/useravatar?size=xsmall&avatarId=10452","32x32":"https://issues.apache.org/jira/secure/useravatar?size=medium&avatarId=10452"},"displayName":"Andreas Korneliussen","active":true},"body":"Committed revision 440062.\r\n","updateAuthor":{"self":"https://issues.apache.org/jira/rest/api/2/user?username=andreask","name":"andreask","emailAddress":"andreas dot korneliussen at gmail dot com","avatarUrls":{"48x48":"https://issues.apache.org/jira/secure/useravatar?avatarId=10452","24x24":"https://issues.apache.org/jira/secure/useravatar?size=small&avatarId=10452","16x16":"https://issues.apache.org/jira/secure/useravatar?size=xsmall&avatarId=10452","32x32":"https://issues.apache.org/jira/secure/useravatar?size=medium&avatarId=10452"},"displayName":"Andreas Korneliussen","active":true},"created":"2006-09-04T13:02:58.000+0000","updated":"2006-09-04T13:02:58.000+0000"}]},"votes":{"self":"https://issues.apache.org/jira/rest/api/2/issue/DERBY-1800/votes","votes":0,"hasVoted":false},"worklog":{"startAt":0,"maxResults":20,"total":0,"worklogs":[]},"customfield_12311820":"0|i071on:"}}