{"expand":"renderedFields,names,schema,transitions,operations,editmeta,changelog","id":"12368702","self":"https://issues.apache.org/jira/rest/api/latest/issue/12368702","key":"DERBY-2611","fields":{"issuetype":{"self":"https://issues.apache.org/jira/rest/api/2/issuetype/1","id":"1","description":"A problem which impairs or prevents the functions of the product.","iconUrl":"https://issues.apache.org/jira/images/icons/issuetypes/bug.png","name":"Bug","subtask":false},"timespent":null,"project":{"self":"https://issues.apache.org/jira/rest/api/2/project/10594","id":"10594","key":"DERBY","name":"Derby","avatarUrls":{"48x48":"https://issues.apache.org/jira/secure/projectavatar?pid=10594&avatarId=10122","24x24":"https://issues.apache.org/jira/secure/projectavatar?size=small&pid=10594&avatarId=10122","16x16":"https://issues.apache.org/jira/secure/projectavatar?size=xsmall&pid=10594&avatarId=10122","32x32":"https://issues.apache.org/jira/secure/projectavatar?size=medium&pid=10594&avatarId=10122"},"projectCategory":{"self":"https://issues.apache.org/jira/rest/api/2/projectCategory/10090","id":"10090","description":"DB related projects","name":"DB"}},"fixVersions":[{"self":"https://issues.apache.org/jira/rest/api/2/version/12312590","id":"12312590","description":"","name":"10.3.1.4","archived":false,"released":true,"releaseDate":"2007-08-10"}],"aggregatetimespent":null,"resolution":{"self":"https://issues.apache.org/jira/rest/api/2/resolution/1","id":"1","description":"A fix for this issue is checked into the tree and tested.","name":"Fixed"},"customfield_12310220":null,"customfield_12312322":null,"customfield_12312323":null,"customfield_12310420":"23128","customfield_12310222":"1_*:*_1_*:*_2644530_*|*_6_*:*_2_*:*_952355339_*|*_5_*:*_1_*:*_837815047_*|*_4_*:*_1_*:*_31500","customfield_12312320":null,"customfield_12312321":null,"customfield_12312120":null,"customfield_12312121":null,"resolutiondate":"2007-05-25T18:19:00.263+0000","workratio":-1,"customfield_12312328":null,"customfield_12312329":null,"customfield_12312326":null,"customfield_12310300":null,"customfield_12312327":null,"customfield_12312324":null,"customfield_12312325":null,"lastViewed":null,"watches":{"self":"https://issues.apache.org/jira/rest/api/2/issue/DERBY-2611/watchers","watchCount":0,"isWatching":false},"created":"2007-05-05T00:18:13.847+0000","priority":{"self":"https://issues.apache.org/jira/rest/api/2/priority/3","iconUrl":"https://issues.apache.org/jira/images/icons/priorities/major.png","name":"Major","id":"3"},"labels":[],"customfield_12312333":null,"customfield_12312334":null,"customfield_12310310":"0.0","customfield_12312331":null,"customfield_12312332":null,"timeestimate":null,"aggregatetimeoriginalestimate":null,"versions":[{"self":"https://issues.apache.org/jira/rest/api/2/version/12312590","id":"12312590","description":"","name":"10.3.1.4","archived":false,"released":true,"releaseDate":"2007-08-10"}],"customfield_12311120":null,"customfield_12312330":null,"issuelinks":[],"customfield_12312339":null,"assignee":{"self":"https://issues.apache.org/jira/rest/api/2/user?username=mikem","name":"mikem","emailAddress":"mikem_app at sbcglobal dot net","avatarUrls":{"48x48":"https://issues.apache.org/jira/secure/useravatar?avatarId=10452","24x24":"https://issues.apache.org/jira/secure/useravatar?size=small&avatarId=10452","16x16":"https://issues.apache.org/jira/secure/useravatar?size=xsmall&avatarId=10452","32x32":"https://issues.apache.org/jira/secure/useravatar?size=medium&avatarId=10452"},"displayName":"Mike Matrigali","active":true},"customfield_12312337":null,"customfield_12312338":null,"updated":"2009-06-29T22:42:49.675+0000","customfield_12312335":null,"customfield_12311720":null,"customfield_12312336":null,"status":{"self":"https://issues.apache.org/jira/rest/api/2/status/6","description":"The issue is considered finished, the resolution is correct. Issues which are closed can be reopened.","iconUrl":"https://issues.apache.org/jira/images/icons/statuses/closed.png","name":"Closed","id":"6","statusCategory":{"self":"https://issues.apache.org/jira/rest/api/2/statuscategory/3","id":3,"key":"done","colorName":"green","name":"Complete"}},"components":[{"self":"https://issues.apache.org/jira/rest/api/2/component/11413","id":"11413","name":"Test"}],"timeoriginalestimate":null,"description":"When trying to run upgrade test in trunk with all releases available for upgrade to test found at:\nhttps://svn.apache.org/repos/asf/db/derby/jars/10.2.2.0/\n\nI got 4 errors (not including those that are part of DERBY-2598).:\n\n1) testNegValueSupportedLogRecord(org.apache.derbyTesting.functionTests.tests.up\ngradeTests.Changes10_3)java.sql.SQLException: 'SYSCS_UTIL.SYSCS_INPLACE_COMPRESS\n_TABLE' is not recognized as a function or procedure.\n    at org.apache.derby.iapi.error.StandardException.newException(StandardExcept\nion.java:305)\n    at org.apache.derby.impl.sql.compile.StaticMethodCallNode.bindExpression(Sta\nticMethodCallNode.java:224)\n    at org.apache.derby.impl.sql.compile.JavaToSQLValueNode.bindExpression(JavaT\noSQLValueNode.java:243)\n    at org.apache.derby.impl.sql.compile.CallStatementNode.bindStatement(CallSta\ntementNode.java:145)\n    at org.apache.derby.impl.sql.GenericStatement.prepMinion(GenericStatement.ja\nva:314)\n    at org.apache.derby.impl.sql.GenericStatement.prepare(GenericStatement.java:\n88)\n    at org.apache.derby.impl.sql.conn.GenericLanguageConnectionContext.prepareIn\nternalStatement(GenericLanguageConnectionContext.java:742)\n    at org.apache.derby.impl.jdbc.EmbedStatement.execute(EmbedStatement.java:567\n)\n    at org.apache.derby.impl.jdbc.EmbedStatement.execute(EmbedStatement.java:516\n)\n    at org.apache.derbyTesting.functionTests.tests.upgradeTests.Changes10_3.chec\nkDataToCase606(Changes10_3.java:177)\n    at org.apache.derbyTesting.functionTests.tests.upgradeTests.Changes10_3.test\nNegValueSupportedLogRecord(Changes10_3.java:118)\n    at sun.reflect.NativeMethodAccessorImpl.invoke0(Native Method)\n    at sun.reflect.NativeMethodAccessorImpl.invoke(NativeMethodAccessorImpl.java\n:64)\n    at sun.reflect.DelegatingMethodAccessorImpl.invoke(DelegatingMethodAccessorI\nmpl.java:43)\n    at org.apache.derbyTesting.junit.BaseTestCase.runBare(BaseTestCase.java:88)\n    at junit.extensions.TestDecorator.basicRun(TestDecorator.java:22)\n    at junit.extensions.TestSetup$1.protect(TestSetup.java:19)\n    at junit.extensions.TestSetup.run(TestSetup.java:23)\n    at junit.extensions.TestDecorator.basicRun(TestDecorator.java:22)\n    at junit.extensions.TestSetup$1.protect(TestSetup.java:19)\n    at junit.extensions.TestSetup.run(TestSetup.java:23)\n    at junit.extensions.TestDecorator.basicRun(TestDecorator.java:22)\n    at junit.extensions.TestSetup$1.protect(TestSetup.java:19)\n    at junit.extensions.TestSetup.run(TestSetup.java:23)\n    at junit.extensions.TestDecorator.basicRun(TestDecorator.java:22)\n    at junit.extensions.TestSetup$1.protect(TestSetup.java:19)\n    at junit.extensions.TestSetup.run(TestSetup.java:23)\n    at junit.extensions.TestDecorator.basicRun(TestDecorator.java:22)\n    at junit.extensions.TestSetup$1.protect(TestSetup.java:19)\n    at junit.extensions.TestSetup.run(TestSetup.java:23)\n    at junit.extensions.TestDecorator.basicRun(TestDecorator.java:22)\n    at junit.extensions.TestSetup$1.protect(TestSetup.java:19)\n    at junit.extensions.TestSetup.run(TestSetup.java:23)\n    at junit.extensions.TestDecorator.basicRun(TestDecorator.java:22)\n    at junit.extensions.TestSetup$1.protect(TestSetup.java:19)\n    at junit.extensions.TestSetup.run(TestSetup.java:23)\n    at junit.extensions.TestDecorator.basicRun(TestDecorator.java:22)\n    at junit.extensions.TestSetup$1.protect(TestSetup.java:19)\n    at junit.extensions.TestSetup.run(TestSetup.java:23)\n    at junit.extensions.TestDecorator.basicRun(TestDecorator.java:22)\n    at junit.extensions.TestSetup$1.protect(TestSetup.java:19)\n    at junit.extensions.TestSetup.run(TestSetup.java:23)\n    at junit.extensions.TestDecorator.basicRun(TestDecorator.java:22)\n    at junit.extensions.TestSetup$1.protect(TestSetup.java:19)\n    at junit.extensions.TestSetup.run(TestSetup.java:23)\n    at junit.extensions.TestDecorator.basicRun(TestDecorator.java:22)\n    at junit.extensions.TestSetup$1.protect(TestSetup.java:19)\n    at junit.extensions.TestSetup.run(TestSetup.java:23)\n2) testGetTablesModify(org.apache.derbyTesting.functionTests.tests.jdbcapi.Data\naseMetaDataTest)java.sql.SQLException: Use of 'XML' requires database to be upg\naded from version 10.0 to version 10.1 or later.\n    at org.apache.derby.iapi.error.StandardException.newException(StandardExcep\nion.java:356)\n    at org.apache.derby.impl.sql.catalog.DD_Version.checkVersion(DD_Version.jav\n:788)\n    at org.apache.derby.impl.sql.catalog.DataDictionaryImpl.checkVersion(DataDi\ntionaryImpl.java:8487)\n    at org.apache.derby.impl.sql.compile.SQLParser.checkVersion(SQLParser.java:\n00)\n    at org.apache.derby.impl.sql.compile.SQLParser.XMLType(SQLParser.java:4181)\n    at org.apache.derby.impl.sql.compile.SQLParser.dataTypeCommon(SQLParser.jav\n:3607)\n    at org.apache.derby.impl.sql.compile.SQLParser.dataTypeDDL(SQLParser.java:3\n37)\n    at org.apache.derby.impl.sql.compile.SQLParser.columnDefinition(SQLParser.j\nva:3400)\n    at org.apache.derby.impl.sql.compile.SQLParser.tableElement(SQLParser.java:\n368)\n    at org.apache.derby.impl.sql.compile.SQLParser.tableElementList(SQLParser.j\nva:3209)\n    at org.apache.derby.impl.sql.compile.SQLParser.tableDefinition(SQLParser.ja\na:10992)\n    at org.apache.derby.impl.sql.compile.SQLParser.createStatements(SQLParser.j\nva:1811)\n    at org.apache.derby.impl.sql.compile.SQLParser.StatementPart(SQLParser.java\n1718)\n    at org.apache.derby.impl.sql.compile.SQLParser.Statement(SQLParser.java:163\n)\n    at org.apache.derby.impl.sql.compile.ParserImpl.parseStatement(ParserImpl.j\nva:151)\n    at org.apache.derby.impl.sql.GenericStatement.prepMinion(GenericStatement.j\nva:280)\n    at org.apache.derby.impl.sql.GenericStatement.prepare(GenericStatement.java\n88)\n    at org.apache.derby.impl.sql.conn.GenericLanguageConnectionContext.prepareI\nternalStatement(GenericLanguageConnectionContext.java:742)\n    at org.apache.derby.impl.jdbc.EmbedStatement.execute(EmbedStatement.java:56\n)\n    at org.apache.derby.impl.jdbc.EmbedStatement.execute(EmbedStatement.java:51\n)\n    at org.apache.derbyTesting.functionTests.tests.jdbcapi.DatabaseMetaDataTest\ncreateTablesForTest(DatabaseMetaDataTest.java:1123)\n    at org.apache.derbyTesting.functionTests.tests.jdbcapi.DatabaseMetaDataTest\ntestGetTablesModify(DatabaseMetaDataTest.java:912)\n    at sun.reflect.NativeMethodAccessorImpl.invoke0(Native Method)\n    at sun.reflect.NativeMethodAccessorImpl.invoke(NativeMethodAccessorImpl.jav\n:64)\n    at sun.reflect.DelegatingMethodAccessorImpl.invoke(DelegatingMethodAccessor\nmpl.java:43)\n    at org.apache.derbyTesting.junit.BaseTestCase.runBare(BaseTestCase.java:88)\n    at junit.extensions.TestDecorator.basicRun(TestDecorator.java:22)\n    at junit.extensions.TestSetup$1.protect(TestSetup.java:19)\n    at junit.extensions.TestSetup.run(TestSetup.java:23)\n    at junit.extensions.TestDecorator.basicRun(TestDecorator.java:22)\n    at junit.extensions.TestSetup$1.protect(TestSetup.java:19)\n    at junit.extensions.TestSetup.run(TestSetup.java:23)\n    at junit.extensions.TestDecorator.basicRun(TestDecorator.java:22)\n    at junit.extensions.TestSetup$1.protect(TestSetup.java:19)\n    at junit.extensions.TestSetup.run(TestSetup.java:23)\n    at junit.extensions.TestDecorator.basicRun(TestDecorator.java:22)\n    at junit.extensions.TestSetup$1.protect(TestSetup.java:19)\n    at junit.extensions.TestSetup.run(TestSetup.java:23)\n    at junit.extensions.TestDecorator.basicRun(TestDecorator.java:22)\n    at junit.extensions.TestSetup$1.protect(TestSetup.java:19)\n    at junit.extensions.TestSetup.run(TestSetup.java:23)\n    at junit.extensions.TestDecorator.basicRun(TestDecorator.java:22)\n    at junit.extensions.TestSetup$1.protect(TestSetup.java:19)\n    at junit.extensions.TestSetup.run(TestSetup.java:23)\n    at junit.extensions.TestDecorator.basicRun(TestDecorator.java:22)\n    at junit.extensions.TestSetup$1.protect(TestSetup.java:19)\n    at junit.extensions.TestSetup.run(TestSetup.java:23)\n    at junit.extensions.TestDecorator.basicRun(TestDecorator.java:22)\n    at junit.extensions.TestSetup$1.protect(TestSetup.java:19)\n    at junit.extensions.TestSetup.run(TestSetup.java:23)\n    at junit.extensions.TestDecorator.basicRun(TestDecorator.java:22)\n    at junit.extensions.TestSetup$1.protect(TestSetup.java:19)\n    at junit.extensions.TestSetup.run(TestSetup.java:23)\n    at junit.extensions.TestDecorator.basicRun(TestDecorator.java:22)\n    at junit.extensions.TestSetup$1.protect(TestSetup.java:19)\n    at junit.extensions.TestSetup.run(TestSetup.java:23)\n3) testNegValueSupportedLogRecord(org.apache.derbyTesting.functionTests.tests.up\ngradeTests.Changes10_3)ERROR 42Y03: 'SYSCS_UTIL.SYSCS_INPLACE_COMPRESS_TABLE' is\n not recognized as a function or procedure.\n    at org.apache.derby.iapi.error.StandardException.newException(StandardExcept\nion.java)\n    at org.apache.derby.impl.sql.compile.StaticMethodCallNode.bindExpression(Sta\nticMethodCallNode.java)\n    at org.apache.derby.impl.sql.compile.JavaToSQLValueNode.bindExpression(JavaT\noSQLValueNode.java)\n    at org.apache.derby.impl.sql.compile.CallStatementNode.bind(CallStatementNod\ne.java)\n    at org.apache.derby.impl.sql.GenericStatement.prepMinion(GenericStatement.ja\nva)\n    at org.apache.derby.impl.sql.GenericStatement.prepare(GenericStatement.java)\n    at org.apache.derby.impl.sql.conn.GenericLanguageConnectionContext.prepareIn\nternalStatement(GenericLanguageConnectionContext.java)\n    at org.apache.derby.impl.jdbc.EmbedStatement.execute(EmbedStatement.java)\n    at org.apache.derby.impl.jdbc.EmbedStatement.execute(EmbedStatement.java)\n    at org.apache.derbyTesting.functionTests.tests.upgradeTests.Changes10_3.chec\nkDataToCase606(Changes10_3.java:177)\n    at org.apache.derbyTesting.functionTests.tests.upgradeTests.Changes10_3.test\nNegValueSupportedLogRecord(Changes10_3.java:122)\n    at sun.reflect.NativeMethodAccessorImpl.invoke0(Native Method)\n    at sun.reflect.NativeMethodAccessorImpl.invoke(NativeMethodAccessorImpl.java\n:64)\n    at sun.reflect.DelegatingMethodAccessorImpl.invoke(DelegatingMethodAccessorI\nmpl.java:43)\n    at org.apache.derbyTesting.junit.BaseTestCase.runBare(BaseTestCase.java:88)\n    at junit.extensions.TestDecorator.basicRun(TestDecorator.java:22)\n    at junit.extensions.TestSetup$1.protect(TestSetup.java:19)\n    at junit.extensions.TestSetup.run(TestSetup.java:23)\n    at junit.extensions.TestDecorator.basicRun(TestDecorator.java:22)\n    at junit.extensions.TestSetup$1.protect(TestSetup.java:19)\n    at junit.extensions.TestSetup.run(TestSetup.java:23)\n    at junit.extensions.TestDecorator.basicRun(TestDecorator.java:22)\n    at junit.extensions.TestSetup$1.protect(TestSetup.java:19)\n    at junit.extensions.TestSetup.run(TestSetup.java:23)\n    at junit.extensions.TestDecorator.basicRun(TestDecorator.java:22)\n    at junit.extensions.TestSetup$1.protect(TestSetup.java:19)\n    at junit.extensions.TestSetup.run(TestSetup.java:23)\n    at junit.extensions.TestDecorator.basicRun(TestDecorator.java:22)\n    at junit.extensions.TestSetup$1.protect(TestSetup.java:19)\n    at junit.extensions.TestSetup.run(TestSetup.java:23)\n    at junit.extensions.TestDecorator.basicRun(TestDecorator.java:22)\n    at junit.extensions.TestSetup$1.protect(TestSetup.java:19)\n    at junit.extensions.TestSetup.run(TestSetup.java:23)\n    at junit.extensions.TestDecorator.basicRun(TestDecorator.java:22)\n    at junit.extensions.TestSetup$1.protect(TestSetup.java:19)\n    at junit.extensions.TestSetup.run(TestSetup.java:23)\n    at junit.extensions.TestDecorator.basicRun(TestDecorator.java:22)\n    at junit.extensions.TestSetup$1.protect(TestSetup.java:19)\n    at junit.extensions.TestSetup.run(TestSetup.java:23)\n    at junit.extensions.TestDecorator.basicRun(TestDecorator.java:22)\n    at junit.extensions.TestSetup$1.protect(TestSetup.java:19)\n    at junit.extensions.TestSetup.run(TestSetup.java:23)\n    at junit.extensions.TestDecorator.basicRun(TestDecorator.java:22)\n    at junit.extensions.TestSetup$1.protect(TestSetup.java:19)\n    at junit.extensions.TestSetup.run(TestSetup.java:23)\n    at junit.extensions.TestDecorator.basicRun(TestDecorator.java:22)\n    at junit.extensions.TestSetup$1.protect(TestSetup.java:19)\n    at junit.extensions.TestSetup.run(TestSetup.java:23)\n4) Upgrade Phase: UPGRADEjava.sql.SQLException: Failed to start database 'single\nUse/oneuse0', see the next exception for details.\n    at org.apache.derby.impl.jdbc.SQLExceptionFactory.getSQLException(SQLExcepti\nonFactory.java:45)\n    at org.apache.derby.impl.jdbc.Util.newEmbedSQLException(Util.java:88)\n    at org.apache.derby.impl.jdbc.Util.newEmbedSQLException(Util.java:94)\n    at org.apache.derby.impl.jdbc.Util.generateCsSQLException(Util.java:173)\n    at org.apache.derby.impl.jdbc.EmbedConnection.newSQLException(EmbedConnectio\nn.java:2119)\n    at org.apache.derby.impl.jdbc.EmbedConnection.bootDatabase(EmbedConnection.j\nava:1783)\n    at org.apache.derby.impl.jdbc.EmbedConnection.<init>(EmbedConnection.java:24\n9)\n    at org.apache.derby.jdbc.Driver30.getNewEmbedConnection(Driver30.java:74)\n    at org.apache.derby.jdbc.InternalDriver.connect(InternalDriver.java:209)\n    at org.apache.derby.jdbc.EmbeddedDataSource.getConnection(EmbeddedDataSource\n.java:479)\n    at org.apache.derby.jdbc.EmbeddedDataSource.getConnection(EmbeddedDataSource\n.java:423)\n    at org.apache.derbyTesting.functionTests.tests.upgradeTests.PhaseChanger.set\nUp(PhaseChanger.java:94)\n    at junit.extensions.TestSetup$1.protect(TestSetup.java:18)\n    at junit.extensions.TestSetup.run(TestSetup.java:23)\n    at junit.extensions.TestDecorator.basicRun(TestDecorator.java:22)\n    at junit.extensions.TestSetup$1.protect(TestSetup.java:19)\n    at junit.extensions.TestSetup.run(TestSetup.java:23)\n    at junit.extensions.TestDecorator.basicRun(TestDecorator.java:22)\n    at junit.extensions.TestSetup$1.protect(TestSetup.java:19)\n    at junit.extensions.TestSetup.run(TestSetup.java:23)\n    at junit.extensions.TestDecorator.basicRun(TestDecorator.java:22)\n    at junit.extensions.TestSetup$1.protect(TestSetup.java:19)\n    at junit.extensions.TestSetup.run(TestSetup.java:23)\n    at junit.extensions.TestDecorator.basicRun(TestDecorator.java:22)\n    at junit.extensions.TestSetup$1.protect(TestSetup.java:19)\n    at junit.extensions.TestSetup.run(TestSetup.java:23)\n    at junit.extensions.TestDecorator.basicRun(TestDecorator.java:22)\n    at junit.extensions.TestSetup$1.protect(TestSetup.java:19)\n    at junit.extensions.TestSetup.run(TestSetup.java:23)\n    at junit.extensions.TestDecorator.basicRun(TestDecorator.java:22)\n    at junit.extensions.TestSetup$1.protect(TestSetup.java:19)\n    at junit.extensions.TestSetup.run(TestSetup.java:23)\n    at junit.extensions.TestDecorator.basicRun(TestDecorator.java:22)\n    at junit.extensions.TestSetup$1.protect(TestSetup.java:19)\n    at junit.extensions.TestSetup.run(TestSetup.java:23)\n    at junit.extensions.TestDecorator.basicRun(TestDecorator.java:22)\n    at junit.extensions.TestSetup$1.protect(TestSetup.java:19)\n    at junit.extensions.TestSetup.run(TestSetup.java:23)\n\nFAILURES!!!\nTests run: 505,  Failures: 0,  Errors: 4\n\n\n\n","customfield_10010":null,"timetracking":{},"customfield_12312026":null,"customfield_12310200":[{"self":"https://issues.apache.org/jira/rest/api/2/customFieldOption/10369","value":"Regression Test Failure","id":"10369"}],"customfield_12312023":null,"customfield_12312024":null,"customfield_12312340":null,"aggregatetimeestimate":null,"customfield_12312022":null,"customfield_12312341":null,"customfield_12312220":null,"customfield_12310921":null,"customfield_12310920":"39054","summary":"upgrade test incorrectly tries to test in place compress in 10.0 release.","creator":{"self":"https://issues.apache.org/jira/rest/api/2/user?username=mikem","name":"mikem","emailAddress":"mikem_app at sbcglobal dot net","avatarUrls":{"48x48":"https://issues.apache.org/jira/secure/useravatar?avatarId=10452","24x24":"https://issues.apache.org/jira/secure/useravatar?size=small&avatarId=10452","16x16":"https://issues.apache.org/jira/secure/useravatar?size=xsmall&avatarId=10452","32x32":"https://issues.apache.org/jira/secure/useravatar?size=medium&avatarId=10452"},"displayName":"Mike Matrigali","active":true},"subtasks":[],"customfield_12310090":null,"reporter":{"self":"https://issues.apache.org/jira/rest/api/2/user?username=mikem","name":"mikem","emailAddress":"mikem_app at sbcglobal dot net","avatarUrls":{"48x48":"https://issues.apache.org/jira/secure/useravatar?avatarId=10452","24x24":"https://issues.apache.org/jira/secure/useravatar?size=small&avatarId=10452","16x16":"https://issues.apache.org/jira/secure/useravatar?size=xsmall&avatarId=10452","32x32":"https://issues.apache.org/jira/secure/useravatar?size=medium&avatarId=10452"},"displayName":"Mike Matrigali","active":true},"customfield_12310291":null,"customfield_12310290":null,"aggregateprogress":{"progress":0,"total":0},"environment":"windows XP, single processor laptop, ibm15 JVM\nm1_ibm15:30>sysinfo\n------------------ Java Information ------------------\nJava Version:    1.5.0\nJava Vendor:     IBM Corporation\nJava home:       c:\\p4\\m1\\ibm15\\jre\nJava classpath:  c:/p4/m1/classes;c:/p4/m1/tools/java/jdbctests.zip;c:/p4/m1/too\nls/java/jakarta-oro-2.0.8.jar;c:/p4/m1/tools/java/jgl3.1.0.jar;c:/p4/m1/tools/ja\nva/jndi/providerutil.jar;c:/p4/m1/tools/java/jndi/ldap.jar;c:/p4/m1/tools/java/j\nndi/jndi.jar;c:/p4/m1/tools/java/jnl1.0F.zip;c:/p4/m1/tools/java/junit.jar;c:/p4\n/m1/tools/java/servlet-2_2b.jar;c:/p4/m1/tools/java/xslt4j-2_5_0/xercesImpl.jar;\nc:/p4/m1/tools/java/xslt4j-2_5_0/xml-apis.jar;c:/p4/m1/tools/java/xslt4j-2_5_0/x\nalan.jar\nOS name:         Windows XP\nOS architecture: x86\nOS version:      5.1 build 2600 Service Pack 2\nJava user name:  mikem\nJava user home:  C:\\Documents and Settings\\Administrator\nJava user dir:   C:\\p4\\m1\\systest\\newout\\upgrade\njava.specification.name: Java Platform API Specification\njava.specification.version: 1.5\n--------- Derby Information --------\nJRE - JDBC: J2SE 5.0 - JDBC 3.0\n[C:\\p4\\m1\\classes] 10.3.0.0 alpha - (1)\n------------------------------------------------------\n----------------- Locale Information -----------------\nCurrent Locale :  [English/United States [en_US]]\nFound support for locale: [cs]\n         version: 10.3.0.0 alpha - (1)\nFound support for locale: [de_DE]\n         version: 10.3.0.0 alpha - (1)\nFound support for locale: [es]\n         version: 10.3.0.0 alpha - (1)\nFound support for locale: [fr]\n         version: 10.3.0.0 alpha - (1)\nFound support for locale: [hu]\n         version: 10.3.0.0 alpha - (1)\nFound support for locale: [it]\n         version: 10.3.0.0 alpha - (1)\nFound support for locale: [ja_JP]\n         version: 10.3.0.0 alpha - (1)\nFound support for locale: [ko_KR]\n         version: 10.3.0.0 alpha - (1)\nFound support for locale: [pl]\n         version: 10.3.0.0 alpha - (1)\nFound support for locale: [pt_BR]\n         version: 10.3.0.0 alpha - (1)\nFound support for locale: [ru]\n         version: 10.3.0.0 alpha - (1)\nFound support for locale: [zh_CN]\n         version: 10.3.0.0 alpha - (1)\nFound support for locale: [zh_TW]\n         version: 10.3.0.0 alpha - (1)\n------------------------------------------------------\n","customfield_12311020":null,"customfield_12310050":null,"duedate":null,"customfield_12310250":null,"progress":{"progress":0,"total":0},"comment":{"startAt":0,"maxResults":1,"total":1,"comments":[{"self":"https://issues.apache.org/jira/rest/api/2/issue/12368702/comment/12493837","id":"12493837","author":{"self":"https://issues.apache.org/jira/rest/api/2/user?username=mikem","name":"mikem","emailAddress":"mikem_app at sbcglobal dot net","avatarUrls":{"48x48":"https://issues.apache.org/jira/secure/useravatar?avatarId=10452","24x24":"https://issues.apache.org/jira/secure/useravatar?size=small&avatarId=10452","16x16":"https://issues.apache.org/jira/secure/useravatar?size=xsmall&avatarId=10452","32x32":"https://issues.apache.org/jira/secure/useravatar?size=medium&avatarId=10452"},"displayName":"Mike Matrigali","active":true},"body":"checkin 535429 fixes the two errors from testNegValueSupportedLogRecord.\r\nThe other two errors do not look like they are related so I will report\r\nthose under a separate item.\r\n\r\nThe fix was just to insure that the test did not try to test in place compress\r\nlog record in 10.0, as it was added in 10.1.","updateAuthor":{"self":"https://issues.apache.org/jira/rest/api/2/user?username=mikem","name":"mikem","emailAddress":"mikem_app at sbcglobal dot net","avatarUrls":{"48x48":"https://issues.apache.org/jira/secure/useravatar?avatarId=10452","24x24":"https://issues.apache.org/jira/secure/useravatar?size=small&avatarId=10452","16x16":"https://issues.apache.org/jira/secure/useravatar?size=xsmall&avatarId=10452","32x32":"https://issues.apache.org/jira/secure/useravatar?size=medium&avatarId=10452"},"displayName":"Mike Matrigali","active":true},"created":"2007-05-05T01:02:18.353+0000","updated":"2007-05-05T01:02:18.353+0000"}]},"votes":{"self":"https://issues.apache.org/jira/rest/api/2/issue/DERBY-2611/votes","votes":0,"hasVoted":false},"worklog":{"startAt":0,"maxResults":20,"total":0,"worklogs":[]},"customfield_12311820":"0|i071rz:"}}