{"expand":"renderedFields,names,schema,transitions,operations,editmeta,changelog","id":"12518545","self":"https://issues.apache.org/jira/rest/api/latest/issue/12518545","key":"DERBY-5379","fields":{"issuetype":{"self":"https://issues.apache.org/jira/rest/api/2/issuetype/1","id":"1","description":"A problem which impairs or prevents the functions of the product.","iconUrl":"https://issues.apache.org/jira/images/icons/issuetypes/bug.png","name":"Bug","subtask":false},"timespent":null,"project":{"self":"https://issues.apache.org/jira/rest/api/2/project/10594","id":"10594","key":"DERBY","name":"Derby","avatarUrls":{"48x48":"https://issues.apache.org/jira/secure/projectavatar?pid=10594&avatarId=10122","24x24":"https://issues.apache.org/jira/secure/projectavatar?size=small&pid=10594&avatarId=10122","16x16":"https://issues.apache.org/jira/secure/projectavatar?size=xsmall&pid=10594&avatarId=10122","32x32":"https://issues.apache.org/jira/secure/projectavatar?size=medium&pid=10594&avatarId=10122"},"projectCategory":{"self":"https://issues.apache.org/jira/rest/api/2/projectCategory/10090","id":"10090","description":"DB related projects","name":"DB"}},"fixVersions":[{"self":"https://issues.apache.org/jira/rest/api/2/version/12323456","id":"12323456","description":"Third release on the 10.8 branch","name":"10.8.3.0","archived":false,"released":true,"releaseDate":"2012-11-16"},{"self":"https://issues.apache.org/jira/rest/api/2/version/12316344","id":"12316344","description":"First release on the 10.9 branch","name":"10.9.1.0","archived":false,"released":true,"releaseDate":"2012-06-25"}],"aggregatetimespent":null,"resolution":{"self":"https://issues.apache.org/jira/rest/api/2/resolution/1","id":"1","description":"A fix for this issue is checked into the tree and tested.","name":"Fixed"},"customfield_12310220":"2011-08-22 02:57:53.69","customfield_12312322":null,"customfield_12312323":null,"customfield_12310420":"24807","customfield_12310222":"1_*:*_1_*:*_9393048520_*|*_5_*:*_1_*:*_0","customfield_12312320":null,"customfield_12312321":null,"customfield_12312120":null,"customfield_12312121":null,"resolutiondate":"2011-11-27T18:31:26.965+0000","workratio":-1,"customfield_12312328":null,"customfield_12312329":null,"customfield_12312326":null,"customfield_12310300":null,"customfield_12312327":null,"customfield_12312324":null,"customfield_12312325":null,"lastViewed":null,"watches":{"self":"https://issues.apache.org/jira/rest/api/2/issue/DERBY-5379/watchers","watchCount":1,"isWatching":false},"created":"2011-08-11T01:20:38.554+0000","priority":{"self":"https://issues.apache.org/jira/rest/api/2/priority/3","iconUrl":"https://issues.apache.org/jira/images/icons/priorities/major.png","name":"Major","id":"3"},"labels":[],"customfield_12312333":null,"customfield_12312334":null,"customfield_12310310":"0.0","customfield_12312331":null,"customfield_12312332":null,"timeestimate":null,"aggregatetimeoriginalestimate":null,"versions":[{"self":"https://issues.apache.org/jira/rest/api/2/version/12316344","id":"12316344","description":"First release on the 10.9 branch","name":"10.9.1.0","archived":false,"released":true,"releaseDate":"2012-06-25"}],"customfield_12311120":null,"customfield_12312330":null,"issuelinks":[{"id":"12344813","self":"https://issues.apache.org/jira/rest/api/2/issueLink/12344813","type":{"id":"10030","name":"Reference","inward":"is related to","outward":"relates to","self":"https://issues.apache.org/jira/rest/api/2/issueLinkType/10030"},"outwardIssue":{"id":"12528842","key":"DERBY-5484","self":"https://issues.apache.org/jira/rest/api/2/issue/12528842","fields":{"summary":"Upgradetest fails with upgrade from 10.8.2.2 (7 errors, 1 failure) on trunk","status":{"self":"https://issues.apache.org/jira/rest/api/2/status/6","description":"The issue is considered finished, the resolution is correct. Issues which are closed can be reopened.","iconUrl":"https://issues.apache.org/jira/images/icons/statuses/closed.png","name":"Closed","id":"6","statusCategory":{"self":"https://issues.apache.org/jira/rest/api/2/statuscategory/3","id":3,"key":"done","colorName":"green","name":"Complete"}},"priority":{"self":"https://issues.apache.org/jira/rest/api/2/priority/3","iconUrl":"https://issues.apache.org/jira/images/icons/priorities/major.png","name":"Major","id":"3"},"issuetype":{"self":"https://issues.apache.org/jira/rest/api/2/issuetype/1","id":"1","description":"A problem which impairs or prevents the functions of the product.","iconUrl":"https://issues.apache.org/jira/images/icons/issuetypes/bug.png","name":"Bug","subtask":false}}}}],"customfield_12312339":null,"assignee":{"self":"https://issues.apache.org/jira/rest/api/2/user?username=mamtas","name":"mamtas","emailAddress":"msatoor at gmail dot com","avatarUrls":{"48x48":"https://issues.apache.org/jira/secure/useravatar?avatarId=10452","24x24":"https://issues.apache.org/jira/secure/useravatar?size=small&avatarId=10452","16x16":"https://issues.apache.org/jira/secure/useravatar?size=xsmall&avatarId=10452","32x32":"https://issues.apache.org/jira/secure/useravatar?size=medium&avatarId=10452"},"displayName":"Mamta A. Satoor","active":true},"customfield_12312337":null,"customfield_12312338":null,"updated":"2012-11-01T21:10:43.920+0000","customfield_12312335":null,"customfield_12311720":null,"customfield_12312336":null,"status":{"self":"https://issues.apache.org/jira/rest/api/2/status/6","description":"The issue is considered finished, the resolution is correct. Issues which are closed can be reopened.","iconUrl":"https://issues.apache.org/jira/images/icons/statuses/closed.png","name":"Closed","id":"6","statusCategory":{"self":"https://issues.apache.org/jira/rest/api/2/statuscategory/3","id":3,"key":"done","colorName":"green","name":"Complete"}},"components":[{"self":"https://issues.apache.org/jira/rest/api/2/component/11408","id":"11408","name":"SQL"}],"timeoriginalestimate":null,"description":"Cf. nightly here: http://dbtg.foundry.sun.com/derby/test/Daily/jvm1.5/testing/testlog/vista/1154999-derbyall_diff.txt\r\n\r\n1) testDERBY5120NumRowsInSydependsForTrigger(org.apache.derbyTesting.functionTests.tests.upgradeTests.BasicSetup)java.sql.SQLException: The number of values assigned is not the same as the number of specified or implied columns.\r\n\tat org.apache.derby.impl.jdbc.SQLExceptionFactory.getSQLException(Unknown Source)\r\n\tat org.apache.derby.impl.jdbc.Util.generateCsSQLException(Unknown Source)\r\n\tat org.apache.derby.impl.jdbc.TransactionResourceImpl.wrapInSQLException(Unknown Source)\r\n\tat org.apache.derby.impl.jdbc.TransactionResourceImpl.handleException(Unknown Source)\r\n\tat org.apache.derby.impl.jdbc.EmbedConnection.handleException(Unknown Source)\r\n\tat org.apache.derby.impl.jdbc.ConnectionChild.handleException(Unknown Source)\r\n\tat org.apache.derby.impl.jdbc.EmbedStatement.executeStatement(Unknown Source)\r\n\tat org.apache.derby.impl.jdbc.EmbedStatement.execute(Unknown Source)\r\n\tat org.apache.derby.impl.jdbc.EmbedStatement.execute(Unknown Source)\r\n\tat org.apache.derbyTesting.functionTests.tests.upgradeTests.BasicSetup.testDERBY5120NumRowsInSydependsForTrigger(BasicSetup.java:455)\r\n\tat sun.reflect.NativeMethodAccessorImpl.invoke0(Native Method)\r\n\tat sun.reflect.NativeMethodAccessorImpl.invoke(NativeMethodAccessorImpl.java:39)\r\n\tat sun.reflect.DelegatingMethodAccessorImpl.invoke(DelegatingMethodAccessorImpl.java:25)\r\n\tat org.apache.derbyTesting.junit.BaseTestCase.runBare(BaseTestCase.java:112)\r\n\tat junit.extensions.TestDecorator.basicRun(TestDecorator.java:24)\r\n\tat junit.extensions.TestSetup$1.protect(TestSetup.java:21)\r\n\tat junit.extensions.TestSetup.run(TestSetup.java:25)\r\n\tat junit.extensions.TestDecorator.basicRun(TestDecorator.java:24)\r\n\tat junit.extensions.TestSetup$1.protect(TestSetup.java:21)\r\n\tat junit.extensions.TestSetup.run(TestSetup.java:25)\r\n\tat org.apache.derbyTesting.junit.BaseTestSetup.run(BaseTestSetup.java:57)\r\n\tat junit.extensions.TestDecorator.basicRun(TestDecorator.java:24)\r\n\tat junit.extensions.TestSetup$1.protect(TestSetup.java:21)\r\n\tat junit.extensions.TestSetup.run(TestSetup.java:25)\r\n\tat org.apache.derbyTesting.junit.BaseTestSetup.run(BaseTestSetup.java:57)\r\n\tat junit.extensions.TestDecorator.basicRun(TestDecorator.java:24)\r\n\tat junit.extensions.TestSetup$1.protect(TestSetup.java:21)\r\n\tat junit.extensions.TestSetup.run(TestSetup.java:25)\r\n\tat junit.extensions.TestDecorator.basicRun(TestDecorator.java:24)\r\n\tat junit.extensions.TestSetup$1.protect(TestSetup.java:21)\r\n\tat junit.extensions.TestSetup.run(TestSetup.java:25)\r\n\tat org.apache.derbyTesting.junit.BaseTestSetup.run(BaseTestSetup.java:57)\r\n\tat junit.extensions.TestDecorator.basicRun(TestDecorator.java:24)\r\n\tat junit.extensions.TestSetup$1.protect(TestSetup.java:21)\r\n\tat junit.extensions.TestSetup.run(TestSetup.java:25)\r\n\tat junit.extensions.TestDecorator.basicRun(TestDecorator.java:24)\r\n\tat junit.extensions.TestSetup$1.protect(TestSetup.java:21)\r\n\tat junit.extensions.TestSetup.run(TestSetup.java:25)\r\n\tat org.apache.derbyTesting.junit.BaseTestSetup.run(BaseTestSetup.java:57)\r\n\tat junit.extensions.TestDecorator.basicRun(TestDecorator.java:24)\r\n\tat junit.extensions.TestSetup$1.protect(TestSetup.java:21)\r\n\tat junit.extensions.TestSetup.run(TestSetup.java:25)\r\n\tat junit.extensions.TestDecorator.basicRun(TestDecorator.java:24)\r\n\tat junit.extensions.TestSetup$1.protect(TestSetup.java:21)\r\n\tat junit.extensions.TestSetup.run(TestSetup.java:25)\r\n\tat org.apache.derbyTesting.junit.BaseTestSetup.run(BaseTestSetup.java:57)\r\n\tat junit.extensions.TestDecorator.basicRun(TestDecorator.java:24)\r\n\tat junit.extensions.TestSetup$1.protect(TestSetup.java:21)\r\n\tat junit.extensions.TestSetup.run(TestSetup.java:25)\r\n\tat junit.extensions.TestDecorator.basicRun(TestDecorator.java:24)\r\n\tat junit.extensions.TestSetup$1.protect(TestSetup.java:21)\r\n\tat junit.extensions.TestSetup.run(TestSetup.java:25)\r\n\tat org.apache.derbyTesting.junit.BaseTestSetup.run(BaseTestSetup.java:57)\r\n\tat junit.extensions.TestDecorator.basicRun(TestDecorator.java:24)\r\n\tat junit.extensions.TestSetup$1.protect(TestSetup.java:21)\r\n\tat junit.extensions.TestSetup.run(TestSetup.java:25)\r\n\tat junit.extensions.TestDecorator.basicRun(TestDecorator.java:24)\r\n\tat junit.extensions.TestSetup$1.protect(TestSetup.java:21)\r\n\tat junit.extensions.TestSetup.run(TestSetup.java:25)\r\n\tat org.apache.derbyTesting.junit.BaseTestSetup.run(BaseTestSetup.java:57)\r\n\tat junit.extensions.TestDecorator.basicRun(TestDecorator.java:24)\r\n\tat junit.extensions.TestSetup$1.protect(TestSetup.java:21)\r\n\tat junit.extensions.TestSetup.run(TestSetup.java:25)\r\n\tat junit.extensions.TestDecorator.basicRun(TestDecorator.java:24)\r\n\tat junit.extensions.TestSetup$1.protect(TestSetup.java:21)\r\n\tat junit.extensions.TestSetup.run(TestSetup.java:25)\r\n\tat junit.extensions.TestDecorator.basicRun(TestDecorator.java:24)\r\n\tat junit.extensions.TestSetup$1.protect(TestSetup.java:21)\r\n\tat junit.extensions.TestSetup.run(TestSetup.java:25)\r\nCaused by: ERROR 42802: The number of values assigned is not the same as the number of specified or implied columns.\r\n\tat org.apache.derby.iapi.error.StandardException.newException(Unknown Source)\r\n\tat org.apache.derby.impl.sql.compile.InsertNode.bindStatement(Unknown Source)\r\n\tat org.apache.derby.impl.sql.GenericStatement.prepMinion(Unknown Source)\r\n\tat org.apache.derby.impl.sql.GenericStatement.prepareStorable(Unknown Source)\r\n\tat org.apache.derby.iapi.sql.dictionary.SPSDescriptor.compileStatement(Unknown Source)\r\n\tat org.apache.derby.iapi.sql.dictionary.SPSDescriptor.prepareAndRelease(Unknown Source)\r\n\tat org.apache.derby.iapi.sql.dictionary.SPSDescriptor.getPreparedStatement(Unknown Source)\r\n\tat org.apache.derby.iapi.sql.dictionary.SPSDescriptor.getPreparedStatement(Unknown Source)\r\n\tat org.apache.derby.impl.sql.execute.GenericTriggerExecutor.executeSPS(Unknown Source)\r\n\tat org.apache.derby.impl.sql.execute.StatementTriggerExecutor.fireTrigger(Unknown Source)\r\n\tat org.apache.derby.impl.sql.execute.TriggerEventActivator.notifyEvent(Unknown Source)\r\n\tat org.apache.derby.impl.sql.execute.UpdateResultSet.fireAfterTriggers(Unknown Source)\r\n\tat org.apache.derby.impl.sql.execute.UpdateResultSet.open(Unknown Source)\r\n\tat org.apache.derby.impl.sql.GenericPreparedStatement.executeStmt(Unknown Source)\r\n\tat org.apache.derby.impl.sql.GenericPreparedStatement.execute(Unknown Source)\r\n\t... 103 more","customfield_10010":null,"timetracking":{},"customfield_12312026":null,"customfield_12310200":[{"self":"https://issues.apache.org/jira/rest/api/2/customFieldOption/10369","value":"Regression Test Failure","id":"10369"}],"customfield_12312023":null,"customfield_12312024":null,"customfield_12312340":null,"aggregatetimeestimate":null,"customfield_12312022":null,"customfield_12312341":null,"customfield_12312220":null,"customfield_12310921":null,"customfield_12310920":"35652","summary":"testDERBY5120NumRowsInSydependsForTrigger - The number of values assigned is not the same as the number of specified or implied columns.","creator":{"self":"https://issues.apache.org/jira/rest/api/2/user?username=dagw","name":"dagw","emailAddress":"dag dot wanvik at oracle dot com","avatarUrls":{"48x48":"https://issues.apache.org/jira/secure/useravatar?ownerId=dagw&avatarId=16789","24x24":"https://issues.apache.org/jira/secure/useravatar?size=small&ownerId=dagw&avatarId=16789","16x16":"https://issues.apache.org/jira/secure/useravatar?size=xsmall&ownerId=dagw&avatarId=16789","32x32":"https://issues.apache.org/jira/secure/useravatar?size=medium&ownerId=dagw&avatarId=16789"},"displayName":"Dag H. Wanvik","active":true},"subtasks":[],"customfield_12310090":null,"reporter":{"self":"https://issues.apache.org/jira/rest/api/2/user?username=dagw","name":"dagw","emailAddress":"dag dot wanvik at oracle dot com","avatarUrls":{"48x48":"https://issues.apache.org/jira/secure/useravatar?ownerId=dagw&avatarId=16789","24x24":"https://issues.apache.org/jira/secure/useravatar?size=small&ownerId=dagw&avatarId=16789","16x16":"https://issues.apache.org/jira/secure/useravatar?size=xsmall&ownerId=dagw&avatarId=16789","32x32":"https://issues.apache.org/jira/secure/useravatar?size=medium&ownerId=dagw&avatarId=16789"},"displayName":"Dag H. Wanvik","active":true},"customfield_12310291":null,"customfield_12310290":null,"aggregateprogress":{"progress":0,"total":0},"environment":"Vista, Sun Java 1.5","customfield_12311020":null,"customfield_12310050":null,"duedate":null,"customfield_12310250":null,"progress":{"progress":0,"total":0},"comment":{"startAt":0,"maxResults":14,"total":14,"comments":[{"self":"https://issues.apache.org/jira/rest/api/2/issue/12518545/comment/13082904","id":"13082904","author":{"self":"https://issues.apache.org/jira/rest/api/2/user?username=dagw","name":"dagw","emailAddress":"dag dot wanvik at oracle dot com","avatarUrls":{"48x48":"https://issues.apache.org/jira/secure/useravatar?ownerId=dagw&avatarId=16789","24x24":"https://issues.apache.org/jira/secure/useravatar?size=small&ownerId=dagw&avatarId=16789","16x16":"https://issues.apache.org/jira/secure/useravatar?size=xsmall&ownerId=dagw&avatarId=16789","32x32":"https://issues.apache.org/jira/secure/useravatar?size=medium&ownerId=dagw&avatarId=16789"},"displayName":"Dag H. Wanvik","active":true},"body":"I have a zip file (\"nanna31.zip\")  of ca 80Mb of the db files from this test including the contents of the fail directory, please request it if you want to look at this issue.","updateAuthor":{"self":"https://issues.apache.org/jira/rest/api/2/user?username=dagw","name":"dagw","emailAddress":"dag dot wanvik at oracle dot com","avatarUrls":{"48x48":"https://issues.apache.org/jira/secure/useravatar?ownerId=dagw&avatarId=16789","24x24":"https://issues.apache.org/jira/secure/useravatar?size=small&ownerId=dagw&avatarId=16789","16x16":"https://issues.apache.org/jira/secure/useravatar?size=xsmall&ownerId=dagw&avatarId=16789","32x32":"https://issues.apache.org/jira/secure/useravatar?size=medium&ownerId=dagw&avatarId=16789"},"displayName":"Dag H. Wanvik","active":true},"created":"2011-08-11T04:31:55.578+0000","updated":"2011-08-11T04:31:55.578+0000"},{"self":"https://issues.apache.org/jira/rest/api/2/issue/12518545/comment/13088517","id":"13088517","author":{"self":"https://issues.apache.org/jira/rest/api/2/user?username=rsjay1976","name":"rsjay1976","emailAddress":"rsjay1976 at gmail dot com","avatarUrls":{"48x48":"https://issues.apache.org/jira/secure/useravatar?avatarId=10452","24x24":"https://issues.apache.org/jira/secure/useravatar?size=small&avatarId=10452","16x16":"https://issues.apache.org/jira/secure/useravatar?size=xsmall&avatarId=10452","32x32":"https://issues.apache.org/jira/secure/useravatar?size=medium&avatarId=10452"},"displayName":"Jayaram Subramanian","active":true},"body":"Hi\r\nI did a search for testDERBY5120NumRowsInSydependsForTrigger in trunk and its subfolders but couldnt locate it. Is this in a different location","updateAuthor":{"self":"https://issues.apache.org/jira/rest/api/2/user?username=rsjay1976","name":"rsjay1976","emailAddress":"rsjay1976 at gmail dot com","avatarUrls":{"48x48":"https://issues.apache.org/jira/secure/useravatar?avatarId=10452","24x24":"https://issues.apache.org/jira/secure/useravatar?size=small&avatarId=10452","16x16":"https://issues.apache.org/jira/secure/useravatar?size=xsmall&avatarId=10452","32x32":"https://issues.apache.org/jira/secure/useravatar?size=medium&avatarId=10452"},"displayName":"Jayaram Subramanian","active":true},"created":"2011-08-22T02:57:53.690+0000","updated":"2011-08-22T02:57:53.690+0000"},{"self":"https://issues.apache.org/jira/rest/api/2/issue/12518545/comment/13088518","id":"13088518","author":{"self":"https://issues.apache.org/jira/rest/api/2/user?username=rsjay1976","name":"rsjay1976","emailAddress":"rsjay1976 at gmail dot com","avatarUrls":{"48x48":"https://issues.apache.org/jira/secure/useravatar?avatarId=10452","24x24":"https://issues.apache.org/jira/secure/useravatar?size=small&avatarId=10452","16x16":"https://issues.apache.org/jira/secure/useravatar?size=xsmall&avatarId=10452","32x32":"https://issues.apache.org/jira/secure/useravatar?size=medium&avatarId=10452"},"displayName":"Jayaram Subramanian","active":true},"body":"Sorry. I did find it in functionTests.tests.upgradeTest.BasicSetup\r\npublic void testDERBY5120NumRowsInSydependsForTrigger() throws Exception","updateAuthor":{"self":"https://issues.apache.org/jira/rest/api/2/user?username=rsjay1976","name":"rsjay1976","emailAddress":"rsjay1976 at gmail dot com","avatarUrls":{"48x48":"https://issues.apache.org/jira/secure/useravatar?avatarId=10452","24x24":"https://issues.apache.org/jira/secure/useravatar?size=small&avatarId=10452","16x16":"https://issues.apache.org/jira/secure/useravatar?size=xsmall&avatarId=10452","32x32":"https://issues.apache.org/jira/secure/useravatar?size=medium&avatarId=10452"},"displayName":"Jayaram Subramanian","active":true},"created":"2011-08-22T03:03:35.118+0000","updated":"2011-08-22T03:03:35.118+0000"},{"self":"https://issues.apache.org/jira/rest/api/2/issue/12518545/comment/13094270","id":"13094270","author":{"self":"https://issues.apache.org/jira/rest/api/2/user?username=rsjay1976","name":"rsjay1976","emailAddress":"rsjay1976 at gmail dot com","avatarUrls":{"48x48":"https://issues.apache.org/jira/secure/useravatar?avatarId=10452","24x24":"https://issues.apache.org/jira/secure/useravatar?size=small&avatarId=10452","16x16":"https://issues.apache.org/jira/secure/useravatar?size=xsmall&avatarId=10452","32x32":"https://issues.apache.org/jira/secure/useravatar?size=medium&avatarId=10452"},"displayName":"Jayaram Subramanian","active":true},"body":"Hi Dag,\r\nI am trying to replicate this issue by trying to do  java -Dderby.tests.trace=true junit.textui.TestRunner org.apache.derbyTesting.functionTests.tests.upgradeTests._Suite > runoutputAug30.out 2>&1.\r\n\r\nBut the tests are running ok so far.... Is there any particular version or particular phase of upgrade this test fails?","updateAuthor":{"self":"https://issues.apache.org/jira/rest/api/2/user?username=rsjay1976","name":"rsjay1976","emailAddress":"rsjay1976 at gmail dot com","avatarUrls":{"48x48":"https://issues.apache.org/jira/secure/useravatar?avatarId=10452","24x24":"https://issues.apache.org/jira/secure/useravatar?size=small&avatarId=10452","16x16":"https://issues.apache.org/jira/secure/useravatar?size=xsmall&avatarId=10452","32x32":"https://issues.apache.org/jira/secure/useravatar?size=medium&avatarId=10452"},"displayName":"Jayaram Subramanian","active":true},"created":"2011-08-31T03:00:20.025+0000","updated":"2011-08-31T03:00:20.025+0000"},{"self":"https://issues.apache.org/jira/rest/api/2/issue/12518545/comment/13096541","id":"13096541","author":{"self":"https://issues.apache.org/jira/rest/api/2/user?username=dagw","name":"dagw","emailAddress":"dag dot wanvik at oracle dot com","avatarUrls":{"48x48":"https://issues.apache.org/jira/secure/useravatar?ownerId=dagw&avatarId=16789","24x24":"https://issues.apache.org/jira/secure/useravatar?size=small&ownerId=dagw&avatarId=16789","16x16":"https://issues.apache.org/jira/secure/useravatar?size=xsmall&ownerId=dagw&avatarId=16789","32x32":"https://issues.apache.org/jira/secure/useravatar?size=medium&ownerId=dagw&avatarId=16789"},"displayName":"Dag H. Wanvik","active":true},"body":"Jayaram, I only saw this once in the regression tests. I can send you the zip file I saved away from that run, maybe you can glean something from it. It's a bit large (80Mb), so I'm not sure which is the best way for get that to you. Mail is probably difficult... Are you on any IM that can send/receive files? If so, send me your nick and we can agree to exchange the file.\r\n","updateAuthor":{"self":"https://issues.apache.org/jira/rest/api/2/user?username=dagw","name":"dagw","emailAddress":"dag dot wanvik at oracle dot com","avatarUrls":{"48x48":"https://issues.apache.org/jira/secure/useravatar?ownerId=dagw&avatarId=16789","24x24":"https://issues.apache.org/jira/secure/useravatar?size=small&ownerId=dagw&avatarId=16789","16x16":"https://issues.apache.org/jira/secure/useravatar?size=xsmall&ownerId=dagw&avatarId=16789","32x32":"https://issues.apache.org/jira/secure/useravatar?size=medium&ownerId=dagw&avatarId=16789"},"displayName":"Dag H. Wanvik","active":true},"created":"2011-09-03T01:06:49.983+0000","updated":"2011-09-03T01:06:49.983+0000"},{"self":"https://issues.apache.org/jira/rest/api/2/issue/12518545/comment/13096562","id":"13096562","author":{"self":"https://issues.apache.org/jira/rest/api/2/user?username=rsjay1976","name":"rsjay1976","emailAddress":"rsjay1976 at gmail dot com","avatarUrls":{"48x48":"https://issues.apache.org/jira/secure/useravatar?avatarId=10452","24x24":"https://issues.apache.org/jira/secure/useravatar?size=small&avatarId=10452","16x16":"https://issues.apache.org/jira/secure/useravatar?size=xsmall&avatarId=10452","32x32":"https://issues.apache.org/jira/secure/useravatar?size=medium&avatarId=10452"},"displayName":"Jayaram Subramanian","active":true},"body":"Thanks Dag.  I am not aware of any IM with 80 mb attachment facility.. One option is we can try file splitting an upload in 8 individual chunks if possible","updateAuthor":{"self":"https://issues.apache.org/jira/rest/api/2/user?username=rsjay1976","name":"rsjay1976","emailAddress":"rsjay1976 at gmail dot com","avatarUrls":{"48x48":"https://issues.apache.org/jira/secure/useravatar?avatarId=10452","24x24":"https://issues.apache.org/jira/secure/useravatar?size=small&avatarId=10452","16x16":"https://issues.apache.org/jira/secure/useravatar?size=xsmall&avatarId=10452","32x32":"https://issues.apache.org/jira/secure/useravatar?size=medium&avatarId=10452"},"displayName":"Jayaram Subramanian","active":true},"created":"2011-09-03T02:46:00.446+0000","updated":"2011-09-03T02:46:00.446+0000"},{"self":"https://issues.apache.org/jira/rest/api/2/issue/12518545/comment/13148721","id":"13148721","author":{"self":"https://issues.apache.org/jira/rest/api/2/user?username=kmarsden","name":"kmarsden","emailAddress":"kmarsdenderby at sbcglobal dot net","avatarUrls":{"48x48":"https://issues.apache.org/jira/secure/useravatar?avatarId=10452","24x24":"https://issues.apache.org/jira/secure/useravatar?size=small&avatarId=10452","16x16":"https://issues.apache.org/jira/secure/useravatar?size=xsmall&avatarId=10452","32x32":"https://issues.apache.org/jira/secure/useravatar?size=medium&avatarId=10452"},"displayName":"Kathey Marsden","active":true},"body":"I just started running tests on a new machine with Windows 7 64bit i7 CPU and saw this failure in 2/2 runs of suites.All followed by various failures that I think just cascade because of this one.  Let me know if there is any there is any debugging code you would like me to add for my next run,\r\n\r\n\r\n1) testDERBY5120NumRowsInSydependsForTrigger(org.apache.derbyTesting.functionTests.tests.upgradeTest\r\nl.SQLSyntaxErrorException: The number of values assigned is not the same as the number of specified\r\n        at org.apache.derby.impl.jdbc.SQLExceptionFactory40.getSQLException(Unknown Source)\r\n        at org.apache.derby.impl.jdbc.Util.generateCsSQLException(Unknown Source)\r\n        at org.apache.derby.impl.jdbc.TransactionResourceImpl.wrapInSQLException(Unknown Source)\r\n        at org.apache.derby.impl.jdbc.TransactionResourceImpl.handleException(Unknown Source)\r\n        at org.apache.derby.impl.jdbc.EmbedConnection.handleException(Unknown Source)\r\n        at org.apache.derby.impl.jdbc.ConnectionChild.handleException(Unknown Source)\r\n        at org.apache.derby.impl.jdbc.EmbedStatement.executeStatement(Unknown Source)\r\n        at org.apache.derby.impl.jdbc.EmbedStatement.execute(Unknown Source)\r\n        at org.apache.derby.impl.jdbc.EmbedStatement.execute(Unknown Source)\r\n        at org.apache.derbyTesting.functionTests.tests.upgradeTests.BasicSetup.testDERBY5120NumRowsI\r\n(BasicSetup.java:455)\r\n        at sun.reflect.NativeMethodAccessorImpl.invoke0(Native Method)\r\n        at sun.reflect.NativeMethodAccessorImpl.invoke(NativeMethodAccessorImpl.java:60)\r\n        at sun.reflect.DelegatingMethodAccessorImpl.invoke(DelegatingMethodAccessorImpl.java:37)\r\n        at org.apache.derbyTesting.junit.BaseTestCase.runBare(BaseTestCase.java:116)\r\n        at junit.extensions.TestDecorator.basicRun(TestDecorator.java:24)\r\n        at junit.extensions.TestSetup$1.protect(TestSetup.java:21)\r\n        at junit.extensions.TestSetup.run(TestSetup.java:18)\r\n        at junit.extensions.TestDecorator.basicRun(TestDecorator.java:24)\r\n        at junit.extensions.TestSetup$1.protect(TestSetup.java:21)\r\n        at junit.extensions.TestSetup.run(TestSetup.java:25)\r\n        at org.apache.derbyTesting.junit.BaseTestSetup.run(BaseTestSetup.java:51)\r\n        at junit.extensions.TestDecorator.basicRun(TestDecorator.java:24)\r\n        at junit.extensions.TestSetup$1.protect(TestSetup.java:21)\r\n        at junit.extensions.TestSetup.run(TestSetup.java:25)\r\n        at org.apache.derbyTesting.junit.BaseTestSetup.run(BaseTestSetup.java:51)\r\n        at junit.extensions.TestDecorator.basicRun(TestDecorator.java:24)\r\n        at junit.extensions.TestSetup$1.protect(TestSetup.java:21)\r\n        at junit.extensions.TestSetup.run(TestSetup.java:18)\r\n        at junit.extensions.TestDecorator.basicRun(TestDecorator.java:24)\r\n        at junit.extensions.TestSetup$1.protect(TestSetup.java:21)\r\n        at junit.extensions.TestSetup.run(TestSetup.java:25)\r\n        at org.apache.derbyTesting.junit.BaseTestSetup.run(BaseTestSetup.java:51)\r\n        at junit.extensions.TestDecorator.basicRun(TestDecorator.java:24)\r\n        at junit.extensions.TestSetup$1.protect(TestSetup.java:21)\r\n        at junit.extensions.TestSetup.run(TestSetup.java:18)\r\n        at junit.extensions.TestDecorator.basicRun(TestDecorator.java:24)\r\n        at junit.extensions.TestSetup$1.protect(TestSetup.java:21)\r\n        at junit.extensions.TestSetup.run(TestSetup.java:25)\r\n        at org.apache.derbyTesting.junit.BaseTestSetup.run(BaseTestSetup.java:51)\r\n        at junit.extensions.TestDecorator.basicRun(TestDecorator.java:24)\r\n        at junit.extensions.TestSetup$1.protect(TestSetup.java:21)\r\n        at junit.extensions.TestSetup.run(TestSetup.java:18)\r\n        at junit.extensions.TestDecorator.basicRun(TestDecorator.java:24)\r\n        at junit.extensions.TestSetup$1.protect(TestSetup.java:21)\r\n        at junit.extensions.TestSetup.run(TestSetup.java:25)\r\n        at org.apache.derbyTesting.junit.BaseTestSetup.run(BaseTestSetup.java:51)\r\n        at junit.extensions.TestDecorator.basicRun(TestDecorator.java:24)\r\n        at junit.extensions.TestSetup$1.protect(TestSetup.java:21)\r\n        at junit.extensions.TestSetup.run(TestSetup.java:18)\r\n        at junit.extensions.TestDecorator.basicRun(TestDecorator.java:24)\r\n        at junit.extensions.TestSetup$1.protect(TestSetup.java:21)\r\n        at junit.extensions.TestSetup.run(TestSetup.java:25)\r\n        at org.apache.derbyTesting.junit.BaseTestSetup.run(BaseTestSetup.java:51)\r\n        at junit.extensions.TestDecorator.basicRun(TestDecorator.java:24)\r\n        at junit.extensions.TestSetup$1.protect(TestSetup.java:21)\r\n        at junit.extensions.TestSetup.run(TestSetup.java:18)\r\n        at junit.extensions.TestDecorator.basicRun(TestDecorator.java:24)\r\n        at junit.extensions.TestSetup$1.protect(TestSetup.java:21)\r\n        at junit.extensions.TestSetup.run(TestSetup.java:25)\r\n        at org.apache.derbyTesting.junit.BaseTestSetup.run(BaseTestSetup.java:51)\r\n        at junit.extensions.TestDecorator.basicRun(TestDecorator.java:24)\r\n        at junit.extensions.TestSetup$1.protect(TestSetup.java:21)\r\n        at junit.extensions.TestSetup.run(TestSetup.java:18)\r\n        at junit.extensions.TestDecorator.basicRun(TestDecorator.java:24)\r\n        at junit.extensions.TestSetup$1.protect(TestSetup.java:21)\r\n        at junit.extensions.TestSetup.run(TestSetup.java:18)\r\n        at junit.extensions.TestDecorator.basicRun(TestDecorator.java:24)\r\n        at junit.extensions.TestSetup$1.protect(TestSetup.java:21)\r\n        at junit.extensions.TestSetup.run(TestSetup.java:18)\r\nCaused by: java.sql.SQLException: The number of values assigned is not the same as the number of spe\r\nlumns.\r\n        at org.apache.derby.impl.jdbc.SQLExceptionFactory.getSQLException(Unknown Source)\r\n        at org.apache.derby.impl.jdbc.SQLExceptionFactory40.wrapArgsForTransportAcrossDRDA(Unknown S\r\n        ... 109 more\r\nCaused by: ERROR 42802: The number of values assigned is not the same as the number of specified or\r\n        at org.apache.derby.iapi.error.StandardException.newException(Unknown Source)\r\n        at org.apache.derby.impl.sql.compile.InsertNode.bindStatement(Unknown Source)\r\n        at org.apache.derby.impl.sql.GenericStatement.prepMinion(Unknown Source)\r\n        at org.apache.derby.impl.sql.GenericStatement.prepareStorable(Unknown Source)\r\n        at org.apache.derby.iapi.sql.dictionary.SPSDescriptor.compileStatement(Unknown Source)\r\n        at org.apache.derby.iapi.sql.dictionary.SPSDescriptor.prepareAndRelease(Unknown Source)\r\n        at org.apache.derby.iapi.sql.dictionary.SPSDescriptor.getPreparedStatement(Unknown Source)\r\n        at org.apache.derby.iapi.sql.dictionary.SPSDescriptor.getPreparedStatement(Unknown Source)\r\n        at org.apache.derby.impl.sql.execute.GenericTriggerExecutor.executeSPS(Unknown Source)\r\n        at org.apache.derby.impl.sql.execute.StatementTriggerExecutor.fireTrigger(Unknown Source)\r\n        at org.apache.derby.impl.sql.execute.TriggerEventActivator.notifyEvent(Unknown Source)\r\n        at org.apache.derby.impl.sql.execute.UpdateResultSet.fireAfterTriggers(Unknown Source)\r\n        at org.apache.derby.impl.sql.execute.UpdateResultSet.open(Unknown Source)\r\n        at org.apache.derby.impl.sql.GenericPreparedStatement.executeStmt(Unknown Source)\r\n        at org.apache.derby.impl.sql.GenericPreparedStatement.execute(Unknown Source)\r\n        ... 103 more\r\n2) testDERBY5044AlterTableDropColumn(org.apache.derbyTesting.functionTests.tests.upgradeTests.BasicS\r\neption: Operation 'DROP COLUMN' cannot be performed on object 'C22' because TRIGGER 'ATDC_13_TAB1_TR\r\nthat object.\r\n        at org.apache.derby.impl.jdbc.SQLExceptionFactory40.getSQLException(Unknown Source)\r\n        at org.apache.derby.impl.jdbc.Util.generateCsSQLException(Unknown Source)\r\n        at org.apache.derby.impl.jdbc.TransactionResourceImpl.wrapInSQLException(Unknown Source)\r\n        at org.apache.derby.impl.jdbc.TransactionResourceImpl.handleException(Unknown Source)\r\n        at org.apache.derby.impl.jdbc.EmbedConnection.handleException(Unknown Source)\r\n        at org.apache.derby.impl.jdbc.ConnectionChild.handleException(Unknown Source)\r\n        at org.apache.derby.impl.jdbc.EmbedStatement.executeStatement(Unknown Source)\r\n        at org.apache.derby.impl.jdbc.EmbedStatement.execute(Unknown Source)\r\n        at org.apache.derby.impl.jdbc.EmbedStatement.executeUpdate(Unknown Source)\r\n        at org.apache.derbyTesting.functionTests.tests.upgradeTests.BasicSetup.testDERBY5044AlterTab\r\ntup.java:733)\r\n        at sun.reflect.NativeMethodAccessorImpl.invoke0(Native Method)\r\n        at sun.reflect.NativeMethodAccessorImpl.invoke(NativeMethodAccessorImpl.java:60)\r\n        at sun.reflect.DelegatingMethodAccessorImpl.invoke(DelegatingMethodAccessorImpl.java:37)\r\n        at org.apache.derbyTesting.junit.BaseTestCase.runBare(BaseTestCase.java:116)\r\n        at junit.extensions.TestDecorator.basicRun(TestDecorator.java:24)\r\n        at junit.extensions.TestSetup$1.protect(TestSetup.java:21)\r\n        at junit.extensions.TestSetup.run(TestSetup.java:18)\r\n        at junit.extensions.TestDecorator.basicRun(TestDecorator.java:24)\r\n        at junit.extensions.TestSetup$1.protect(TestSetup.java:21)\r\n        at junit.extensions.TestSetup.run(TestSetup.java:25)\r\n        at org.apache.derbyTesting.junit.BaseTestSetup.run(BaseTestSetup.java:51)\r\n        at junit.extensions.TestDecorator.basicRun(TestDecorator.java:24)\r\n        at junit.extensions.TestSetup$1.protect(TestSetup.java:21)\r\n        at junit.extensions.TestSetup.run(TestSetup.java:25)\r\n        at org.apache.derbyTesting.junit.BaseTestSetup.run(BaseTestSetup.java:51)\r\n        at junit.extensions.TestDecorator.basicRun(TestDecorator.java:24)\r\n        at junit.extensions.TestSetup$1.protect(TestSetup.java:21)\r\n        at junit.extensions.TestSetup.run(TestSetup.java:18)\r\n        at junit.extensions.TestDecorator.basicRun(TestDecorator.java:24)\r\n        at junit.extensions.TestSetup$1.protect(TestSetup.java:21)\r\n        at junit.extensions.TestSetup.run(TestSetup.java:25)\r\n        at org.apache.derbyTesting.junit.BaseTestSetup.run(BaseTestSetup.java:51)\r\n        at junit.extensions.TestDecorator.basicRun(TestDecorator.java:24)\r\n        at junit.extensions.TestSetup$1.protect(TestSetup.java:21)\r\n        at junit.extensions.TestSetup.run(TestSetup.java:18)\r\n        at junit.extensions.TestDecorator.basicRun(TestDecorator.java:24)\r\n        at junit.extensions.TestSetup$1.protect(TestSetup.java:21)\r\n        at junit.extensions.TestSetup.run(TestSetup.java:25)\r\n        at org.apache.derbyTesting.junit.BaseTestSetup.run(BaseTestSetup.java:51)\r\n        at junit.extensions.TestDecorator.basicRun(TestDecorator.java:24)\r\n        at junit.extensions.TestSetup$1.protect(TestSetup.java:21)\r\n        at junit.extensions.TestSetup.run(TestSetup.java:18)\r\n        at junit.extensions.TestDecorator.basicRun(TestDecorator.java:24)\r\n        at junit.extensions.TestSetup$1.protect(TestSetup.java:21)\r\n        at junit.extensions.TestSetup.run(TestSetup.java:25)\r\n        at org.apache.derbyTesting.junit.BaseTestSetup.run(BaseTestSetup.java:51)\r\n        at junit.extensions.TestDecorator.basicRun(TestDecorator.java:24)\r\n        at junit.extensions.TestSetup$1.protect(TestSetup.java:21)\r\n        at junit.extensions.TestSetup.run(TestSetup.java:18)\r\n        at junit.extensions.TestDecorator.basicRun(TestDecorator.java:24)\r\n        at junit.extensions.TestSetup$1.protect(TestSetup.java:21)\r\n        at junit.extensions.TestSetup.run(TestSetup.java:25)\r\n        at org.apache.derbyTesting.junit.BaseTestSetup.run(BaseTestSetup.java:51)\r\n        at junit.extensions.TestDecorator.basicRun(TestDecorator.java:24)\r\n        at junit.extensions.TestSetup$1.protect(TestSetup.java:21)\r\n        at junit.extensions.TestSetup.run(TestSetup.java:18)\r\n        at junit.extensions.TestDecorator.basicRun(TestDecorator.java:24)\r\n        at junit.extensions.TestSetup$1.protect(TestSetup.java:21)\r\n        at junit.extensions.TestSetup.run(TestSetup.java:25)\r\n        at org.apache.derbyTesting.junit.BaseTestSetup.run(BaseTestSetup.java:51)\r\n        at junit.extensions.TestDecorator.basicRun(TestDecorator.java:24)\r\n        at junit.extensions.TestSetup$1.protect(TestSetup.java:21)\r\n        at junit.extensions.TestSetup.run(TestSetup.java:18)\r\n        at junit.extensions.TestDecorator.basicRun(TestDecorator.java:24)\r\n        at junit.extensions.TestSetup$1.protect(TestSetup.java:21)\r\n        at junit.extensions.TestSetup.run(TestSetup.java:18)\r\n        at junit.extensions.TestDecorator.basicRun(TestDecorator.java:24)\r\n        at junit.extensions.TestSetup$1.protect(TestSetup.java:21)\r\n        at junit.extensions.TestSetup.run(TestSetup.java:18)\r\nCaused by: java.sql.SQLException: Operation 'DROP COLUMN' cannot be performed on object 'C22' becaus\r\nAB1_TRG2' is dependent on that object.\r\n        at org.apache.derby.impl.jdbc.SQLExceptionFactory.getSQLException(Unknown Source)\r\n        at org.apache.derby.impl.jdbc.SQLExceptionFactory40.wrapArgsForTransportAcrossDRDA(Unknown S\r\n        ... 109 more\r\nCaused by: ERROR X0Y25: Operation 'DROP COLUMN' cannot be performed on object 'C22' because TRIGGER\r\nis dependent on that object.\r\n        at org.apache.derby.iapi.error.StandardException.newException(Unknown Source)\r\n        at org.apache.derby.impl.sql.execute.AlterTableConstantAction.columnDroppedAndTriggerDepende\r\n)\r\n        at org.apache.derby.impl.sql.execute.AlterTableConstantAction.dropColumnFromTable(Unknown So\r\n        at org.apache.derby.impl.sql.execute.AlterTableConstantAction.executeConstantActionBody(Unkn\r\n        at org.apache.derby.impl.sql.execute.AlterTableConstantAction.executeConstantAction(Unknown\r\n        at org.apache.derby.impl.sql.execute.MiscResultSet.open(Unknown Source)\r\n        at org.apache.derby.impl.sql.GenericPreparedStatement.executeStmt(Unknown Source)\r\n        at org.apache.derby.impl.sql.GenericPreparedStatement.execute(Unknown Source)\r\n        ... 103 more\r\n3) testDERBY5044_And_DERBY5120_DropColumn(org.apache.derbyTesting.functionTests.tests.upgradeTests.B\r\nQLSyntaxErrorException: 'C112' is not a column in table or VTI 'BKUP1_5044_5120'.\r\n        at java.lang.Throwable.<init>(Throwable.java:80)\r\n        at java.sql.SQLException.<init>(SQLException.java:153)\r\n        at java.sql.SQLException.<init>(SQLException.java:176)\r\n        at org.apache.derby.impl.jdbc.SQLExceptionFactory40.getSQLException(SQLExceptionFactory40.ja\r\n        at org.apache.derby.impl.jdbc.Util.generateCsSQLException(Util.java:256)\r\n        at org.apache.derby.impl.jdbc.TransactionResourceImpl.wrapInSQLException(TransactionResource\r\n        at org.apache.derby.impl.jdbc.TransactionResourceImpl.handleException(TransactionResourceImp\r\n        at org.apache.derby.impl.jdbc.EmbedConnection.handleException(EmbedConnection.java:2290)\r\n        at org.apache.derby.impl.jdbc.ConnectionChild.handleException(ConnectionChild.java:82)\r\n        at org.apache.derby.impl.jdbc.EmbedStatement.execute(EmbedStatement.java:619)\r\n        at org.apache.derby.impl.jdbc.EmbedStatement.executeUpdate(EmbedStatement.java:179)\r\n        at org.apache.derbyTesting.functionTests.tests.upgradeTests.BasicSetup.dropColumn_triggersql\r\n5120(BasicSetup.java:613)\r\n        at org.apache.derbyTesting.functionTests.tests.upgradeTests.BasicSetup.testDERBY5044_And_DER\r\nsicSetup.java:544)\r\n        at sun.reflect.NativeMethodAccessorImpl.invoke0(Native Method)\r\n        at sun.reflect.NativeMethodAccessorImpl.invoke(NativeMethodAccessorImpl.java:60)\r\n        at sun.reflect.DelegatingMethodAccessorImpl.invoke(DelegatingMethodAccessorImpl.java:37)\r\n        at org.apache.derbyTesting.junit.BaseTestCase.runBare(BaseTestCase.java:116)\r\n        at junit.extensions.TestDecorator.basicRun(TestDecorator.java:24)\r\n        at junit.extensions.TestSetup$1.protect(TestSetup.java:21)\r\n        at junit.extensions.TestSetup.run(TestSetup.java:18)\r\n        at junit.extensions.TestDecorator.basicRun(TestDecorator.java:24)\r\n        at junit.extensions.TestSetup$1.protect(TestSetup.java:21)\r\n        at junit.extensions.TestSetup.run(TestSetup.java:25)\r\n        at org.apache.derbyTesting.junit.BaseTestSetup.run(BaseTestSetup.java:51)\r\n        at junit.extensions.TestDecorator.basicRun(TestDecorator.java:24)\r\n        at junit.extensions.TestSetup$1.protect(TestSetup.java:21)\r\n        at junit.extensions.TestSetup.run(TestSetup.java:25)\r\n        at org.apache.derbyTesting.junit.BaseTestSetup.run(BaseTestSetup.java:51)\r\n        at junit.extensions.TestDecorator.basicRun(TestDecorator.java:24)\r\n        at junit.extensions.TestSetup$1.protect(TestSetup.java:21)\r\n        at junit.extensions.TestSetup.run(TestSetup.java:18)\r\n        at junit.extensions.TestDecorator.basicRun(TestDecorator.java:24)\r\n        at junit.extensions.TestSetup$1.protect(TestSetup.java:21)\r\n        at junit.extensions.TestSetup.run(TestSetup.java:25)\r\n        at org.apache.derbyTesting.junit.BaseTestSetup.run(BaseTestSetup.java:51)\r\n        at junit.extensions.TestDecorator.basicRun(TestDecorator.java:24)\r\n        at junit.extensions.TestSetup$1.protect(TestSetup.java:21)\r\n        at junit.extensions.TestSetup.run(TestSetup.java:18)\r\n        at junit.extensions.TestDecorator.basicRun(TestDecorator.java:24)\r\n        at junit.extensions.TestSetup$1.protect(TestSetup.java:21)\r\n        at junit.extensions.TestSetup.run(TestSetup.java:25)\r\n        at org.apache.derbyTesting.junit.BaseTestSetup.run(BaseTestSetup.java:51)\r\n        at junit.extensions.TestDecorator.basicRun(TestDecorator.java:24)\r\n        at junit.extensions.TestSetup$1.protect(TestSetup.java:21)\r\n        at junit.extensions.TestSetup.run(TestSetup.java:18)\r\n        at junit.extensions.TestDecorator.basicRun(TestDecorator.java:24)\r\n        at junit.extensions.TestSetup$1.protect(TestSetup.java:21)\r\n        at junit.extensions.TestSetup.run(TestSetup.java:25)\r\n        at org.apache.derbyTesting.junit.BaseTestSetup.run(BaseTestSetup.java:51)\r\n        at junit.extensions.TestDecorator.basicRun(TestDecorator.java:24)\r\n        at junit.extensions.TestSetup$1.protect(TestSetup.java:21)\r\n        at junit.extensions.TestSetup.run(TestSetup.java:18)\r\n        at junit.extensions.TestDecorator.basicRun(TestDecorator.java:24)\r\n        at junit.extensions.TestSetup$1.protect(TestSetup.java:21)\r\n        at junit.extensions.TestSetup.run(TestSetup.java:25)\r\n        at org.apache.derbyTesting.junit.BaseTestSetup.run(BaseTestSetup.java:51)\r\n        at junit.extensions.TestDecorator.basicRun(TestDecorator.java:24)\r\n        at junit.extensions.TestSetup$1.protect(TestSetup.java:21)\r\n        at junit.extensions.TestSetup.run(TestSetup.java:18)\r\n        at junit.extensions.TestDecorator.basicRun(TestDecorator.java:24)\r\n        at junit.extensions.TestSetup$1.protect(TestSetup.java:21)\r\n        at junit.extensions.TestSetup.run(TestSetup.java:25)\r\n        at org.apache.derbyTesting.junit.BaseTestSetup.run(BaseTestSetup.java:51)\r\n        at junit.extensions.TestDecorator.basicRun(TestDecorator.java:24)\r\n        at junit.extensions.TestSetup$1.protect(TestSetup.java:21)\r\n        at junit.extensions.TestSetup.run(TestSetup.java:18)\r\n        at junit.extensions.TestDecorator.basicRun(TestDecorator.java:24)\r\n        at junit.extensions.TestSetup$1.protect(TestSetup.java:21)\r\n        at junit.extensions.TestSetup.run(TestSetup.java:18)\r\n        at junit.extensions.TestDecorator.basicRun(TestDecorator.java:24)\r\n        at junit.extensions.TestSetup$1.protect(TestSetup.java:21)\r\n        at junit.extensions.TestSetup.run(TestSetup.java:18)\r\nCaused by: java.sql.SQLException: 'C112' is not a column in table or VTI 'BKUP1_5044_5120'.\r\n        at org.apache.derby.impl.jdbc.SQLExceptionFactory.getSQLException(SQLExceptionFactory.java:4\r\n        at org.apache.derby.impl.jdbc.SQLExceptionFactory40.wrapArgsForTransportAcrossDRDA(SQLExcept\r\n2)\r\n        at org.apache.derby.impl.jdbc.SQLExceptionFactory40.getSQLException(SQLExceptionFactory40.ja\r\n        ... 108 more\r\nCaused by: ERROR 42X14: 'C112' is not a column in table or VTI 'BKUP1_5044_5120'.\r\n        at org.apache.derby.iapi.error.StandardException.newException(StandardException.java:295)\r\n        at org.apache.derby.impl.sql.compile.ModifyColumnNode.bindAndValidateDefault(ModifyColumnNod\r\n        at org.apache.derby.impl.sql.compile.TableElementList.validate(TableElementList.java:218)\r\n        at org.apache.derby.impl.sql.compile.AlterTableNode.bindStatement(AlterTableNode.java:376)\r\n        at org.apache.derby.impl.sql.GenericStatement.prepMinion(GenericStatement.java:373)\r\n        at org.apache.derby.impl.sql.GenericStatement.prepare(GenericStatement.java:97)\r\n        at org.apache.derby.impl.sql.conn.GenericLanguageConnectionContext.prepareInternalStatement(\r\nctionContext.java:1103)\r\n        at org.apache.derby.impl.jdbc.EmbedStatement.execute(EmbedStatement.java:610)\r\n        ... 102 more\r\n4) testDERBY5120NumRowsInSydependsForTrigger(org.apache.derbyTesting.functionTests.tests.upgradeTest\r\nl.SQLSyntaxErrorException: The number of values assigned is not the same as the number of specified\r\n        at org.apache.derby.impl.jdbc.SQLExceptionFactory40.getSQLException(Unknown Source)\r\n        at org.apache.derby.impl.jdbc.Util.generateCsSQLException(Unknown Source)\r\n        at org.apache.derby.impl.jdbc.TransactionResourceImpl.wrapInSQLException(Unknown Source)\r\n        at org.apache.derby.impl.jdbc.TransactionResourceImpl.handleException(Unknown Source)\r\n        at org.apache.derby.impl.jdbc.EmbedConnection.handleException(Unknown Source)\r\n        at org.apache.derby.impl.jdbc.ConnectionChild.handleException(Unknown Source)\r\n        at org.apache.derby.impl.jdbc.EmbedStatement.executeStatement(Unknown Source)\r\n        at org.apache.derby.impl.jdbc.EmbedStatement.execute(Unknown Source)\r\n        at org.apache.derby.impl.jdbc.EmbedStatement.execute(Unknown Source)\r\n        at org.apache.derbyTesting.functionTests.tests.upgradeTests.BasicSetup.testDERBY5120NumRowsI\r\n(BasicSetup.java:479)\r\n        at sun.reflect.NativeMethodAccessorImpl.invoke0(Native Method)\r\n        at sun.reflect.NativeMethodAccessorImpl.invoke(NativeMethodAccessorImpl.java:60)\r\n        at sun.reflect.DelegatingMethodAccessorImpl.invoke(DelegatingMethodAccessorImpl.java:37)\r\n        at org.apache.derbyTesting.junit.BaseTestCase.runBare(BaseTestCase.java:116)\r\n        at junit.extensions.TestDecorator.basicRun(TestDecorator.java:24)\r\n        at junit.extensions.TestSetup$1.protect(TestSetup.java:21)\r\n        at junit.extensions.TestSetup.run(TestSetup.java:18)\r\n        at junit.extensions.TestDecorator.basicRun(TestDecorator.java:24)\r\n        at junit.extensions.TestSetup$1.protect(TestSetup.java:21)\r\n        at junit.extensions.TestSetup.run(TestSetup.java:25)\r\n        at org.apache.derbyTesting.junit.BaseTestSetup.run(BaseTestSetup.java:51)\r\n        at junit.extensions.TestDecorator.basicRun(TestDecorator.java:24)\r\n        at junit.extensions.TestSetup$1.protect(TestSetup.java:21)\r\n        at junit.extensions.TestSetup.run(TestSetup.java:25)\r\n        at org.apache.derbyTesting.junit.BaseTestSetup.run(BaseTestSetup.java:51)\r\n        at junit.extensions.TestDecorator.basicRun(TestDecorator.java:24)\r\n        at junit.extensions.TestSetup$1.protect(TestSetup.java:21)\r\n        at junit.extensions.TestSetup.run(TestSetup.java:18)\r\n        at junit.extensions.TestDecorator.basicRun(TestDecorator.java:24)\r\n        at junit.extensions.TestSetup$1.protect(TestSetup.java:21)\r\n        at junit.extensions.TestSetup.run(TestSetup.java:25)\r\n        at org.apache.derbyTesting.junit.BaseTestSetup.run(BaseTestSetup.java:51)\r\n        at junit.extensions.TestDecorator.basicRun(TestDecorator.java:24)\r\n        at junit.extensions.TestSetup$1.protect(TestSetup.java:21)\r\n        at junit.extensions.TestSetup.run(TestSetup.java:18)\r\n        at junit.extensions.TestDecorator.basicRun(TestDecorator.java:24)\r\n        at junit.extensions.TestSetup$1.protect(TestSetup.java:21)\r\n        at junit.extensions.TestSetup.run(TestSetup.java:25)\r\n        at org.apache.derbyTesting.junit.BaseTestSetup.run(BaseTestSetup.java:51)\r\n        at junit.extensions.TestDecorator.basicRun(TestDecorator.java:24)\r\n        at junit.extensions.TestSetup$1.protect(TestSetup.java:21)\r\n        at junit.extensions.TestSetup.run(TestSetup.java:18)\r\n        at junit.extensions.TestDecorator.basicRun(TestDecorator.java:24)\r\n        at junit.extensions.TestSetup$1.protect(TestSetup.java:21)\r\n        at junit.extensions.TestSetup.run(TestSetup.java:25)\r\n        at org.apache.derbyTesting.junit.BaseTestSetup.run(BaseTestSetup.java:51)\r\n        at junit.extensions.TestDecorator.basicRun(TestDecorator.java:24)\r\n        at junit.extensions.TestSetup$1.protect(TestSetup.java:21)\r\n        at junit.extensions.TestSetup.run(TestSetup.java:18)\r\n        at junit.extensions.TestDecorator.basicRun(TestDecorator.java:24)\r\n        at junit.extensions.TestSetup$1.protect(TestSetup.java:21)\r\n        at junit.extensions.TestSetup.run(TestSetup.java:25)\r\n        at org.apache.derbyTesting.junit.BaseTestSetup.run(BaseTestSetup.java:51)\r\n        at junit.extensions.TestDecorator.basicRun(TestDecorator.java:24)\r\n        at junit.extensions.TestSetup$1.protect(TestSetup.java:21)\r\n        at junit.extensions.TestSetup.run(TestSetup.java:18)\r\n        at junit.extensions.TestDecorator.basicRun(TestDecorator.java:24)\r\n        at junit.extensions.TestSetup$1.protect(TestSetup.java:21)\r\n        at junit.extensions.TestSetup.run(TestSetup.java:25)\r\n        at org.apache.derbyTesting.junit.BaseTestSetup.run(BaseTestSetup.java:51)\r\n        at junit.extensions.TestDecorator.basicRun(TestDecorator.java:24)\r\n        at junit.extensions.TestSetup$1.protect(TestSetup.java:21)\r\n        at junit.extensions.TestSetup.run(TestSetup.java:18)\r\n        at junit.extensions.TestDecorator.basicRun(TestDecorator.java:24)\r\n        at junit.extensions.TestSetup$1.protect(TestSetup.java:21)\r\n        at junit.extensions.TestSetup.run(TestSetup.java:18)\r\n        at junit.extensions.TestDecorator.basicRun(TestDecorator.java:24)\r\n        at junit.extensions.TestSetup$1.protect(TestSetup.java:21)\r\n        at junit.extensions.TestSetup.run(TestSetup.java:18)\r\nCaused by: java.sql.SQLException: The number of values assigned is not the same as the number of spe\r\nlumns.\r\n        at org.apache.derby.impl.jdbc.SQLExceptionFactory.getSQLException(Unknown Source)\r\n        at org.apache.derby.impl.jdbc.SQLExceptionFactory40.wrapArgsForTransportAcrossDRDA(Unknown S\r\n        ... 109 more\r\nCaused by: ERROR 42802: The number of values assigned is not the same as the number of specified or\r\n        at org.apache.derby.iapi.error.StandardException.newException(Unknown Source)\r\n        at org.apache.derby.impl.sql.compile.InsertNode.bindStatement(Unknown Source)\r\n        at org.apache.derby.impl.sql.GenericStatement.prepMinion(Unknown Source)\r\n        at org.apache.derby.impl.sql.GenericStatement.prepareStorable(Unknown Source)\r\n        at org.apache.derby.iapi.sql.dictionary.SPSDescriptor.compileStatement(Unknown Source)\r\n        at org.apache.derby.iapi.sql.dictionary.SPSDescriptor.prepareAndRelease(Unknown Source)\r\n        at org.apache.derby.iapi.sql.dictionary.SPSDescriptor.getPreparedStatement(Unknown Source)\r\n        at org.apache.derby.iapi.sql.dictionary.SPSDescriptor.getPreparedStatement(Unknown Source)\r\n        at org.apache.derby.impl.sql.execute.GenericTriggerExecutor.executeSPS(Unknown Source)\r\n        at org.apache.derby.impl.sql.execute.StatementTriggerExecutor.fireTrigger(Unknown Source)\r\n        at org.apache.derby.impl.sql.execute.TriggerEventActivator.notifyEvent(Unknown Source)\r\n        at org.apache.derby.impl.sql.execute.UpdateResultSet.fireAfterTriggers(Unknown Source)\r\n        at org.apache.derby.impl.sql.execute.UpdateResultSet.open(Unknown Source)\r\n        at org.apache.derby.impl.sql.GenericPreparedStatement.executeStmt(Unknown Source)\r\n        at org.apache.derby.impl.sql.GenericPreparedStatement.execute(Unknown Source)\r\n        ... 103 more\r\n5) testDERBY5044_And_DERBY5120_DropColumn(org.apache.derbyTesting.functionTests.tests.upgradeTests.B\r\nQLSyntaxErrorException: 'C112' is not a column in table or VTI 'BKUP1_5044_5120'.\r\n        at org.apache.derby.impl.jdbc.SQLExceptionFactory40.getSQLException(Unknown Source)\r\n        at org.apache.derby.impl.jdbc.Util.generateCsSQLException(Unknown Source)\r\n        at org.apache.derby.impl.jdbc.TransactionResourceImpl.wrapInSQLException(Unknown Source)\r\n        at org.apache.derby.impl.jdbc.TransactionResourceImpl.handleException(Unknown Source)\r\n        at org.apache.derby.impl.jdbc.EmbedConnection.handleException(Unknown Source)\r\n        at org.apache.derby.impl.jdbc.ConnectionChild.handleException(Unknown Source)\r\n        at org.apache.derby.impl.jdbc.EmbedStatement.execute(Unknown Source)\r\n        at org.apache.derby.impl.jdbc.EmbedStatement.executeUpdate(Unknown Source)\r\n        at org.apache.derbyTesting.functionTests.tests.upgradeTests.BasicSetup.dropColumn_triggersql\r\n5120(BasicSetup.java:592)\r\n        at org.apache.derbyTesting.functionTests.tests.upgradeTests.BasicSetup.testDERBY5044_And_DER\r\nsicSetup.java:544)\r\n        at sun.reflect.NativeMethodAccessorImpl.invoke0(Native Method)\r\n        at sun.reflect.NativeMethodAccessorImpl.invoke(NativeMethodAccessorImpl.java:60)\r\n        at sun.reflect.DelegatingMethodAccessorImpl.invoke(DelegatingMethodAccessorImpl.java:37)\r\n        at org.apache.derbyTesting.junit.BaseTestCase.runBare(BaseTestCase.java:116)\r\n        at junit.extensions.TestDecorator.basicRun(TestDecorator.java:24)\r\n        at junit.extensions.TestSetup$1.protect(TestSetup.java:21)\r\n        at junit.extensions.TestSetup.run(TestSetup.java:18)\r\n        at junit.extensions.TestDecorator.basicRun(TestDecorator.java:24)\r\n        at junit.extensions.TestSetup$1.protect(TestSetup.java:21)\r\n        at junit.extensions.TestSetup.run(TestSetup.java:25)\r\n        at org.apache.derbyTesting.junit.BaseTestSetup.run(BaseTestSetup.java:51)\r\n        at junit.extensions.TestDecorator.basicRun(TestDecorator.java:24)\r\n        at junit.extensions.TestSetup$1.protect(TestSetup.java:21)\r\n        at junit.extensions.TestSetup.run(TestSetup.java:25)\r\n        at org.apache.derbyTesting.junit.BaseTestSetup.run(BaseTestSetup.java:51)\r\n        at junit.extensions.TestDecorator.basicRun(TestDecorator.java:24)\r\n        at junit.extensions.TestSetup$1.protect(TestSetup.java:21)\r\n        at junit.extensions.TestSetup.run(TestSetup.java:18)\r\n        at junit.extensions.TestDecorator.basicRun(TestDecorator.java:24)\r\n        at junit.extensions.TestSetup$1.protect(TestSetup.java:21)\r\n        at junit.extensions.TestSetup.run(TestSetup.java:25)\r\n        at org.apache.derbyTesting.junit.BaseTestSetup.run(BaseTestSetup.java:51)\r\n        at junit.extensions.TestDecorator.basicRun(TestDecorator.java:24)\r\n        at junit.extensions.TestSetup$1.protect(TestSetup.java:21)\r\n        at junit.extensions.TestSetup.run(TestSetup.java:18)\r\n        at junit.extensions.TestDecorator.basicRun(TestDecorator.java:24)\r\n        at junit.extensions.TestSetup$1.protect(TestSetup.java:21)\r\n        at junit.extensions.TestSetup.run(TestSetup.java:25)\r\n        at org.apache.derbyTesting.junit.BaseTestSetup.run(BaseTestSetup.java:51)\r\n        at junit.extensions.TestDecorator.basicRun(TestDecorator.java:24)\r\n        at junit.extensions.TestSetup$1.protect(TestSetup.java:21)\r\n        at junit.extensions.TestSetup.run(TestSetup.java:18)\r\n        at junit.extensions.TestDecorator.basicRun(TestDecorator.java:24)\r\n        at junit.extensions.TestSetup$1.protect(TestSetup.java:21)\r\n        at junit.extensions.TestSetup.run(TestSetup.java:25)\r\n        at org.apache.derbyTesting.junit.BaseTestSetup.run(BaseTestSetup.java:51)\r\n        at junit.extensions.TestDecorator.basicRun(TestDecorator.java:24)\r\n        at junit.extensions.TestSetup$1.protect(TestSetup.java:21)\r\n        at junit.extensions.TestSetup.run(TestSetup.java:18)\r\n        at junit.extensions.TestDecorator.basicRun(TestDecorator.java:24)\r\n        at junit.extensions.TestSetup$1.protect(TestSetup.java:21)\r\n        at junit.extensions.TestSetup.run(TestSetup.java:25)\r\n        at org.apache.derbyTesting.junit.BaseTestSetup.run(BaseTestSetup.java:51)\r\n        at junit.extensions.TestDecorator.basicRun(TestDecorator.java:24)\r\n        at junit.extensions.TestSetup$1.protect(TestSetup.java:21)\r\n        at junit.extensions.TestSetup.run(TestSetup.java:18)\r\n        at junit.extensions.TestDecorator.basicRun(TestDecorator.java:24)\r\n        at junit.extensions.TestSetup$1.protect(TestSetup.java:21)\r\n        at junit.extensions.TestSetup.run(TestSetup.java:25)\r\n        at org.apache.derbyTesting.junit.BaseTestSetup.run(BaseTestSetup.java:51)\r\n        at junit.extensions.TestDecorator.basicRun(TestDecorator.java:24)\r\n        at junit.extensions.TestSetup$1.protect(TestSetup.java:21)\r\n        at junit.extensions.TestSetup.run(TestSetup.java:18)\r\n        at junit.extensions.TestDecorator.basicRun(TestDecorator.java:24)\r\n        at junit.extensions.TestSetup$1.protect(TestSetup.java:21)\r\n        at junit.extensions.TestSetup.run(TestSetup.java:18)\r\n        at junit.extensions.TestDecorator.basicRun(TestDecorator.java:24)\r\n        at junit.extensions.TestSetup$1.protect(TestSetup.java:21)\r\n        at junit.extensions.TestSetup.run(TestSetup.java:18)\r\nCaused by: java.sql.SQLException: 'C112' is not a column in table or VTI 'BKUP1_5044_5120'.\r\n        at org.apache.derby.impl.jdbc.SQLExceptionFactory.getSQLException(Unknown Source)\r\n        at org.apache.derby.impl.jdbc.SQLExceptionFactory40.wrapArgsForTransportAcrossDRDA(Unknown S\r\n        ... 109 more\r\nCaused by: ERROR 42X14: 'C112' is not a column in table or VTI 'BKUP1_5044_5120'.\r\n        at org.apache.derby.iapi.error.StandardException.newException(Unknown Source)\r\n        at org.apache.derby.impl.sql.compile.ModifyColumnNode.bindAndValidateDefault(Unknown Source)\r\n        at org.apache.derby.impl.sql.compile.TableElementList.validate(Unknown Source)\r\n        at org.apache.derby.impl.sql.compile.AlterTableNode.bindStatement(Unknown Source)\r\n        at org.apache.derby.impl.sql.GenericStatement.prepMinion(Unknown Source)\r\n        at org.apache.derby.impl.sql.GenericStatement.prepare(Unknown Source)\r\n        at org.apache.derby.impl.sql.conn.GenericLanguageConnectionContext.prepareInternalStatement(\r\n        ... 103 more\r\n6) testDERBY5044AlterTableDropColumn(org.apache.derbyTesting.functionTests.tests.upgradeTests.BasicS\r\neption: Operation 'DROP COLUMN' cannot be performed on object 'C22' because TRIGGER 'ATDC_13_TAB1_TR\r\nthat object.\r\n        at org.apache.derby.impl.jdbc.SQLExceptionFactory40.getSQLException(Unknown Source)\r\n        at org.apache.derby.impl.jdbc.Util.generateCsSQLException(Unknown Source)\r\n        at org.apache.derby.impl.jdbc.TransactionResourceImpl.wrapInSQLException(Unknown Source)\r\n        at org.apache.derby.impl.jdbc.TransactionResourceImpl.handleException(Unknown Source)\r\n        at org.apache.derby.impl.jdbc.EmbedConnection.handleException(Unknown Source)\r\n        at org.apache.derby.impl.jdbc.ConnectionChild.handleException(Unknown Source)\r\n        at org.apache.derby.impl.jdbc.EmbedStatement.executeStatement(Unknown Source)\r\n        at org.apache.derby.impl.jdbc.EmbedStatement.execute(Unknown Source)\r\n        at org.apache.derby.impl.jdbc.EmbedStatement.executeUpdate(Unknown Source)\r\n        at org.apache.derbyTesting.functionTests.tests.upgradeTests.BasicSetup.testDERBY5044AlterTab\r\ntup.java:733)\r\n        at sun.reflect.NativeMethodAccessorImpl.invoke0(Native Method)\r\n        at sun.reflect.NativeMethodAccessorImpl.invoke(NativeMethodAccessorImpl.java:60)\r\n        at sun.reflect.DelegatingMethodAccessorImpl.invoke(DelegatingMethodAccessorImpl.java:37)\r\n        at org.apache.derbyTesting.junit.BaseTestCase.runBare(BaseTestCase.java:116)\r\n        at junit.extensions.TestDecorator.basicRun(TestDecorator.java:24)\r\n        at junit.extensions.TestSetup$1.protect(TestSetup.java:21)\r\n        at junit.extensions.TestSetup.run(TestSetup.java:18)\r\n        at junit.extensions.TestDecorator.basicRun(TestDecorator.java:24)\r\n        at junit.extensions.TestSetup$1.protect(TestSetup.java:21)\r\n        at junit.extensions.TestSetup.run(TestSetup.java:25)\r\n        at org.apache.derbyTesting.junit.BaseTestSetup.run(BaseTestSetup.java:51)\r\n        at junit.extensions.TestDecorator.basicRun(TestDecorator.java:24)\r\n        at junit.extensions.TestSetup$1.protect(TestSetup.java:21)\r\n        at junit.extensions.TestSetup.run(TestSetup.java:25)\r\n        at org.apache.derbyTesting.junit.BaseTestSetup.run(BaseTestSetup.java:51)\r\n        at junit.extensions.TestDecorator.basicRun(TestDecorator.java:24)\r\n        at junit.extensions.TestSetup$1.protect(TestSetup.java:21)\r\n        at junit.extensions.TestSetup.run(TestSetup.java:18)\r\n        at junit.extensions.TestDecorator.basicRun(TestDecorator.java:24)\r\n        at junit.extensions.TestSetup$1.protect(TestSetup.java:21)\r\n        at junit.extensions.TestSetup.run(TestSetup.java:25)\r\n        at org.apache.derbyTesting.junit.BaseTestSetup.run(BaseTestSetup.java:51)\r\n        at junit.extensions.TestDecorator.basicRun(TestDecorator.java:24)\r\n        at junit.extensions.TestSetup$1.protect(TestSetup.java:21)\r\n        at junit.extensions.TestSetup.run(TestSetup.java:18)\r\n        at junit.extensions.TestDecorator.basicRun(TestDecorator.java:24)\r\n        at junit.extensions.TestSetup$1.protect(TestSetup.java:21)\r\n        at junit.extensions.TestSetup.run(TestSetup.java:25)\r\n        at org.apache.derbyTesting.junit.BaseTestSetup.run(BaseTestSetup.java:51)\r\n        at junit.extensions.TestDecorator.basicRun(TestDecorator.java:24)\r\n        at junit.extensions.TestSetup$1.protect(TestSetup.java:21)\r\n        at junit.extensions.TestSetup.run(TestSetup.java:18)\r\n        at junit.extensions.TestDecorator.basicRun(TestDecorator.java:24)\r\n        at junit.extensions.TestSetup$1.protect(TestSetup.java:21)\r\n        at junit.extensions.TestSetup.run(TestSetup.java:25)\r\n        at org.apache.derbyTesting.junit.BaseTestSetup.run(BaseTestSetup.java:51)\r\n        at junit.extensions.TestDecorator.basicRun(TestDecorator.java:24)\r\n        at junit.extensions.TestSetup$1.protect(TestSetup.java:21)\r\n        at junit.extensions.TestSetup.run(TestSetup.java:18)\r\n        at junit.extensions.TestDecorator.basicRun(TestDecorator.java:24)\r\n        at junit.extensions.TestSetup$1.protect(TestSetup.java:21)\r\n        at junit.extensions.TestSetup.run(TestSetup.java:25)\r\n        at org.apache.derbyTesting.junit.BaseTestSetup.run(BaseTestSetup.java:51)\r\n        at junit.extensions.TestDecorator.basicRun(TestDecorator.java:24)\r\n        at junit.extensions.TestSetup$1.protect(TestSetup.java:21)\r\n        at junit.extensions.TestSetup.run(TestSetup.java:18)\r\n        at junit.extensions.TestDecorator.basicRun(TestDecorator.java:24)\r\n        at junit.extensions.TestSetup$1.protect(TestSetup.java:21)\r\n        at junit.extensions.TestSetup.run(TestSetup.java:25)\r\n        at org.apache.derbyTesting.junit.BaseTestSetup.run(BaseTestSetup.java:51)\r\n        at junit.extensions.TestDecorator.basicRun(TestDecorator.java:24)\r\n        at junit.extensions.TestSetup$1.protect(TestSetup.java:21)\r\n        at junit.extensions.TestSetup.run(TestSetup.java:18)\r\n        at junit.extensions.TestDecorator.basicRun(TestDecorator.java:24)\r\n        at junit.extensions.TestSetup$1.protect(TestSetup.java:21)\r\n        at junit.extensions.TestSetup.run(TestSetup.java:18)\r\n        at junit.extensions.TestDecorator.basicRun(TestDecorator.java:24)\r\n        at junit.extensions.TestSetup$1.protect(TestSetup.java:21)\r\n        at junit.extensions.TestSetup.run(TestSetup.java:18)\r\nCaused by: java.sql.SQLException: Operation 'DROP COLUMN' cannot be performed on object 'C22' becaus\r\nAB1_TRG2' is dependent on that object.\r\n        at org.apache.derby.impl.jdbc.SQLExceptionFactory.getSQLException(Unknown Source)\r\n        at org.apache.derby.impl.jdbc.SQLExceptionFactory40.wrapArgsForTransportAcrossDRDA(Unknown S\r\n        ... 109 more\r\nCaused by: ERROR X0Y25: Operation 'DROP COLUMN' cannot be performed on object 'C22' because TRIGGER\r\nis dependent on that object.\r\n        at org.apache.derby.iapi.error.StandardException.newException(Unknown Source)\r\n        at org.apache.derby.impl.sql.execute.AlterTableConstantAction.columnDroppedAndTriggerDepende\r\n)\r\n        at org.apache.derby.impl.sql.execute.AlterTableConstantAction.dropColumnFromTable(Unknown So\r\n        at org.apache.derby.impl.sql.execute.AlterTableConstantAction.executeConstantActionBody(Unkn\r\n        at org.apache.derby.impl.sql.execute.AlterTableConstantAction.executeConstantAction(Unknown\r\n        at org.apache.derby.impl.sql.execute.MiscResultSet.open(Unknown Source)\r\n        at org.apache.derby.impl.sql.GenericPreparedStatement.executeStmt(Unknown Source)\r\n        at org.apache.derby.impl.sql.GenericPreparedStatement.execute(Unknown Source)\r\n        ... 103 more\r\n7) testDERBY5044_And_DERBY5120_DropColumn(org.apache.derbyTesting.functionTests.tests.upgradeTests.B\r\nQLSyntaxErrorException: 'C112' is not a column in table or VTI 'BKUP1_5044_5120'.\r\n        at java.lang.Throwable.<init>(Throwable.java:80)\r\n        at java.sql.SQLException.<init>(SQLException.java:153)\r\n        at java.sql.SQLException.<init>(SQLException.java:176)\r\n        at org.apache.derby.impl.jdbc.SQLExceptionFactory40.getSQLException(SQLExceptionFactory40.ja\r\n        at org.apache.derby.impl.jdbc.Util.generateCsSQLException(Util.java:256)\r\n        at org.apache.derby.impl.jdbc.TransactionResourceImpl.wrapInSQLException(TransactionResource\r\n        at org.apache.derby.impl.jdbc.TransactionResourceImpl.handleException(TransactionResourceImp\r\n        at org.apache.derby.impl.jdbc.EmbedConnection.handleException(EmbedConnection.java:2290)\r\n        at org.apache.derby.impl.jdbc.ConnectionChild.handleException(ConnectionChild.java:82)\r\n        at org.apache.derby.impl.jdbc.EmbedStatement.execute(EmbedStatement.java:619)\r\n        at org.apache.derby.impl.jdbc.EmbedStatement.executeUpdate(EmbedStatement.java:179)\r\n        at org.apache.derbyTesting.functionTests.tests.upgradeTests.BasicSetup.dropColumn_triggersql\r\n5120(BasicSetup.java:613)\r\n        at org.apache.derbyTesting.functionTests.tests.upgradeTests.BasicSetup.testDERBY5044_And_DER\r\nsicSetup.java:544)\r\n        at sun.reflect.NativeMethodAccessorImpl.invoke0(Native Method)\r\n        at sun.reflect.NativeMethodAccessorImpl.invoke(NativeMethodAccessorImpl.java:60)\r\n        at sun.reflect.DelegatingMethodAccessorImpl.invoke(DelegatingMethodAccessorImpl.java:37)\r\n        at org.apache.derbyTesting.junit.BaseTestCase.runBare(BaseTestCase.java:116)\r\n        at junit.extensions.TestDecorator.basicRun(TestDecorator.java:24)\r\n        at junit.extensions.TestSetup$1.protect(TestSetup.java:21)\r\n        at junit.extensions.TestSetup.run(TestSetup.java:18)\r\n        at junit.extensions.TestDecorator.basicRun(TestDecorator.java:24)\r\n        at junit.extensions.TestSetup$1.protect(TestSetup.java:21)\r\n        at junit.extensions.TestSetup.run(TestSetup.java:25)\r\n        at org.apache.derbyTesting.junit.BaseTestSetup.run(BaseTestSetup.java:51)\r\n        at junit.extensions.TestDecorator.basicRun(TestDecorator.java:24)\r\n        at junit.extensions.TestSetup$1.protect(TestSetup.java:21)\r\n        at junit.extensions.TestSetup.run(TestSetup.java:25)\r\n        at org.apache.derbyTesting.junit.BaseTestSetup.run(BaseTestSetup.java:51)\r\n        at junit.extensions.TestDecorator.basicRun(TestDecorator.java:24)\r\n        at junit.extensions.TestSetup$1.protect(TestSetup.java:21)\r\n        at junit.extensions.TestSetup.run(TestSetup.java:18)\r\n        at junit.extensions.TestDecorator.basicRun(TestDecorator.java:24)\r\n        at junit.extensions.TestSetup$1.protect(TestSetup.java:21)\r\n        at junit.extensions.TestSetup.run(TestSetup.java:25)\r\n        at org.apache.derbyTesting.junit.BaseTestSetup.run(BaseTestSetup.java:51)\r\n        at junit.extensions.TestDecorator.basicRun(TestDecorator.java:24)\r\n        at junit.extensions.TestSetup$1.protect(TestSetup.java:21)\r\n        at junit.extensions.TestSetup.run(TestSetup.java:18)\r\n        at junit.extensions.TestDecorator.basicRun(TestDecorator.java:24)\r\n        at junit.extensions.TestSetup$1.protect(TestSetup.java:21)\r\n        at junit.extensions.TestSetup.run(TestSetup.java:25)\r\n        at org.apache.derbyTesting.junit.BaseTestSetup.run(BaseTestSetup.java:51)\r\n        at junit.extensions.TestDecorator.basicRun(TestDecorator.java:24)\r\n        at junit.extensions.TestSetup$1.protect(TestSetup.java:21)\r\n        at junit.extensions.TestSetup.run(TestSetup.java:18)\r\n        at junit.extensions.TestDecorator.basicRun(TestDecorator.java:24)\r\n        at junit.extensions.TestSetup$1.protect(TestSetup.java:21)\r\n        at junit.extensions.TestSetup.run(TestSetup.java:25)\r\n        at org.apache.derbyTesting.junit.BaseTestSetup.run(BaseTestSetup.java:51)\r\n        at junit.extensions.TestDecorator.basicRun(TestDecorator.java:24)\r\n        at junit.extensions.TestSetup$1.protect(TestSetup.java:21)\r\n        at junit.extensions.TestSetup.run(TestSetup.java:18)\r\n        at junit.extensions.TestDecorator.basicRun(TestDecorator.java:24)\r\n        at junit.extensions.TestSetup$1.protect(TestSetup.java:21)\r\n        at junit.extensions.TestSetup.run(TestSetup.java:25)\r\n        at org.apache.derbyTesting.junit.BaseTestSetup.run(BaseTestSetup.java:51)\r\n        at junit.extensions.TestDecorator.basicRun(TestDecorator.java:24)\r\n        at junit.extensions.TestSetup$1.protect(TestSetup.java:21)\r\n        at junit.extensions.TestSetup.run(TestSetup.java:18)\r\n        at junit.extensions.TestDecorator.basicRun(TestDecorator.java:24)\r\n        at junit.extensions.TestSetup$1.protect(TestSetup.java:21)\r\n        at junit.extensions.TestSetup.run(TestSetup.java:25)\r\n        at org.apache.derbyTesting.junit.BaseTestSetup.run(BaseTestSetup.java:51)\r\n        at junit.extensions.TestDecorator.basicRun(TestDecorator.java:24)\r\n        at junit.extensions.TestSetup$1.protect(TestSetup.java:21)\r\n        at junit.extensions.TestSetup.run(TestSetup.java:18)\r\n        at junit.extensions.TestDecorator.basicRun(TestDecorator.java:24)\r\n        at junit.extensions.TestSetup$1.protect(TestSetup.java:21)\r\n        at junit.extensions.TestSetup.run(TestSetup.java:18)\r\n        at junit.extensions.TestDecorator.basicRun(TestDecorator.java:24)\r\n        at junit.extensions.TestSetup$1.protect(TestSetup.java:21)\r\n        at junit.extensions.TestSetup.run(TestSetup.java:18)\r\nCaused by: java.sql.SQLException: 'C112' is not a column in table or VTI 'BKUP1_5044_5120'.\r\n        at org.apache.derby.impl.jdbc.SQLExceptionFactory.getSQLException(SQLExceptionFactory.java:4\r\n        at org.apache.derby.impl.jdbc.SQLExceptionFactory40.wrapArgsForTransportAcrossDRDA(SQLExcept\r\n2)\r\n        at org.apache.derby.impl.jdbc.SQLExceptionFactory40.getSQLException(SQLExceptionFactory40.ja\r\n        ... 108 more\r\nCaused by: ERROR 42X14: 'C112' is not a column in table or VTI 'BKUP1_5044_5120'.\r\n        at org.apache.derby.iapi.error.StandardException.newException(StandardException.java:295)\r\n        at org.apache.derby.impl.sql.compile.ModifyColumnNode.bindAndValidateDefault(ModifyColumnNod\r\n        at org.apache.derby.impl.sql.compile.TableElementList.validate(TableElementList.java:218)\r\n        at org.apache.derby.impl.sql.compile.AlterTableNode.bindStatement(AlterTableNode.java:376)\r\n        at org.apache.derby.impl.sql.GenericStatement.prepMinion(GenericStatement.java:373)\r\n        at org.apache.derby.impl.sql.GenericStatement.prepare(GenericStatement.java:97)\r\n        at org.apache.derby.impl.sql.conn.GenericLanguageConnectionContext.prepareInternalStatement(\r\nctionContext.java:1103)\r\n        at org.apache.derby.impl.jdbc.EmbedStatement.execute(EmbedStatement.java:610)\r\n        ... 102 more\r\nThere were 2 failures:\r\n1) test_notBooted(org.apache.derbyTesting.functionTests.tests.jdbc4.Driver40UnbootedTest)junit.frame\r\nError: expected:<0> but was:<1>\r\n        at org.apache.derbyTesting.functionTests.tests.jdbc4.Driver40UnbootedTest.test_notBooted(Dri\r\nva:159)\r\n        at sun.reflect.NativeMethodAccessorImpl.invoke0(Native Method)\r\n        at sun.reflect.NativeMethodAccessorImpl.invoke(NativeMethodAccessorImpl.java:60)\r\n        at sun.reflect.DelegatingMethodAccessorImpl.invoke(DelegatingMethodAccessorImpl.java:37)\r\n        at org.apache.derbyTesting.junit.BaseTestCase.runBare(BaseTestCase.java:116)\r\n        at junit.extensions.TestDecorator.basicRun(TestDecorator.java:24)\r\n        at junit.extensions.TestSetup$1.protect(TestSetup.java:21)\r\n        at junit.extensions.TestSetup.run(TestSetup.java:18)\r\n2) testDERBY5044_And_DERBY5120_DropColumn(org.apache.derbyTesting.functionTests.tests.upgradeTests.B\r\nework.AssertionFailedError: Expected error(s) ' 42802' but no error was thrown.\r\n        at org.apache.derbyTesting.junit.BaseJDBCTestCase.assertStatementErrorMinion(BaseJDBCTestCas\r\n        at org.apache.derbyTesting.junit.BaseJDBCTestCase.assertStatementError(BaseJDBCTestCase.java\r\n        at org.apache.derbyTesting.junit.BaseJDBCTestCase.assertStatementError(BaseJDBCTestCase.java\r\n        at org.apache.derbyTesting.functionTests.tests.upgradeTests.BasicSetup.dropColumn_triggersql\r\n5120(BasicSetup.java:597)\r\n        at org.apache.derbyTesting.functionTests.tests.upgradeTests.BasicSetup.testDERBY5044_And_DER\r\nsicSetup.java:558)\r\n        at sun.reflect.NativeMethodAccessorImpl.invoke0(Native Method)\r\n        at sun.reflect.NativeMethodAccessorImpl.invoke(NativeMethodAccessorImpl.java:60)\r\n        at sun.reflect.DelegatingMethodAccessorImpl.invoke(DelegatingMethodAccessorImpl.java:37)\r\n        at org.apache.derbyTesting.junit.BaseTestCase.runBare(BaseTestCase.java:116)\r\n        at junit.extensions.TestDecorator.basicRun(TestDecorator.java:24)\r\n        at junit.extensions.TestSetup$1.protect(TestSetup.java:21)\r\n        at junit.extensions.TestSetup.run(TestSetup.java:18)\r\n        at junit.extensions.TestDecorator.basicRun(TestDecorator.java:24)\r\n        at junit.extensions.TestSetup$1.protect(TestSetup.java:21)\r\n        at junit.extensions.TestSetup.run(TestSetup.java:25)\r\n        at org.apache.derbyTesting.junit.BaseTestSetup.run(BaseTestSetup.java:51)\r\n        at junit.extensions.TestDecorator.basicRun(TestDecorator.java:24)\r\n        at junit.extensions.TestSetup$1.protect(TestSetup.java:21)\r\n        at junit.extensions.TestSetup.run(TestSetup.java:25)\r\n        at org.apache.derbyTesting.junit.BaseTestSetup.run(BaseTestSetup.java:51)\r\n        at junit.extensions.TestDecorator.basicRun(TestDecorator.java:24)\r\n        at junit.extensions.TestSetup$1.protect(TestSetup.java:21)\r\n        at junit.extensions.TestSetup.run(TestSetup.java:18)\r\n        at junit.extensions.TestDecorator.basicRun(TestDecorator.java:24)\r\n        at junit.extensions.TestSetup$1.protect(TestSetup.java:21)\r\n        at junit.extensions.TestSetup.run(TestSetup.java:25)\r\n        at org.apache.derbyTesting.junit.BaseTestSetup.run(BaseTestSetup.java:51)\r\n        at junit.extensions.TestDecorator.basicRun(TestDecorator.java:24)\r\n        at junit.extensions.TestSetup$1.protect(TestSetup.java:21)\r\n        at junit.extensions.TestSetup.run(TestSetup.java:18)\r\n        at junit.extensions.TestDecorator.basicRun(TestDecorator.java:24)\r\n        at junit.extensions.TestSetup$1.protect(TestSetup.java:21)\r\n        at junit.extensions.TestSetup.run(TestSetup.java:25)\r\n        at org.apache.derbyTesting.junit.BaseTestSetup.run(BaseTestSetup.java:51)\r\n        at junit.extensions.TestDecorator.basicRun(TestDecorator.java:24)\r\n        at junit.extensions.TestSetup$1.protect(TestSetup.java:21)\r\n        at junit.extensions.TestSetup.run(TestSetup.java:18)\r\n        at junit.extensions.TestDecorator.basicRun(TestDecorator.java:24)\r\n        at junit.extensions.TestSetup$1.protect(TestSetup.java:21)\r\n        at junit.extensions.TestSetup.run(TestSetup.java:25)\r\n        at org.apache.derbyTesting.junit.BaseTestSetup.run(BaseTestSetup.java:51)\r\n        at junit.extensions.TestDecorator.basicRun(TestDecorator.java:24)\r\n        at junit.extensions.TestSetup$1.protect(TestSetup.java:21)\r\n        at junit.extensions.TestSetup.run(TestSetup.java:18)\r\n        at junit.extensions.TestDecorator.basicRun(TestDecorator.java:24)\r\n        at junit.extensions.TestSetup$1.protect(TestSetup.java:21)\r\n        at junit.extensions.TestSetup.run(TestSetup.java:25)\r\n        at org.apache.derbyTesting.junit.BaseTestSetup.run(BaseTestSetup.java:51)\r\n        at junit.extensions.TestDecorator.basicRun(TestDecorator.java:24)\r\n        at junit.extensions.TestSetup$1.protect(TestSetup.java:21)\r\n        at junit.extensions.TestSetup.run(TestSetup.java:18)\r\n        at junit.extensions.TestDecorator.basicRun(TestDecorator.java:24)\r\n        at junit.extensions.TestSetup$1.protect(TestSetup.java:21)\r\n        at junit.extensions.TestSetup.run(TestSetup.java:25)\r\n        at org.apache.derbyTesting.junit.BaseTestSetup.run(BaseTestSetup.java:51)\r\n        at junit.extensions.TestDecorator.basicRun(TestDecorator.java:24)\r\n        at junit.extensions.TestSetup$1.protect(TestSetup.java:21)\r\n        at junit.extensions.TestSetup.run(TestSetup.java:18)\r\n        at junit.extensions.TestDecorator.basicRun(TestDecorator.java:24)\r\n        at junit.extensions.TestSetup$1.protect(TestSetup.java:21)\r\n        at junit.extensions.TestSetup.run(TestSetup.java:18)\r\n        at junit.extensions.TestDecorator.basicRun(TestDecorator.java:24)\r\n        at junit.extensions.TestSetup$1.protect(TestSetup.java:21)\r\n        at junit.extensions.TestSetup.run(TestSetup.java:18)\r\n\r\nFAILURES!!!\r\nTests run: 14497,  Failures: 2,  Errors: 7\r\n\r\n","updateAuthor":{"self":"https://issues.apache.org/jira/rest/api/2/user?username=kmarsden","name":"kmarsden","emailAddress":"kmarsdenderby at sbcglobal dot net","avatarUrls":{"48x48":"https://issues.apache.org/jira/secure/useravatar?avatarId=10452","24x24":"https://issues.apache.org/jira/secure/useravatar?size=small&avatarId=10452","16x16":"https://issues.apache.org/jira/secure/useravatar?size=xsmall&avatarId=10452","32x32":"https://issues.apache.org/jira/secure/useravatar?size=medium&avatarId=10452"},"displayName":"Kathey Marsden","active":true},"created":"2011-11-11T20:43:00.773+0000","updated":"2011-11-11T20:43:00.773+0000"},{"self":"https://issues.apache.org/jira/rest/api/2/issue/12518545/comment/13149176","id":"13149176","author":{"self":"https://issues.apache.org/jira/rest/api/2/user?username=kmarsden","name":"kmarsden","emailAddress":"kmarsdenderby at sbcglobal dot net","avatarUrls":{"48x48":"https://issues.apache.org/jira/secure/useravatar?avatarId=10452","24x24":"https://issues.apache.org/jira/secure/useravatar?size=small&avatarId=10452","16x16":"https://issues.apache.org/jira/secure/useravatar?size=xsmall&avatarId=10452","32x32":"https://issues.apache.org/jira/secure/useravatar?size=medium&avatarId=10452"},"displayName":"Kathey Marsden","active":true},"body":"I neglected to mention.  I saw this on trunk 10.9.0.0 alpha - (1198002) with clean trunk and 10.9.0.0 alpha - (1200994M) with a few local unrelated changes. ","updateAuthor":{"self":"https://issues.apache.org/jira/rest/api/2/user?username=kmarsden","name":"kmarsden","emailAddress":"kmarsdenderby at sbcglobal dot net","avatarUrls":{"48x48":"https://issues.apache.org/jira/secure/useravatar?avatarId=10452","24x24":"https://issues.apache.org/jira/secure/useravatar?size=small&avatarId=10452","16x16":"https://issues.apache.org/jira/secure/useravatar?size=xsmall&avatarId=10452","32x32":"https://issues.apache.org/jira/secure/useravatar?size=medium&avatarId=10452"},"displayName":"Kathey Marsden","active":true},"created":"2011-11-12T22:45:52.135+0000","updated":"2011-11-12T22:45:52.135+0000"},{"self":"https://issues.apache.org/jira/rest/api/2/issue/12518545/comment/13150060","id":"13150060","author":{"self":"https://issues.apache.org/jira/rest/api/2/user?username=mamtas","name":"mamtas","emailAddress":"msatoor at gmail dot com","avatarUrls":{"48x48":"https://issues.apache.org/jira/secure/useravatar?avatarId=10452","24x24":"https://issues.apache.org/jira/secure/useravatar?size=small&avatarId=10452","16x16":"https://issues.apache.org/jira/secure/useravatar?size=xsmall&avatarId=10452","32x32":"https://issues.apache.org/jira/secure/useravatar?size=medium&avatarId=10452"},"displayName":"Mamta A. Satoor","active":true},"body":"I am looking at this to see what the cause might be.","updateAuthor":{"self":"https://issues.apache.org/jira/rest/api/2/user?username=mamtas","name":"mamtas","emailAddress":"msatoor at gmail dot com","avatarUrls":{"48x48":"https://issues.apache.org/jira/secure/useravatar?avatarId=10452","24x24":"https://issues.apache.org/jira/secure/useravatar?size=small&avatarId=10452","16x16":"https://issues.apache.org/jira/secure/useravatar?size=xsmall&avatarId=10452","32x32":"https://issues.apache.org/jira/secure/useravatar?size=medium&avatarId=10452"},"displayName":"Mamta A. Satoor","active":true},"created":"2011-11-14T23:10:40.981+0000","updated":"2011-11-14T23:10:40.981+0000"},{"self":"https://issues.apache.org/jira/rest/api/2/issue/12518545/comment/13150756","id":"13150756","author":{"self":"https://issues.apache.org/jira/rest/api/2/user?username=mamtas","name":"mamtas","emailAddress":"msatoor at gmail dot com","avatarUrls":{"48x48":"https://issues.apache.org/jira/secure/useravatar?avatarId=10452","24x24":"https://issues.apache.org/jira/secure/useravatar?size=small&avatarId=10452","16x16":"https://issues.apache.org/jira/secure/useravatar?size=xsmall&avatarId=10452","32x32":"https://issues.apache.org/jira/secure/useravatar?size=medium&avatarId=10452"},"displayName":"Mamta A. Satoor","active":true},"body":"After debugging this a little, I believe it is a test issue and not Derby engine code issue. I am able to reproduce it consistently on my trunk client with ibm jdk 1.6. I think I should have a fix for the errors I see by tomorrow evening.\r\n\r\nMyrna, I am not sure why it is not showing consistently on your runs. One reason could be that the newest 10.8 release jars are not one of the candidate jars being used for upgrade tests but then it won't explain why it shows at other times on your runs. Let's see what my proposed fix handles the errors and how it works on your upgrade test runs. I plan on fixing this hopefully by tomorrow.","updateAuthor":{"self":"https://issues.apache.org/jira/rest/api/2/user?username=mamtas","name":"mamtas","emailAddress":"msatoor at gmail dot com","avatarUrls":{"48x48":"https://issues.apache.org/jira/secure/useravatar?avatarId=10452","24x24":"https://issues.apache.org/jira/secure/useravatar?size=small&avatarId=10452","16x16":"https://issues.apache.org/jira/secure/useravatar?size=xsmall&avatarId=10452","32x32":"https://issues.apache.org/jira/secure/useravatar?size=medium&avatarId=10452"},"displayName":"Mamta A. Satoor","active":true},"created":"2011-11-15T20:47:06.351+0000","updated":"2011-11-15T20:47:06.351+0000"},{"self":"https://issues.apache.org/jira/rest/api/2/issue/12518545/comment/13150912","id":"13150912","author":{"self":"https://issues.apache.org/jira/rest/api/2/user?username=kmarsden","name":"kmarsden","emailAddress":"kmarsdenderby at sbcglobal dot net","avatarUrls":{"48x48":"https://issues.apache.org/jira/secure/useravatar?avatarId=10452","24x24":"https://issues.apache.org/jira/secure/useravatar?size=small&avatarId=10452","16x16":"https://issues.apache.org/jira/secure/useravatar?size=xsmall&avatarId=10452","32x32":"https://issues.apache.org/jira/secure/useravatar?size=medium&avatarId=10452"},"displayName":"Kathey Marsden","active":true},"body":"Thanks Mamta. I am looking forward to hearing what it is.   I was wondering do you also see the other errors  I reported in my 11/11/11 comment? Do they cascade from the test error you found?\r\n","updateAuthor":{"self":"https://issues.apache.org/jira/rest/api/2/user?username=kmarsden","name":"kmarsden","emailAddress":"kmarsdenderby at sbcglobal dot net","avatarUrls":{"48x48":"https://issues.apache.org/jira/secure/useravatar?avatarId=10452","24x24":"https://issues.apache.org/jira/secure/useravatar?size=small&avatarId=10452","16x16":"https://issues.apache.org/jira/secure/useravatar?size=xsmall&avatarId=10452","32x32":"https://issues.apache.org/jira/secure/useravatar?size=medium&avatarId=10452"},"displayName":"Kathey Marsden","active":true},"created":"2011-11-15T23:58:55.506+0000","updated":"2011-11-15T23:58:55.506+0000"},{"self":"https://issues.apache.org/jira/rest/api/2/issue/12518545/comment/13151296","id":"13151296","author":{"self":"https://issues.apache.org/jira/rest/api/2/user?username=mamtas","name":"mamtas","emailAddress":"msatoor at gmail dot com","avatarUrls":{"48x48":"https://issues.apache.org/jira/secure/useravatar?avatarId=10452","24x24":"https://issues.apache.org/jira/secure/useravatar?size=small&avatarId=10452","16x16":"https://issues.apache.org/jira/secure/useravatar?size=xsmall&avatarId=10452","32x32":"https://issues.apache.org/jira/secure/useravatar?size=medium&avatarId=10452"},"displayName":"Mamta A. Satoor","active":true},"body":"Hi Kathey, yes, I see all the errors you saw except test_notBooted(org.apache.derbyTesting.functionTests.tests.jdbc4.Driver40UnbootedTest)junit.frame \r\nError: expected:<0> but was:<1> \r\nI am running only the upgrade tests(not the whole junite suite) and probably test_notBooted is not even one of the tests that got run as part of upgrade suite. I am not sure about the cause of test_notBooted","updateAuthor":{"self":"https://issues.apache.org/jira/rest/api/2/user?username=mamtas","name":"mamtas","emailAddress":"msatoor at gmail dot com","avatarUrls":{"48x48":"https://issues.apache.org/jira/secure/useravatar?avatarId=10452","24x24":"https://issues.apache.org/jira/secure/useravatar?size=small&avatarId=10452","16x16":"https://issues.apache.org/jira/secure/useravatar?size=xsmall&avatarId=10452","32x32":"https://issues.apache.org/jira/secure/useravatar?size=medium&avatarId=10452"},"displayName":"Mamta A. Satoor","active":true},"created":"2011-11-16T16:20:28.416+0000","updated":"2011-11-16T16:20:28.416+0000"},{"self":"https://issues.apache.org/jira/rest/api/2/issue/12518545/comment/13152262","id":"13152262","author":{"self":"https://issues.apache.org/jira/rest/api/2/user?username=mamtas","name":"mamtas","emailAddress":"msatoor at gmail dot com","avatarUrls":{"48x48":"https://issues.apache.org/jira/secure/useravatar?avatarId=10452","24x24":"https://issues.apache.org/jira/secure/useravatar?size=small&avatarId=10452","16x16":"https://issues.apache.org/jira/secure/useravatar?size=xsmall&avatarId=10452","32x32":"https://issues.apache.org/jira/secure/useravatar?size=medium&avatarId=10452"},"displayName":"Mamta A. Satoor","active":true},"body":"I have checked in a fix for these test failures into trunk. The commit comments were as follows\r\n********\r\nDERBY-5379 testDERBY5120NumRowsInSydependsForTrigger - The number of values assigned is not the same as the number of specified or implied columns.\r\nDERBY-5484 Upgradetest fails with upgrade from 10.8.2.2 (7 errors, 1 failure) on trunk\r\n\r\nThe above 2 jiras are duplicates. The upgrade tests are failing when doing an upgrade from 10.8.2.2 to trunk.\r\n\r\nThe tests that are failing were written for DERBY-5120, DERBY-5044. Both these bugs got fixed in 10.8.2.2 and higher.\r\n\r\nThe purpose of these tests is to show that when the tests are done with a release with those fixes missing, we will see the incorrect behavior but once the database is upgraded to 10.8.2.2 and higher, the tests will start functioning correctly. The problem is that we do not recognize that if the database is created with 10.8.2.2, then we will not the problem behavior because 10.8.2.2 already has the required fixes in it for DERBY-5120 and DERBY-5044. I have fixed this by making the upgrade test understand that incorrect behavior would be seen only for releases under 10.8.2.2\r\n********\r\n\r\n\r\nThis can be backported to 10.8 codeline. Without the backport, if we ever want to test the upgrade from 10.8.2.2 to the next point release of 10.8/top of the 10.8 codeline, then I think we will see the same failures there as well.","updateAuthor":{"self":"https://issues.apache.org/jira/rest/api/2/user?username=mamtas","name":"mamtas","emailAddress":"msatoor at gmail dot com","avatarUrls":{"48x48":"https://issues.apache.org/jira/secure/useravatar?avatarId=10452","24x24":"https://issues.apache.org/jira/secure/useravatar?size=small&avatarId=10452","16x16":"https://issues.apache.org/jira/secure/useravatar?size=xsmall&avatarId=10452","32x32":"https://issues.apache.org/jira/secure/useravatar?size=medium&avatarId=10452"},"displayName":"Mamta A. Satoor","active":true},"created":"2011-11-17T19:28:25.545+0000","updated":"2011-11-17T19:28:25.545+0000"},{"self":"https://issues.apache.org/jira/rest/api/2/issue/12518545/comment/13398008","id":"13398008","author":{"self":"https://issues.apache.org/jira/rest/api/2/user?username=kmarsden","name":"kmarsden","emailAddress":"kmarsdenderby at sbcglobal dot net","avatarUrls":{"48x48":"https://issues.apache.org/jira/secure/useravatar?avatarId=10452","24x24":"https://issues.apache.org/jira/secure/useravatar?size=small&avatarId=10452","16x16":"https://issues.apache.org/jira/secure/useravatar?size=xsmall&avatarId=10452","32x32":"https://issues.apache.org/jira/secure/useravatar?size=medium&avatarId=10452"},"displayName":"Kathey Marsden","active":true},"body":"Mamta can this be resolved as fixed?\r\n","updateAuthor":{"self":"https://issues.apache.org/jira/rest/api/2/user?username=kmarsden","name":"kmarsden","emailAddress":"kmarsdenderby at sbcglobal dot net","avatarUrls":{"48x48":"https://issues.apache.org/jira/secure/useravatar?avatarId=10452","24x24":"https://issues.apache.org/jira/secure/useravatar?size=small&avatarId=10452","16x16":"https://issues.apache.org/jira/secure/useravatar?size=xsmall&avatarId=10452","32x32":"https://issues.apache.org/jira/secure/useravatar?size=medium&avatarId=10452"},"displayName":"Kathey Marsden","active":true},"created":"2012-06-20T23:51:57.331+0000","updated":"2012-06-20T23:51:57.331+0000"}]},"votes":{"self":"https://issues.apache.org/jira/rest/api/2/issue/DERBY-5379/votes","votes":0,"hasVoted":false},"worklog":{"startAt":0,"maxResults":20,"total":0,"worklogs":[]},"customfield_12311820":"0|i06grz:"}}