{"expand":"renderedFields,names,schema,transitions,operations,editmeta,changelog","id":"12685493","self":"https://issues.apache.org/jira/rest/api/latest/issue/12685493","key":"DERBY-6437","fields":{"issuetype":{"self":"https://issues.apache.org/jira/rest/api/2/issuetype/1","id":"1","description":"A problem which impairs or prevents the functions of the product.","iconUrl":"https://issues.apache.org/jira/images/icons/issuetypes/bug.png","name":"Bug","subtask":false},"timespent":null,"project":{"self":"https://issues.apache.org/jira/rest/api/2/project/10594","id":"10594","key":"DERBY","name":"Derby","avatarUrls":{"48x48":"https://issues.apache.org/jira/secure/projectavatar?pid=10594&avatarId=10122","24x24":"https://issues.apache.org/jira/secure/projectavatar?size=small&pid=10594&avatarId=10122","16x16":"https://issues.apache.org/jira/secure/projectavatar?size=xsmall&pid=10594&avatarId=10122","32x32":"https://issues.apache.org/jira/secure/projectavatar?size=medium&pid=10594&avatarId=10122"},"projectCategory":{"self":"https://issues.apache.org/jira/rest/api/2/projectCategory/10090","id":"10090","description":"DB related projects","name":"DB"}},"fixVersions":[{"self":"https://issues.apache.org/jira/rest/api/2/version/12324243","id":"12324243","description":"First release on the 10.11 branch","name":"10.11.1.1","archived":false,"released":true,"releaseDate":"2014-08-26"}],"aggregatetimespent":null,"resolution":{"self":"https://issues.apache.org/jira/rest/api/2/resolution/1","id":"1","description":"A fix for this issue is checked into the tree and tested.","name":"Fixed"},"customfield_12310220":"2014-01-08 19:36:14.031","customfield_12312322":null,"customfield_12312323":null,"customfield_12310420":"364570","customfield_12310222":"1_*:*_1_*:*_4291465149_*|*_5_*:*_1_*:*_0","customfield_12312320":null,"customfield_12312321":null,"customfield_12312120":null,"customfield_12312121":null,"resolutiondate":"2014-02-06T17:58:04.971+0000","workratio":-1,"customfield_12312328":null,"customfield_12312329":null,"customfield_12312326":null,"customfield_12310300":null,"customfield_12312327":null,"customfield_12312324":null,"customfield_12312325":null,"lastViewed":null,"watches":{"self":"https://issues.apache.org/jira/rest/api/2/issue/DERBY-6437/watchers","watchCount":4,"isWatching":false},"created":"2013-12-19T01:53:39.863+0000","priority":{"self":"https://issues.apache.org/jira/rest/api/2/priority/3","iconUrl":"https://issues.apache.org/jira/images/icons/priorities/major.png","name":"Major","id":"3"},"labels":[],"customfield_12312333":null,"customfield_12312334":null,"customfield_12310310":"1.0","customfield_12312331":null,"customfield_12312332":null,"timeestimate":null,"aggregatetimeoriginalestimate":null,"versions":[{"self":"https://issues.apache.org/jira/rest/api/2/version/12324243","id":"12324243","description":"First release on the 10.11 branch","name":"10.11.1.1","archived":false,"released":true,"releaseDate":"2014-08-26"}],"customfield_12311120":null,"customfield_12312330":null,"issuelinks":[{"id":"12380812","self":"https://issues.apache.org/jira/rest/api/2/issueLink/12380812","type":{"id":"10030","name":"Reference","inward":"is related to","outward":"relates to","self":"https://issues.apache.org/jira/rest/api/2/issueLinkType/10030"},"outwardIssue":{"id":"12536840","key":"DERBY-5563","self":"https://issues.apache.org/jira/rest/api/2/issue/12536840","fields":{"summary":"UniqueConstraintMultiThreadedTest fails intermittently to due to lock timeout","status":{"self":"https://issues.apache.org/jira/rest/api/2/status/6","description":"The issue is considered finished, the resolution is correct. Issues which are closed can be reopened.","iconUrl":"https://issues.apache.org/jira/images/icons/statuses/closed.png","name":"Closed","id":"6","statusCategory":{"self":"https://issues.apache.org/jira/rest/api/2/statuscategory/3","id":3,"key":"done","colorName":"green","name":"Complete"}},"priority":{"self":"https://issues.apache.org/jira/rest/api/2/priority/3","iconUrl":"https://issues.apache.org/jira/images/icons/priorities/major.png","name":"Major","id":"3"},"issuetype":{"self":"https://issues.apache.org/jira/rest/api/2/issuetype/4","id":"4","description":"An improvement or enhancement to an existing feature or task.","iconUrl":"https://issues.apache.org/jira/images/icons/issuetypes/improvement.png","name":"Improvement","subtask":false}}}},{"id":"12382546","self":"https://issues.apache.org/jira/rest/api/2/issueLink/12382546","type":{"id":"10030","name":"Reference","inward":"is related to","outward":"relates to","self":"https://issues.apache.org/jira/rest/api/2/issueLinkType/10030"},"inwardIssue":{"id":"12654832","key":"DERBY-6275","self":"https://issues.apache.org/jira/rest/api/2/issue/12654832","fields":{"summary":"address selective intermittent test failures before 10.10.2 release for 2-week clean goal.","status":{"self":"https://issues.apache.org/jira/rest/api/2/status/6","description":"The issue is considered finished, the resolution is correct. Issues which are closed can be reopened.","iconUrl":"https://issues.apache.org/jira/images/icons/statuses/closed.png","name":"Closed","id":"6","statusCategory":{"self":"https://issues.apache.org/jira/rest/api/2/statuscategory/3","id":3,"key":"done","colorName":"green","name":"Complete"}},"priority":{"self":"https://issues.apache.org/jira/rest/api/2/priority/3","iconUrl":"https://issues.apache.org/jira/images/icons/priorities/major.png","name":"Major","id":"3"},"issuetype":{"self":"https://issues.apache.org/jira/rest/api/2/issuetype/3","id":"3","description":"A task that needs to be done.","iconUrl":"https://issues.apache.org/jira/images/icons/issuetypes/task.png","name":"Task","subtask":false}}}}],"customfield_12312339":null,"assignee":{"self":"https://issues.apache.org/jira/rest/api/2/user?username=myrna","name":"myrna","emailAddress":"m dot v dot lunteren at gmail dot com","avatarUrls":{"48x48":"https://issues.apache.org/jira/secure/useravatar?avatarId=10452","24x24":"https://issues.apache.org/jira/secure/useravatar?size=small&avatarId=10452","16x16":"https://issues.apache.org/jira/secure/useravatar?size=xsmall&avatarId=10452","32x32":"https://issues.apache.org/jira/secure/useravatar?size=medium&avatarId=10452"},"displayName":"Myrna van Lunteren","active":true},"customfield_12312337":null,"customfield_12312338":null,"updated":"2015-01-21T00:23:31.858+0000","customfield_12312335":null,"customfield_12311720":null,"customfield_12312336":null,"status":{"self":"https://issues.apache.org/jira/rest/api/2/status/6","description":"The issue is considered finished, the resolution is correct. Issues which are closed can be reopened.","iconUrl":"https://issues.apache.org/jira/images/icons/statuses/closed.png","name":"Closed","id":"6","statusCategory":{"self":"https://issues.apache.org/jira/rest/api/2/statuscategory/3","id":3,"key":"done","colorName":"green","name":"Complete"}},"components":[{"self":"https://issues.apache.org/jira/rest/api/2/component/11413","id":"11413","name":"Test"}],"timeoriginalestimate":null,"description":"Following failure on junit test runs on trunk(revision 1551810) with IBM jdk 1.7. Didn't find it logged in jira so might be a new failure\r\ntestLockingWithRollback(org.apache.derbyTesting.functionTests.tests.lang.ConstraintCharacteristicsTest)junit.framework.AssertionFailedError: isolation levels: 4 2\r\n\r\n1) testLockingWithRollback(org.apache.derbyTesting.functionTests.tests.lang.ConstraintCharacteristicsTest)junit.framework.AssertionFailedError: isolation levels: 4 2\r\n\tat org.apache.derbyTesting.functionTests.tests.lang.ConstraintCharacteristicsTest.executeThreads(ConstraintCharacteristicsTest.java:1329)\r\n\tat org.apache.derbyTesting.functionTests.tests.lang.ConstraintCharacteristicsTest.testLockingWithRollback(ConstraintCharacteristicsTest.java:1276)\r\n\tat sun.reflect.NativeMethodAccessorImpl.invoke0(Native Method)\r\n\tat sun.reflect.NativeMethodAccessorImpl.invoke(NativeMethodAccessorImpl.java:88)\r\n\tat sun.reflect.DelegatingMethodAccessorImpl.invoke(DelegatingMethodAccessorImpl.java:55)\r\n\tat org.apache.derbyTesting.junit.BaseTestCase.runBare(BaseTestCase.java:118)\r\n\tat org.apache.derbyTesting.junit.BaseJDBCTestCase.runBareOverridable(BaseJDBCTestCase.java:440)\r\n\tat org.apache.derbyTesting.junit.BaseJDBCTestCase.runBare(BaseJDBCTestCase.java:457)\r\n\tat junit.extensions.TestDecorator.basicRun(TestDecorator.java:24)\r\n\tat junit.extensions.TestSetup$1.protect(TestSetup.java:21)\r\n\tat junit.extensions.TestSetup.run(TestSetup.java:25)\r\n\tat junit.extensions.TestDecorator.basicRun(TestDecorator.java:24)\r\n\tat junit.extensions.TestSetup$1.protect(TestSetup.java:21)\r\n\tat junit.extensions.TestSetup.run(TestSetup.java:25)\r\n\tat junit.extensions.TestDecorator.basicRun(TestDecorator.java:24)\r\n\tat junit.extensions.TestSetup$1.protect(TestSetup.java:21)\r\n\tat junit.extensions.TestSetup.run(TestSetup.java:25)\r\n\tat org.apache.derbyTesting.junit.BaseTestSetup.run(BaseTestSetup.java:57)\r\n\tat junit.extensions.TestDecorator.basicRun(TestDecorator.java:24)\r\n\tat junit.extensions.TestSetup$1.protect(TestSetup.java:21)\r\n\tat junit.extensions.TestSetup.run(TestSetup.java:25)","customfield_10010":null,"timetracking":{},"customfield_12312026":null,"customfield_12310200":null,"customfield_12312023":null,"customfield_12312024":null,"customfield_12312340":null,"aggregatetimeestimate":null,"customfield_12312022":null,"customfield_12312341":null,"customfield_12312220":null,"customfield_12310921":null,"customfield_12310920":"364870","summary":"ConstraintCharachteristicsTest testLockingWithRollback or testLockingWithCommit failing on trunk with AssertionFailedError - isolation levels ...","creator":{"self":"https://issues.apache.org/jira/rest/api/2/user?username=mamtas","name":"mamtas","emailAddress":"msatoor at gmail dot com","avatarUrls":{"48x48":"https://issues.apache.org/jira/secure/useravatar?avatarId=10452","24x24":"https://issues.apache.org/jira/secure/useravatar?size=small&avatarId=10452","16x16":"https://issues.apache.org/jira/secure/useravatar?size=xsmall&avatarId=10452","32x32":"https://issues.apache.org/jira/secure/useravatar?size=medium&avatarId=10452"},"displayName":"Mamta A. Satoor","active":true},"subtasks":[],"customfield_12310090":null,"reporter":{"self":"https://issues.apache.org/jira/rest/api/2/user?username=mamtas","name":"mamtas","emailAddress":"msatoor at gmail dot com","avatarUrls":{"48x48":"https://issues.apache.org/jira/secure/useravatar?avatarId=10452","24x24":"https://issues.apache.org/jira/secure/useravatar?size=small&avatarId=10452","16x16":"https://issues.apache.org/jira/secure/useravatar?size=xsmall&avatarId=10452","32x32":"https://issues.apache.org/jira/secure/useravatar?size=medium&avatarId=10452"},"displayName":"Mamta A. Satoor","active":true},"customfield_12310291":null,"customfield_12310290":null,"aggregateprogress":{"progress":0,"total":0},"environment":null,"customfield_12311020":null,"customfield_12310050":{"self":"https://issues.apache.org/jira/rest/api/2/customFieldOption/10052","value":"Normal","id":"10052"},"duedate":null,"customfield_12310250":null,"progress":{"progress":0,"total":0},"comment":{"startAt":0,"maxResults":14,"total":14,"comments":[{"self":"https://issues.apache.org/jira/rest/api/2/issue/12685493/comment/13865783","id":"13865783","author":{"self":"https://issues.apache.org/jira/rest/api/2/user?username=mikem","name":"mikem","emailAddress":"mikem_app at sbcglobal dot net","avatarUrls":{"48x48":"https://issues.apache.org/jira/secure/useravatar?avatarId=10452","24x24":"https://issues.apache.org/jira/secure/useravatar?size=small&avatarId=10452","16x16":"https://issues.apache.org/jira/secure/useravatar?size=xsmall&avatarId=10452","32x32":"https://issues.apache.org/jira/secure/useravatar?size=medium&avatarId=10452"},"displayName":"Mike Matrigali","active":true},"body":"failed ibm16, windows, trunk - intermittent error - passed day before and after on in same testing environment:\r\nhttp://people.apache.org/~myrnavl/derby_test_results/main/windows/testlog/ibm16/1553784-suites.All_diff.txt","updateAuthor":{"self":"https://issues.apache.org/jira/rest/api/2/user?username=mikem","name":"mikem","emailAddress":"mikem_app at sbcglobal dot net","avatarUrls":{"48x48":"https://issues.apache.org/jira/secure/useravatar?avatarId=10452","24x24":"https://issues.apache.org/jira/secure/useravatar?size=small&avatarId=10452","16x16":"https://issues.apache.org/jira/secure/useravatar?size=xsmall&avatarId=10452","32x32":"https://issues.apache.org/jira/secure/useravatar?size=medium&avatarId=10452"},"displayName":"Mike Matrigali","active":true},"created":"2014-01-08T19:36:14.031+0000","updated":"2014-01-08T19:36:14.031+0000"},{"self":"https://issues.apache.org/jira/rest/api/2/issue/12685493/comment/13865801","id":"13865801","author":{"self":"https://issues.apache.org/jira/rest/api/2/user?username=mikem","name":"mikem","emailAddress":"mikem_app at sbcglobal dot net","avatarUrls":{"48x48":"https://issues.apache.org/jira/secure/useravatar?avatarId=10452","24x24":"https://issues.apache.org/jira/secure/useravatar?size=small&avatarId=10452","16x16":"https://issues.apache.org/jira/secure/useravatar?size=xsmall&avatarId=10452","32x32":"https://issues.apache.org/jira/secure/useravatar?size=medium&avatarId=10452"},"displayName":"Mike Matrigali","active":true},"body":"failed around 12/16, ibm16, windows, trunk - again worked day after and day before in same environment. This seems like first instance in quite awhile, quick look it had not failed in this environment nightly testing back to at least\r\n10/27/13. In this run testLockingWithCommit also failed.\r\nhttp://people.apache.org/~myrnavl/derby_test_results/main/windows/testlog/ibm16/1551446-suites.All_diff.txt\r\nThere were 2 failures:\r\n1) testLockingWithCommit(org.apache.derbyTesting.functionTests.tests.lang.ConstraintCharacteristicsTest)junit.framework.ComparisonFailure: isolation levels: 8 8 expected:<[23505]> but was:<[40XL1]>\r\nat org.apache.derbyTesting.junit.BaseJDBCTestCase.assertSQLState(BaseJDBCTestCase.java:876)\r\nat org.apache.derbyTesting.functionTests.tests.lang.ConstraintCharacteristicsTest.executeThreads(ConstraintCharacteristicsTest.java:1324)\r\nat org.apache.derbyTesting.functionTests.tests.lang.ConstraintCharacteristicsTest.testLockingWithCommit(ConstraintCharacteristicsTest.java:1251)\r\nat sun.reflect.NativeMethodAccessorImpl.invoke0(Native Method)\r\nat sun.reflect.NativeMethodAccessorImpl.invoke(NativeMethodAccessorImpl.java:60)\r\nat sun.reflect.DelegatingMethodAccessorImpl.invoke(DelegatingMethodAccessorImpl.java:37)\r\nat org.apache.derbyTesting.junit.BaseTestCase.runBare(BaseTestCase.java:118)\r\nat org.apache.derbyTesting.junit.BaseJDBCTestCase.runBareOverridable(BaseJDBCTestCase.java:440)\r\nat org.apache.derbyTesting.junit.BaseJDBCTestCase.runBare(BaseJDBCTestCase.java:457)\r\nat junit.extensions.TestDecorator.basicRun(TestDecorator.java:24)\r\nat junit.extensions.TestSetup$1.protect(TestSetup.java:21)\r\nat junit.extensions.TestSetup.run(TestSetup.java:25)\r\nat junit.extensions.TestDecorator.basicRun(TestDecorator.java:24)\r\nat junit.extensions.TestSetup$1.protect(TestSetup.java:21)\r\nat junit.extensions.TestSetup.run(TestSetup.java:25)\r\nat junit.extensions.TestDecorator.basicRun(TestDecorator.java:24)\r\nat junit.extensions.TestSetup$1.protect(TestSetup.java:21)\r\nat junit.extensions.TestSetup.run(TestSetup.java:25)\r\nat org.apache.derbyTesting.junit.BaseTestSetup.run(BaseTestSetup.java:57)\r\nat junit.extensions.TestDecorator.basicRun(TestDecorator.java:24)\r\nat junit.extensions.TestSetup$1.protect(TestSetup.java:21)\r\nat junit.extensions.TestSetup.run(TestSetup.java:25)\r\nCaused by: java.sql.SQLTransactionRollbackException: A lock could not be obtained within the time requested\r\nat org.apache.derby.impl.jdbc.SQLExceptionFactory.getSQLException(Unknown Source)\r\nat org.apache.derby.impl.jdbc.Util.generateCsSQLException(Unknown Source)\r\nat org.apache.derby.impl.jdbc.TransactionResourceImpl.wrapInSQLException(Unknown Source)\r\nat org.apache.derby.impl.jdbc.TransactionResourceImpl.handleException(Unknown Source)\r\nat org.apache.derby.impl.jdbc.EmbedConnection.handleException(Unknown Source)\r\nat org.apache.derby.impl.jdbc.ConnectionChild.handleException(Unknown Source)\r\nat org.apache.derby.impl.jdbc.EmbedStatement.executeStatement(Unknown Source)\r\nat org.apache.derby.impl.jdbc.EmbedStatement.execute(Unknown Source)\r\nat org.apache.derby.impl.jdbc.EmbedStatement.executeLargeUpdate(Unknown Source)\r\nat org.apache.derby.impl.jdbc.EmbedStatement.executeUpdate(Unknown Source)\r\nat org.apache.derbyTesting.functionTests.tests.lang.DBOperations.insert(DBOperations.java:61)\r\nat org.apache.derbyTesting.functionTests.tests.lang.DBOperations.run(DBOperations.java:103)\r\nat java.lang.Thread.run(Thread.java:761)\r\nCaused by: java.sql.SQLException: A lock could not be obtained within the time requested\r\nat org.apache.derby.impl.jdbc.SQLExceptionFactory.wrapArgsForTransportAcrossDRDA(Unknown Source)\r\n... 13 more\r\nCaused by: ERROR 40XL1: A lock could not be obtained within the time requested\r\nat org.apache.derby.iapi.error.StandardException.newException(Unknown Source)\r\nat org.apache.derby.iapi.error.StandardException.newException(Unknown Source)\r\nat org.apache.derby.impl.services.locks.ConcurrentLockSet.lockObject(Unknown Source)\r\nat org.apache.derby.impl.services.locks.ConcurrentLockSet.zeroDurationLockObject(Unknown Source)\r\nat org.apache.derby.impl.services.locks.AbstractPool.zeroDurationlockObject(Unknown Source)\r\nat org.apache.derby.impl.services.locks.ConcurrentPool.zeroDurationlockObject(Unknown Source)\r\nat org.apache.derby.impl.store.raw.xact.RowLocking3.zeroDurationLockRecordForWrite(Unknown Source)\r\nat org.apache.derby.impl.store.access.heap.HeapController.lockRow(Unknown Source)\r\nat org.apache.derby.impl.store.access.heap.HeapController.lockRow(Unknown Source)\r\nat org.apache.derby.impl.store.access.btree.index.B2IRowLocking3.lockRowOnPage(Unknown Source)\r\nat org.apache.derby.impl.store.access.btree.index.B2IRowLocking3.lockNonScanPreviousRow(Unknown Source)\r\nat org.apache.derby.impl.store.access.btree.BTreeController.doIns(Unknown Source)\r\nat org.apache.derby.impl.store.access.btree.BTreeController.insert(Unknown Source)\r\nat org.apache.derby.impl.store.access.btree.index.B2IController.insert(Unknown Source)\r\nat org.apache.derby.impl.sql.execute.IndexChanger.insertAndCheckDups(Unknown Source)\r\nat org.apache.derby.impl.sql.execute.IndexChanger.doInsert(Unknown Source)\r\nat org.apache.derby.impl.sql.execute.IndexChanger.insert(Unknown Source)\r\nat org.apache.derby.impl.sql.execute.IndexSetChanger.insert(Unknown Source)\r\nat org.apache.derby.impl.sql.execute.RowChangerImpl.insertRow(Unknown Source)\r\nat org.apache.derby.impl.sql.execute.InsertResultSet.normalInsertCore(Unknown Source)\r\nat org.apache.derby.impl.sql.execute.InsertResultSet.open(Unknown Source)\r\nat org.apache.derby.impl.sql.GenericPreparedStatement.executeStmt(Unknown Source)\r\nat org.apache.derby.impl.sql.GenericPreparedStatement.execute(Unknown Source)\r\n... 7 more\r\n2) testLockingWithRollback(org.apache.derbyTesting.functionTests.tests.lang.ConstraintCharacteristicsTest)junit.framework.AssertionFailedError: isolation levels: 1 4\r\nat org.apache.derbyTesting.functionTests.tests.lang.ConstraintCharacteristicsTest.executeThreads(ConstraintCharacteristicsTest.java:1329)\r\nat org.apache.derbyTesting.functionTests.tests.lang.ConstraintCharacteristicsTest.testLockingWithRollback(ConstraintCharacteristicsTest.java:1276)\r\nat sun.reflect.NativeMethodAccessorImpl.invoke0(Native Method)\r\nat sun.reflect.NativeMethodAccessorImpl.invoke(NativeMethodAccessorImpl.java:60)\r\nat sun.reflect.DelegatingMethodAccessorImpl.invoke(DelegatingMethodAccessorImpl.java:37)\r\nat org.apache.derbyTesting.junit.BaseTestCase.runBare(BaseTestCase.java:118)\r\nat org.apache.derbyTesting.junit.BaseJDBCTestCase.runBareOverridable(BaseJDBCTestCase.java:440)\r\nat org.apache.derbyTesting.junit.BaseJDBCTestCase.runBare(BaseJDBCTestCase.java:457)\r\nat junit.extensions.TestDecorator.basicRun(TestDecorator.java:24)\r\nat junit.extensions.TestSetup$1.protect(TestSetup.java:21)\r\nat junit.extensions.TestSetup.run(TestSetup.java:25)\r\nat junit.extensions.TestDecorator.basicRun(TestDecorator.java:24)\r\nat junit.extensions.TestSetup$1.protect(TestSetup.java:21)\r\nat junit.extensions.TestSetup.run(TestSetup.java:25)\r\nat junit.extensions.TestDecorator.basicRun(TestDecorator.java:24)\r\nat junit.extensions.TestSetup$1.protect(TestSetup.java:21)\r\nat junit.extensions.TestSetup.run(TestSetup.java:25)\r\nat org.apache.derbyTesting.junit.BaseTestSetup.run(BaseTestSetup.java:57)\r\nat junit.extensions.TestDecorator.basicRun(TestDecorator.java:24)\r\nat junit.extensions.TestSetup$1.protect(TestSetup.java:21)\r\nat junit.extensions.TestSetup.run(TestSetup.java:25)\r\n\r\nFAILURES!!!\r\nTests run: 18035, Failures: 2, Errors: 0\r\n","updateAuthor":{"self":"https://issues.apache.org/jira/rest/api/2/user?username=mikem","name":"mikem","emailAddress":"mikem_app at sbcglobal dot net","avatarUrls":{"48x48":"https://issues.apache.org/jira/secure/useravatar?avatarId=10452","24x24":"https://issues.apache.org/jira/secure/useravatar?size=small&avatarId=10452","16x16":"https://issues.apache.org/jira/secure/useravatar?size=xsmall&avatarId=10452","32x32":"https://issues.apache.org/jira/secure/useravatar?size=medium&avatarId=10452"},"displayName":"Mike Matrigali","active":true},"created":"2014-01-08T19:50:33.296+0000","updated":"2014-01-08T19:50:33.296+0000"},{"self":"https://issues.apache.org/jira/rest/api/2/issue/12685493/comment/13865804","id":"13865804","author":{"self":"https://issues.apache.org/jira/rest/api/2/user?username=mikem","name":"mikem","emailAddress":"mikem_app at sbcglobal dot net","avatarUrls":{"48x48":"https://issues.apache.org/jira/secure/useravatar?avatarId=10452","24x24":"https://issues.apache.org/jira/secure/useravatar?size=small&avatarId=10452","16x16":"https://issues.apache.org/jira/secure/useravatar?size=xsmall&avatarId=10452","32x32":"https://issues.apache.org/jira/secure/useravatar?size=medium&avatarId=10452"},"displayName":"Mike Matrigali","active":true},"body":"Also failed against ibm17, windows, trunk, nightly's.  Intermittent against ibm17 also, in this case test succeeded in\r\nsame environment/jvm combo the night before and after.  In this case both testLockingWithRollback and testLockingWithCommit failed in the same run:\r\nhttp://people.apache.org/~myrnavl/derby_test_results/main/windows/testlog/ibm17/1555313-suites.All_diff.txt\r\nThere were 2 failures:\r\n1) testLockingWithCommit(org.apache.derbyTesting.functionTests.tests.lang.ConstraintCharacteristicsTest)junit.framework.ComparisonFailure: isolation levels: 1 4 expected:<[23505]> but was:<[40XL1]>\r\n\tat org.apache.derbyTesting.junit.BaseJDBCTestCase.assertSQLState(BaseJDBCTestCase.java:876)\r\n\tat org.apache.derbyTesting.functionTests.tests.lang.ConstraintCharacteristicsTest.executeThreads(ConstraintCharacteristicsTest.java:1339)\r\n\tat org.apache.derbyTesting.functionTests.tests.lang.ConstraintCharacteristicsTest.testLockingWithCommit(ConstraintCharacteristicsTest.java:1266)\r\n\tat sun.reflect.NativeMethodAccessorImpl.invoke0(Native Method)\r\n\tat sun.reflect.NativeMethodAccessorImpl.invoke(NativeMethodAccessorImpl.java:88)\r\n\tat sun.reflect.DelegatingMethodAccessorImpl.invoke(DelegatingMethodAccessorImpl.java:55)\r\n\tat org.apache.derbyTesting.junit.BaseTestCase.runBare(BaseTestCase.java:118)\r\n\tat org.apache.derbyTesting.junit.BaseJDBCTestCase.runBareOverridable(BaseJDBCTestCase.java:440)\r\n\tat org.apache.derbyTesting.junit.BaseJDBCTestCase.runBare(BaseJDBCTestCase.java:457)\r\n\tat junit.extensions.TestDecorator.basicRun(TestDecorator.java:24)\r\n\tat junit.extensions.TestSetup$1.protect(TestSetup.java:21)\r\n\tat junit.extensions.TestSetup.run(TestSetup.java:25)\r\n\tat junit.extensions.TestDecorator.basicRun(TestDecorator.java:24)\r\n\tat junit.extensions.TestSetup$1.protect(TestSetup.java:21)\r\n\tat junit.extensions.TestSetup.run(TestSetup.java:25)\r\n\tat junit.extensions.TestDecorator.basicRun(TestDecorator.java:24)\r\n\tat junit.extensions.TestSetup$1.protect(TestSetup.java:21)\r\n\tat junit.extensions.TestSetup.run(TestSetup.java:25)\r\n\tat org.apache.derbyTesting.junit.BaseTestSetup.run(BaseTestSetup.java:57)\r\n\tat junit.extensions.TestDecorator.basicRun(TestDecorator.java:24)\r\n\tat junit.extensions.TestSetup$1.protect(TestSetup.java:21)\r\n\tat junit.extensions.TestSetup.run(TestSetup.java:25)\r\nCaused by: java.sql.SQLTransactionRollbackException: A lock could not be obtained within the time requested\r\n\tat org.apache.derby.impl.jdbc.SQLExceptionFactory.getSQLException(Unknown Source)\r\n\tat org.apache.derby.impl.jdbc.Util.generateCsSQLException(Unknown Source)\r\n\tat org.apache.derby.impl.jdbc.TransactionResourceImpl.wrapInSQLException(Unknown Source)\r\n\tat org.apache.derby.impl.jdbc.TransactionResourceImpl.handleException(Unknown Source)\r\n\tat org.apache.derby.impl.jdbc.EmbedConnection.handleException(Unknown Source)\r\n\tat org.apache.derby.impl.jdbc.ConnectionChild.handleException(Unknown Source)\r\n\tat org.apache.derby.impl.jdbc.EmbedStatement.executeStatement(Unknown Source)\r\n\tat org.apache.derby.impl.jdbc.EmbedStatement.execute(Unknown Source)\r\n\tat org.apache.derby.impl.jdbc.EmbedStatement.executeLargeUpdate(Unknown Source)\r\n\tat org.apache.derby.impl.jdbc.EmbedStatement.executeUpdate(Unknown Source)\r\n\tat org.apache.derbyTesting.functionTests.tests.lang.DBOperations.insert(DBOperations.java:61)\r\n\tat org.apache.derbyTesting.functionTests.tests.lang.DBOperations.run(DBOperations.java:103)\r\n\tat java.lang.Thread.run(Thread.java:804)\r\nCaused by: java.sql.SQLException: A lock could not be obtained within the time requested\r\n\tat org.apache.derby.impl.jdbc.SQLExceptionFactory.wrapArgsForTransportAcrossDRDA(Unknown Source)\r\n\t... 13 more\r\nCaused by: ERROR 40XL1: A lock could not be obtained within the time requested\r\n\tat org.apache.derby.iapi.error.StandardException.newException(Unknown Source)\r\n\tat org.apache.derby.iapi.error.StandardException.newException(Unknown Source)\r\n\tat org.apache.derby.impl.services.locks.ConcurrentLockSet.lockObject(Unknown Source)\r\n\tat org.apache.derby.impl.services.locks.ConcurrentLockSet.zeroDurationLockObject(Unknown Source)\r\n\tat org.apache.derby.impl.services.locks.AbstractPool.zeroDurationlockObject(Unknown Source)\r\n\tat org.apache.derby.impl.services.locks.ConcurrentPool.zeroDurationlockObject(Unknown Source)\r\n\tat org.apache.derby.impl.store.raw.xact.RowLocking2nohold.lockRecordForRead(Unknown Source)\r\n\tat org.apache.derby.impl.store.access.heap.HeapController.lockRow(Unknown Source)\r\n\tat org.apache.derby.impl.store.access.heap.HeapController.lockRow(Unknown Source)\r\n\tat org.apache.derby.impl.store.access.btree.index.B2IRowLocking3.lockRowOnPage(Unknown Source)\r\n\tat org.apache.derby.impl.store.access.btree.index.B2IRowLocking3._lockScanRow(Unknown Source)\r\n\tat org.apache.derby.impl.store.access.btree.index.B2IRowLockingRR.lockScanRow(Unknown Source)\r\n\tat org.apache.derby.impl.store.access.btree.BTreeForwardScan.fetchRows(Unknown Source)\r\n\tat org.apache.derby.impl.store.access.btree.BTreeScan.next(Unknown Source)\r\n\tat org.apache.derby.impl.sql.execute.IndexChanger.insertAndCheckDups(Unknown Source)\r\n\tat org.apache.derby.impl.sql.execute.IndexChanger.doInsert(Unknown Source)\r\n\tat org.apache.derby.impl.sql.execute.IndexChanger.insert(Unknown Source)\r\n\tat org.apache.derby.impl.sql.execute.IndexSetChanger.insert(Unknown Source)\r\n\tat org.apache.derby.impl.sql.execute.RowChangerImpl.insertRow(Unknown Source)\r\n\tat org.apache.derby.impl.sql.execute.InsertResultSet.normalInsertCore(Unknown Source)\r\n\tat org.apache.derby.impl.sql.execute.InsertResultSet.open(Unknown Source)\r\n\tat org.apache.derby.impl.sql.GenericPreparedStatement.executeStmt(Unknown Source)\r\n\tat org.apache.derby.impl.sql.GenericPreparedStatement.execute(Unknown Source)\r\n\t... 7 more\r\n2) testLockingWithRollback(org.apache.derbyTesting.functionTests.tests.lang.ConstraintCharacteristicsTest)junit.framework.AssertionFailedError: isolation levels: 1 4\r\n\tat org.apache.derbyTesting.functionTests.tests.lang.ConstraintCharacteristicsTest.executeThreads(ConstraintCharacteristicsTest.java:1344)\r\n\tat org.apache.derbyTesting.functionTests.tests.lang.ConstraintCharacteristicsTest.testLockingWithRollback(ConstraintCharacteristicsTest.java:1291)\r\n\tat sun.reflect.NativeMethodAccessorImpl.invoke0(Native Method)\r\n\tat sun.reflect.NativeMethodAccessorImpl.invoke(NativeMethodAccessorImpl.java:88)\r\n\tat sun.reflect.DelegatingMethodAccessorImpl.invoke(DelegatingMethodAccessorImpl.java:55)\r\n\tat org.apache.derbyTesting.junit.BaseTestCase.runBare(BaseTestCase.java:118)\r\n\tat org.apache.derbyTesting.junit.BaseJDBCTestCase.runBareOverridable(BaseJDBCTestCase.java:440)\r\n\tat org.apache.derbyTesting.junit.BaseJDBCTestCase.runBare(BaseJDBCTestCase.java:457)\r\n\tat junit.extensions.TestDecorator.basicRun(TestDecorator.java:24)\r\n\tat junit.extensions.TestSetup$1.protect(TestSetup.java:21)\r\n\tat junit.extensions.TestSetup.run(TestSetup.java:25)\r\n\tat junit.extensions.TestDecorator.basicRun(TestDecorator.java:24)\r\n\tat junit.extensions.TestSetup$1.protect(TestSetup.java:21)\r\n\tat junit.extensions.TestSetup.run(TestSetup.java:25)\r\n\tat junit.extensions.TestDecorator.basicRun(TestDecorator.java:24)\r\n\tat junit.extensions.TestSetup$1.protect(TestSetup.java:21)\r\n\tat junit.extensions.TestSetup.run(TestSetup.java:25)\r\n\tat org.apache.derbyTesting.junit.BaseTestSetup.run(BaseTestSetup.java:57)\r\n\tat junit.extensions.TestDecorator.basicRun(TestDecorator.java:24)\r\n\tat junit.extensions.TestSetup$1.protect(TestSetup.java:21)\r\n\tat junit.extensions.TestSetup.run(TestSetup.java:25)\r\n\r\nFAILURES!!!\r\nTests run: 18143,  Failures: 2,  Errors: 0","updateAuthor":{"self":"https://issues.apache.org/jira/rest/api/2/user?username=mikem","name":"mikem","emailAddress":"mikem_app at sbcglobal dot net","avatarUrls":{"48x48":"https://issues.apache.org/jira/secure/useravatar?avatarId=10452","24x24":"https://issues.apache.org/jira/secure/useravatar?size=small&avatarId=10452","16x16":"https://issues.apache.org/jira/secure/useravatar?size=xsmall&avatarId=10452","32x32":"https://issues.apache.org/jira/secure/useravatar?size=medium&avatarId=10452"},"displayName":"Mike Matrigali","active":true},"created":"2014-01-08T19:54:14.620+0000","updated":"2014-01-08T19:54:14.620+0000"},{"self":"https://issues.apache.org/jira/rest/api/2/issue/12685493/comment/13865815","id":"13865815","author":{"self":"https://issues.apache.org/jira/rest/api/2/user?username=mikem","name":"mikem","emailAddress":"mikem_app at sbcglobal dot net","avatarUrls":{"48x48":"https://issues.apache.org/jira/secure/useravatar?avatarId=10452","24x24":"https://issues.apache.org/jira/secure/useravatar?size=small&avatarId=10452","16x16":"https://issues.apache.org/jira/secure/useravatar?size=xsmall&avatarId=10452","32x32":"https://issues.apache.org/jira/secure/useravatar?size=medium&avatarId=10452"},"displayName":"Mike Matrigali","active":true},"body":"another ibm17, windows, trunk instance of this intermittent error:\r\nhttp://people.apache.org/~myrnavl/derby_test_results/main/windows/testlog/ibm17/1551810-suites.All_diff.txt\r\nThere was 1 failure:\r\n1) testLockingWithRollback(org.apache.derbyTesting.functionTests.tests.lang.ConstraintCharacteristicsTest)junit.framework.AssertionFailedError: isolation levels: 4 2\r\n\tat org.apache.derbyTesting.functionTests.tests.lang.ConstraintCharacteristicsTest.executeThreads(ConstraintCharacteristicsTest.java:1329)\r\n\tat org.apache.derbyTesting.functionTests.tests.lang.ConstraintCharacteristicsTest.testLockingWithRollback(ConstraintCharacteristicsTest.java:1276)\r\n\tat sun.reflect.NativeMethodAccessorImpl.invoke0(Native Method)\r\n\tat sun.reflect.NativeMethodAccessorImpl.invoke(NativeMethodAccessorImpl.java:88)\r\n\tat sun.reflect.DelegatingMethodAccessorImpl.invoke(DelegatingMethodAccessorImpl.java:55)\r\n\tat org.apache.derbyTesting.junit.BaseTestCase.runBare(BaseTestCase.java:118)\r\n\tat org.apache.derbyTesting.junit.BaseJDBCTestCase.runBareOverridable(BaseJDBCTestCase.java:440)\r\n\tat org.apache.derbyTesting.junit.BaseJDBCTestCase.runBare(BaseJDBCTestCase.java:457)\r\n\tat junit.extensions.TestDecorator.basicRun(TestDecorator.java:24)\r\n\tat junit.extensions.TestSetup$1.protect(TestSetup.java:21)\r\n\tat junit.extensions.TestSetup.run(TestSetup.java:25)\r\n\tat junit.extensions.TestDecorator.basicRun(TestDecorator.java:24)\r\n\tat junit.extensions.TestSetup$1.protect(TestSetup.java:21)\r\n\tat junit.extensions.TestSetup.run(TestSetup.java:25)\r\n\tat junit.extensions.TestDecorator.basicRun(TestDecorator.java:24)\r\n\tat junit.extensions.TestSetup$1.protect(TestSetup.java:21)\r\n\tat junit.extensions.TestSetup.run(TestSetup.java:25)\r\n\tat org.apache.derbyTesting.junit.BaseTestSetup.run(BaseTestSetup.java:57)\r\n\tat junit.extensions.TestDecorator.basicRun(TestDecorator.java:24)\r\n\tat junit.extensions.TestSetup$1.protect(TestSetup.java:21)\r\n\tat junit.extensions.TestSetup.run(TestSetup.java:25)\r\n\r\nFAILURES!!!\r\nTests run: 18140,  Failures: 1,  Errors: 0","updateAuthor":{"self":"https://issues.apache.org/jira/rest/api/2/user?username=mikem","name":"mikem","emailAddress":"mikem_app at sbcglobal dot net","avatarUrls":{"48x48":"https://issues.apache.org/jira/secure/useravatar?avatarId=10452","24x24":"https://issues.apache.org/jira/secure/useravatar?size=small&avatarId=10452","16x16":"https://issues.apache.org/jira/secure/useravatar?size=xsmall&avatarId=10452","32x32":"https://issues.apache.org/jira/secure/useravatar?size=medium&avatarId=10452"},"displayName":"Mike Matrigali","active":true},"created":"2014-01-08T19:59:42.432+0000","updated":"2014-01-08T19:59:42.432+0000"},{"self":"https://issues.apache.org/jira/rest/api/2/issue/12685493/comment/13866526","id":"13866526","author":{"self":"https://issues.apache.org/jira/rest/api/2/user?username=jira-bot","name":"jira-bot","emailAddress":"no-reply at urd dot zones dot apache dot org","avatarUrls":{"48x48":"https://issues.apache.org/jira/secure/useravatar?avatarId=10452","24x24":"https://issues.apache.org/jira/secure/useravatar?size=small&avatarId=10452","16x16":"https://issues.apache.org/jira/secure/useravatar?size=xsmall&avatarId=10452","32x32":"https://issues.apache.org/jira/secure/useravatar?size=medium&avatarId=10452"},"displayName":"ASF subversion and git services","active":true},"body":"Commit 1556780 from [~dagw] in branch 'code/trunk'\r\n[ https://svn.apache.org/r1556780 ]\r\n\r\nDERBY-6437 testLockingWithRollback failing on trunk with AssertionFailedError - isolation levels: 4 2\r\n\r\nAdded information about which exception caused the assertNull errors\r\nin ConstraintCharacteristicsTest#executeThreads to help debugging.","updateAuthor":{"self":"https://issues.apache.org/jira/rest/api/2/user?username=jira-bot","name":"jira-bot","emailAddress":"no-reply at urd dot zones dot apache dot org","avatarUrls":{"48x48":"https://issues.apache.org/jira/secure/useravatar?avatarId=10452","24x24":"https://issues.apache.org/jira/secure/useravatar?size=small&avatarId=10452","16x16":"https://issues.apache.org/jira/secure/useravatar?size=xsmall&avatarId=10452","32x32":"https://issues.apache.org/jira/secure/useravatar?size=medium&avatarId=10452"},"displayName":"ASF subversion and git services","active":true},"created":"2014-01-09T10:33:45.785+0000","updated":"2014-01-09T10:33:45.785+0000"},{"self":"https://issues.apache.org/jira/rest/api/2/issue/12685493/comment/13876879","id":"13876879","author":{"self":"https://issues.apache.org/jira/rest/api/2/user?username=myrna","name":"myrna","emailAddress":"m dot v dot lunteren at gmail dot com","avatarUrls":{"48x48":"https://issues.apache.org/jira/secure/useravatar?avatarId=10452","24x24":"https://issues.apache.org/jira/secure/useravatar?size=small&avatarId=10452","16x16":"https://issues.apache.org/jira/secure/useravatar?size=xsmall&avatarId=10452","32x32":"https://issues.apache.org/jira/secure/useravatar?size=medium&avatarId=10452"},"displayName":"Myrna van Lunteren","active":true},"body":"This failed again, 1/10/2014, with ibm 1.7, windows 10.11.0.0 alpha (1557303).:\r\ntestLockingWithRollback(org.apache.derbyTesting.functionTests.tests.lang.ConstraintCharacteristicsTest)junit.framework.AssertionFailedError: isolation levels: 1 2: exception java.sql.SQLTransactionRollbackException: A lock could not be obtained within the time requested, see:\r\nhttp://people.apache.org/~myrnavl/derby_test_results/main/windows/testlog/ibm17/1557303-suites.All_diff.txt\r\n\r\n1) testLockingWithRollback(org.apache.derbyTesting.functionTests.tests.lang.ConstraintCharacteristicsTest)junit.framework.AssertionFailedError: isolation levels: 1 2: exception java.sql.SQLTransactionRollbackException: A lock could not be obtained within the time requested\r\n\tat org.apache.derbyTesting.functionTests.tests.lang.ConstraintCharacteristicsTest.executeThreads(ConstraintCharacteristicsTest.java:1344)\r\n\tat org.apache.derbyTesting.functionTests.tests.lang.ConstraintCharacteristicsTest.testLockingWithRollback(ConstraintCharacteristicsTest.java:1291)\r\n\tat sun.reflect.NativeMethodAccessorImpl.invoke0(Native Method)\r\n\tat sun.reflect.NativeMethodAccessorImpl.invoke(NativeMethodAccessorImpl.java:88)\r\n\tat sun.reflect.DelegatingMethodAccessorImpl.invoke(DelegatingMethodAccessorImpl.java:55)\r\n\tat org.apache.derbyTesting.junit.BaseTestCase.runBare(BaseTestCase.java:118)\r\n\tat org.apache.derbyTesting.junit.BaseJDBCTestCase.runBareOverridable(BaseJDBCTestCase.java:440)\r\n\tat org.apache.derbyTesting.junit.BaseJDBCTestCase.runBare(BaseJDBCTestCase.java:457)\r\n\tat junit.extensions.TestDecorator.basicRun(TestDecorator.java:24)\r\n\tat junit.extensions.TestSetup$1.protect(TestSetup.java:21)\r\n\tat junit.extensions.TestSetup.run(TestSetup.java:25)\r\n\tat junit.extensions.TestDecorator.basicRun(TestDecorator.java:24)\r\n\tat junit.extensions.TestSetup$1.protect(TestSetup.java:21)\r\n\tat junit.extensions.TestSetup.run(TestSetup.java:25)\r\n\tat junit.extensions.TestDecorator.basicRun(TestDecorator.java:24)\r\n\tat junit.extensions.TestSetup$1.protect(TestSetup.java:21)\r\n\tat junit.extensions.TestSetup.run(TestSetup.java:25)\r\n\tat org.apache.derbyTesting.junit.BaseTestSetup.run(BaseTestSetup.java:57)\r\n\tat junit.extensions.TestDecorator.basicRun(TestDecorator.java:24)\r\n\tat junit.extensions.TestSetup$1.protect(TestSetup.java:21)\r\n\tat junit.extensions.TestSetup.run(TestSetup.java:25)\r\n\r\nAlso: \r\nwindows, 1/13/2014, 10.11.0.0 alpha - (1557908), ibm16:\r\nhttp://people.apache.org/~myrnavl/derby_test_results/main/windows/testlog/ibm16/1557908-suites.All_diff.txt\r\n1) testLockingWithCommit(org.apache.derbyTesting.functionTests.tests.lang.ConstraintCharacteristicsTest)junit.framework.ComparisonFailure: isolation levels: 4 4 expected:<[23505]> but was:<[40XL1]>\r\n\tat org.apache.derbyTesting.junit.BaseJDBCTestCase.assertSQLState(BaseJDBCTestCase.java:876)\r\n\tat org.apache.derbyTesting.functionTests.tests.lang.ConstraintCharacteristicsTest.executeThreads(ConstraintCharacteristicsTest.java:1339)\r\n\tat org.apache.derbyTesting.functionTests.tests.lang.ConstraintCharacteristicsTest.testLockingWithCommit(ConstraintCharacteristicsTest.java:1266)\r\n\tat sun.reflect.NativeMethodAccessorImpl.invoke0(Native Method)\r\n\tat sun.reflect.NativeMethodAccessorImpl.invoke(NativeMethodAccessorImpl.java:60)\r\n\tat sun.reflect.DelegatingMethodAccessorImpl.invoke(DelegatingMethodAccessorImpl.java:37)\r\n\tat org.apache.derbyTesting.junit.BaseTestCase.runBare(BaseTestCase.java:118)\r\n\tat org.apache.derbyTesting.junit.BaseJDBCTestCase.runBareOverridable(BaseJDBCTestCase.java:440)\r\n\tat org.apache.derbyTesting.junit.BaseJDBCTestCase.runBare(BaseJDBCTestCase.java:457)\r\n\tat junit.extensions.TestDecorator.basicRun(TestDecorator.java:24)\r\n\tat junit.extensions.TestSetup$1.protect(TestSetup.java:21)\r\n\tat junit.extensions.TestSetup.run(TestSetup.java:25)\r\n\tat junit.extensions.TestDecorator.basicRun(TestDecorator.java:24)\r\n\tat junit.extensions.TestSetup$1.protect(TestSetup.java:21)\r\n\tat junit.extensions.TestSetup.run(TestSetup.java:25)\r\nCaused by: java.sql.SQLTransactionRollbackException: A lock could not be obtained within the time requested\r\n\tat org.apache.derby.impl.jdbc.SQLExceptionFactory.getSQLException(Unknown Source)\r\n\tat org.apache.derby.impl.jdbc.Util.generateCsSQLException(Unknown Source)\r\n\tat org.apache.derby.impl.jdbc.TransactionResourceImpl.wrapInSQLException(Unknown Source)\r\n\tat org.apache.derby.impl.jdbc.TransactionResourceImpl.handleException(Unknown Source)\r\n\tat org.apache.derby.impl.jdbc.EmbedConnection.handleException(Unknown Source)\r\n\tat org.apache.derby.impl.jdbc.ConnectionChild.handleException(Unknown Source)\r\n\tat org.apache.derby.impl.jdbc.EmbedStatement.executeStatement(Unknown Source)\r\n\tat org.apache.derby.impl.jdbc.EmbedStatement.execute(Unknown Source)\r\n\tat org.apache.derby.impl.jdbc.EmbedStatement.executeLargeUpdate(Unknown Source)\r\n\tat org.apache.derby.impl.jdbc.EmbedStatement.executeUpdate(Unknown Source)\r\n\tat org.apache.derbyTesting.functionTests.tests.lang.DBOperations.insert(DBOperations.java:61)\r\n\tat org.apache.derbyTesting.functionTests.tests.lang.DBOperations.run(DBOperations.java:103)\r\n\tat java.lang.Thread.run(Thread.java:761)\r\nCaused by: java.sql.SQLException: A lock could not be obtained within the time requested\r\n\tat org.apache.derby.impl.jdbc.SQLExceptionFactory.wrapArgsForTransportAcrossDRDA(Unknown Source)\r\n\t... 13 more\r\nCaused by: ERROR 40XL1: A lock could not be obtained within the time requested\r\n\tat org.apache.derby.iapi.error.StandardException.newException(Unknown Source)\r\n\tat org.apache.derby.iapi.error.StandardException.newException(Unknown Source)\r\n\tat org.apache.derby.impl.services.locks.ConcurrentLockSet.lockObject(Unknown Source)\r\n\tat org.apache.derby.impl.services.locks.ConcurrentLockSet.zeroDurationLockObject(Unknown Source)\r\n\tat org.apache.derby.impl.services.locks.AbstractPool.zeroDurationlockObject(Unknown Source)\r\n\tat org.apache.derby.impl.services.locks.ConcurrentPool.zeroDurationlockObject(Unknown Source)\r\n\tat org.apache.derby.impl.store.raw.xact.RowLocking2nohold.lockRecordForRead(Unknown Source)\r\n\tat org.apache.derby.impl.store.access.heap.HeapController.lockRow(Unknown Source)\r\n\tat org.apache.derby.impl.store.access.heap.HeapController.lockRow(Unknown Source)\r\n\tat org.apache.derby.impl.store.access.btree.index.B2IRowLocking3.lockRowOnPage(Unknown Source)\r\n\tat org.apache.derby.impl.store.access.btree.index.B2IRowLocking3._lockScanRow(Unknown Source)\r\n\tat org.apache.derby.impl.store.access.btree.index.B2IRowLockingRR.lockScanRow(Unknown Source)\r\n\tat org.apache.derby.impl.store.access.btree.BTreeForwardScan.fetchRows(Unknown Source)\r\n\tat org.apache.derby.impl.store.access.btree.BTreeScan.next(Unknown Source)\r\n\tat org.apache.derby.impl.sql.execute.IndexChanger.insertAndCheckDups(Unknown Source)\r\n\tat org.apache.derby.impl.sql.execute.IndexChanger.doInsert(Unknown Source)\r\n\tat org.apache.derby.impl.sql.execute.IndexChanger.insert(Unknown Source)\r\n\tat org.apache.derby.impl.sql.execute.IndexSetChanger.insert(Unknown Source)\r\n\tat org.apache.derby.impl.sql.execute.RowChangerImpl.insertRow(Unknown Source)\r\n\tat org.apache.derby.impl.sql.execute.InsertResultSet.normalInsertCore(Unknown Source)\r\n\tat org.apache.derby.impl.sql.execute.InsertResultSet.open(Unknown Source)\r\n\tat org.apache.derby.impl.sql.GenericPreparedStatement.executeStmt(Unknown Source)\r\n\tat org.apache.derby.impl.sql.GenericPreparedStatement.execute(Unknown Source)\r\n\t... 7 more\r\n\r\n1/16, windows, ibm 1.7, 10.11.0.0 alpha - (1558994):\r\nhttp://people.apache.org/~myrnavl/derby_test_results/main/windows/testlog/ibm17/1558994-suites.All_diff.txt\r\ntestLockingWithCommit(org.apache.derbyTesting.functionTests.tests.lang.ConstraintCharacteristicsTest)junit.framework.ComparisonFailure: isolation levels: 2 1 expected:<[23505]> but was:<[40XL1]>\r\nStack:\r\ntestLockingWithCommit(org.apache.derbyTesting.functionTests.tests.lang.ConstraintCharacteristicsTest)junit.framework.ComparisonFailure: isolation levels: 2 1 expected:<[23505]> but was:<[40XL1]>\r\n\tat org.apache.derbyTesting.junit.BaseJDBCTestCase.assertSQLState(BaseJDBCTestCase.java:876)\r\n\tat org.apache.derbyTesting.functionTests.tests.lang.ConstraintCharacteristicsTest.executeThreads(ConstraintCharacteristicsTest.java:1339)\r\n\tat org.apache.derbyTesting.functionTests.tests.lang.ConstraintCharacteristicsTest.testLockingWithCommit(ConstraintCharacteristicsTest.java:1266)\r\n\tat sun.reflect.NativeMethodAccessorImpl.invoke0(Native Method)\r\n\tat sun.reflect.NativeMethodAccessorImpl.invoke(NativeMethodAccessorImpl.java:88)\r\n\tat sun.reflect.DelegatingMethodAccessorImpl.invoke(DelegatingMethodAccessorImpl.java:55)\r\n\tat org.apache.derbyTesting.junit.BaseTestCase.runBare(BaseTestCase.java:118)\r\n\tat org.apache.derbyTesting.junit.BaseJDBCTestCase.runBareOverridable(BaseJDBCTestCase.java:440)\r\n\tat org.apache.derbyTesting.junit.BaseJDBCTestCase.runBare(BaseJDBCTestCase.java:457)\r\n\tat junit.extensions.TestDecorator.basicRun(TestDecorator.java:24)\r\n\tat junit.extensions.TestSetup$1.protect(TestSetup.java:21)\r\n\tat junit.extensions.TestSetup.run(TestSetup.java:25)\r\n\tat junit.extensions.TestDecorator.basicRun(TestDecorator.java:24)\r\n\tat junit.extensions.TestSetup$1.protect(TestSetup.java:21)\r\n\tat junit.extensions.TestSetup.run(TestSetup.java:25)\r\n\tat junit.extensions.TestDecorator.basicRun(TestDecorator.java:24)\r\n\tat junit.extensions.TestSetup$1.protect(TestSetup.java:21)\r\n\tat junit.extensions.TestSetup.run(TestSetup.java:25)\r\n\tat org.apache.derbyTesting.junit.BaseTestSetup.run(BaseTestSetup.java:57)\r\n\tat junit.extensions.TestDecorator.basicRun(TestDecorator.java:24)\r\n\tat junit.extensions.TestSetup$1.protect(TestSetup.java:21)\r\n\tat junit.extensions.TestSetup.run(TestSetup.java:25)\r\nCaused by: java.sql.SQLTransactionRollbackException: A lock could not be obtained within the time requested\r\n\tat org.apache.derby.impl.jdbc.SQLExceptionFactory.getSQLException(Unknown Source)\r\n\tat org.apache.derby.impl.jdbc.Util.generateCsSQLException(Unknown Source)\r\n\tat org.apache.derby.impl.jdbc.TransactionResourceImpl.wrapInSQLException(Unknown Source)\r\n\tat org.apache.derby.impl.jdbc.TransactionResourceImpl.handleException(Unknown Source)\r\n\tat org.apache.derby.impl.jdbc.EmbedConnection.handleException(Unknown Source)\r\n\tat org.apache.derby.impl.jdbc.ConnectionChild.handleException(Unknown Source)\r\n\tat org.apache.derby.impl.jdbc.EmbedStatement.executeStatement(Unknown Source)\r\n\tat org.apache.derby.impl.jdbc.EmbedStatement.execute(Unknown Source)\r\n\tat org.apache.derby.impl.jdbc.EmbedStatement.executeLargeUpdate(Unknown Source)\r\n\tat org.apache.derby.impl.jdbc.EmbedStatement.executeUpdate(Unknown Source)\r\n\tat org.apache.derbyTesting.functionTests.tests.lang.DBOperations.insert(DBOperations.java:61)\r\n\tat org.apache.derbyTesting.functionTests.tests.lang.DBOperations.run(DBOperations.java:103)\r\n\tat java.lang.Thread.run(Thread.java:804)\r\nCaused by: java.sql.SQLException: A lock could not be obtained within the time requested\r\n\tat org.apache.derby.impl.jdbc.SQLExceptionFactory.wrapArgsForTransportAcrossDRDA(Unknown Source)\r\n\t... 13 more\r\nCaused by: ERROR 40XL1: A lock could not be obtained within the time requested\r\n\tat org.apache.derby.iapi.error.StandardException.newException(Unknown Source)\r\n\tat org.apache.derby.iapi.error.StandardException.newException(Unknown Source)\r\n\tat org.apache.derby.impl.services.locks.ConcurrentLockSet.lockObject(Unknown Source)\r\n\tat org.apache.derby.impl.services.locks.ConcurrentLockSet.zeroDurationLockObject(Unknown Source)\r\n\tat org.apache.derby.impl.services.locks.AbstractPool.zeroDurationlockObject(Unknown Source)\r\n\tat org.apache.derby.impl.services.locks.ConcurrentPool.zeroDurationlockObject(Unknown Source)\r\n\tat org.apache.derby.impl.store.raw.xact.RowLocking2nohold.lockRecordForRead(Unknown Source)\r\n\tat org.apache.derby.impl.store.access.heap.HeapController.lockRow(Unknown Source)\r\n\tat org.apache.derby.impl.store.access.heap.HeapController.lockRow(Unknown Source)\r\n\tat org.apache.derby.impl.store.access.btree.index.B2IRowLocking3.lockRowOnPage(Unknown Source)\r\n\tat org.apache.derby.impl.store.access.btree.index.B2IRowLocking3._lockScanRow(Unknown Source)\r\n\tat org.apache.derby.impl.store.access.btree.index.B2IRowLockingRR.lockScanRow(Unknown Source)\r\n\tat org.apache.derby.impl.store.access.btree.BTreeForwardScan.fetchRows(Unknown Source)\r\n\tat org.apache.derby.impl.store.access.btree.BTreeScan.next(Unknown Source)\r\n\tat org.apache.derby.impl.sql.execute.IndexChanger.insertAndCheckDups(Unknown Source)\r\n\tat org.apache.derby.impl.sql.execute.IndexChanger.doInsert(Unknown Source)\r\n\tat org.apache.derby.impl.sql.execute.IndexChanger.insert(Unknown Source)\r\n\tat org.apache.derby.impl.sql.execute.IndexSetChanger.insert(Unknown Source)\r\n\tat org.apache.derby.impl.sql.execute.RowChangerImpl.insertRow(Unknown Source)\r\n\tat org.apache.derby.impl.sql.execute.InsertResultSet.normalInsertCore(Unknown Source)\r\n\tat org.apache.derby.impl.sql.execute.InsertResultSet.open(Unknown Source)\r\n\tat org.apache.derby.impl.sql.GenericPreparedStatement.executeStmt(Unknown Source)\r\n\tat org.apache.derby.impl.sql.GenericPreparedStatement.execute(Unknown Source)\r\n\t... 7 more\r\n\r\nI hope the extra debugging information gets us any further?\r\n","updateAuthor":{"self":"https://issues.apache.org/jira/rest/api/2/user?username=myrna","name":"myrna","emailAddress":"m dot v dot lunteren at gmail dot com","avatarUrls":{"48x48":"https://issues.apache.org/jira/secure/useravatar?avatarId=10452","24x24":"https://issues.apache.org/jira/secure/useravatar?size=small&avatarId=10452","16x16":"https://issues.apache.org/jira/secure/useravatar?size=xsmall&avatarId=10452","32x32":"https://issues.apache.org/jira/secure/useravatar?size=medium&avatarId=10452"},"displayName":"Myrna van Lunteren","active":true},"created":"2014-01-20T21:49:49.287+0000","updated":"2014-01-20T21:49:49.287+0000"},{"self":"https://issues.apache.org/jira/rest/api/2/issue/12685493/comment/13879132","id":"13879132","author":{"self":"https://issues.apache.org/jira/rest/api/2/user?username=myrna","name":"myrna","emailAddress":"m dot v dot lunteren at gmail dot com","avatarUrls":{"48x48":"https://issues.apache.org/jira/secure/useravatar?avatarId=10452","24x24":"https://issues.apache.org/jira/secure/useravatar?size=small&avatarId=10452","16x16":"https://issues.apache.org/jira/secure/useravatar?size=xsmall&avatarId=10452","32x32":"https://issues.apache.org/jira/secure/useravatar?size=medium&avatarId=10452"},"displayName":"Myrna van Lunteren","active":true},"body":"I tried to run this test 100x in sequence to see if it popped the problem, but it did not...","updateAuthor":{"self":"https://issues.apache.org/jira/rest/api/2/user?username=myrna","name":"myrna","emailAddress":"m dot v dot lunteren at gmail dot com","avatarUrls":{"48x48":"https://issues.apache.org/jira/secure/useravatar?avatarId=10452","24x24":"https://issues.apache.org/jira/secure/useravatar?size=small&avatarId=10452","16x16":"https://issues.apache.org/jira/secure/useravatar?size=xsmall&avatarId=10452","32x32":"https://issues.apache.org/jira/secure/useravatar?size=medium&avatarId=10452"},"displayName":"Myrna van Lunteren","active":true},"created":"2014-01-22T20:18:55.519+0000","updated":"2014-01-22T20:18:55.519+0000"},{"self":"https://issues.apache.org/jira/rest/api/2/issue/12685493/comment/13879144","id":"13879144","author":{"self":"https://issues.apache.org/jira/rest/api/2/user?username=myrna","name":"myrna","emailAddress":"m dot v dot lunteren at gmail dot com","avatarUrls":{"48x48":"https://issues.apache.org/jira/secure/useravatar?avatarId=10452","24x24":"https://issues.apache.org/jira/secure/useravatar?size=small&avatarId=10452","16x16":"https://issues.apache.org/jira/secure/useravatar?size=xsmall&avatarId=10452","32x32":"https://issues.apache.org/jira/secure/useravatar?size=medium&avatarId=10452"},"displayName":"Myrna van Lunteren","active":true},"body":"Yet it failed again in the nightly run of trunk (10.11 alpha built at revision 1560236) on windows 2008, with ibm 1.6:\r\nhttp://people.apache.org/~myrnavl/derby_test_results/main/windows/testlog/ibm16/1560236-suites.All_diff.txt","updateAuthor":{"self":"https://issues.apache.org/jira/rest/api/2/user?username=myrna","name":"myrna","emailAddress":"m dot v dot lunteren at gmail dot com","avatarUrls":{"48x48":"https://issues.apache.org/jira/secure/useravatar?avatarId=10452","24x24":"https://issues.apache.org/jira/secure/useravatar?size=small&avatarId=10452","16x16":"https://issues.apache.org/jira/secure/useravatar?size=xsmall&avatarId=10452","32x32":"https://issues.apache.org/jira/secure/useravatar?size=medium&avatarId=10452"},"displayName":"Myrna van Lunteren","active":true},"created":"2014-01-22T20:31:25.536+0000","updated":"2014-01-22T20:31:25.536+0000"},{"self":"https://issues.apache.org/jira/rest/api/2/issue/12685493/comment/13880430","id":"13880430","author":{"self":"https://issues.apache.org/jira/rest/api/2/user?username=myrna","name":"myrna","emailAddress":"m dot v dot lunteren at gmail dot com","avatarUrls":{"48x48":"https://issues.apache.org/jira/secure/useravatar?avatarId=10452","24x24":"https://issues.apache.org/jira/secure/useravatar?size=small&avatarId=10452","16x16":"https://issues.apache.org/jira/secure/useravatar?size=xsmall&avatarId=10452","32x32":"https://issues.apache.org/jira/secure/useravatar?size=medium&avatarId=10452"},"displayName":"Myrna van Lunteren","active":true},"body":"Failed: http://people.apache.org/~myrnavl/derby_test_results/main/windows/testlog/ibm16/1560574-suites.All_diff.txt:\r\ntestLockingWithRollback(org.apache.derbyTesting.functionTests.tests.lang.ConstraintCharacteristicsTest)junit.framework.AssertionFailedError: isolation levels: 1 1: exception java.sql.SQLTransactionRollbackException: A lock could not be obtained within the time requested","updateAuthor":{"self":"https://issues.apache.org/jira/rest/api/2/user?username=myrna","name":"myrna","emailAddress":"m dot v dot lunteren at gmail dot com","avatarUrls":{"48x48":"https://issues.apache.org/jira/secure/useravatar?avatarId=10452","24x24":"https://issues.apache.org/jira/secure/useravatar?size=small&avatarId=10452","16x16":"https://issues.apache.org/jira/secure/useravatar?size=xsmall&avatarId=10452","32x32":"https://issues.apache.org/jira/secure/useravatar?size=medium&avatarId=10452"},"displayName":"Myrna van Lunteren","active":true},"created":"2014-01-23T22:14:24.562+0000","updated":"2014-01-23T22:14:24.562+0000"},{"self":"https://issues.apache.org/jira/rest/api/2/issue/12685493/comment/13886154","id":"13886154","author":{"self":"https://issues.apache.org/jira/rest/api/2/user?username=myrna","name":"myrna","emailAddress":"m dot v dot lunteren at gmail dot com","avatarUrls":{"48x48":"https://issues.apache.org/jira/secure/useravatar?avatarId=10452","24x24":"https://issues.apache.org/jira/secure/useravatar?size=small&avatarId=10452","16x16":"https://issues.apache.org/jira/secure/useravatar?size=xsmall&avatarId=10452","32x32":"https://issues.apache.org/jira/secure/useravatar?size=medium&avatarId=10452"},"displayName":"Myrna van Lunteren","active":true},"body":"Perhaps this is kicking in an open door, but I can make the tests - both testLockingWithRollback and testLockingWithCommit, and with embedded and networkserver - from the ConstraingCharacteristicsTest fail if I make the t.sleep e.g. 2000. \r\nIt then falls over from the following lines (trunk):\r\n- testLockingWithCommit(org.apache.derbyTesting.functionTests.tests.lang.ConstraintCharacteristicsTest)junit.framework.ComparisonFailure: isolation levels: 1 1 expected:<[23505]> but was:<[40XL1]>\r\n        at org.apache.derbyTesting.functionTests.tests.lang.ConstraintCharacteristicsTest.executeThreads(ConstraintCharacteristicsTest.java:1339)\r\n        at org.apache.derbyTesting.functionTests.tests.lang.ConstraintCharacteristicsTest.testLockingWithCommit(ConstraintCharacteristicsTest.java:1266)\r\n\r\n- testLockingWithRollback(org.apache.derbyTesting.functionTests.tests.lang.ConstraintCharacteristicsTest)junit.framework.AssertionFailedError: isolation levels: 1 1: exception java.sql.SQLTransactionRollbackException: A lock could not be obtained within the time requested\r\n        at org.apache.derbyTesting.functionTests.tests.lang.ConstraintCharacteristicsTest.executeThreads(ConstraintCharacteristicsTest.java:1344)\r\n        at org.apache.derbyTesting.functionTests.tests.lang.ConstraintCharacteristicsTest.testLockingWithRollback(ConstraintCharacteristicsTest.java:1291)\r\n\r\nIn both cases this is on insert. \r\n","updateAuthor":{"self":"https://issues.apache.org/jira/rest/api/2/user?username=myrna","name":"myrna","emailAddress":"m dot v dot lunteren at gmail dot com","avatarUrls":{"48x48":"https://issues.apache.org/jira/secure/useravatar?avatarId=10452","24x24":"https://issues.apache.org/jira/secure/useravatar?size=small&avatarId=10452","16x16":"https://issues.apache.org/jira/secure/useravatar?size=xsmall&avatarId=10452","32x32":"https://issues.apache.org/jira/secure/useravatar?size=medium&avatarId=10452"},"displayName":"Myrna van Lunteren","active":true},"created":"2014-01-30T01:42:25.212+0000","updated":"2014-01-30T01:42:25.212+0000"},{"self":"https://issues.apache.org/jira/rest/api/2/issue/12685493/comment/13886791","id":"13886791","author":{"self":"https://issues.apache.org/jira/rest/api/2/user?username=myrna","name":"myrna","emailAddress":"m dot v dot lunteren at gmail dot com","avatarUrls":{"48x48":"https://issues.apache.org/jira/secure/useravatar?avatarId=10452","24x24":"https://issues.apache.org/jira/secure/useravatar?size=small&avatarId=10452","16x16":"https://issues.apache.org/jira/secure/useravatar?size=xsmall&avatarId=10452","32x32":"https://issues.apache.org/jira/secure/useravatar?size=medium&avatarId=10452"},"displayName":"Myrna van Lunteren","active":true},"body":"This patch changes the setting of derby.locks.waitTimeout for most tests - including the testLockingWithCommit and testLockingWithRollback to 500, but pulls out the testLocking testcase and gives it the same derby.locks.waitTimeout as before.\r\n\r\nWith this arrangement the tests run in similar timeframes as before on my system, but I have hopes it will diminish the instability of the testLockingWithCommit and testLockingWithRollback.\r\n\r\nA review would be appreciated, but I intend to commit at the end of my day to ensure a couple of nightly runs to see if it did make an improvement.","updateAuthor":{"self":"https://issues.apache.org/jira/rest/api/2/user?username=myrna","name":"myrna","emailAddress":"m dot v dot lunteren at gmail dot com","avatarUrls":{"48x48":"https://issues.apache.org/jira/secure/useravatar?avatarId=10452","24x24":"https://issues.apache.org/jira/secure/useravatar?size=small&avatarId=10452","16x16":"https://issues.apache.org/jira/secure/useravatar?size=xsmall&avatarId=10452","32x32":"https://issues.apache.org/jira/secure/useravatar?size=medium&avatarId=10452"},"displayName":"Myrna van Lunteren","active":true},"created":"2014-01-30T17:12:07.226+0000","updated":"2014-01-30T17:12:07.226+0000"},{"self":"https://issues.apache.org/jira/rest/api/2/issue/12685493/comment/13887379","id":"13887379","author":{"self":"https://issues.apache.org/jira/rest/api/2/user?username=jira-bot","name":"jira-bot","emailAddress":"no-reply at urd dot zones dot apache dot org","avatarUrls":{"48x48":"https://issues.apache.org/jira/secure/useravatar?avatarId=10452","24x24":"https://issues.apache.org/jira/secure/useravatar?size=small&avatarId=10452","16x16":"https://issues.apache.org/jira/secure/useravatar?size=xsmall&avatarId=10452","32x32":"https://issues.apache.org/jira/secure/useravatar?size=medium&avatarId=10452"},"displayName":"ASF subversion and git services","active":true},"body":"Commit 1563032 from [~myrna] in branch 'code/trunk'\r\n[ https://svn.apache.org/r1563032 ]\r\n\r\nDERBY-6437; ConstraintCharachteristicsTest testLockingWithRollback or testLockingWithCommit failing on trunk with AssertionFailedError - isolation levels ...\r\n   adjusting the derby.locks.waitTimeout.","updateAuthor":{"self":"https://issues.apache.org/jira/rest/api/2/user?username=jira-bot","name":"jira-bot","emailAddress":"no-reply at urd dot zones dot apache dot org","avatarUrls":{"48x48":"https://issues.apache.org/jira/secure/useravatar?avatarId=10452","24x24":"https://issues.apache.org/jira/secure/useravatar?size=small&avatarId=10452","16x16":"https://issues.apache.org/jira/secure/useravatar?size=xsmall&avatarId=10452","32x32":"https://issues.apache.org/jira/secure/useravatar?size=medium&avatarId=10452"},"displayName":"ASF subversion and git services","active":true},"created":"2014-01-31T01:59:28.736+0000","updated":"2014-01-31T01:59:28.736+0000"},{"self":"https://issues.apache.org/jira/rest/api/2/issue/12685493/comment/13893593","id":"13893593","author":{"self":"https://issues.apache.org/jira/rest/api/2/user?username=myrna","name":"myrna","emailAddress":"m dot v dot lunteren at gmail dot com","avatarUrls":{"48x48":"https://issues.apache.org/jira/secure/useravatar?avatarId=10452","24x24":"https://issues.apache.org/jira/secure/useravatar?size=small&avatarId=10452","16x16":"https://issues.apache.org/jira/secure/useravatar?size=xsmall&avatarId=10452","32x32":"https://issues.apache.org/jira/secure/useravatar?size=medium&avatarId=10452"},"displayName":"Myrna van Lunteren","active":true},"body":"It's been a week and I've not seen this fail again. I'm resolving now, if it pops up again, this can be reopened.","updateAuthor":{"self":"https://issues.apache.org/jira/rest/api/2/user?username=myrna","name":"myrna","emailAddress":"m dot v dot lunteren at gmail dot com","avatarUrls":{"48x48":"https://issues.apache.org/jira/secure/useravatar?avatarId=10452","24x24":"https://issues.apache.org/jira/secure/useravatar?size=small&avatarId=10452","16x16":"https://issues.apache.org/jira/secure/useravatar?size=xsmall&avatarId=10452","32x32":"https://issues.apache.org/jira/secure/useravatar?size=medium&avatarId=10452"},"displayName":"Myrna van Lunteren","active":true},"created":"2014-02-06T17:58:05.000+0000","updated":"2014-02-06T17:58:05.000+0000"},{"self":"https://issues.apache.org/jira/rest/api/2/issue/12685493/comment/14284816","id":"14284816","author":{"self":"https://issues.apache.org/jira/rest/api/2/user?username=myrna","name":"myrna","emailAddress":"m dot v dot lunteren at gmail dot com","avatarUrls":{"48x48":"https://issues.apache.org/jira/secure/useravatar?avatarId=10452","24x24":"https://issues.apache.org/jira/secure/useravatar?size=small&avatarId=10452","16x16":"https://issues.apache.org/jira/secure/useravatar?size=xsmall&avatarId=10452","32x32":"https://issues.apache.org/jira/secure/useravatar?size=medium&avatarId=10452"},"displayName":"Myrna van Lunteren","active":true},"body":"bulk change to close all issues resolved but not closed and not changed since June 1, 2014.","updateAuthor":{"self":"https://issues.apache.org/jira/rest/api/2/user?username=myrna","name":"myrna","emailAddress":"m dot v dot lunteren at gmail dot com","avatarUrls":{"48x48":"https://issues.apache.org/jira/secure/useravatar?avatarId=10452","24x24":"https://issues.apache.org/jira/secure/useravatar?size=small&avatarId=10452","16x16":"https://issues.apache.org/jira/secure/useravatar?size=xsmall&avatarId=10452","32x32":"https://issues.apache.org/jira/secure/useravatar?size=medium&avatarId=10452"},"displayName":"Myrna van Lunteren","active":true},"created":"2015-01-21T00:23:31.835+0000","updated":"2015-01-21T00:23:31.835+0000"}]},"votes":{"self":"https://issues.apache.org/jira/rest/api/2/issue/DERBY-6437/votes","votes":0,"hasVoted":false},"worklog":{"startAt":0,"maxResults":20,"total":0,"worklogs":[]},"customfield_12311820":"0|i1qu8f:"}}