{"expand":"renderedFields,names,schema,transitions,operations,editmeta,changelog","id":"12601594","self":"https://issues.apache.org/jira/rest/api/latest/issue/12601594","key":"LUCENE-4292","fields":{"issuetype":{"self":"https://issues.apache.org/jira/rest/api/2/issuetype/1","id":"1","description":"A problem which impairs or prevents the functions of the product.","iconUrl":"https://issues.apache.org/jira/images/icons/issuetypes/bug.png","name":"Bug","subtask":false},"timespent":null,"project":{"self":"https://issues.apache.org/jira/rest/api/2/project/12310110","id":"12310110","key":"LUCENE","name":"Lucene - Core","avatarUrls":{"48x48":"https://issues.apache.org/jira/secure/projectavatar?pid=12310110&avatarId=10061","24x24":"https://issues.apache.org/jira/secure/projectavatar?size=small&pid=12310110&avatarId=10061","16x16":"https://issues.apache.org/jira/secure/projectavatar?size=xsmall&pid=12310110&avatarId=10061","32x32":"https://issues.apache.org/jira/secure/projectavatar?size=medium&pid=12310110&avatarId=10061"},"projectCategory":{"self":"https://issues.apache.org/jira/rest/api/2/projectCategory/10150","id":"10150","description":"Lucene-related projects","name":"Lucene"}},"fixVersions":[{"self":"https://issues.apache.org/jira/rest/api/2/version/12322456","id":"12322456","description":"Beta release after 4.0-ALPHA","name":"4.0-BETA","archived":false,"released":true,"releaseDate":"2012-08-13"},{"self":"https://issues.apache.org/jira/rest/api/2/version/12321663","id":"12321663","description":"Current trunk","name":"Trunk","archived":false,"released":false}],"aggregatetimespent":null,"resolution":{"self":"https://issues.apache.org/jira/rest/api/2/resolution/1","id":"1","description":"A fix for this issue is checked into the tree and tested.","name":"Fixed"},"customfield_12312322":null,"customfield_12310220":"2012-08-06 18:29:00.563","customfield_12312323":null,"customfield_12310420":"243678","customfield_12312320":null,"customfield_12310222":"1_*:*_1_*:*_1154190_*|*_5_*:*_1_*:*_0","customfield_12312321":null,"customfield_12312120":null,"customfield_12312121":null,"resolutiondate":"2012-08-06T18:29:00.528+0000","workratio":-1,"customfield_12312328":null,"customfield_12312329":null,"customfield_12312326":null,"customfield_12310300":null,"customfield_12312327":null,"customfield_12312324":null,"customfield_12312325":null,"lastViewed":null,"watches":{"self":"https://issues.apache.org/jira/rest/api/2/issue/LUCENE-4292/watchers","watchCount":3,"isWatching":false},"created":"2012-08-06T18:09:46.384+0000","priority":{"self":"https://issues.apache.org/jira/rest/api/2/priority/3","iconUrl":"https://issues.apache.org/jira/images/icons/priorities/major.png","name":"Major","id":"3"},"labels":[],"customfield_12312333":null,"customfield_12312334":null,"customfield_12310310":"0.0","customfield_12312331":null,"customfield_12312332":null,"timeestimate":null,"aggregatetimeoriginalestimate":null,"customfield_12312330":null,"customfield_12311120":null,"versions":[],"issuelinks":[],"customfield_12312339":null,"assignee":{"self":"https://issues.apache.org/jira/rest/api/2/user?username=mikemccand","name":"mikemccand","emailAddress":"lucene at mikemccandless dot com","avatarUrls":{"48x48":"https://issues.apache.org/jira/secure/useravatar?avatarId=10452","24x24":"https://issues.apache.org/jira/secure/useravatar?size=small&avatarId=10452","16x16":"https://issues.apache.org/jira/secure/useravatar?size=xsmall&avatarId=10452","32x32":"https://issues.apache.org/jira/secure/useravatar?size=medium&avatarId=10452"},"displayName":"Michael McCandless","active":true},"customfield_12312337":null,"customfield_12312338":null,"updated":"2013-05-10T10:38:42.868+0000","customfield_12312335":null,"customfield_12312336":null,"customfield_12311720":null,"status":{"self":"https://issues.apache.org/jira/rest/api/2/status/6","description":"The issue is considered finished, the resolution is correct. Issues which are closed can be reopened.","iconUrl":"https://issues.apache.org/jira/images/icons/statuses/closed.png","name":"Closed","id":"6","statusCategory":{"self":"https://issues.apache.org/jira/rest/api/2/statuscategory/3","id":3,"key":"done","colorName":"green","name":"Complete"}},"components":[],"timeoriginalestimate":null,"description":"{code}\r\nbuild\t06-Aug-2012 19:45:55\t[junit4:junit4] FAILURE 1.44s | TestPerfTasksLogic.testBGSearchTaskThreads\r\nbuild\t06-Aug-2012 19:45:55\t[junit4:junit4]    > Throwable #1: java.lang.AssertionError\r\nbuild\t06-Aug-2012 19:45:55\t[junit4:junit4]    > \tat __randomizedtesting.SeedInfo.seed([73A6DA79EDD783F8:AE931FA55514525A]:0)\r\nbuild\t06-Aug-2012 19:45:55\t[junit4:junit4]    > \tat org.junit.Assert.fail(Assert.java:92)\r\nbuild\t06-Aug-2012 19:45:55\t[junit4:junit4]    > \tat org.junit.Assert.assertTrue(Assert.java:43)\r\nbuild\t06-Aug-2012 19:45:55\t[junit4:junit4]    > \tat org.junit.Assert.assertTrue(Assert.java:54)\r\nbuild\t06-Aug-2012 19:45:55\t[junit4:junit4]    > \tat org.apache.lucene.benchmark.byTask.TestPerfTasksLogic.testBGSearchTaskThreads(TestPerfTasksLogic.java:159)\r\nbuild\t06-Aug-2012 19:45:55\t[junit4:junit4]    > \tat sun.reflect.NativeMethodAccessorImpl.invoke0(Native Method)\r\nbuild\t06-Aug-2012 19:45:55\t[junit4:junit4]    > \tat sun.reflect.NativeMethodAccessorImpl.invoke(NativeMethodAccessorImpl.java:39)\r\nbuild\t06-Aug-2012 19:45:55\t[junit4:junit4]    > \tat sun.reflect.DelegatingMethodAccessorImpl.invoke(DelegatingMethodAccessorImpl.java:25)\r\nbuild\t06-Aug-2012 19:45:55\t[junit4:junit4]    > \tat java.lang.reflect.Method.invoke(Method.java:597)\r\nbuild\t06-Aug-2012 19:45:55\t[junit4:junit4]    > \tat com.carrotsearch.randomizedtesting.RandomizedRunner.invoke(RandomizedRunner.java:1559)\r\nbuild\t06-Aug-2012 19:45:55\t[junit4:junit4]    > \tat com.carrotsearch.randomizedtesting.RandomizedRunner.access$600(RandomizedRunner.java:79)\r\nbuild\t06-Aug-2012 19:45:55\t[junit4:junit4]    > \tat com.carrotsearch.randomizedtesting.RandomizedRunner$6.evaluate(RandomizedRunner.java:737)\r\nbuild\t06-Aug-2012 19:45:55\t[junit4:junit4]    > \tat com.carrotsearch.randomizedtesting.RandomizedRunner$7.evaluate(RandomizedRunner.java:773)\r\nbuild\t06-Aug-2012 19:45:55\t[junit4:junit4]    > \tat com.carrotsearch.randomizedtesting.RandomizedRunner$8.evaluate(RandomizedRunner.java:787)\r\nbuild\t06-Aug-2012 19:45:55\t[junit4:junit4]    > \tat org.apache.lucene.util.TestRuleSetupTeardownChained$1.evaluate(TestRuleSetupTeardownChained.java:50)\r\nbuild\t06-Aug-2012 19:45:55\t[junit4:junit4]    > \tat org.apache.lucene.util.TestRuleFieldCacheSanity$1.evaluate(TestRuleFieldCacheSanity.java:32)\r\nbuild\t06-Aug-2012 19:45:55\t[junit4:junit4]    > \tat org.apache.lucene.util.AbstractBeforeAfterRule$1.evaluate(AbstractBeforeAfterRule.java:45)\r\nbuild\t06-Aug-2012 19:45:55\t[junit4:junit4]    > \tat com.carrotsearch.randomizedtesting.rules.SystemPropertiesInvariantRule$1.evaluate(SystemPropertiesInvariantRule.java:55)\r\nbuild\t06-Aug-2012 19:45:55\t[junit4:junit4]    > \tat org.apache.lucene.util.TestRuleThreadAndTestName$1.evaluate(TestRuleThreadAndTestName.java:48)\r\nbuild\t06-Aug-2012 19:45:55\t[junit4:junit4]    > \tat org.apache.lucene.util.TestRuleIgnoreAfterMaxFailures$1.evaluate(TestRuleIgnoreAfterMaxFailures.java:70)\r\nbuild\t06-Aug-2012 19:45:55\t[junit4:junit4]    > \tat org.apache.lucene.util.TestRuleMarkFailure$1.evaluate(TestRuleMarkFailure.java:48)\r\nbuild\t06-Aug-2012 19:45:55\t[junit4:junit4]    > \tat com.carrotsearch.randomizedtesting.rules.StatementAdapter.evaluate(StatementAdapter.java:36)\r\nbuild\t06-Aug-2012 19:45:55\t[junit4:junit4]    > \tat com.carrotsearch.randomizedtesting.ThreadLeakControl$StatementRunner.run(ThreadLeakControl.java:345)\r\nbuild\t06-Aug-2012 19:45:55\t[junit4:junit4]    > \tat com.carrotsearch.randomizedtesting.ThreadLeakControl.forkTimeoutingTask(ThreadLeakControl.java:769)\r\nbuild\t06-Aug-2012 19:45:55\t[junit4:junit4]    > \tat com.carrotsearch.randomizedtesting.ThreadLeakControl$3.evaluate(ThreadLeakControl.java:429)\r\nbuild\t06-Aug-2012 19:45:55\t[junit4:junit4]    > \tat com.carrotsearch.randomizedtesting.RandomizedRunner.runSingleTest(RandomizedRunner.java:746)\r\nbuild\t06-Aug-2012 19:45:55\t[junit4:junit4]    > \tat com.carrotsearch.randomizedtesting.RandomizedRunner$3.evaluate(RandomizedRunner.java:648)\r\nbuild\t06-Aug-2012 19:45:55\t[junit4:junit4]    > \tat com.carrotsearch.randomizedtesting.RandomizedRunner$4.evaluate(RandomizedRunner.java:682)\r\nbuild\t06-Aug-2012 19:45:55\t[junit4:junit4]    > \tat com.carrotsearch.randomizedtesting.RandomizedRunner$5.evaluate(RandomizedRunner.java:693)\r\nbuild\t06-Aug-2012 19:45:55\t[junit4:junit4]    > \tat org.apache.lucene.util.AbstractBeforeAfterRule$1.evaluate(AbstractBeforeAfterRule.java:45)\r\nbuild\t06-Aug-2012 19:45:55\t[junit4:junit4]    > \tat org.apache.lucene.util.TestRuleStoreClassName$1.evaluate(TestRuleStoreClassName.java:38)\r\nbuild\t06-Aug-2012 19:45:55\t[junit4:junit4]    > \tat com.carrotsearch.randomizedtesting.rules.SystemPropertiesInvariantRule$1.evaluate(SystemPropertiesInvariantRule.java:55)\r\nbuild\t06-Aug-2012 19:45:55\t[junit4:junit4]    > \tat com.carrotsearch.randomizedtesting.rules.NoShadowingOrOverridesOnMethodsRule$1.evaluate(NoShadowingOrOverridesOnMethodsRule.java:39)\r\nbuild\t06-Aug-2012 19:45:55\t[junit4:junit4]    > \tat com.carrotsearch.randomizedtesting.rules.NoShadowingOrOverridesOnMethodsRule$1.evaluate(NoShadowingOrOverridesOnMethodsRule.java:39)\r\nbuild\t06-Aug-2012 19:45:55\t[junit4:junit4]    > \tat org.apache.lucene.util.TestRuleAssertionsRequired$1.evaluate(TestRuleAssertionsRequired.java:40)\r\nbuild\t06-Aug-2012 19:45:55\t[junit4:junit4]    > \tat org.apache.lucene.util.TestRuleMarkFailure$1.evaluate(TestRuleMarkFailure.java:48)\r\nbuild\t06-Aug-2012 19:45:55\t[junit4:junit4]    > \tat org.apache.lucene.util.TestRuleIgnoreAfterMaxFailures$1.evaluate(TestRuleIgnoreAfterMaxFailures.java:70)\r\nbuild\t06-Aug-2012 19:45:55\t[junit4:junit4]    > \tat org.apache.lucene.util.TestRuleIgnoreTestSuites$1.evaluate(TestRuleIgnoreTestSuites.java:55)\r\nbuild\t06-Aug-2012 19:45:55\t[junit4:junit4]    > \tat com.carrotsearch.randomizedtesting.rules.StatementAdapter.evaluate(StatementAdapter.java:36)\r\nbuild\t06-Aug-2012 19:45:55\t[junit4:junit4]    > \tat com.carrotsearch.randomizedtesting.ThreadLeakControl$StatementRunner.run(ThreadLeakControl.java:345)\r\nbuild\t06-Aug-2012 19:45:55\t[junit4:junit4]    > \tat java.lang.Thread.run(Thread.java:662)\r\nbuild\t06-Aug-2012 19:45:55\t[junit4:junit4]    > \r\nbuild\t06-Aug-2012 19:45:55\t[junit4:junit4]   1> ------------> starting task: Seq\r\nbuild\t06-Aug-2012 19:45:55\t[junit4:junit4]   1> \r\nbuild\t06-Aug-2012 19:45:55\t[junit4:junit4]   1> ------------> Report Sum By Prefix (X) (1 about 1 out of 1012)\r\nbuild\t06-Aug-2012 19:45:55\t[junit4:junit4]   1> Operation     round   runCnt   recsPerRun        rec/s  elapsedSec    avgUsedMem    avgTotalMem\r\nbuild\t06-Aug-2012 19:45:55\t[junit4:junit4]   1> XSearch_2_Par     0        1            0         0.00        0.00    15,377,688    179,961,856\r\nbuild\t06-Aug-2012 19:45:55\t[junit4:junit4]   1> \r\nbuild\t06-Aug-2012 19:45:55\t[junit4:junit4]   2> NOTE: reproduce with: ant test  -Dtestcase=TestPerfTasksLogic -Dtests.method=testBGSearchTaskThreads -Dtests.seed=73A6DA79EDD783F8 -Dtests.slow=true -Dtests.locale=iw_IL -Dtests.timezone=Europe/San_Marino -Dtests.file.encoding=UTF-8\r\nbuild\t06-Aug-2012 19:45:55\t[junit4:junit4]   1> \r\nbuild\t06-Aug-2012 19:45:55\t[junit4:junit4]   2>\r\nbuild\t06-Aug-2012 19:45:55\t[junit4:junit4] OK      0.36s | TestPerfTasksLogic.testDisableCounting\r\nbuild\t06-Aug-2012 19:45:55\t[junit4:junit4]   1> ------------> starting task: Seq\r\nbuild\t06-Aug-2012 19:45:55\t[junit4:junit4]   1> ------------> starting task: Rounds\r\nbuild\t06-Aug-2012 19:45:55\t[junit4:junit4]   1> \r\nbuild\t06-Aug-2012 19:45:55\t[junit4:junit4]   1> ------------> Report Sum By (any) Name (4 about 4 out of 5)\r\nbuild\t06-Aug-2012 19:45:55\t[junit4:junit4]   1> Operation       round   runCnt   recsPerRun        rec/s  elapsedSec    avgUsedMem    avgTotalMem\r\nbuild\t06-Aug-2012 19:45:55\t[junit4:junit4]   1> Rounds              0        1           20       256.41        0.08     5,550,800    180,027,392\r\nbuild\t06-Aug-2012 19:45:55\t[junit4:junit4]   1> CreateIndex -  -  - 0 -  -   1 -  -  -  - 0 -  -  - 0.00 -  -   0.00 -   2,530,536 -  180,027,392\r\nbuild\t06-Aug-2012 19:45:55\t[junit4:junit4]   1> AddDocs_Exhaust     0        1           20     1,333.33        0.01     2,530,536    180,027,392\r\nbuild\t06-Aug-2012 19:45:55\t[junit4:junit4]   1> CloseIndex -  -  -  0 -  -   1 -  -  -  - 0 -  -  - 0.00 -  -   0.00 -   5,550,800 -  180,027,392\r\nbuild\t06-Aug-2012 19:45:55\t[junit4:junit4]   1> \r\nbuild\t06-Aug-2012 19:45:55\t[junit4:junit4]   1> ------------> starting task: Seq\r\nbuild\t06-Aug-2012 19:45:55\t[junit4:junit4]   1> ------------> starting task: Rounds\r\nbuild\t06-Aug-2012 19:45:55\t[junit4:junit4]   1> \r\nbuild\t06-Aug-2012 19:45:55\t[junit4:junit4]   1> ------------> Report Sum By (any) Name (4 about 4 out of 5)\r\nbuild\t06-Aug-2012 19:45:55\t[junit4:junit4]   1> Operation       round   runCnt   recsPerRun        rec/s  elapsedSec    avgUsedMem    avgTotalMem\r\nbuild\t06-Aug-2012 19:45:55\t[junit4:junit4]   1> Rounds              0        1           22       282.05        0.08     5,988,616    180,027,392\r\nbuild\t06-Aug-2012 19:45:55\t[junit4:junit4]   1> CreateIndex -  -  - 0 -  -   1 -  -  -  - 1 -   1,000.00 -  -   0.00 -   2,965,432 -  180,027,392\r\nbuild\t06-Aug-2012 19:45:55\t[junit4:junit4]   1> AddDocs_Exhaust     0        1           20    20,000.00        0.00     2,965,432    180,027,392\r\nbuild\t06-Aug-2012 19:45:55\t[junit4:junit4]   1> CloseIndex -  -  -  0 -  -   1 -  -  -  - 1 -  -   66.67 -  -   0.01 -   5,988,616 -  180,027,392\r\nbuild\t06-Aug-2012 19:45:55\t[junit4:junit4]   1> \r\nbuild\t06-Aug-2012 19:45:55\t[junit4:junit4]   1>\r\nbuild\t06-Aug-2012 19:45:55\t[junit4:junit4] OK      0.75s | TestPerfTasksLogic.testLocale\r\nbuild\t06-Aug-2012 19:45:55\t[junit4:junit4]   1> Changed Locale to: null\r\nbuild\t06-Aug-2012 19:45:55\t[junit4:junit4]   1> \r\nbuild\t06-Aug-2012 19:45:55\t[junit4:junit4]   1> --> Round 0-->1\r\nbuild\t06-Aug-2012 19:45:55\t[junit4:junit4]   1> \r\nbuild\t06-Aug-2012 19:45:55\t[junit4:junit4]   1> Changed Locale to: root locale\r\nbuild\t06-Aug-2012 19:45:55\t[junit4:junit4]   1> \r\nbuild\t06-Aug-2012 19:45:55\t[junit4:junit4]   1> --> Round 0-->1\r\nbuild\t06-Aug-2012 19:45:55\t[junit4:junit4]   1> \r\nbuild\t06-Aug-2012 19:45:55\t[junit4:junit4]   1> Changed Locale to: de\r\nbuild\t06-Aug-2012 19:45:55\t[junit4:junit4]   1> \r\nbuild\t06-Aug-2012 19:45:55\t[junit4:junit4]   1> --> Round 0-->1\r\nbuild\t06-Aug-2012 19:45:55\t[junit4:junit4]   1> \r\nbuild\t06-Aug-2012 19:45:55\t[junit4:junit4]   1> Changed Locale to: en_US\r\nbuild\t06-Aug-2012 19:45:55\t[junit4:junit4]   1> \r\nbuild\t06-Aug-2012 19:45:55\t[junit4:junit4]   1> --> Round 0-->1\r\nbuild\t06-Aug-2012 19:45:55\t[junit4:junit4]   1> \r\nbuild\t06-Aug-2012 19:45:55\t[junit4:junit4]   1> Changed Locale to: no_NO_NY\r\nbuild\t06-Aug-2012 19:45:55\t[junit4:junit4]   1> \r\nbuild\t06-Aug-2012 19:45:55\t[junit4:junit4]   1> --> Round 0-->1\r\nbuild\t06-Aug-2012 19:45:55\t[junit4:junit4]   1> \r\nbuild\t06-Aug-2012 19:45:55\t[junit4:junit4]   1>\r\nbuild\t06-Aug-2012 19:45:55\t[junit4:junit4] OK      0.28s | TestPerfTasksLogic.testMergeScheduler\r\nbuild\t06-Aug-2012 19:45:55\t[junit4:junit4] OK      0.20s | TestPerfTasksLogic.testReadTokens\r\nbuild\t06-Aug-2012 19:45:55\t[junit4:junit4]   1> ------------> starting task: Seq\r\nbuild\t06-Aug-2012 19:45:55\t[junit4:junit4]   1>\r\nbuild\t06-Aug-2012 19:45:55\t[junit4:junit4] OK      0.20s | TestPerfTasksLogic.testExhaustContentSource\r\nbuild\t06-Aug-2012 19:45:55\t[junit4:junit4]   1> ------------> starting task: Seq\r\nbuild\t06-Aug-2012 19:45:55\t[junit4:junit4]   1>\r\nbuild\t06-Aug-2012 19:45:55\t[junit4:junit4] OK      0.48s | TestPerfTasksLogic.testParallelDocMaker\r\nbuild\t06-Aug-2012 19:45:55\t[junit4:junit4]   1> ------------> starting task: Seq\r\nbuild\t06-Aug-2012 19:45:55\t[junit4:junit4]   1>\r\nbuild\t06-Aug-2012 19:45:55\t[junit4:junit4] OK      0.97s | TestPerfTasksLogic.testHighlighting\r\nbuild\t06-Aug-2012 19:45:55\t[junit4:junit4]   1> ------------> starting task: Seq\r\nbuild\t06-Aug-2012 19:45:55\t[junit4:junit4]   1>\r\nbuild\t06-Aug-2012 19:45:55\t[junit4:junit4] OK      0.86s | TestPerfTasksLogic.testCollator\r\nbuild\t06-Aug-2012 19:45:55\t[junit4:junit4]   1> Changed Locale to: root locale\r\nbuild\t06-Aug-2012 19:45:55\t[junit4:junit4]   1> Changed Analyzer to: org.apache.lucene.collation.CollationKeyAnalyzer()\r\nbuild\t06-Aug-2012 19:45:55\t[junit4:junit4]   1> \r\nbuild\t06-Aug-2012 19:45:55\t[junit4:junit4]   1> --> Round 0-->1\r\nbuild\t06-Aug-2012 19:45:55\t[junit4:junit4]   1> \r\nbuild\t06-Aug-2012 19:45:55\t[junit4:junit4]   1> Changed Locale to: de\r\nbuild\t06-Aug-2012 19:45:55\t[junit4:junit4]   1> Changed Analyzer to: org.apache.lucene.collation.CollationKeyAnalyzer(de)\r\nbuild\t06-Aug-2012 19:45:55\t[junit4:junit4]   1> \r\nbuild\t06-Aug-2012 19:45:55\t[junit4:junit4]   1> --> Round 0-->1\r\nbuild\t06-Aug-2012 19:45:55\t[junit4:junit4]   1> \r\nbuild\t06-Aug-2012 19:45:55\t[junit4:junit4]   1> Changed Locale to: en_US\r\nbuild\t06-Aug-2012 19:45:55\t[junit4:junit4]   1> Changed Analyzer to: org.apache.lucene.collation.CollationKeyAnalyzer(en_US)\r\nbuild\t06-Aug-2012 19:45:55\t[junit4:junit4]   1> \r\nbuild\t06-Aug-2012 19:45:55\t[junit4:junit4]   1> --> Round 0-->1\r\nbuild\t06-Aug-2012 19:45:55\t[junit4:junit4]   1> \r\nbuild\t06-Aug-2012 19:45:55\t[junit4:junit4]   1> Changed Locale to: no_NO_NY\r\nbuild\t06-Aug-2012 19:45:55\t[junit4:junit4]   1> Changed Analyzer to: org.apache.lucene.collation.CollationKeyAnalyzer(no_NO_NY)\r\nbuild\t06-Aug-2012 19:45:55\t[junit4:junit4]   1> \r\nbuild\t06-Aug-2012 19:45:55\t[junit4:junit4]   1> --> Round 0-->1\r\nbuild\t06-Aug-2012 19:45:55\t[junit4:junit4]   1> \r\nbuild\t06-Aug-2012 19:45:55\t[junit4:junit4]   1>\r\nbuild\t06-Aug-2012 19:45:55\t[junit4:junit4] OK      0.50s | TestPerfTasksLogic.testIndexWriterSettings\r\nbuild\t06-Aug-2012 19:45:55\t[junit4:junit4]   1> \r\nbuild\t06-Aug-2012 19:45:55\t[junit4:junit4]   1> --> Round 0-->1:   compound:true-->false  doc.term.vector:false-->true\r\nbuild\t06-Aug-2012 19:45:55\t[junit4:junit4]   1> \r\nbuild\t06-Aug-2012 19:45:55\t[junit4:junit4]   1> \r\nbuild\t06-Aug-2012 19:45:55\t[junit4:junit4]   1> --> Round 1-->2:   compound:false-->true  doc.term.vector:true-->false\r\nbuild\t06-Aug-2012 19:45:55\t[junit4:junit4]   1> \r\nbuild\t06-Aug-2012 19:45:55\t[junit4:junit4]   1>\r\nbuild\t06-Aug-2012 19:45:55\t[junit4:junit4] OK      0.53s | TestPerfTasksLogic.testHighlightingNoTvNoStore\r\nbuild\t06-Aug-2012 19:45:55\t[junit4:junit4]   1> ------------> starting task: Seq\r\nbuild\t06-Aug-2012 19:45:55\t[junit4:junit4]   1>    0.25 sec --> TEST-TestPerfTasksLogic.testHighlightingNoTvNoStore-seed#[73A6DA79EDD783F8] added      1000 docs\r\nbuild\t06-Aug-2012 19:45:55\t[junit4:junit4]   1>\r\nbuild\t06-Aug-2012 19:45:55\t[junit4:junit4] OK      0.52s | TestPerfTasksLogic.testShingleAnalyzer\r\nbuild\t06-Aug-2012 19:45:55\t[junit4:junit4]   1> ------------> starting task: Seq\r\nbuild\t06-Aug-2012 19:45:55\t[junit4:junit4]   1> Changed Analyzer to: ShingleAnalyzerWrapper, wrapping ShingleFilter over org.apache.lucene.analysis.standard.StandardAnalyzer\r\nbuild\t06-Aug-2012 19:45:55\t[junit4:junit4]   1> ------------> starting task: Seq\r\nbuild\t06-Aug-2012 19:45:55\t[junit4:junit4]   1> Changed Analyzer to: ShingleAnalyzerWrapper, wrapping ShingleFilter over org.apache.lucene.analysis.standard.StandardAnalyzer\r\nbuild\t06-Aug-2012 19:45:55\t[junit4:junit4]   1> ------------> starting task: Seq\r\nbuild\t06-Aug-2012 19:45:55\t[junit4:junit4]   1> Changed Analyzer to: ShingleAnalyzerWrapper, wrapping ShingleFilter over org.apache.lucene.analysis.core.WhitespaceAnalyzer\r\nbuild\t06-Aug-2012 19:45:55\t[junit4:junit4]   1> ------------> starting task: Seq\r\nbuild\t06-Aug-2012 19:45:55\t[junit4:junit4]   1> Changed Analyzer to: ShingleAnalyzerWrapper, wrapping ShingleFilter over org.apache.lucene.analysis.core.WhitespaceAnalyzer\r\nbuild\t06-Aug-2012 19:45:55\t[junit4:junit4]   1>\r\nbuild\t06-Aug-2012 19:45:55\t[junit4:junit4] OK      0.33s | TestPerfTasksLogic.testExhaustedLooped\r\nbuild\t06-Aug-2012 19:45:55\t[junit4:junit4]   1> ------------> starting task: Rounds_2\r\nbuild\t06-Aug-2012 19:45:55\t[junit4:junit4]   1>\r\nbuild\t06-Aug-2012 19:45:55\t[junit4:junit4] OK      0.73s | TestPerfTasksLogic.testHighlightingTV\r\nbuild\t06-Aug-2012 19:45:55\t[junit4:junit4]   1> ------------> starting task: Seq\r\nbuild\t06-Aug-2012 19:45:55\t[junit4:junit4]   1>    0.20 sec --> TEST-TestPerfTasksLogic.testHighlightingTV-seed#[73A6DA79EDD783F8] added      1000 docs\r\nbuild\t06-Aug-2012 19:45:55\t[junit4:junit4]   1>\r\nbuild\t06-Aug-2012 19:45:55\t[junit4:junit4] OK      0.55s | TestPerfTasksLogic.testDocMakerThreadSafety\r\nbuild\t06-Aug-2012 19:45:55\t[junit4:junit4]   1> ------------> starting task: Seq\r\nbuild\t06-Aug-2012 19:45:55\t[junit4:junit4]   1>\r\nbuild\t06-Aug-2012 19:45:55\t[junit4:junit4] OK      0.36s | TestPerfTasksLogic.testForceMerge\r\nbuild\t06-Aug-2012 19:45:55\t[junit4:junit4] OK      0.70s | TestPerfTasksLogic.testTimedSearchTask\r\nbuild\t06-Aug-2012 19:45:55\t[junit4:junit4]   1> ------------> starting task: Seq\r\nbuild\t06-Aug-2012 19:45:55\t[junit4:junit4]   1>\r\nbuild\t06-Aug-2012 19:45:55\t[junit4:junit4]    > (@AfterClass output)\r\nbuild\t06-Aug-2012 19:45:55\t[junit4:junit4]   2> NOTE: test params are: codec=Lucene40: {body=Lucene40(minBlockSize=90 maxBlockSize=264), docdate=Lucene40(minBlockSize=90 maxBlockSize=264), docdatenum=PostingsFormat(name=Memory doPackFST= true), docname=PostingsFormat(name=MockRandom), sort_field=PostingsFormat(name=Memory doPackFST= false), country=Lucene40(minBlockSize=90 maxBlockSize=264), docid=PostingsFormat(name=MockRandom), $facets=PostingsFormat(name=Memory doPackFST= true), random_string=PostingsFormat(name=Memory doPackFST= false), $full_path$=PostingsFormat(name=MockRandom), doctitle=PostingsFormat(name=Memory doPackFST= true), doctimesecnum=Lucene40(minBlockSize=90 maxBlockSize=264), $payloads$=PostingsFormat(name=MockRandom)}, sim=RandomSimilarityProvider(queryNorm=true,coord=true): {}, locale=iw_IL, timezone=Europe/San_Marino\r\nbuild\t06-Aug-2012 19:45:55\t[junit4:junit4]   2> NOTE: Windows 7 6.1 amd64/Sun Microsystems Inc. 1.6.0_33 (64-bit)/cpus=2,threads=1,free=65982616,total=180551680\r\nbuild\t06-Aug-2012 19:45:55\t[junit4:junit4]   2> NOTE: All tests run in this JVM: [StreamUtilsTest, TestHtmlParser, TestPerfTasksParse, PerfTaskTest, AltPackageTaskTest, TestPerfTasksLogic]\r\nbuild\t06-Aug-2012 19:45:55\t[junit4:junit4]   2> \r\nbuild\t06-Aug-2012 19:45:55\t[junit4:junit4] Completed in 16.22s, 23 tests, 1 failure <<< FAILURES!\r\n{code}","customfield_10010":null,"timetracking":{},"customfield_12310120":[{"self":"https://issues.apache.org/jira/rest/api/2/customFieldOption/10121","value":"New","id":"10121"}],"customfield_12312026":null,"customfield_12312023":null,"customfield_12312024":null,"customfield_12312340":null,"aggregatetimeestimate":null,"customfield_12312022":null,"customfield_12312341":null,"customfield_12312220":null,"customfield_12310921":null,"customfield_12310920":"23732","summary":"TestPerfTasksLogic.testBGSearchTaskThreads assertion error","creator":{"self":"https://issues.apache.org/jira/rest/api/2/user?username=dweiss","name":"dweiss","emailAddress":"dawid dot weiss at gmail dot com","avatarUrls":{"48x48":"https://issues.apache.org/jira/secure/useravatar?avatarId=10452","24x24":"https://issues.apache.org/jira/secure/useravatar?size=small&avatarId=10452","16x16":"https://issues.apache.org/jira/secure/useravatar?size=xsmall&avatarId=10452","32x32":"https://issues.apache.org/jira/secure/useravatar?size=medium&avatarId=10452"},"displayName":"Dawid Weiss","active":true},"subtasks":[],"customfield_12310291":null,"reporter":{"self":"https://issues.apache.org/jira/rest/api/2/user?username=dweiss","name":"dweiss","emailAddress":"dawid dot weiss at gmail dot com","avatarUrls":{"48x48":"https://issues.apache.org/jira/secure/useravatar?avatarId=10452","24x24":"https://issues.apache.org/jira/secure/useravatar?size=small&avatarId=10452","16x16":"https://issues.apache.org/jira/secure/useravatar?size=xsmall&avatarId=10452","32x32":"https://issues.apache.org/jira/secure/useravatar?size=medium&avatarId=10452"},"displayName":"Dawid Weiss","active":true},"customfield_12310290":null,"aggregateprogress":{"progress":0,"total":0},"customfield_12311024":null,"environment":null,"customfield_12311020":null,"duedate":null,"customfield_12310250":null,"progress":{"progress":0,"total":0},"comment":{"startAt":0,"maxResults":1,"total":1,"comments":[{"self":"https://issues.apache.org/jira/rest/api/2/issue/12601594/comment/13429322","id":"13429322","author":{"self":"https://issues.apache.org/jira/rest/api/2/user?username=mikemccand","name":"mikemccand","emailAddress":"lucene at mikemccandless dot com","avatarUrls":{"48x48":"https://issues.apache.org/jira/secure/useravatar?avatarId=10452","24x24":"https://issues.apache.org/jira/secure/useravatar?size=small&avatarId=10452","16x16":"https://issues.apache.org/jira/secure/useravatar?size=xsmall&avatarId=10452","32x32":"https://issues.apache.org/jira/secure/useravatar?size=medium&avatarId=10452"},"displayName":"Michael McCandless","active":true},"body":"I commented out the assertion for this test ... it's not valid.","updateAuthor":{"self":"https://issues.apache.org/jira/rest/api/2/user?username=mikemccand","name":"mikemccand","emailAddress":"lucene at mikemccandless dot com","avatarUrls":{"48x48":"https://issues.apache.org/jira/secure/useravatar?avatarId=10452","24x24":"https://issues.apache.org/jira/secure/useravatar?size=small&avatarId=10452","16x16":"https://issues.apache.org/jira/secure/useravatar?size=xsmall&avatarId=10452","32x32":"https://issues.apache.org/jira/secure/useravatar?size=medium&avatarId=10452"},"displayName":"Michael McCandless","active":true},"created":"2012-08-06T18:29:00.563+0000","updated":"2012-08-06T18:29:00.563+0000"}]},"votes":{"self":"https://issues.apache.org/jira/rest/api/2/issue/LUCENE-4292/votes","votes":0,"hasVoted":false},"worklog":{"startAt":0,"maxResults":20,"total":0,"worklogs":[]},"customfield_12311820":"0|i04f87:"}}