{"expand":"renderedFields,names,schema,transitions,operations,editmeta,changelog","id":"12477034","self":"https://issues.apache.org/jira/rest/api/latest/issue/12477034","key":"LUCENE-2696","fields":{"issuetype":{"self":"https://issues.apache.org/jira/rest/api/2/issuetype/1","id":"1","description":"A problem which impairs or prevents the functions of the product.","iconUrl":"https://issues.apache.org/jira/images/icons/issuetypes/bug.png","name":"Bug","subtask":false},"timespent":null,"project":{"self":"https://issues.apache.org/jira/rest/api/2/project/12310110","id":"12310110","key":"LUCENE","name":"Lucene - Core","avatarUrls":{"48x48":"https://issues.apache.org/jira/secure/projectavatar?pid=12310110&avatarId=10061","24x24":"https://issues.apache.org/jira/secure/projectavatar?size=small&pid=12310110&avatarId=10061","16x16":"https://issues.apache.org/jira/secure/projectavatar?size=xsmall&pid=12310110&avatarId=10061","32x32":"https://issues.apache.org/jira/secure/projectavatar?size=medium&pid=12310110&avatarId=10061"},"projectCategory":{"self":"https://issues.apache.org/jira/rest/api/2/projectCategory/10150","id":"10150","description":"Lucene-related projects","name":"Lucene"}},"fixVersions":[{"self":"https://issues.apache.org/jira/rest/api/2/version/12314025","id":"12314025","description":"Alpha release of the 4.x series","name":"4.0-ALPHA","archived":false,"released":true,"releaseDate":"2012-07-03"}],"aggregatetimespent":null,"resolution":{"self":"https://issues.apache.org/jira/rest/api/2/resolution/1","id":"1","description":"A fix for this issue is checked into the tree and tested.","name":"Fixed"},"customfield_12312322":null,"customfield_12310220":"2010-10-11 21:34:58.777","customfield_12312323":null,"customfield_12310420":"11148","customfield_12312320":null,"customfield_12310222":"1_*:*_1_*:*_65084334_*|*_5_*:*_1_*:*_0","customfield_12312321":null,"customfield_12312120":null,"customfield_12312121":null,"resolutiondate":"2010-10-12T09:57:26.511+0000","workratio":-1,"customfield_12312328":null,"customfield_12312329":null,"customfield_12312326":null,"customfield_12310300":null,"customfield_12312327":null,"customfield_12312324":null,"customfield_12312325":null,"lastViewed":null,"watches":{"self":"https://issues.apache.org/jira/rest/api/2/issue/LUCENE-2696/watchers","watchCount":0,"isWatching":false},"created":"2010-10-11T15:52:42.177+0000","priority":{"self":"https://issues.apache.org/jira/rest/api/2/priority/3","iconUrl":"https://issues.apache.org/jira/images/icons/priorities/major.png","name":"Major","id":"3"},"labels":[],"customfield_12312333":null,"customfield_12312334":null,"customfield_12310310":"3.0","customfield_12312331":null,"customfield_12312332":null,"timeestimate":null,"aggregatetimeoriginalestimate":null,"customfield_12312330":null,"customfield_12311120":null,"versions":[{"self":"https://issues.apache.org/jira/rest/api/2/version/12314025","id":"12314025","description":"Alpha release of the 4.x series","name":"4.0-ALPHA","archived":false,"released":true,"releaseDate":"2012-07-03"}],"issuelinks":[],"customfield_12312339":null,"assignee":{"self":"https://issues.apache.org/jira/rest/api/2/user?username=mikemccand","name":"mikemccand","emailAddress":"lucene at mikemccandless dot com","avatarUrls":{"48x48":"https://issues.apache.org/jira/secure/useravatar?avatarId=10452","24x24":"https://issues.apache.org/jira/secure/useravatar?size=small&avatarId=10452","16x16":"https://issues.apache.org/jira/secure/useravatar?size=xsmall&avatarId=10452","32x32":"https://issues.apache.org/jira/secure/useravatar?size=medium&avatarId=10452"},"displayName":"Michael McCandless","active":true},"customfield_12312337":null,"customfield_12312338":null,"updated":"2013-05-10T10:44:04.553+0000","customfield_12312335":null,"customfield_12312336":null,"customfield_12311720":null,"status":{"self":"https://issues.apache.org/jira/rest/api/2/status/6","description":"The issue is considered finished, the resolution is correct. Issues which are closed can be reopened.","iconUrl":"https://issues.apache.org/jira/images/icons/statuses/closed.png","name":"Closed","id":"6","statusCategory":{"self":"https://issues.apache.org/jira/rest/api/2/statuscategory/3","id":3,"key":"done","colorName":"green","name":"Complete"}},"components":[{"self":"https://issues.apache.org/jira/rest/api/2/component/12313730","id":"12313730","name":"general/test","description":"issues with test related code (core or modules)"}],"timeoriginalestimate":null,"description":"This could just be a SimpleText problem.... but just in case\r\n\r\nGrant added payloads to MockAnalyzer in LUCENE-2692\r\n\r\nI wondered what would happen if i turned on his payload filter by default for all tests.\r\n\r\n{noformat}\r\n    [junit] Testsuite: org.apache.lucene.index.TestIndexWriterDelete\r\n    [junit] Testcase: testDeletesOnDiskFull(org.apache.lucene.index.TestIndexWriterDelete):     Caused an ERROR\r\n    [junit] CheckIndex failed\r\n    [junit] java.lang.RuntimeException: CheckIndex failed\r\n    [junit]     at org.apache.lucene.util._TestUtil.checkIndex(_TestUtil.java:80)\r\n    [junit]     at org.apache.lucene.index.TestIndexWriterDelete.doTestOperationsOnDiskFull(TestIndexWriterDelete.java:5\r\n38)\r\n    [junit]     at org.apache.lucene.index.TestIndexWriterDelete.testDeletesOnDiskFull(TestIndexWriterDelete.java:401)\r\n    [junit]     at org.apache.lucene.util.LuceneTestCase$LuceneTestCaseRunner.runChild(LuceneTestCase.java:795)\r\n    [junit]     at org.apache.lucene.util.LuceneTestCase$LuceneTestCaseRunner.runChild(LuceneTestCase.java:768)\r\n    [junit]\r\n    [junit]\r\n    [junit] Testcase: testUpdatesOnDiskFull(org.apache.lucene.index.TestIndexWriterDelete):     Caused an ERROR\r\n    [junit] CheckIndex failed\r\n    [junit] java.lang.RuntimeException: CheckIndex failed\r\n    [junit]     at org.apache.lucene.util._TestUtil.checkIndex(_TestUtil.java:80)\r\n    [junit]     at org.apache.lucene.index.TestIndexWriterDelete.doTestOperationsOnDiskFull(TestIndexWriterDelete.java:5\r\n38)\r\n    [junit]     at org.apache.lucene.index.TestIndexWriterDelete.testUpdatesOnDiskFull(TestIndexWriterDelete.java:405)\r\n    [junit]     at org.apache.lucene.util.LuceneTestCase$LuceneTestCaseRunner.runChild(LuceneTestCase.java:795)\r\n    [junit]     at org.apache.lucene.util.LuceneTestCase$LuceneTestCaseRunner.runChild(LuceneTestCase.java:768)\r\n    [junit]\r\n    [junit]\r\n    [junit] Tests run: 14, Failures: 0, Errors: 2, Time elapsed: 0.322 sec\r\n    [junit]\r\n    [junit] ------------- Standard Output ---------------\r\n    [junit] CheckIndex failed\r\n    [junit] Segments file=segments_2 numSegments=1 version=FORMAT_4_0 [Lucene 4.0]\r\n    [junit]   1 of 1: name=_0 docCount=157\r\n    [junit]     codec=MockFixedIntBlock\r\n    [junit]     compound=true\r\n    [junit]     hasProx=true\r\n    [junit]     numFiles=2\r\n    [junit]     size (MB)=0,017\r\n    [junit]     diagnostics = {os.version=6.0, os=Windows Vista, lucene.version=4.0-SNAPSHOT, source=flush, os.arch=x86,\r\n java.version=1.6.0_21, java.vendor=Sun Microsystems Inc.}\r\n    [junit]     has deletions [delFileName=_0_1.del]\r\n    [junit]     test: open reader.........OK [13 deleted docs]\r\n    [junit]     test: fields..............OK [2 fields]\r\n    [junit]     test: field norms.........OK [2 fields]\r\n    [junit]     test: terms, freq, prox...ERROR [read past EOF]\r\n    [junit] java.io.IOException: read past EOF\r\n    [junit]     at org.apache.lucene.store.BufferedIndexInput.refill(BufferedIndexInput.java:154)\r\n    [junit]     at org.apache.lucene.store.BufferedIndexInput.readBytes(BufferedIndexInput.java:119)\r\n    [junit]     at org.apache.lucene.store.BufferedIndexInput.readBytes(BufferedIndexInput.java:94)\r\n    [junit]     at org.apache.lucene.index.codecs.sep.SepPostingsReaderImpl$SepDocsAndPositionsEnum.getPayload(SepPostin\r\ngsReaderImpl.java:689)\r\n    [junit]     at org.apache.lucene.index.CheckIndex.testTermIndex(CheckIndex.java:693)\r\n    [junit]     at org.apache.lucene.index.CheckIndex.checkIndex(CheckIndex.java:489)\r\n    [junit]     at org.apache.lucene.index.CheckIndex.checkIndex(CheckIndex.java:290)\r\n    [junit]     at org.apache.lucene.index.CheckIndex.checkIndex(CheckIndex.java:286)\r\n    [junit]     at org.apache.lucene.util._TestUtil.checkIndex(_TestUtil.java:76)\r\n    [junit]     at org.apache.lucene.index.TestIndexWriterDelete.doTestOperationsOnDiskFull(TestIndexWriterDelete.java:5\r\n38)\r\n    [junit]     at org.apache.lucene.index.TestIndexWriterDelete.testDeletesOnDiskFull(TestIndexWriterDelete.java:401)\r\n    [junit]     at sun.reflect.NativeMethodAccessorImpl.invoke0(Native Method)\r\n    [junit]     at sun.reflect.NativeMethodAccessorImpl.invoke(NativeMethodAccessorImpl.java:39)\r\n    [junit]     at sun.reflect.DelegatingMethodAccessorImpl.invoke(DelegatingMethodAccessorImpl.java:25)\r\n    [junit]     at java.lang.reflect.Method.invoke(Method.java:597)\r\n    [junit]     at org.junit.runners.model.FrameworkMethod$1.runReflectiveCall(FrameworkMethod.java:44)\r\n    [junit]     at org.junit.internal.runners.model.ReflectiveCallable.run(ReflectiveCallable.java:15)\r\n    [junit]     at org.junit.runners.model.FrameworkMethod.invokeExplosively(FrameworkMethod.java:41)\r\n    [junit]     at org.junit.internal.runners.statements.InvokeMethod.evaluate(InvokeMethod.java:20)\r\n    [junit]     at org.junit.rules.TestWatchman$1.evaluate(TestWatchman.java:48)\r\n    [junit]     at org.junit.internal.runners.statements.RunBefores.evaluate(RunBefores.java:28)\r\n    [junit]     at org.junit.internal.runners.statements.RunAfters.evaluate(RunAfters.java:31)\r\n    [junit]     at org.junit.runners.BlockJUnit4ClassRunner.runChild(BlockJUnit4ClassRunner.java:76)\r\n    [junit]     at org.apache.lucene.util.LuceneTestCase$LuceneTestCaseRunner.runChild(LuceneTestCase.java:795)\r\n    [junit]     at org.apache.lucene.util.LuceneTestCase$LuceneTestCaseRunner.runChild(LuceneTestCase.java:768)\r\n    [junit]     at org.junit.runners.ParentRunner$3.run(ParentRunner.java:193)\r\n    [junit]     at org.junit.runners.ParentRunner$1.schedule(ParentRunner.java:52)\r\n    [junit]     at org.junit.runners.ParentRunner.runChildren(ParentRunner.java:191)\r\n    [junit]     at org.junit.runners.ParentRunner.access$000(ParentRunner.java:42)\r\n    [junit]     at org.junit.runners.ParentRunner$2.evaluate(ParentRunner.java:184)\r\n    [junit]     at org.junit.internal.runners.statements.RunBefores.evaluate(RunBefores.java:28)\r\n    [junit]     at org.junit.internal.runners.statements.RunAfters.evaluate(RunAfters.java:31)\r\n    [junit]     at org.junit.runners.ParentRunner.run(ParentRunner.java:236)\r\n    [junit]     at junit.framework.JUnit4TestAdapter.run(JUnit4TestAdapter.java:39)\r\n    [junit]     at org.apache.tools.ant.taskdefs.optional.junit.JUnitTestRunner.run(JUnitTestRunner.java:420)\r\n    [junit]     at org.apache.tools.ant.taskdefs.optional.junit.JUnitTestRunner.launch(JUnitTestRunner.java:911)\r\n    [junit]     at org.apache.tools.ant.taskdefs.optional.junit.JUnitTestRunner.main(JUnitTestRunner.java:743)\r\n    [junit]     test: stored fields.......OK [223 total field count; avg 1,549 fields per doc]\r\n    [junit]     test: term vectors........OK [242 total vector count; avg 1,681 term/freq vector fields per doc]\r\n    [junit] FAILED\r\n    [junit]     WARNING: fixIndex() would remove reference to this segment; full exception:\r\n    [junit] java.lang.RuntimeException: Term Index test failed\r\n    [junit]     at org.apache.lucene.index.CheckIndex.checkIndex(CheckIndex.java:502)\r\n    [junit]     at org.apache.lucene.index.CheckIndex.checkIndex(CheckIndex.java:290)\r\n    [junit]     at org.apache.lucene.index.CheckIndex.checkIndex(CheckIndex.java:286)\r\n    [junit]     at org.apache.lucene.util._TestUtil.checkIndex(_TestUtil.java:76)\r\n    [junit]     at org.apache.lucene.index.TestIndexWriterDelete.doTestOperationsOnDiskFull(TestIndexWriterDelete.java:5\r\n38)\r\n    [junit]     at org.apache.lucene.index.TestIndexWriterDelete.testDeletesOnDiskFull(TestIndexWriterDelete.java:401)\r\n    [junit]     at sun.reflect.NativeMethodAccessorImpl.invoke0(Native Method)\r\n    [junit]     at sun.reflect.NativeMethodAccessorImpl.invoke(NativeMethodAccessorImpl.java:39)\r\n    [junit]     at sun.reflect.DelegatingMethodAccessorImpl.invoke(DelegatingMethodAccessorImpl.java:25)\r\n    [junit]     at java.lang.reflect.Method.invoke(Method.java:597)\r\n    [junit]     at org.junit.runners.model.FrameworkMethod$1.runReflectiveCall(FrameworkMethod.java:44)\r\n    [junit]     at org.junit.internal.runners.model.ReflectiveCallable.run(ReflectiveCallable.java:15)\r\n    [junit]     at org.junit.runners.model.FrameworkMethod.invokeExplosively(FrameworkMethod.java:41)\r\n    [junit]     at org.junit.internal.runners.statements.InvokeMethod.evaluate(InvokeMethod.java:20)\r\n    [junit]     at org.junit.rules.TestWatchman$1.evaluate(TestWatchman.java:48)\r\n    [junit]     at org.junit.internal.runners.statements.RunBefores.evaluate(RunBefores.java:28)\r\n    [junit]     at org.junit.internal.runners.statements.RunAfters.evaluate(RunAfters.java:31)\r\n    [junit]     at org.junit.runners.BlockJUnit4ClassRunner.runChild(BlockJUnit4ClassRunner.java:76)\r\n    [junit]     at org.apache.lucene.util.LuceneTestCase$LuceneTestCaseRunner.runChild(LuceneTestCase.java:795)\r\n    [junit]     at org.apache.lucene.util.LuceneTestCase$LuceneTestCaseRunner.runChild(LuceneTestCase.java:768)\r\n    [junit]     at org.junit.runners.ParentRunner$3.run(ParentRunner.java:193)\r\n    [junit]     at org.junit.runners.ParentRunner$1.schedule(ParentRunner.java:52)\r\n    [junit]     at org.junit.runners.ParentRunner.runChildren(ParentRunner.java:191)\r\n    [junit]     at org.junit.runners.ParentRunner.access$000(ParentRunner.java:42)\r\n    [junit]     at org.junit.runners.ParentRunner$2.evaluate(ParentRunner.java:184)\r\n    [junit]     at org.junit.internal.runners.statements.RunBefores.evaluate(RunBefores.java:28)\r\n    [junit]     at org.junit.internal.runners.statements.RunAfters.evaluate(RunAfters.java:31)\r\n    [junit]     at org.junit.runners.ParentRunner.run(ParentRunner.java:236)\r\n    [junit]     at junit.framework.JUnit4TestAdapter.run(JUnit4TestAdapter.java:39)\r\n    [junit]     at org.apache.tools.ant.taskdefs.optional.junit.JUnitTestRunner.run(JUnitTestRunner.java:420)\r\n    [junit]     at org.apache.tools.ant.taskdefs.optional.junit.JUnitTestRunner.launch(JUnitTestRunner.java:911)\r\n    [junit]     at org.apache.tools.ant.taskdefs.optional.junit.JUnitTestRunner.main(JUnitTestRunner.java:743)\r\n    [junit]\r\n    [junit] WARNING: 1 broken segments (containing 144 documents) detected\r\n    [junit]\r\n    [junit] NOTE: reproduce with: ant test -Dtestcase=TestIndexWriterDelete -Dtestmethod=testDeletesOnDiskFull -Dtests.s\r\need=-8128829179004133416:-7192468460505114475\r\n    [junit] CheckIndex failed\r\n    [junit] Segments file=segments_1 numSegments=1 version=FORMAT_4_0 [Lucene 4.0]\r\n    [junit]   1 of 1: name=_0 docCount=157\r\n    [junit]     codec=MockFixedIntBlock\r\n    [junit]     compound=false\r\n    [junit]     hasProx=true\r\n    [junit]     numFiles=14\r\n    [junit]     size (MB)=0,017\r\n    [junit]     diagnostics = {os.version=6.0, os=Windows Vista, lucene.version=4.0-SNAPSHOT, source=flush, os.arch=x86,\r\n java.version=1.6.0_21, java.vendor=Sun Microsystems Inc.}\r\n    [junit]     no deletions\r\n    [junit]     test: open reader.........OK\r\n    [junit]     test: fields..............OK [2 fields]\r\n    [junit]     test: field norms.........OK [2 fields]\r\n    [junit]     test: terms, freq, prox...ERROR [Read past EOF]\r\n    [junit] java.io.IOException: Read past EOF\r\n    [junit]     at org.apache.lucene.store.RAMInputStream.switchCurrentBuffer(RAMInputStream.java:89)\r\n    [junit]     at org.apache.lucene.store.RAMInputStream.readBytes(RAMInputStream.java:73)\r\n    [junit]     at org.apache.lucene.store.MockIndexInputWrapper.readBytes(MockIndexInputWrapper.java:109)\r\n    [junit]     at org.apache.lucene.index.codecs.sep.SepPostingsReaderImpl$SepDocsAndPositionsEnum.getPayload(SepPostin\r\ngsReaderImpl.java:689)\r\n    [junit]     at org.apache.lucene.index.CheckIndex.testTermIndex(CheckIndex.java:693)\r\n    [junit]     at org.apache.lucene.index.CheckIndex.checkIndex(CheckIndex.java:489)\r\n    [junit]     at org.apache.lucene.index.CheckIndex.checkIndex(CheckIndex.java:290)\r\n    [junit]     at org.apache.lucene.index.CheckIndex.checkIndex(CheckIndex.java:286)\r\n    [junit]     at org.apache.lucene.util._TestUtil.checkIndex(_TestUtil.java:76)\r\n    [junit]     at org.apache.lucene.index.TestIndexWriterDelete.doTestOperationsOnDiskFull(TestIndexWriterDelete.java:5\r\n38)\r\n    [junit]     at org.apache.lucene.index.TestIndexWriterDelete.testUpdatesOnDiskFull(TestIndexWriterDelete.java:405)\r\n    [junit]     at sun.reflect.NativeMethodAccessorImpl.invoke0(Native Method)\r\n    [junit]     at sun.reflect.NativeMethodAccessorImpl.invoke(NativeMethodAccessorImpl.java:39)\r\n    [junit]     at sun.reflect.DelegatingMethodAccessorImpl.invoke(DelegatingMethodAccessorImpl.java:25)\r\n    [junit]     at java.lang.reflect.Method.invoke(Method.java:597)\r\n    [junit]     at org.junit.runners.model.FrameworkMethod$1.runReflectiveCall(FrameworkMethod.java:44)\r\n    [junit]     at org.junit.internal.runners.model.ReflectiveCallable.run(ReflectiveCallable.java:15)\r\n    [junit]     at org.junit.runners.model.FrameworkMethod.invokeExplosively(FrameworkMethod.java:41)\r\n    [junit]     at org.junit.internal.runners.statements.InvokeMethod.evaluate(InvokeMethod.java:20)\r\n    [junit]     at org.junit.rules.TestWatchman$1.evaluate(TestWatchman.java:48)\r\n    [junit]     at org.junit.internal.runners.statements.RunBefores.evaluate(RunBefores.java:28)\r\n    [junit]     at org.junit.internal.runners.statements.RunAfters.evaluate(RunAfters.java:31)\r\n    [junit]     at org.junit.runners.BlockJUnit4ClassRunner.runChild(BlockJUnit4ClassRunner.java:76)\r\n    [junit]     at org.apache.lucene.util.LuceneTestCase$LuceneTestCaseRunner.runChild(LuceneTestCase.java:795)\r\n    [junit]     at org.apache.lucene.util.LuceneTestCase$LuceneTestCaseRunner.runChild(LuceneTestCase.java:768)\r\n    [junit]     at org.junit.runners.ParentRunner$3.run(ParentRunner.java:193)\r\n    [junit]     at org.junit.runners.ParentRunner$1.schedule(ParentRunner.java:52)\r\n    [junit]     at org.junit.runners.ParentRunner.runChildren(ParentRunner.java:191)\r\n    [junit]     at org.junit.runners.ParentRunner.access$000(ParentRunner.java:42)\r\n    [junit]     at org.junit.runners.ParentRunner$2.evaluate(ParentRunner.java:184)\r\n    [junit]     at org.junit.internal.runners.statements.RunBefores.evaluate(RunBefores.java:28)\r\n    [junit]     at org.junit.internal.runners.statements.RunAfters.evaluate(RunAfters.java:31)\r\n    [junit]     at org.junit.runners.ParentRunner.run(ParentRunner.java:236)\r\n    [junit]     at junit.framework.JUnit4TestAdapter.run(JUnit4TestAdapter.java:39)\r\n    [junit]     at org.apache.tools.ant.taskdefs.optional.junit.JUnitTestRunner.run(JUnitTestRunner.java:420)\r\n    [junit]     at org.apache.tools.ant.taskdefs.optional.junit.JUnitTestRunner.launch(JUnitTestRunner.java:911)\r\n    [junit]     at org.apache.tools.ant.taskdefs.optional.junit.JUnitTestRunner.main(JUnitTestRunner.java:743)\r\n    [junit]     test: stored fields.......OK [237 total field count; avg 1,51 fields per doc]\r\n    [junit]     test: term vectors........OK [254 total vector count; avg 1,618 term/freq vector fields per doc]\r\n    [junit] FAILED\r\n    [junit]     WARNING: fixIndex() would remove reference to this segment; full exception:\r\n    [junit] java.lang.RuntimeException: Term Index test failed\r\n    [junit]     at org.apache.lucene.index.CheckIndex.checkIndex(CheckIndex.java:502)\r\n    [junit]     at org.apache.lucene.index.CheckIndex.checkIndex(CheckIndex.java:290)\r\n    [junit]     at org.apache.lucene.index.CheckIndex.checkIndex(CheckIndex.java:286)\r\n    [junit]     at org.apache.lucene.util._TestUtil.checkIndex(_TestUtil.java:76)\r\n    [junit]     at org.apache.lucene.index.TestIndexWriterDelete.doTestOperationsOnDiskFull(TestIndexWriterDelete.java:5\r\n38)\r\n    [junit]     at org.apache.lucene.index.TestIndexWriterDelete.testUpdatesOnDiskFull(TestIndexWriterDelete.java:405)\r\n    [junit]     at sun.reflect.NativeMethodAccessorImpl.invoke0(Native Method)\r\n    [junit]     at sun.reflect.NativeMethodAccessorImpl.invoke(NativeMethodAccessorImpl.java:39)\r\n    [junit]     at sun.reflect.DelegatingMethodAccessorImpl.invoke(DelegatingMethodAccessorImpl.java:25)\r\n    [junit]     at java.lang.reflect.Method.invoke(Method.java:597)\r\n    [junit]     at org.junit.runners.model.FrameworkMethod$1.runReflectiveCall(FrameworkMethod.java:44)\r\n    [junit]     at org.junit.internal.runners.model.ReflectiveCallable.run(ReflectiveCallable.java:15)\r\n    [junit]     at org.junit.runners.model.FrameworkMethod.invokeExplosively(FrameworkMethod.java:41)\r\n    [junit]     at org.junit.internal.runners.statements.InvokeMethod.evaluate(InvokeMethod.java:20)\r\n    [junit]     at org.junit.rules.TestWatchman$1.evaluate(TestWatchman.java:48)\r\n    [junit]     at org.junit.internal.runners.statements.RunBefores.evaluate(RunBefores.java:28)\r\n    [junit]     at org.junit.internal.runners.statements.RunAfters.evaluate(RunAfters.java:31)\r\n    [junit]     at org.junit.runners.BlockJUnit4ClassRunner.runChild(BlockJUnit4ClassRunner.java:76)\r\n    [junit]     at org.apache.lucene.util.LuceneTestCase$LuceneTestCaseRunner.runChild(LuceneTestCase.java:795)\r\n    [junit]     at org.apache.lucene.util.LuceneTestCase$LuceneTestCaseRunner.runChild(LuceneTestCase.java:768)\r\n    [junit]     at org.junit.runners.ParentRunner$3.run(ParentRunner.java:193)\r\n    [junit]     at org.junit.runners.ParentRunner$1.schedule(ParentRunner.java:52)\r\n    [junit]     at org.junit.runners.ParentRunner.runChildren(ParentRunner.java:191)\r\n    [junit]     at org.junit.runners.ParentRunner.access$000(ParentRunner.java:42)\r\n    [junit]     at org.junit.runners.ParentRunner$2.evaluate(ParentRunner.java:184)\r\n    [junit]     at org.junit.internal.runners.statements.RunBefores.evaluate(RunBefores.java:28)\r\n    [junit]     at org.junit.internal.runners.statements.RunAfters.evaluate(RunAfters.java:31)\r\n    [junit]     at org.junit.runners.ParentRunner.run(ParentRunner.java:236)\r\n    [junit]     at junit.framework.JUnit4TestAdapter.run(JUnit4TestAdapter.java:39)\r\n    [junit]     at org.apache.tools.ant.taskdefs.optional.junit.JUnitTestRunner.run(JUnitTestRunner.java:420)\r\n    [junit]     at org.apache.tools.ant.taskdefs.optional.junit.JUnitTestRunner.launch(JUnitTestRunner.java:911)\r\n    [junit]     at org.apache.tools.ant.taskdefs.optional.junit.JUnitTestRunner.main(JUnitTestRunner.java:743)\r\n    [junit]\r\n    [junit] WARNING: 1 broken segments (containing 157 documents) detected\r\n    [junit]\r\n    [junit] NOTE: reproduce with: ant test -Dtestcase=TestIndexWriterDelete -Dtestmethod=testUpdatesOnDiskFull -Dtests.s\r\need=-8128829179004133416:-5617162412680232634\r\n    [junit] NOTE: test params are: codec=MockFixedIntBlock(blockSize=266), locale=tr_TR, timezone=Africa/Maseru\r\n    [junit] ------------- ---------------- ---------------\r\n    [junit] TEST org.apache.lucene.index.TestIndexWriterDelete FAILED\r\n    [junit] Testsuite: org.apache.lucene.index.TestLazyProxSkipping\r\n    [junit] Tests run: 2, Failures: 0, Errors: 0, Time elapsed: 0.034 sec\r\n    [junit]\r\n    [junit] ------------- Standard Output ---------------\r\n    [junit] NOTE: reproduce with: ant test -Dtestcase=TestLazyProxSkipping -Dtestmethod=testLazySkipping -Dtests.seed=-7\r\n119541877291237950:-8499388603775233752\r\n    [junit] NOTE: test params are: codec=SimpleText, locale=da_DK, timezone=Pacific/Guam\r\n    [junit] ------------- ---------------- ---------------\r\n{noformat}","customfield_10010":null,"timetracking":{},"customfield_12310120":[{"self":"https://issues.apache.org/jira/rest/api/2/customFieldOption/10121","value":"New","id":"10121"}],"customfield_12312026":null,"customfield_12312023":null,"customfield_12312024":null,"customfield_12312340":null,"aggregatetimeestimate":null,"customfield_12312022":null,"customfield_12312341":null,"customfield_12312220":null,"customfield_12310921":null,"customfield_12310920":"25314","summary":"TestIndexWriterDelete makes broken segments with payloads on","creator":{"self":"https://issues.apache.org/jira/rest/api/2/user?username=rcmuir","name":"rcmuir","emailAddress":"rcmuir at gmail dot com","avatarUrls":{"48x48":"https://issues.apache.org/jira/secure/useravatar?ownerId=rcmuir&avatarId=10150","24x24":"https://issues.apache.org/jira/secure/useravatar?size=small&ownerId=rcmuir&avatarId=10150","16x16":"https://issues.apache.org/jira/secure/useravatar?size=xsmall&ownerId=rcmuir&avatarId=10150","32x32":"https://issues.apache.org/jira/secure/useravatar?size=medium&ownerId=rcmuir&avatarId=10150"},"displayName":"Robert Muir","active":true},"subtasks":[],"customfield_12310291":null,"reporter":{"self":"https://issues.apache.org/jira/rest/api/2/user?username=rcmuir","name":"rcmuir","emailAddress":"rcmuir at gmail dot com","avatarUrls":{"48x48":"https://issues.apache.org/jira/secure/useravatar?ownerId=rcmuir&avatarId=10150","24x24":"https://issues.apache.org/jira/secure/useravatar?size=small&ownerId=rcmuir&avatarId=10150","16x16":"https://issues.apache.org/jira/secure/useravatar?size=xsmall&ownerId=rcmuir&avatarId=10150","32x32":"https://issues.apache.org/jira/secure/useravatar?size=medium&ownerId=rcmuir&avatarId=10150"},"displayName":"Robert Muir","active":true},"customfield_12310290":null,"aggregateprogress":{"progress":0,"total":0},"customfield_12311024":null,"environment":null,"customfield_12311020":null,"duedate":null,"customfield_12310250":null,"progress":{"progress":0,"total":0},"comment":{"startAt":0,"maxResults":4,"total":4,"comments":[{"self":"https://issues.apache.org/jira/rest/api/2/issue/12477034/comment/12919879","id":"12919879","author":{"self":"https://issues.apache.org/jira/rest/api/2/user?username=rcmuir","name":"rcmuir","emailAddress":"rcmuir at gmail dot com","avatarUrls":{"48x48":"https://issues.apache.org/jira/secure/useravatar?ownerId=rcmuir&avatarId=10150","24x24":"https://issues.apache.org/jira/secure/useravatar?size=small&ownerId=rcmuir&avatarId=10150","16x16":"https://issues.apache.org/jira/secure/useravatar?size=xsmall&ownerId=rcmuir&avatarId=10150","32x32":"https://issues.apache.org/jira/secure/useravatar?size=medium&ownerId=rcmuir&avatarId=10150"},"displayName":"Robert Muir","active":true},"body":"patch for the test","updateAuthor":{"self":"https://issues.apache.org/jira/rest/api/2/user?username=rcmuir","name":"rcmuir","emailAddress":"rcmuir at gmail dot com","avatarUrls":{"48x48":"https://issues.apache.org/jira/secure/useravatar?ownerId=rcmuir&avatarId=10150","24x24":"https://issues.apache.org/jira/secure/useravatar?size=small&ownerId=rcmuir&avatarId=10150","16x16":"https://issues.apache.org/jira/secure/useravatar?size=xsmall&ownerId=rcmuir&avatarId=10150","32x32":"https://issues.apache.org/jira/secure/useravatar?size=medium&ownerId=rcmuir&avatarId=10150"},"displayName":"Robert Muir","active":true},"created":"2010-10-11T15:54:01.709+0000","updated":"2010-10-11T15:54:01.709+0000"},{"self":"https://issues.apache.org/jira/rest/api/2/issue/12477034/comment/12919996","id":"12919996","author":{"self":"https://issues.apache.org/jira/rest/api/2/user?username=mikemccand","name":"mikemccand","emailAddress":"lucene at mikemccandless dot com","avatarUrls":{"48x48":"https://issues.apache.org/jira/secure/useravatar?avatarId=10452","24x24":"https://issues.apache.org/jira/secure/useravatar?size=small&avatarId=10452","16x16":"https://issues.apache.org/jira/secure/useravatar?size=xsmall&avatarId=10452","32x32":"https://issues.apache.org/jira/secure/useravatar?size=medium&avatarId=10452"},"displayName":"Michael McCandless","active":true},"body":"Attached patch fixing the issue w/ Sep codec whereby if one field has payloads but the next does not and you reuse the D&PEnum across those fields then the enum incorrectly thought a payload exists in the 2nd field.\r\n\r\nAlso I added a safety in QueryUtils so testFirstSkipTo doesn't take too long when you get SimpleText codec.","updateAuthor":{"self":"https://issues.apache.org/jira/rest/api/2/user?username=mikemccand","name":"mikemccand","emailAddress":"lucene at mikemccandless dot com","avatarUrls":{"48x48":"https://issues.apache.org/jira/secure/useravatar?avatarId=10452","24x24":"https://issues.apache.org/jira/secure/useravatar?size=small&avatarId=10452","16x16":"https://issues.apache.org/jira/secure/useravatar?size=xsmall&avatarId=10452","32x32":"https://issues.apache.org/jira/secure/useravatar?size=medium&avatarId=10452"},"displayName":"Michael McCandless","active":true},"created":"2010-10-11T21:34:58.777+0000","updated":"2010-10-11T21:34:58.777+0000"},{"self":"https://issues.apache.org/jira/rest/api/2/issue/12477034/comment/12920017","id":"12920017","author":{"self":"https://issues.apache.org/jira/rest/api/2/user?username=mikemccand","name":"mikemccand","emailAddress":"lucene at mikemccandless dot com","avatarUrls":{"48x48":"https://issues.apache.org/jira/secure/useravatar?avatarId=10452","24x24":"https://issues.apache.org/jira/secure/useravatar?size=small&avatarId=10452","16x16":"https://issues.apache.org/jira/secure/useravatar?size=xsmall&avatarId=10452","32x32":"https://issues.apache.org/jira/secure/useravatar?size=medium&avatarId=10452"},"displayName":"Michael McCandless","active":true},"body":"Patch fixes all the other failures -- they were spurious.\r\n\r\nBut the SimplePayloadFilter in MockAnalyzer was missing a reset method... I added one, to set pos back to 0.","updateAuthor":{"self":"https://issues.apache.org/jira/rest/api/2/user?username=mikemccand","name":"mikemccand","emailAddress":"lucene at mikemccandless dot com","avatarUrls":{"48x48":"https://issues.apache.org/jira/secure/useravatar?avatarId=10452","24x24":"https://issues.apache.org/jira/secure/useravatar?size=small&avatarId=10452","16x16":"https://issues.apache.org/jira/secure/useravatar?size=xsmall&avatarId=10452","32x32":"https://issues.apache.org/jira/secure/useravatar?size=medium&avatarId=10452"},"displayName":"Michael McCandless","active":true},"created":"2010-10-11T22:43:28.066+0000","updated":"2010-10-11T22:43:28.066+0000"},{"self":"https://issues.apache.org/jira/rest/api/2/issue/12477034/comment/12920025","id":"12920025","author":{"self":"https://issues.apache.org/jira/rest/api/2/user?username=rcmuir","name":"rcmuir","emailAddress":"rcmuir at gmail dot com","avatarUrls":{"48x48":"https://issues.apache.org/jira/secure/useravatar?ownerId=rcmuir&avatarId=10150","24x24":"https://issues.apache.org/jira/secure/useravatar?size=small&ownerId=rcmuir&avatarId=10150","16x16":"https://issues.apache.org/jira/secure/useravatar?size=xsmall&ownerId=rcmuir&avatarId=10150","32x32":"https://issues.apache.org/jira/secure/useravatar?size=medium&ownerId=rcmuir&avatarId=10150"},"displayName":"Robert Muir","active":true},"body":"patch looks good to me, I think we should fix the spurious fails, and leave payloads \"on by default\" in tests for now.\r\n\r\nLater, we should make MockAnalyzer better and switch it up a bit, but this is progress.\r\n","updateAuthor":{"self":"https://issues.apache.org/jira/rest/api/2/user?username=rcmuir","name":"rcmuir","emailAddress":"rcmuir at gmail dot com","avatarUrls":{"48x48":"https://issues.apache.org/jira/secure/useravatar?ownerId=rcmuir&avatarId=10150","24x24":"https://issues.apache.org/jira/secure/useravatar?size=small&ownerId=rcmuir&avatarId=10150","16x16":"https://issues.apache.org/jira/secure/useravatar?size=xsmall&ownerId=rcmuir&avatarId=10150","32x32":"https://issues.apache.org/jira/secure/useravatar?size=medium&ownerId=rcmuir&avatarId=10150"},"displayName":"Robert Muir","active":true},"created":"2010-10-11T23:29:16.668+0000","updated":"2010-10-11T23:29:16.668+0000"}]},"votes":{"self":"https://issues.apache.org/jira/rest/api/2/issue/LUCENE-2696/votes","votes":0,"hasVoted":false},"worklog":{"startAt":0,"maxResults":20,"total":0,"worklogs":[]},"customfield_12311820":"0|i04ozr:"}}