{"expand":"renderedFields,names,schema,transitions,operations,editmeta,changelog","id":"12370458","self":"https://issues.apache.org/jira/rest/api/latest/issue/12370458","key":"DERBY-2716","fields":{"issuetype":{"self":"https://issues.apache.org/jira/rest/api/2/issuetype/1","id":"1","description":"A problem which impairs or prevents the functions of the product.","iconUrl":"https://issues.apache.org/jira/images/icons/issuetypes/bug.png","name":"Bug","subtask":false},"timespent":null,"project":{"self":"https://issues.apache.org/jira/rest/api/2/project/10594","id":"10594","key":"DERBY","name":"Derby","avatarUrls":{"48x48":"https://issues.apache.org/jira/secure/projectavatar?pid=10594&avatarId=10122","24x24":"https://issues.apache.org/jira/secure/projectavatar?size=small&pid=10594&avatarId=10122","16x16":"https://issues.apache.org/jira/secure/projectavatar?size=xsmall&pid=10594&avatarId=10122","32x32":"https://issues.apache.org/jira/secure/projectavatar?size=medium&pid=10594&avatarId=10122"},"projectCategory":{"self":"https://issues.apache.org/jira/rest/api/2/projectCategory/10090","id":"10090","description":"DB related projects","name":"DB"}},"fixVersions":[{"self":"https://issues.apache.org/jira/rest/api/2/version/12312590","id":"12312590","description":"","name":"10.3.1.4","archived":false,"released":true,"releaseDate":"2007-08-10"}],"aggregatetimespent":null,"resolution":{"self":"https://issues.apache.org/jira/rest/api/2/resolution/1","id":"1","description":"A fix for this issue is checked into the tree and tested.","name":"Fixed"},"customfield_12310220":"2007-05-30 00:12:39.804","customfield_12312322":null,"customfield_12312323":null,"customfield_12310420":"23200","customfield_12310222":"1_*:*_1_*:*_22385158_*|*_6_*:*_1_*:*_0_*|*_5_*:*_1_*:*_6908673263","customfield_12312320":null,"customfield_12312321":null,"customfield_12312120":null,"customfield_12312121":null,"resolutiondate":"2007-05-29T23:32:32.887+0000","workratio":-1,"customfield_12312328":null,"customfield_12312329":null,"customfield_12312326":null,"customfield_12310300":null,"customfield_12312327":null,"customfield_12312324":null,"customfield_12312325":null,"lastViewed":null,"watches":{"self":"https://issues.apache.org/jira/rest/api/2/issue/DERBY-2716/watchers","watchCount":0,"isWatching":false},"created":"2007-05-29T17:19:27.729+0000","priority":{"self":"https://issues.apache.org/jira/rest/api/2/priority/3","iconUrl":"https://issues.apache.org/jira/images/icons/priorities/major.png","name":"Major","id":"3"},"labels":[],"customfield_12312333":null,"customfield_12312334":null,"customfield_12310310":"0.0","customfield_12312331":null,"customfield_12312332":null,"timeestimate":null,"aggregatetimeoriginalestimate":null,"versions":[{"self":"https://issues.apache.org/jira/rest/api/2/version/12312590","id":"12312590","description":"","name":"10.3.1.4","archived":false,"released":true,"releaseDate":"2007-08-10"}],"customfield_12311120":null,"customfield_12312330":null,"issuelinks":[{"id":"12316242","self":"https://issues.apache.org/jira/rest/api/2/issueLink/12316242","type":{"id":"10030","name":"Reference","inward":"is related to","outward":"relates to","self":"https://issues.apache.org/jira/rest/api/2/issueLinkType/10030"},"inwardIssue":{"id":"12370337","key":"DERBY-2703","self":"https://issues.apache.org/jira/rest/api/2/issue/12370337","fields":{"summary":"calling DatabaseMetaData.getColumns() with % for matching column character in a territory based collated db does not work in 1.4.2 jvms","status":{"self":"https://issues.apache.org/jira/rest/api/2/status/6","description":"The issue is considered finished, the resolution is correct. Issues which are closed can be reopened.","iconUrl":"https://issues.apache.org/jira/images/icons/statuses/closed.png","name":"Closed","id":"6","statusCategory":{"self":"https://issues.apache.org/jira/rest/api/2/statuscategory/3","id":3,"key":"done","colorName":"green","name":"Complete"}},"priority":{"self":"https://issues.apache.org/jira/rest/api/2/priority/3","iconUrl":"https://issues.apache.org/jira/images/icons/priorities/major.png","name":"Major","id":"3"},"issuetype":{"self":"https://issues.apache.org/jira/rest/api/2/issuetype/7","id":"7","description":"The sub-task of the issue","iconUrl":"https://issues.apache.org/jira/images/icons/issuetypes/subtask_alternate.png","name":"Sub-task","subtask":true}}}}],"customfield_12312339":null,"assignee":{"self":"https://issues.apache.org/jira/rest/api/2/user?username=mikem","name":"mikem","emailAddress":"mikem_app at sbcglobal dot net","avatarUrls":{"48x48":"https://issues.apache.org/jira/secure/useravatar?avatarId=10452","24x24":"https://issues.apache.org/jira/secure/useravatar?size=small&avatarId=10452","16x16":"https://issues.apache.org/jira/secure/useravatar?size=xsmall&avatarId=10452","32x32":"https://issues.apache.org/jira/secure/useravatar?size=medium&avatarId=10452"},"displayName":"Mike Matrigali","active":true},"customfield_12312337":null,"customfield_12312338":null,"updated":"2009-06-29T22:43:01.194+0000","customfield_12312335":null,"customfield_12311720":null,"customfield_12312336":null,"status":{"self":"https://issues.apache.org/jira/rest/api/2/status/6","description":"The issue is considered finished, the resolution is correct. Issues which are closed can be reopened.","iconUrl":"https://issues.apache.org/jira/images/icons/statuses/closed.png","name":"Closed","id":"6","statusCategory":{"self":"https://issues.apache.org/jira/rest/api/2/statuscategory/3","id":3,"key":"done","colorName":"green","name":"Complete"}},"components":[{"self":"https://issues.apache.org/jira/rest/api/2/component/11408","id":"11408","name":"SQL"}],"timeoriginalestimate":null,"description":"The following failures were seen on J2ME WEME 6.1.\nMike said he would take a look \n\n1) testDefaultCollation(org.apache.derbyTesting.functionTests.tests.lang.CollationTest2)java.lang.NumberFormatException: J2ME Foundation Specification v1\n\tat java.lang.Integer.parse(Integer.java:348)\n\tat java.lang.Integer.parseInt(Integer.java:340)\n\tat java.lang.Integer.parseInt(Integer.java:311)\n\tat org.apache.derbyTesting.functionTests.tests.lang.CollationTest2.is142JVM(CollationTest2.java:371)\n\tat org.apache.derbyTesting.functionTests.tests.lang.CollationTest2.runDERBY_2703(CollationTest2.java:394)\n\tat org.apache.derbyTesting.functionTests.tests.lang.CollationTest2.runTestIter(CollationTest2.java:1398)\n\tat org.apache.derbyTesting.functionTests.tests.lang.CollationTest2.testDefaultCollation(CollationTest2.java:1424)\n\tat java.lang.reflect.AccessibleObject.invokeV(AccessibleObject.java:205)\n\tat <unknown class>.<unknown method>(Unknown Source)\n\tat org.apache.derbyTesting.junit.BaseTestCase.runBare(BaseTestCase.java:88)\n\tat junit.extensions.TestDecorator.basicRun(TestDecorator.java:22)\n\tat junit.extensions.TestSetup$1.protect(TestSetup.java:19)\n\tat junit.extensions.TestSetup.run(TestSetup.java:23)\n\tat junit.extensions.TestDecorator.basicRun(TestDecorator.java:22)\n\tat junit.extensions.TestSetup$1.protect(TestSetup.java:19)\n\tat junit.extensions.TestSetup.run(TestSetup.java:23)\n\tat org.apache.derbyTesting.junit.BaseTestSetup.run(BaseTestSetup.java:57)\n\tat junit.extensions.TestDecorator.basicRun(TestDecorator.java:22)\n\tat junit.extensions.TestSetup$1.protect(TestSetup.java:19)\n\tat junit.extensions.TestSetup.run(TestSetup.java:23)\n\tat junit.extensions.TestDecorator.basicRun(TestDecorator.java:22)\n\tat junit.extensions.TestSetup$1.protect(TestSetup.java:19)\n\tat junit.extensions.TestSetup.run(TestSetup.java:23)\n\tat org.apache.derbyTesting.junit.BaseTestSetup.run(BaseTestSetup.java:57)\n\tat junit.extensions.TestDecorator.basicRun(TestDecorator.java:22)\n\tat junit.extensions.TestSetup$1.protect(TestSetup.java:19)\n\tat junit.extensions.TestSetup.run(TestSetup.java:23)\n\tat junit.extensions.TestDecorator.basicRun(TestDecorator.java:22)\n\tat junit.extensions.TestSetup$1.protect(TestSetup.java:19)\n\tat junit.extensions.TestSetup.run(TestSetup.java:23)\n\tat org.apache.derbyTesting.junit.BaseTestSetup.run(BaseTestSetup.java:57)\n\tat junit.extensions.TestDecorator.basicRun(TestDecorator.java:22)\n\tat junit.extensions.TestSetup$1.protect(TestSetup.java:19)\n\tat junit.extensions.TestSetup.run(TestSetup.java:23)\n\tat junit.extensions.TestDecorator.basicRun(TestDecorator.java:22)\n\tat junit.extensions.TestSetup$1.protect(TestSetup.java:19)\n\tat junit.extensions.TestSetup.run(TestSetup.java:23)\n\tat org.apache.derbyTesting.junit.BaseTestSetup.run(BaseTestSetup.java:57)\n\tat junit.extensions.TestDecorator.basicRun(TestDecorator.java:22)\n\tat junit.extensions.TestSetup$1.protect(TestSetup.java:19)\n\tat junit.extensions.TestSetup.run(TestSetup.java:23)\n\tat junit.extensions.TestDecorator.basicRun(TestDecorator.java:22)\n\tat junit.extensions.TestSetup$1.protect(TestSetup.java:19)\n\tat junit.extensions.TestSetup.run(TestSetup.java:23)\n\tat org.apache.derbyTesting.junit.BaseTestSetup.run(BaseTestSetup.java:57)\n\tat junit.extensions.TestDecorator.basicRun(TestDecorator.java:22)\n\tat junit.extensions.TestSetup$1.protect(TestSetup.java:19)\n\tat junit.extensions.TestSetup.run(TestSetup.java:23)\n2) testEnglishCollation(org.apache.derbyTesting.functionTests.tests.lang.CollationTest2)java.lang.NumberFormatException: J2ME Foundation Specification v1\n\tat java.lang.Integer.parse(Integer.java:348)\n\tat java.lang.Integer.parseInt(Integer.java:340)\n\tat java.lang.Integer.parseInt(Integer.java:311)\n\tat org.apache.derbyTesting.functionTests.tests.lang.CollationTest2.is142JVM(CollationTest2.java:371)\n\tat org.apache.derbyTesting.functionTests.tests.lang.CollationTest2.runDERBY_2703(CollationTest2.java:394)\n\tat org.apache.derbyTesting.functionTests.tests.lang.CollationTest2.runTestIter(CollationTest2.java:1398)\n\tat org.apache.derbyTesting.functionTests.tests.lang.CollationTest2.testEnglishCollation(CollationTest2.java:1430)\n\tat java.lang.reflect.AccessibleObject.invokeV(AccessibleObject.java:205)\n\tat <unknown class>.<unknown method>(Unknown Source)\n\tat org.apache.derbyTesting.junit.BaseTestCase.runBare(BaseTestCase.java:88)\n\tat junit.extensions.TestDecorator.basicRun(TestDecorator.java:22)\n\tat junit.extensions.TestSetup$1.protect(TestSetup.java:19)\n\tat junit.extensions.TestSetup.run(TestSetup.java:23)\n\tat junit.extensions.TestDecorator.basicRun(TestDecorator.java:22)\n\tat junit.extensions.TestSetup$1.protect(TestSetup.java:19)\n\tat junit.extensions.TestSetup.run(TestSetup.java:23)\n\tat org.apache.derbyTesting.junit.BaseTestSetup.run(BaseTestSetup.java:57)\n\tat junit.extensions.TestDecorator.basicRun(TestDecorator.java:22)\n\tat junit.extensions.TestSetup$1.protect(TestSetup.java:19)\n\tat junit.extensions.TestSetup.run(TestSetup.java:23)\n\tat junit.extensions.TestDecorator.basicRun(TestDecorator.java:22)\n\tat junit.extensions.TestSetup$1.protect(TestSetup.java:19)\n\tat junit.extensions.TestSetup.run(TestSetup.java:23)\n\tat org.apache.derbyTesting.junit.BaseTestSetup.run(BaseTestSetup.java:57)\n\tat junit.extensions.TestDecorator.basicRun(TestDecorator.java:22)\n\tat junit.extensions.TestSetup$1.protect(TestSetup.java:19)\n\tat junit.extensions.TestSetup.run(TestSetup.java:23)\n\tat junit.extensions.TestDecorator.basicRun(TestDecorator.java:22)\n\tat junit.extensions.TestSetup$1.protect(TestSetup.java:19)\n\tat junit.extensions.TestSetup.run(TestSetup.java:23)\n\tat org.apache.derbyTesting.junit.BaseTestSetup.run(BaseTestSetup.java:57)\n\tat junit.extensions.TestDecorator.basicRun(TestDecorator.java:22)\n\tat junit.extensions.TestSetup$1.protect(TestSetup.java:19)\n\tat junit.extensions.TestSetup.run(TestSetup.java:23)\n\tat junit.extensions.TestDecorator.basicRun(TestDecorator.java:22)\n\tat junit.extensions.TestSetup$1.protect(TestSetup.java:19)\n\tat junit.extensions.TestSetup.run(TestSetup.java:23)\n\tat org.apache.derbyTesting.junit.BaseTestSetup.run(BaseTestSetup.java:57)\n\tat junit.extensions.TestDecorator.basicRun(TestDecorator.java:22)\n\tat junit.extensions.TestSetup$1.protect(TestSetup.java:19)\n\tat junit.extensions.TestSetup.run(TestSetup.java:23)\n\tat junit.extensions.TestDecorator.basicRun(TestDecorator.java:22)\n\tat junit.extensions.TestSetup$1.protect(TestSetup.java:19)\n\tat junit.extensions.TestSetup.run(TestSetup.java:23)\n\tat org.apache.derbyTesting.junit.BaseTestSetup.run(BaseTestSetup.java:57)\n\tat junit.extensions.TestDecorator.basicRun(TestDecorator.java:22)\n\tat junit.extensions.TestSetup$1.protect(TestSetup.java:19)\n\tat junit.extensions.TestSetup.run(TestSetup.java:23)\n3) testPolishCollation(org.apache.derbyTesting.functionTests.tests.lang.CollationTest2)java.lang.NumberFormatException: J2ME Foundation Specification v1\n\tat java.lang.Integer.parse(Integer.java:348)\n\tat java.lang.Integer.parseInt(Integer.java:340)\n\tat java.lang.Integer.parseInt(Integer.java:311)\n\tat org.apache.derbyTesting.functionTests.tests.lang.CollationTest2.is142JVM(CollationTest2.java:371)\n\tat org.apache.derbyTesting.functionTests.tests.lang.CollationTest2.runDERBY_2703(CollationTest2.java:394)\n\tat org.apache.derbyTesting.functionTests.tests.lang.CollationTest2.runTestIter(CollationTest2.java:1398)\n\tat org.apache.derbyTesting.functionTests.tests.lang.CollationTest2.testPolishCollation(CollationTest2.java:1436)\n\tat java.lang.reflect.AccessibleObject.invokeV(AccessibleObject.java:205)\n\tat <unknown class>.<unknown method>(Unknown Source)\n\tat org.apache.derbyTesting.junit.BaseTestCase.runBare(BaseTestCase.java:88)\n\tat junit.extensions.TestDecorator.basicRun(TestDecorator.java:22)\n\tat junit.extensions.TestSetup$1.protect(TestSetup.java:19)\n\tat junit.extensions.TestSetup.run(TestSetup.java:23)\n\tat junit.extensions.TestDecorator.basicRun(TestDecorator.java:22)\n\tat junit.extensions.TestSetup$1.protect(TestSetup.java:19)\n\tat junit.extensions.TestSetup.run(TestSetup.java:23)\n\tat org.apache.derbyTesting.junit.BaseTestSetup.run(BaseTestSetup.java:57)\n\tat junit.extensions.TestDecorator.basicRun(TestDecorator.java:22)\n\tat junit.extensions.TestSetup$1.protect(TestSetup.java:19)\n\tat junit.extensions.TestSetup.run(TestSetup.java:23)\n\tat junit.extensions.TestDecorator.basicRun(TestDecorator.java:22)\n\tat junit.extensions.TestSetup$1.protect(TestSetup.java:19)\n\tat junit.extensions.TestSetup.run(TestSetup.java:23)\n\tat org.apache.derbyTesting.junit.BaseTestSetup.run(BaseTestSetup.java:57)\n\tat junit.extensions.TestDecorator.basicRun(TestDecorator.java:22)\n\tat junit.extensions.TestSetup$1.protect(TestSetup.java:19)\n\tat junit.extensions.TestSetup.run(TestSetup.java:23)\n\tat junit.extensions.TestDecorator.basicRun(TestDecorator.java:22)\n\tat junit.extensions.TestSetup$1.protect(TestSetup.java:19)\n\tat junit.extensions.TestSetup.run(TestSetup.java:23)\n\tat org.apache.derbyTesting.junit.BaseTestSetup.run(BaseTestSetup.java:57)\n\tat junit.extensions.TestDecorator.basicRun(TestDecorator.java:22)\n\tat junit.extensions.TestSetup$1.protect(TestSetup.java:19)\n\tat junit.extensions.TestSetup.run(TestSetup.java:23)\n\tat junit.extensions.TestDecorator.basicRun(TestDecorator.java:22)\n\tat junit.extensions.TestSetup$1.protect(TestSetup.java:19)\n\tat junit.extensions.TestSetup.run(TestSetup.java:23)\n\tat org.apache.derbyTesting.junit.BaseTestSetup.run(BaseTestSetup.java:57)\n\tat junit.extensions.TestDecorator.basicRun(TestDecorator.java:22)\n\tat junit.extensions.TestSetup$1.protect(TestSetup.java:19)\n\tat junit.extensions.TestSetup.run(TestSetup.java:23)\n\tat junit.extensions.TestDecorator.basicRun(TestDecorator.java:22)\n\tat junit.extensions.TestSetup$1.protect(TestSetup.java:19)\n\tat junit.extensions.TestSetup.run(TestSetup.java:23)\n\tat org.apache.derbyTesting.junit.BaseTestSetup.run(BaseTestSetup.java:57)\n\tat junit.extensions.TestDecorator.basicRun(TestDecorator.java:22)\n\tat junit.extensions.TestSetup$1.protect(TestSetup.java:19)\n\tat junit.extensions.TestSetup.run(TestSetup.java:23)\n4) testNorwayCollation(org.apache.derbyTesting.functionTests.tests.lang.CollationTest2)java.lang.NumberFormatException: J2ME Foundation Specification v1\n\tat java.lang.Integer.parse(Integer.java:348)\n\tat java.lang.Integer.parseInt(Integer.java:340)\n\tat java.lang.Integer.parseInt(Integer.java:311)\n\tat org.apache.derbyTesting.functionTests.tests.lang.CollationTest2.is142JVM(CollationTest2.java:371)\n\tat org.apache.derbyTesting.functionTests.tests.lang.CollationTest2.runDERBY_2703(CollationTest2.java:394)\n\tat org.apache.derbyTesting.functionTests.tests.lang.CollationTest2.runTestIter(CollationTest2.java:1398)\n\tat org.apache.derbyTesting.functionTests.tests.lang.CollationTest2.testNorwayCollation(CollationTest2.java:1442)\n\tat java.lang.reflect.AccessibleObject.invokeV(AccessibleObject.java:205)\n\tat <unknown class>.<unknown method>(Unknown Source)\n\tat org.apache.derbyTesting.junit.BaseTestCase.runBare(BaseTestCase.java:88)\n\tat junit.extensions.TestDecorator.basicRun(TestDecorator.java:22)\n\tat junit.extensions.TestSetup$1.protect(TestSetup.java:19)\n\tat junit.extensions.TestSetup.run(TestSetup.java:23)\n\tat junit.extensions.TestDecorator.basicRun(TestDecorator.java:22)\n\tat junit.extensions.TestSetup$1.protect(TestSetup.java:19)\n\tat junit.extensions.TestSetup.run(TestSetup.java:23)\n\tat org.apache.derbyTesting.junit.BaseTestSetup.run(BaseTestSetup.java:57)\n\tat junit.extensions.TestDecorator.basicRun(TestDecorator.java:22)\n\tat junit.extensions.TestSetup$1.protect(TestSetup.java:19)\n\tat junit.extensions.TestSetup.run(TestSetup.java:23)\n\tat junit.extensions.TestDecorator.basicRun(TestDecorator.java:22)\n\tat junit.extensions.TestSetup$1.protect(TestSetup.java:19)\n\tat junit.extensions.TestSetup.run(TestSetup.java:23)\n\tat org.apache.derbyTesting.junit.BaseTestSetup.run(BaseTestSetup.java:57)\n\tat junit.extensions.TestDecorator.basicRun(TestDecorator.java:22)\n\tat junit.extensions.TestSetup$1.protect(TestSetup.java:19)\n\tat junit.extensions.TestSetup.run(TestSetup.java:23)\n\tat junit.extensions.TestDecorator.basicRun(TestDecorator.java:22)\n\tat junit.extensions.TestSetup$1.protect(TestSetup.java:19)\n\tat junit.extensions.TestSetup.run(TestSetup.java:23)\n\tat org.apache.derbyTesting.junit.BaseTestSetup.run(BaseTestSetup.java:57)\n\tat junit.extensions.TestDecorator.basicRun(TestDecorator.java:22)\n\tat junit.extensions.TestSetup$1.protect(TestSetup.java:19)\n\tat junit.extensions.TestSetup.run(TestSetup.java:23)\n\tat junit.extensions.TestDecorator.basicRun(TestDecorator.java:22)\n\tat junit.extensions.TestSetup$1.protect(TestSetup.java:19)\n\tat junit.extensions.TestSetup.run(TestSetup.java:23)\n\tat org.apache.derbyTesting.junit.BaseTestSetup.run(BaseTestSetup.java:57)\n\tat junit.extensions.TestDecorator.basicRun(TestDecorator.java:22)\n\tat junit.extensions.TestSetup$1.protect(TestSetup.java:19)\n\tat junit.extensions.TestSetup.run(TestSetup.java:23)\n\tat junit.extensions.TestDecorator.basicRun(TestDecorator.java:22)\n\tat junit.extensions.TestSetup$1.protect(TestSetup.java:19)\n\tat junit.extensions.TestSetup.run(TestSetup.java:23)\n\tat org.apache.derbyTesting.junit.BaseTestSetup.run(BaseTestSetup.java:57)\n\tat junit.extensions.TestDecorator.basicRun(TestDecorator.java:22)\n\tat junit.extensions.TestSetup$1.protect(TestSetup.java:19)\n\tat junit.extensions.TestSetup.run(TestSetup.java:23)\n5) testDefaultJVMTerritoryCollation(org.apache.derbyTesting.functionTests.tests.lang.CollationTest2)java.lang.NumberFormatException: J2ME Foundation Specification v1\n\tat java.lang.Integer.parse(Integer.java:348)\n\tat java.lang.Integer.parseInt(Integer.java:340)\n\tat java.lang.Integer.parseInt(Integer.java:311)\n\tat org.apache.derbyTesting.functionTests.tests.lang.CollationTest2.is142JVM(CollationTest2.java:371)\n\tat org.apache.derbyTesting.functionTests.tests.lang.CollationTest2.runDERBY_2703(CollationTest2.java:394)\n\tat org.apache.derbyTesting.functionTests.tests.lang.CollationTest2.runTestIter(CollationTest2.java:1398)\n\tat org.apache.derbyTesting.functionTests.tests.lang.CollationTest2.testDefaultJVMTerritoryCollation(CollationTest2.java:1473)\n\tat java.lang.reflect.AccessibleObject.invokeV(AccessibleObject.java:205)\n\tat <unknown class>.<unknown method>(Unknown Source)\n\tat org.apache.derbyTesting.junit.BaseTestCase.runBare(BaseTestCase.java:88)\n\tat junit.extensions.TestDecorator.basicRun(TestDecorator.java:22)\n\tat junit.extensions.TestSetup$1.protect(TestSetup.java:19)\n\tat junit.extensions.TestSetup.run(TestSetup.java:23)\n\tat junit.extensions.TestDecorator.basicRun(TestDecorator.java:22)\n\tat junit.extensions.TestSetup$1.protect(TestSetup.java:19)\n\tat junit.extensions.TestSetup.run(TestSetup.java:23)\n\tat org.apache.derbyTesting.junit.BaseTestSetup.run(BaseTestSetup.java:57)\n\tat junit.extensions.TestDecorator.basicRun(TestDecorator.java:22)\n\tat junit.extensions.TestSetup$1.protect(TestSetup.java:19)\n\tat junit.extensions.TestSetup.run(TestSetup.java:23)\n\tat junit.extensions.TestDecorator.basicRun(TestDecorator.java:22)\n\tat junit.extensions.TestSetup$1.protect(TestSetup.java:19)\n\tat junit.extensions.TestSetup.run(TestSetup.java:23)\n\tat org.apache.derbyTesting.junit.BaseTestSetup.run(BaseTestSetup.java:57)\n\tat junit.extensions.TestDecorator.basicRun(TestDecorator.java:22)\n\tat junit.extensions.TestSetup$1.protect(TestSetup.java:19)\n\tat junit.extensions.TestSetup.run(TestSetup.java:23)\n\tat junit.extensions.TestDecorator.basicRun(TestDecorator.java:22)\n\tat junit.extensions.TestSetup$1.protect(TestSetup.java:19)\n\tat junit.extensions.TestSetup.run(TestSetup.java:23)\n\tat org.apache.derbyTesting.junit.BaseTestSetup.run(BaseTestSetup.java:57)\n\tat junit.extensions.TestDecorator.basicRun(TestDecorator.java:22)\n\tat junit.extensions.TestSetup$1.protect(TestSetup.java:19)\n\tat junit.extensions.TestSetup.run(TestSetup.java:23)\n\tat junit.extensions.TestDecorator.basicRun(TestDecorator.java:22)\n\tat junit.extensions.TestSetup$1.protect(TestSetup.java:19)\n\tat junit.extensions.TestSetup.run(TestSetup.java:23)\n\tat org.apache.derbyTesting.junit.BaseTestSetup.run(BaseTestSetup.java:57)\n\tat junit.extensions.TestDecorator.basicRun(TestDecorator.java:22)\n\tat junit.extensions.TestSetup$1.protect(TestSetup.java:19)\n\tat junit.extensions.TestSetup.run(TestSetup.java:23)\n\tat junit.extensions.TestDecorator.basicRun(TestDecorator.java:22)\n\tat junit.extensions.TestSetup$1.protect(TestSetup.java:19)\n\tat junit.extensions.TestSetup.run(TestSetup.java:23)\n\tat org.apache.derbyTesting.junit.BaseTestSetup.run(BaseTestSetup.java:57)\n\tat junit.extensions.TestDecorator.basicRun(TestDecorator.java:22)\n\tat junit.extensions.TestSetup$1.protect(TestSetup.java:19)\n\tat junit.extensions.TestSetup.run(TestSetup.java:23)\n","customfield_10010":null,"timetracking":{},"customfield_12312026":null,"customfield_12310200":[{"self":"https://issues.apache.org/jira/rest/api/2/customFieldOption/10369","value":"Regression Test Failure","id":"10369"}],"customfield_12312023":null,"customfield_12312024":null,"customfield_12312340":null,"aggregatetimeestimate":null,"customfield_12312022":null,"customfield_12312341":null,"customfield_12312220":null,"customfield_12310921":null,"customfield_12310920":"39024","summary":"lang.CollationTest2 failures on WEME 6.1","creator":{"self":"https://issues.apache.org/jira/rest/api/2/user?username=kmarsden","name":"kmarsden","emailAddress":"kmarsdenderby at sbcglobal dot net","avatarUrls":{"48x48":"https://issues.apache.org/jira/secure/useravatar?avatarId=10452","24x24":"https://issues.apache.org/jira/secure/useravatar?size=small&avatarId=10452","16x16":"https://issues.apache.org/jira/secure/useravatar?size=xsmall&avatarId=10452","32x32":"https://issues.apache.org/jira/secure/useravatar?size=medium&avatarId=10452"},"displayName":"Kathey Marsden","active":true},"subtasks":[],"customfield_12310090":null,"reporter":{"self":"https://issues.apache.org/jira/rest/api/2/user?username=kmarsden","name":"kmarsden","emailAddress":"kmarsdenderby at sbcglobal dot net","avatarUrls":{"48x48":"https://issues.apache.org/jira/secure/useravatar?avatarId=10452","24x24":"https://issues.apache.org/jira/secure/useravatar?size=small&avatarId=10452","16x16":"https://issues.apache.org/jira/secure/useravatar?size=xsmall&avatarId=10452","32x32":"https://issues.apache.org/jira/secure/useravatar?size=medium&avatarId=10452"},"displayName":"Kathey Marsden","active":true},"customfield_12310291":null,"customfield_12310290":null,"aggregateprogress":{"progress":0,"total":0},"environment":null,"customfield_12311020":null,"customfield_12310050":null,"duedate":null,"customfield_12310250":null,"progress":{"progress":0,"total":0},"comment":{"startAt":0,"maxResults":1,"total":1,"comments":[{"self":"https://issues.apache.org/jira/rest/api/2/issue/12370458/comment/12499977","id":"12499977","author":{"self":"https://issues.apache.org/jira/rest/api/2/user?username=mikem","name":"mikem","emailAddress":"mikem_app at sbcglobal dot net","avatarUrls":{"48x48":"https://issues.apache.org/jira/secure/useravatar?avatarId=10452","24x24":"https://issues.apache.org/jira/secure/useravatar?size=small&avatarId=10452","16x16":"https://issues.apache.org/jira/secure/useravatar?size=xsmall&avatarId=10452","32x32":"https://issues.apache.org/jira/secure/useravatar?size=medium&avatarId=10452"},"displayName":"Mike Matrigali","active":true},"body":"committed fix for this test bug, and determined that this environment also needed to be skipped:\r\n\r\nDERBY-2716\r\n\r\nfixed bad parsing of java version argument. In the process also discovered\r\nthat J2ME environment also reproduces DERBY-2703, so changed the test case\r\nto also not run in this enviroment. I just brute forced the java version\r\ncheck, hopefully 2703 will get fixed before needing to add more jvm's to\r\nignore.","updateAuthor":{"self":"https://issues.apache.org/jira/rest/api/2/user?username=mikem","name":"mikem","emailAddress":"mikem_app at sbcglobal dot net","avatarUrls":{"48x48":"https://issues.apache.org/jira/secure/useravatar?avatarId=10452","24x24":"https://issues.apache.org/jira/secure/useravatar?size=small&avatarId=10452","16x16":"https://issues.apache.org/jira/secure/useravatar?size=xsmall&avatarId=10452","32x32":"https://issues.apache.org/jira/secure/useravatar?size=medium&avatarId=10452"},"displayName":"Mike Matrigali","active":true},"created":"2007-05-30T00:12:39.804+0000","updated":"2007-05-30T00:12:39.804+0000"}]},"votes":{"self":"https://issues.apache.org/jira/rest/api/2/issue/DERBY-2716/votes","votes":0,"hasVoted":false},"worklog":{"startAt":0,"maxResults":20,"total":0,"worklogs":[]},"customfield_12311820":"0|i071lb:"}}