{"expand":"renderedFields,names,schema,transitions,operations,editmeta,changelog","id":"12399954","self":"https://issues.apache.org/jira/rest/api/latest/issue/12399954","key":"DERBY-3774","fields":{"issuetype":{"self":"https://issues.apache.org/jira/rest/api/2/issuetype/1","id":"1","description":"A problem which impairs or prevents the functions of the product.","iconUrl":"https://issues.apache.org/jira/images/icons/issuetypes/bug.png","name":"Bug","subtask":false},"timespent":null,"project":{"self":"https://issues.apache.org/jira/rest/api/2/project/10594","id":"10594","key":"DERBY","name":"Derby","avatarUrls":{"48x48":"https://issues.apache.org/jira/secure/projectavatar?pid=10594&avatarId=10122","24x24":"https://issues.apache.org/jira/secure/projectavatar?size=small&pid=10594&avatarId=10122","16x16":"https://issues.apache.org/jira/secure/projectavatar?size=xsmall&pid=10594&avatarId=10122","32x32":"https://issues.apache.org/jira/secure/projectavatar?size=medium&pid=10594&avatarId=10122"},"projectCategory":{"self":"https://issues.apache.org/jira/rest/api/2/projectCategory/10090","id":"10090","description":"DB related projects","name":"DB"}},"fixVersions":[{"self":"https://issues.apache.org/jira/rest/api/2/version/12313345","id":"12313345","description":"","name":"10.4.2.0","archived":false,"released":true,"releaseDate":"2008-09-05"},{"self":"https://issues.apache.org/jira/rest/api/2/version/12313771","id":"12313771","description":"build: 764942, 14/Apr/09. Voted release: 28/Apr/09. Announced: 1/May/09","name":"10.5.1.1","archived":false,"released":true,"releaseDate":"2009-04-28"}],"aggregatetimespent":null,"resolution":{"self":"https://issues.apache.org/jira/rest/api/2/resolution/1","id":"1","description":"A fix for this issue is checked into the tree and tested.","name":"Fixed"},"customfield_12310220":null,"customfield_12312322":null,"customfield_12312323":null,"customfield_12310420":"23835","customfield_12310222":"1_*:*_1_*:*_155289872_*|*_6_*:*_1_*:*_0","customfield_12312320":null,"customfield_12312321":null,"customfield_12312120":null,"customfield_12312121":null,"resolutiondate":"2008-07-11T15:27:22.240+0000","workratio":-1,"customfield_12312328":null,"customfield_12312329":null,"customfield_12312326":null,"customfield_12310300":null,"customfield_12312327":null,"customfield_12312324":null,"customfield_12312325":null,"lastViewed":null,"watches":{"self":"https://issues.apache.org/jira/rest/api/2/issue/DERBY-3774/watchers","watchCount":0,"isWatching":false},"created":"2008-07-09T20:19:12.368+0000","priority":{"self":"https://issues.apache.org/jira/rest/api/2/priority/3","iconUrl":"https://issues.apache.org/jira/images/icons/priorities/major.png","name":"Major","id":"3"},"labels":[],"customfield_12312333":null,"customfield_12312334":null,"customfield_12310310":"0.0","customfield_12312331":null,"customfield_12312332":null,"timeestimate":null,"aggregatetimeoriginalestimate":null,"versions":[{"self":"https://issues.apache.org/jira/rest/api/2/version/12313771","id":"12313771","description":"build: 764942, 14/Apr/09. Voted release: 28/Apr/09. Announced: 1/May/09","name":"10.5.1.1","archived":false,"released":true,"releaseDate":"2009-04-28"}],"customfield_12311120":null,"customfield_12312330":null,"issuelinks":[],"customfield_12312339":null,"assignee":{"self":"https://issues.apache.org/jira/rest/api/2/user?username=kmarsden","name":"kmarsden","emailAddress":"kmarsdenderby at sbcglobal dot net","avatarUrls":{"48x48":"https://issues.apache.org/jira/secure/useravatar?avatarId=10452","24x24":"https://issues.apache.org/jira/secure/useravatar?size=small&avatarId=10452","16x16":"https://issues.apache.org/jira/secure/useravatar?size=xsmall&avatarId=10452","32x32":"https://issues.apache.org/jira/secure/useravatar?size=medium&avatarId=10452"},"displayName":"Kathey Marsden","active":true},"customfield_12312337":null,"customfield_12312338":null,"updated":"2009-05-04T18:22:20.410+0000","customfield_12312335":null,"customfield_12311720":null,"customfield_12312336":null,"status":{"self":"https://issues.apache.org/jira/rest/api/2/status/6","description":"The issue is considered finished, the resolution is correct. Issues which are closed can be reopened.","iconUrl":"https://issues.apache.org/jira/images/icons/statuses/closed.png","name":"Closed","id":"6","statusCategory":{"self":"https://issues.apache.org/jira/rest/api/2/statuscategory/3","id":3,"key":"done","colorName":"green","name":"Complete"}},"components":[{"self":"https://issues.apache.org/jira/rest/api/2/component/11407","id":"11407","name":"JDBC"}],"timeoriginalestimate":null,"description":"testGetAsciiStreamCreateClob(org.apache.derbyTesting.functionTes\nts.tests.jdbc4.ClobTest)junit.framework.AssertionFailedError: \nStreams differ at index 0 expected:<200> but was:<72>\n\tat \norg.apache.derbyTesting.junit.BaseTestCase.assertEquals(BaseTest\nCase.java:341)\n\tat \norg.apache.derbyTesting.functionTests.tests.jdbc4.ClobTest.testG\netAsciiStreamCreateClob(ClobTest.java:575)\n\tat sun.reflect.NativeMethodAccessorImpl.invoke0(Native \nMethod)\n\tat \nsun.reflect.NativeMethodAccessorImpl.invoke(NativeMethodAccessor\nImpl.java:59)\n\tat \nsun.reflect.DelegatingMethodAccessorImpl.invoke(DelegatingMethod\nAccessorImpl.java:39)\n\tat \norg.apache.derbyTesting.junit.BaseTestCase.runBare(BaseTestCase.\njava:101)\n\tat \njunit.extensions.TestDecorator.basicRun(TestDecorator.java:22)\n\tat junit.extensions.TestSetup$1.protect(TestSetup.java:19)\n\tat junit.extensions.TestSetup.run(TestSetup.java:23)\n\tat \norg.apache.derbyTesting.junit.BaseTestSetup.run(BaseTestSetup.ja\nva:57)\n\tat \njunit.extensions.TestDecorator.basicRun(TestDecorator.java:22)\n\tat junit.extensions.TestSetup$1.protect(TestSetup.java:19)\n\tat junit.extensions.TestSetup.run(TestSetup.java:23)\n\tat \njunit.extensions.TestDecorator.basicRun(TestDecorator.java:22)\n\tat junit.extensions.TestSetup$1.protect(TestSetup.java:19)\n\tat junit.extensions.TestSetup.run(TestSetup.java:23)\n\tat \norg.apache.derbyTesting.junit.BaseTestSetup.run(BaseTestSetup.ja\nva:57)\n\tat \njunit.extensions.TestDecorator.basicRun(TestDecorator.java:22)\n\tat junit.extensions.TestSetup$1.protect(TestSetup.java:19)\n\tat junit.extensions.TestSetup.run(TestSetup.java:23)\n\tat \norg.apache.derbyTesting.junit.BaseTestSetup.run(BaseTestSetup.ja\nva:57)\n\nI was able to reproduce this on Windows with slightly different errors running with -Dfile.encoding=\"UTF-16\"\n\nThere were 2 errors:\n) testGetCharacterStreamClobUpdates(org.apache.derbyTesting.functionTests.tests.jdbc4.ClobTest)java.sql.SQLException: T\ne position argument '53' exceeds the size of the BLOB/CLOB.\n       at org.apache.derby.impl.jdbc.SQLExceptionFactory40.getSQLException(SQLExceptionFactory40.java:95)\n       at org.apache.derby.impl.jdbc.Util.newEmbedSQLException(Util.java:87)\n       at org.apache.derby.impl.jdbc.Util.newEmbedSQLException(Util.java:93)\n       at org.apache.derby.impl.jdbc.Util.generateCsSQLException(Util.java:172)\n       at org.apache.derby.impl.jdbc.EmbedClob.setString(EmbedClob.java:559)\n       at org.apache.derby.impl.jdbc.EmbedClob.setString(EmbedClob.java:525)\n       at org.apache.derbyTesting.functionTests.tests.jdbc4.ClobTest.testGetCharacterStreamClobUpdates(ClobTest.java:69\n)\n       at sun.reflect.NativeMethodAccessorImpl.invoke0(Native Method)\n       at sun.reflect.NativeMethodAccessorImpl.invoke(NativeMethodAccessorImpl.java:39)\n       at sun.reflect.DelegatingMethodAccessorImpl.invoke(DelegatingMethodAccessorImpl.java:25)\n       at org.apache.derbyTesting.junit.BaseTestCase.runBare(BaseTestCase.java:104)\n       at junit.extensions.TestDecorator.basicRun(TestDecorator.java:22)\n       at junit.extensions.TestSetup$1.protect(TestSetup.java:19)\n       at junit.extensions.TestSetup.run(TestSetup.java:23)\n       at org.apache.derbyTesting.junit.BaseTestSetup.run(BaseTestSetup.java:57)\n       at junit.extensions.TestDecorator.basicRun(TestDecorator.java:22)\n       at junit.extensions.TestSetup$1.protect(TestSetup.java:19)\n       at junit.extensions.TestSetup.run(TestSetup.java:23)\n       at org.apache.derbyTesting.junit.BaseTestSetup.run(BaseTestSetup.java:57)\naused by: java.sql.SQLException: The position argument '53' exceeds the size of the BLOB/CLOB.\n       at org.apache.derby.impl.jdbc.SQLExceptionFactory.getSQLException(SQLExceptionFactory.java:45)\n       at org.apache.derby.impl.jdbc.SQLExceptionFactory40.wrapArgsForTransportAcrossDRDA(SQLExceptionFactory40.java:11\n)\n       at org.apache.derby.impl.jdbc.SQLExceptionFactory40.getSQLException(SQLExceptionFactory40.java:70)\n       ... 34 more\n) testGetCharacterStreamClobUpdates(org.apache.derbyTesting.functionTests.tests.jdbc4.ClobTest)java.sql.SQLException: T\ne position argument '53' exceeds the size of the BLOB/CLOB.\n       at org.apache.derby.client.am.SQLExceptionFactory40.getSQLException(SQLExceptionFactory40.java:96)\n       at org.apache.derby.client.am.SqlException.getSQLException(SqlException.java:362)\n       at org.apache.derby.client.am.Clob.setString(Clob.java:588)\n       at org.apache.derbyTesting.functionTests.tests.jdbc4.ClobTest.testGetCharacterStreamClobUpdates(ClobTest.java:69\n)\n       at sun.reflect.NativeMethodAccessorImpl.invoke0(Native Method)\n       at sun.reflect.NativeMethodAccessorImpl.invoke(NativeMethodAccessorImpl.java:39)\n       at sun.reflect.DelegatingMethodAccessorImpl.invoke(DelegatingMethodAccessorImpl.java:25)\n       at org.apache.derbyTesting.junit.BaseTestCase.runBare(BaseTestCase.java:104)\n       at junit.extensions.TestDecorator.basicRun(TestDecorator.java:22)\n       at junit.extensions.TestSetup$1.protect(TestSetup.java:19)\n       at junit.extensions.TestSetup.run(TestSetup.java:23)\n       at org.apache.derbyTesting.junit.BaseTestSetup.run(BaseTestSetup.java:57)\n       at junit.extensions.TestDecorator.basicRun(TestDecorator.java:22)\n       at junit.extensions.TestSetup$1.protect(TestSetup.java:19)\n       at junit.extensions.TestSetup.run(TestSetup.java:23)\n       at junit.extensions.TestDecorator.basicRun(TestDecorator.java:22)\n       at junit.extensions.TestSetup$1.protect(TestSetup.java:19)\n       at junit.extensions.TestSetup.run(TestSetup.java:23)\n       at org.apache.derbyTesting.junit.BaseTestSetup.run(BaseTestSetup.java:57)\n       at junit.extensions.TestDecorator.basicRun(TestDecorator.java:22)\n       at junit.extensions.TestSetup$1.protect(TestSetup.java:19)\n       at junit.extensions.TestSetup.run(TestSetup.java:23)\n       at org.apache.derbyTesting.junit.BaseTestSetup.run(BaseTestSetup.java:57)\naused by: org.apache.derby.client.am.SqlException: The position argument '53' exceeds the size of the BLOB/CLOB.\n       at org.apache.derby.client.am.Clob.setStringX(Clob.java:624)\n       at org.apache.derby.client.am.Clob.setString(Clob.java:579)\n       ... 38 more\nhere were 2 failures:\n) testGetAsciiStreamCreateClob(org.apache.derbyTesting.functionTests.tests.jdbc4.ClobTest)junit.framework.AssertionFail\ndError: Streams differ at index 0 expected:<254> but was:<72>\n       at org.apache.derbyTesting.junit.BaseTestCase.assertEquals(BaseTestCase.java:343)\n       at org.apache.derbyTesting.functionTests.tests.jdbc4.ClobTest.testGetAsciiStreamCreateClob(ClobTest.java:575)\n       at sun.reflect.NativeMethodAccessorImpl.invoke0(Native Method)\n       at sun.reflect.NativeMethodAccessorImpl.invoke(NativeMethodAccessorImpl.java:39)\n       at sun.reflect.DelegatingMethodAccessorImpl.invoke(DelegatingMethodAccessorImpl.java:25)\n       at org.apache.derbyTesting.junit.BaseTestCase.runBare(BaseTestCase.java:104)\n       at junit.extensions.TestDecorator.basicRun(TestDecorator.java:22)\n       at junit.extensions.TestSetup$1.protect(TestSetup.java:19)\n       at junit.extensions.TestSetup.run(TestSetup.java:23)\n       at org.apache.derbyTesting.junit.BaseTestSetup.run(BaseTestSetup.java:57)\n       at junit.extensions.TestDecorator.basicRun(TestDecorator.java:22)\n       at junit.extensions.TestSetup$1.protect(TestSetup.java:19)\n       at junit.extensions.TestSetup.run(TestSetup.java:23)\n       at org.apache.derbyTesting.junit.BaseTestSetup.run(BaseTestSetup.java:57)\n) testGetAsciiStreamCreateClob(org.apache.derbyTesting.functionTests.tests.jdbc4.ClobTest)junit.framework.AssertionFail\ndError: Streams differ at index 0 expected:<254> but was:<72>\n       at org.apache.derbyTesting.junit.BaseTestCase.assertEquals(BaseTestCase.java:343)\n       at org.apache.derbyTesting.functionTests.tests.jdbc4.ClobTest.testGetAsciiStreamCreateClob(ClobTest.java:575)\n       at sun.reflect.NativeMethodAccessorImpl.invoke0(Native Method)\n       at sun.reflect.NativeMethodAccessorImpl.invoke(NativeMethodAccessorImpl.java:39)\n       at sun.reflect.DelegatingMethodAccessorImpl.invoke(DelegatingMethodAccessorImpl.java:25)\n       at org.apache.derbyTesting.junit.BaseTestCase.runBare(BaseTestCase.java:104)\n       at junit.extensions.TestDecorator.basicRun(TestDecorator.java:22)\n       at junit.extensions.TestSetup$1.protect(TestSetup.java:19)\n       at junit.extensions.TestSetup.run(TestSetup.java:23)\n       at org.apache.derbyTesting.junit.BaseTestSetup.run(BaseTestSetup.java:57)\n       at junit.extensions.TestDecorator.basicRun(TestDecorator.java:22)\n       at junit.extensions.TestSetup$1.protect(TestSetup.java:19)\n       at junit.extensions.TestSetup.run(TestSetup.java:23)\n       at junit.extensions.TestDecorator.basicRun(TestDecorator.java:22)\n       at junit.extensions.TestSetup$1.protect(TestSetup.java:19)\n       at junit.extensions.TestSetup.run(TestSetup.java:23)\n       at org.apache.derbyTesting.junit.BaseTestSetup.run(BaseTestSetup.java:57)\n       at junit.extensions.TestDecorator.basicRun(TestDecorator.java:22)\n       at junit.extensions.TestSetup$1.protect(TestSetup.java:19)\n       at junit.extensions.TestSetup.run(TestSetup.java:23)\n       at org.apache.derbyTesting.junit.BaseTestSetup.run(BaseTestSetup.java:57)\n\nFAILURES!!!\nTests run: 22,  Failures: 2,  Errors: 2","customfield_10010":null,"timetracking":{},"customfield_12312026":null,"customfield_12310200":null,"customfield_12312023":null,"customfield_12312024":null,"customfield_12312340":null,"aggregatetimeestimate":null,"customfield_12312022":null,"customfield_12312341":null,"customfield_12312220":null,"customfield_12310921":null,"customfield_12310920":"39284","summary":"jdbc4/ClobTest fails on Zos with AssertionFailedError: Streams differ at index 0 expected:<200> but was:<72>","creator":{"self":"https://issues.apache.org/jira/rest/api/2/user?username=kmarsden","name":"kmarsden","emailAddress":"kmarsdenderby at sbcglobal dot net","avatarUrls":{"48x48":"https://issues.apache.org/jira/secure/useravatar?avatarId=10452","24x24":"https://issues.apache.org/jira/secure/useravatar?size=small&avatarId=10452","16x16":"https://issues.apache.org/jira/secure/useravatar?size=xsmall&avatarId=10452","32x32":"https://issues.apache.org/jira/secure/useravatar?size=medium&avatarId=10452"},"displayName":"Kathey Marsden","active":true},"subtasks":[],"customfield_12310090":null,"reporter":{"self":"https://issues.apache.org/jira/rest/api/2/user?username=kmarsden","name":"kmarsden","emailAddress":"kmarsdenderby at sbcglobal dot net","avatarUrls":{"48x48":"https://issues.apache.org/jira/secure/useravatar?avatarId=10452","24x24":"https://issues.apache.org/jira/secure/useravatar?size=small&avatarId=10452","16x16":"https://issues.apache.org/jira/secure/useravatar?size=xsmall&avatarId=10452","32x32":"https://issues.apache.org/jira/secure/useravatar?size=medium&avatarId=10452"},"displayName":"Kathey Marsden","active":true},"customfield_12310291":null,"customfield_12310290":null,"aggregateprogress":{"progress":0,"total":0},"environment":null,"customfield_12311020":null,"customfield_12310050":null,"duedate":null,"customfield_12310250":null,"progress":{"progress":0,"total":0},"comment":{"startAt":0,"maxResults":0,"total":0,"comments":[]},"votes":{"self":"https://issues.apache.org/jira/rest/api/2/issue/DERBY-3774/votes","votes":0,"hasVoted":false},"worklog":{"startAt":0,"maxResults":20,"total":0,"worklogs":[]},"customfield_12311820":"0|i07373:"}}