{"expand":"renderedFields,names,schema,transitions,operations,editmeta,changelog","id":"12642135","self":"https://issues.apache.org/jira/rest/api/latest/issue/12642135","key":"DERBY-6176","fields":{"issuetype":{"self":"https://issues.apache.org/jira/rest/api/2/issuetype/1","id":"1","description":"A problem which impairs or prevents the functions of the product.","iconUrl":"https://issues.apache.org/jira/images/icons/issuetypes/bug.png","name":"Bug","subtask":false},"timespent":null,"project":{"self":"https://issues.apache.org/jira/rest/api/2/project/10594","id":"10594","key":"DERBY","name":"Derby","avatarUrls":{"48x48":"https://issues.apache.org/jira/secure/projectavatar?pid=10594&avatarId=10122","24x24":"https://issues.apache.org/jira/secure/projectavatar?size=small&pid=10594&avatarId=10122","16x16":"https://issues.apache.org/jira/secure/projectavatar?size=xsmall&pid=10594&avatarId=10122","32x32":"https://issues.apache.org/jira/secure/projectavatar?size=medium&pid=10594&avatarId=10122"},"projectCategory":{"self":"https://issues.apache.org/jira/rest/api/2/projectCategory/10090","id":"10090","description":"DB related projects","name":"DB"}},"fixVersions":[],"aggregatetimespent":null,"resolution":{"self":"https://issues.apache.org/jira/rest/api/2/resolution/1","id":"1","description":"A fix for this issue is checked into the tree and tested.","name":"Fixed"},"customfield_12310220":"2013-04-12 15:01:35.552","customfield_12312322":null,"customfield_12312323":null,"customfield_12310420":"322549","customfield_12310222":"1_*:*_1_*:*_1733377694_*|*_5_*:*_1_*:*_0","customfield_12312320":null,"customfield_12312321":null,"customfield_12312120":null,"customfield_12312121":null,"resolutiondate":"2013-05-01T22:12:49.857+0000","workratio":-1,"customfield_12312328":null,"customfield_12312329":null,"customfield_12312326":null,"customfield_12310300":null,"customfield_12312327":null,"customfield_12312324":null,"customfield_12312325":null,"lastViewed":null,"watches":{"self":"https://issues.apache.org/jira/rest/api/2/issue/DERBY-6176/watchers","watchCount":5,"isWatching":false},"created":"2013-04-11T20:43:12.188+0000","priority":{"self":"https://issues.apache.org/jira/rest/api/2/priority/3","iconUrl":"https://issues.apache.org/jira/images/icons/priorities/major.png","name":"Major","id":"3"},"labels":[],"customfield_12312333":null,"customfield_12312334":null,"customfield_12310310":"0.0","customfield_12312331":null,"customfield_12312332":null,"timeestimate":null,"aggregatetimeoriginalestimate":null,"versions":[{"self":"https://issues.apache.org/jira/rest/api/2/version/12324243","id":"12324243","description":"First release on the 10.11 branch","name":"10.11.1.1","archived":false,"released":true,"releaseDate":"2014-08-26"}],"customfield_12311120":null,"customfield_12312330":null,"issuelinks":[{"id":"12367253","self":"https://issues.apache.org/jira/rest/api/2/issueLink/12367253","type":{"id":"10030","name":"Reference","inward":"is related to","outward":"relates to","self":"https://issues.apache.org/jira/rest/api/2/issueLinkType/10030"},"inwardIssue":{"id":"12640198","key":"DERBY-6137","self":"https://issues.apache.org/jira/rest/api/2/issue/12640198","fields":{"summary":"update/delete statement on table with trigger fails randomly with ERROR XSTA2","status":{"self":"https://issues.apache.org/jira/rest/api/2/status/6","description":"The issue is considered finished, the resolution is correct. Issues which are closed can be reopened.","iconUrl":"https://issues.apache.org/jira/images/icons/statuses/closed.png","name":"Closed","id":"6","statusCategory":{"self":"https://issues.apache.org/jira/rest/api/2/statuscategory/3","id":3,"key":"done","colorName":"green","name":"Complete"}},"priority":{"self":"https://issues.apache.org/jira/rest/api/2/priority/3","iconUrl":"https://issues.apache.org/jira/images/icons/priorities/major.png","name":"Major","id":"3"},"issuetype":{"self":"https://issues.apache.org/jira/rest/api/2/issuetype/1","id":"1","description":"A problem which impairs or prevents the functions of the product.","iconUrl":"https://issues.apache.org/jira/images/icons/issuetypes/bug.png","name":"Bug","subtask":false}}}}],"customfield_12312339":null,"assignee":{"self":"https://issues.apache.org/jira/rest/api/2/user?username=mamtas","name":"mamtas","emailAddress":"msatoor at gmail dot com","avatarUrls":{"48x48":"https://issues.apache.org/jira/secure/useravatar?avatarId=10452","24x24":"https://issues.apache.org/jira/secure/useravatar?size=small&avatarId=10452","16x16":"https://issues.apache.org/jira/secure/useravatar?size=xsmall&avatarId=10452","32x32":"https://issues.apache.org/jira/secure/useravatar?size=medium&avatarId=10452"},"displayName":"Mamta A. Satoor","active":true},"customfield_12312337":null,"customfield_12312338":null,"updated":"2014-09-03T08:31:26.185+0000","customfield_12312335":null,"customfield_12311720":null,"customfield_12312336":null,"status":{"self":"https://issues.apache.org/jira/rest/api/2/status/6","description":"The issue is considered finished, the resolution is correct. Issues which are closed can be reopened.","iconUrl":"https://issues.apache.org/jira/images/icons/statuses/closed.png","name":"Closed","id":"6","statusCategory":{"self":"https://issues.apache.org/jira/rest/api/2/statuscategory/3","id":3,"key":"done","colorName":"green","name":"Complete"}},"components":[{"self":"https://issues.apache.org/jira/rest/api/2/component/11413","id":"11413","name":"Test"}],"timeoriginalestimate":null,"description":"Failure on trunk(1466748) on windows machine with weme6.2\r\n\r\nhttp://people.apache.org/~myrnavl/derby_test_results/main/windows/testlog/weme6.2/1466748-suites.All_diff.txt\r\n\r\n1) test_16_6137(org.apache.derbyTesting.functionTests.tests.lang.SequenceTest)java.sql.SQLException: The exception 'java.lang.ClassCastException: java.math.BigDecimal incompatible with java.lang.Integer' was thrown while evaluating an expression.\r\n\tat org.apache.derby.impl.jdbc.SQLExceptionFactory.getSQLException(Unknown Source)\r\n\tat org.apache.derby.impl.jdbc.Util.newEmbedSQLException(Unknown Source)\r\n\tat org.apache.derby.impl.jdbc.Util.seeNextException(Unknown Source)\r\n\tat org.apache.derby.impl.jdbc.TransactionResourceImpl.wrapInSQLException(Unknown Source)\r\n\tat org.apache.derby.impl.jdbc.TransactionResourceImpl.handleException(Unknown Source)\r\n\tat org.apache.derby.impl.jdbc.EmbedConnection.handleException(Unknown Source)\r\n\tat org.apache.derby.impl.jdbc.ConnectionChild.handleException(Unknown Source)\r\n\tat org.apache.derby.impl.jdbc.EmbedStatement.executeStatement(Unknown Source)\r\n\tat org.apache.derby.impl.jdbc.EmbedPreparedStatement.executeStatement(Unknown Source)\r\n\tat org.apache.derby.impl.jdbc.EmbedPreparedStatement.execute(Unknown Source)\r\n\tat org.apache.derbyTesting.functionTests.tests.lang.GeneratedColumnsHelper.goodStatement(GeneratedColumnsHelper.java:150)\r\n\tat org.apache.derbyTesting.functionTests.tests.lang.SequenceTest.test_16_6137(SequenceTest.java:599)\r\n\tat java.lang.reflect.AccessibleObject.invokeV(AccessibleObject.java:195)\r\n\tat org.apache.derbyTesting.junit.BaseTestCase.runBare(BaseTestCase.java:117)\r\n\tat org.apache.derbyTesting.junit.BaseJDBCTestCase.runBareOverridable(BaseJDBCTestCase.java:442)\r\n\tat org.apache.derbyTesting.junit.BaseJDBCTestCase.runBare(BaseJDBCTestCase.java:459)\r\n\tat junit.extensions.TestDecorator.basicRun(TestDecorator.java:24)\r\n\tat junit.extensions.TestSetup$1.protect(TestSetup.java:21)\r\n\tat junit.extensions.TestSetup.run(TestSetup.java:25)\r\n\tat org.apache.derbyTesting.junit.BaseTestSetup.run(BaseTestSetup.java:57)\r\n\tat junit.extensions.TestDecorator.basicRun(TestDecorator.java:24)\r\n\tat junit.extensions.TestSetup$1.protect(TestSetup.java:21)\r\n\tat junit.extensions.TestSetup.run(TestSetup.java:25)\r\n\tat org.apache.derbyTesting.junit.BaseTestSetup.run(BaseTestSetup.java:57)\r\n\tat junit.extensions.TestDecorator.basicRun(TestDecorator.java:24)\r\n\tat junit.extensions.TestSetup$1.protect(TestSetup.java:21)\r\n\tat junit.extensions.TestSetup.run(TestSetup.java:25)\r\n\tat junit.extensions.TestDecorator.basicRun(TestDecorator.java:24)\r\n\tat junit.extensions.TestSetup$1.protect(TestSetup.java:21)\r\n\tat junit.extensions.TestSetup.run(TestSetup.java:25)\r\n\tat org.apache.derbyTesting.junit.BaseTestSetup.run(BaseTestSetup.java:57)\r\n\tat junit.extensions.TestDecorator.basicRun(TestDecorator.java:24)\r\n\tat junit.extensions.TestSetup$1.protect(TestSetup.java:21)\r\n\tat junit.extensions.TestSetup.run(TestSetup.java:25)\r\n\tat org.apache.derbyTesting.junit.BaseTestSetup.run(BaseTestSetup.java:57)\r\n\tat junit.extensions.TestDecorator.basicRun(TestDecorator.java:24)\r\n\tat junit.extensions.TestSetup$1.protect(TestSetup.java:21)\r\n\tat junit.extensions.TestSetup.run(TestSetup.java:25)\r\n\tat junit.extensions.TestDecorator.basicRun(TestDecorator.java:24)\r\n\tat junit.extensions.TestSetup$1.protect(TestSetup.java:21)\r\n\tat junit.extensions.TestSetup.run(TestSetup.java:25)\r\nCaused by: java.sql.SQLException: Java exception: 'java.math.BigDecimal incompatible with java.lang.Integer: java.lang.ClassCastException'.\r\n\tat org.apache.derby.impl.jdbc.SQLExceptionFactory.getSQLException(Unknown Source)\r\n\tat org.apache.derby.impl.jdbc.Util.newEmbedSQLException(Unknown Source)\r\n\tat org.apache.derby.impl.jdbc.Util.javaException(Unknown Source)\r\n\tat org.apache.derby.impl.jdbc.TransactionResourceImpl.wrapInSQLException(Unknown Source)\r\n\t... 63 more\r\nCaused by: java.lang.ClassCastException: java.math.BigDecimal incompatible with java.lang.Integer\r\n\tat org.apache.derby.iapi.types.NumberDataType.setObject(Unknown Source)\r\n\tat org.apache.derby.iapi.types.DataType.setObjectForCast(Unknown Source)\r\n\tat org.apache.derby.exe.ac04cdfc72x013dxf6c6xf0f0x00006a7794b06.e0(Unknown Source)\r\n\tat org.apache.derby.impl.services.reflect.DirectCall.invoke(Unknown Source)\r\n\tat org.apache.derby.impl.sql.execute.RowResultSet.getNextRowCore(Unknown Source)\r\n\tat org.apache.derby.impl.sql.execute.NormalizeResultSet.getNextRowCore(Unknown Source)\r\n\tat org.apache.derby.impl.sql.execute.DMLWriteResultSet.getNextRowCore(Unknown Source)\r\n\tat org.apache.derby.impl.sql.execute.InsertResultSet.open(Unknown Source)\r\n\tat org.apache.derby.impl.sql.GenericPreparedStatement.executeStmt(Unknown Source)\r\n\tat org.apache.derby.impl.sql.GenericPreparedStatement.executeSubStatement(Unknown Source)\r\n\tat org.apache.derby.impl.sql.execute.GenericTriggerExecutor.executeSPS(Unknown Source)\r\n\tat org.apache.derby.impl.sql.execute.RowTriggerExecutor.fireTrigger(Unknown Source)\r\n\tat org.apache.derby.impl.sql.execute.TriggerEventActivator.notifyEvent(Unknown Source)\r\n\tat org.apache.derby.impl.sql.execute.DeleteResultSet.fireAfterTriggers(Unknown Source)\r\n\tat org.apache.derby.impl.sql.execute.DeleteResultSet.open(Unknown Source)\r\n\tat org.apache.derby.impl.sql.GenericPreparedStatement.executeStmt(Unknown Source)\r\n\tat org.apache.derby.impl.sql.GenericPreparedStatement.execute(Unknown Source)\r\n\t... 59 more\r\nThere were 4 failures:\r\n1) test_01_basic(org.apache.derbyTesting.functionTests.tests.lang.SequenceGeneratorTest)junit.framework.AssertionFailedError: expected:<-2147483548> but was:<-2147483646>\r\n\tat junit.framework.AssertionFailedError.<init>(AssertionFailedError.java:13)\r\n\tat org.apache.derbyTesting.functionTests.tests.lang.SequenceGeneratorTest.vetBumping(SequenceGeneratorTest.java:177)\r\n\tat org.apache.derbyTesting.functionTests.tests.lang.SequenceGeneratorTest.test_01_basic(SequenceGeneratorTest.java:146)\r\n\tat java.lang.reflect.AccessibleObject.invokeV(AccessibleObject.java:195)\r\n\tat org.apache.derbyTesting.junit.BaseTestCase.runBare(BaseTestCase.java:117)\r\n\tat org.apache.derbyTesting.junit.BaseJDBCTestCase.runBareOverridable(BaseJDBCTestCase.java:442)\r\n\tat org.apache.derbyTesting.junit.BaseJDBCTestCase.runBare(BaseJDBCTestCase.java:459)\r\n\tat junit.extensions.TestDecorator.basicRun(TestDecorator.java:24)\r\n\tat junit.extensions.TestSetup$1.protect(TestSetup.java:21)\r\n\tat junit.extensions.TestSetup.run(TestSetup.java:25)\r\n\tat org.apache.derbyTesting.junit.BaseTestSetup.run(BaseTestSetup.java:57)\r\n\tat junit.extensions.TestDecorator.basicRun(TestDecorator.java:24)\r\n\tat junit.extensions.TestSetup$1.protect(TestSetup.java:21)\r\n\tat junit.extensions.TestSetup.run(TestSetup.java:25)\r\n\tat org.apache.derbyTesting.junit.BaseTestSetup.run(BaseTestSetup.java:57)\r\n\tat junit.extensions.TestDecorator.basicRun(TestDecorator.java:24)\r\n\tat junit.extensions.TestSetup$1.protect(TestSetup.java:21)\r\n\tat junit.extensions.TestSetup.run(TestSetup.java:25)\r\n\tat org.apache.derbyTesting.junit.BaseTestSetup.run(BaseTestSetup.java:57)\r\n\tat junit.extensions.TestDecorator.basicRun(TestDecorator.java:24)\r\n\tat junit.extensions.TestSetup$1.protect(TestSetup.java:21)\r\n\tat junit.extensions.TestSetup.run(TestSetup.java:25)\r\n\tat junit.extensions.TestDecorator.basicRun(TestDecorator.java:24)\r\n\tat junit.extensions.TestSetup$1.protect(TestSetup.java:21)\r\n\tat junit.extensions.TestSetup.run(TestSetup.java:25)\r\n\tat org.apache.derbyTesting.junit.BaseTestSetup.run(BaseTestSetup.java:57)\r\n\tat junit.extensions.TestDecorator.basicRun(TestDecorator.java:24)\r\n\tat junit.extensions.TestSetup$1.protect(TestSetup.java:21)\r\n\tat junit.extensions.TestSetup.run(TestSetup.java:25)\r\n\tat org.apache.derbyTesting.junit.BaseTestSetup.run(BaseTestSetup.java:57)\r\n\tat junit.extensions.TestDecorator.basicRun(TestDecorator.java:24)\r\n\tat junit.extensions.TestSetup$1.protect(TestSetup.java:21)\r\n\tat junit.extensions.TestSetup.run(TestSetup.java:25)\r\n\tat junit.extensions.TestDecorator.basicRun(TestDecorator.java:24)\r\n\tat junit.extensions.TestSetup$1.protect(TestSetup.java:21)\r\n\tat junit.extensions.TestSetup.run(TestSetup.java:25)\r\n2) test_04_reboot(org.apache.derbyTesting.functionTests.tests.lang.SequenceGeneratorTest)junit.framework.AssertionFailedError: expected:<-2147483548> but was:<-2147483646>\r\n\tat junit.framework.AssertionFailedError.<init>(AssertionFailedError.java:13)\r\n\tat org.apache.derbyTesting.functionTests.tests.lang.SequenceGeneratorTest.vetBumping(SequenceGeneratorTest.java:177)\r\n\tat org.apache.derbyTesting.functionTests.tests.lang.SequenceGeneratorTest.test_04_reboot(SequenceGeneratorTest.java:432)\r\n\tat java.lang.reflect.AccessibleObject.invokeV(AccessibleObject.java:195)\r\n\tat org.apache.derbyTesting.junit.BaseTestCase.runBare(BaseTestCase.java:117)\r\n\tat org.apache.derbyTesting.junit.BaseJDBCTestCase.runBareOverridable(BaseJDBCTestCase.java:442)\r\n\tat org.apache.derbyTesting.junit.BaseJDBCTestCase.runBare(BaseJDBCTestCase.java:459)\r\n\tat junit.extensions.TestDecorator.basicRun(TestDecorator.java:24)\r\n\tat junit.extensions.TestSetup$1.protect(TestSetup.java:21)\r\n\tat junit.extensions.TestSetup.run(TestSetup.java:25)\r\n\tat org.apache.derbyTesting.junit.BaseTestSetup.run(BaseTestSetup.java:57)\r\n\tat junit.extensions.TestDecorator.basicRun(TestDecorator.java:24)\r\n\tat junit.extensions.TestSetup$1.protect(TestSetup.java:21)\r\n\tat junit.extensions.TestSetup.run(TestSetup.java:25)\r\n\tat org.apache.derbyTesting.junit.BaseTestSetup.run(BaseTestSetup.java:57)\r\n\tat junit.extensions.TestDecorator.basicRun(TestDecorator.java:24)\r\n\tat junit.extensions.TestSetup$1.protect(TestSetup.java:21)\r\n\tat junit.extensions.TestSetup.run(TestSetup.java:25)\r\n\tat org.apache.derbyTesting.junit.BaseTestSetup.run(BaseTestSetup.java:57)\r\n\tat junit.extensions.TestDecorator.basicRun(TestDecorator.java:24)\r\n\tat junit.extensions.TestSetup$1.protect(TestSetup.java:21)\r\n\tat junit.extensions.TestSetup.run(TestSetup.java:25)\r\n\tat junit.extensions.TestDecorator.basicRun(TestDecorator.java:24)\r\n\tat junit.extensions.TestSetup$1.protect(TestSetup.java:21)\r\n\tat junit.extensions.TestSetup.run(TestSetup.java:25)\r\n\tat org.apache.derbyTesting.junit.BaseTestSetup.run(BaseTestSetup.java:57)\r\n\tat junit.extensions.TestDecorator.basicRun(TestDecorator.java:24)\r\n\tat junit.extensions.TestSetup$1.protect(TestSetup.java:21)\r\n\tat junit.extensions.TestSetup.run(TestSetup.java:25)\r\n\tat org.apache.derbyTesting.junit.BaseTestSetup.run(BaseTestSetup.java:57)\r\n\tat junit.extensions.TestDecorator.basicRun(TestDecorator.java:24)\r\n\tat junit.extensions.TestSetup$1.protect(TestSetup.java:21)\r\n\tat junit.extensions.TestSetup.run(TestSetup.java:25)\r\n\tat junit.extensions.TestDecorator.basicRun(TestDecorator.java:24)\r\n\tat junit.extensions.TestSetup$1.protect(TestSetup.java:21)\r\n\tat junit.extensions.TestSetup.run(TestSetup.java:25)\r\n3) test_05_concurrency(org.apache.derbyTesting.functionTests.tests.lang.SequenceGeneratorTest)junit.framework.AssertionFailedError: expected:<-2147483548> but was:<-2147483646>\r\n\tat junit.framework.AssertionFailedError.<init>(AssertionFailedError.java:13)\r\n\tat org.apache.derbyTesting.functionTests.tests.lang.SequenceGeneratorTest.vetBumping(SequenceGeneratorTest.java:177)\r\n\tat org.apache.derbyTesting.functionTests.tests.lang.SequenceGeneratorTest.test_05_concurrency(SequenceGeneratorTest.java:477)\r\n\tat java.lang.reflect.AccessibleObject.invokeV(AccessibleObject.java:195)\r\n\tat org.apache.derbyTesting.junit.BaseTestCase.runBare(BaseTestCase.java:117)\r\n\tat org.apache.derbyTesting.junit.BaseJDBCTestCase.runBareOverridable(BaseJDBCTestCase.java:442)\r\n\tat org.apache.derbyTesting.junit.BaseJDBCTestCase.runBare(BaseJDBCTestCase.java:459)\r\n\tat junit.extensions.TestDecorator.basicRun(TestDecorator.java:24)\r\n\tat junit.extensions.TestSetup$1.protect(TestSetup.java:21)\r\n\tat junit.extensions.TestSetup.run(TestSetup.java:25)\r\n\tat org.apache.derbyTesting.junit.BaseTestSetup.run(BaseTestSetup.java:57)\r\n\tat junit.extensions.TestDecorator.basicRun(TestDecorator.java:24)\r\n\tat junit.extensions.TestSetup$1.protect(TestSetup.java:21)\r\n\tat junit.extensions.TestSetup.run(TestSetup.java:25)\r\n\tat org.apache.derbyTesting.junit.BaseTestSetup.run(BaseTestSetup.java:57)\r\n\tat junit.extensions.TestDecorator.basicRun(TestDecorator.java:24)\r\n\tat junit.extensions.TestSetup$1.protect(TestSetup.java:21)\r\n\tat junit.extensions.TestSetup.run(TestSetup.java:25)\r\n\tat org.apache.derbyTesting.junit.BaseTestSetup.run(BaseTestSetup.java:57)\r\n\tat junit.extensions.TestDecorator.basicRun(TestDecorator.java:24)\r\n\tat junit.extensions.TestSetup$1.protect(TestSetup.java:21)\r\n\tat junit.extensions.TestSetup.run(TestSetup.java:25)\r\n\tat junit.extensions.TestDecorator.basicRun(TestDecorator.java:24)\r\n\tat junit.extensions.TestSetup$1.protect(TestSetup.java:21)\r\n\tat junit.extensions.TestSetup.run(TestSetup.java:25)\r\n\tat org.apache.derbyTesting.junit.BaseTestSetup.run(BaseTestSetup.java:57)\r\n\tat junit.extensions.TestDecorator.basicRun(TestDecorator.java:24)\r\n\tat junit.extensions.TestSetup$1.protect(TestSetup.java:21)\r\n\tat junit.extensions.TestSetup.run(TestSetup.java:25)\r\n\tat org.apache.derbyTesting.junit.BaseTestSetup.run(BaseTestSetup.java:57)\r\n\tat junit.extensions.TestDecorator.basicRun(TestDecorator.java:24)\r\n\tat junit.extensions.TestSetup$1.protect(TestSetup.java:21)\r\n\tat junit.extensions.TestSetup.run(TestSetup.java:25)\r\n\tat junit.extensions.TestDecorator.basicRun(TestDecorator.java:24)\r\n\tat junit.extensions.TestSetup$1.protect(TestSetup.java:21)\r\n\tat junit.extensions.TestSetup.run(TestSetup.java:25)\r\n4) test_07_dropSequence(org.apache.derbyTesting.functionTests.tests.lang.SequenceGeneratorTest)junit.framework.AssertionFailedError: expected:<-2147483548> but was:<-2147483646>\r\n\tat junit.framework.AssertionFailedError.<init>(AssertionFailedError.java:13)\r\n\tat org.apache.derbyTesting.functionTests.tests.lang.SequenceGeneratorTest.vetBumping(SequenceGeneratorTest.java:177)\r\n\tat org.apache.derbyTesting.functionTests.tests.lang.SequenceGeneratorTest.test_07_dropSequence(SequenceGeneratorTest.java:547)\r\n\tat java.lang.reflect.AccessibleObject.invokeV(AccessibleObject.java:195)\r\n\tat org.apache.derbyTesting.junit.BaseTestCase.runBare(BaseTestCase.java:117)\r\n\tat org.apache.derbyTesting.junit.BaseJDBCTestCase.runBareOverridable(BaseJDBCTestCase.java:442)\r\n\tat org.apache.derbyTesting.junit.BaseJDBCTestCase.runBare(BaseJDBCTestCase.java:459)\r\n\tat junit.extensions.TestDecorator.basicRun(TestDecorator.java:24)\r\n\tat junit.extensions.TestSetup$1.protect(TestSetup.java:21)\r\n\tat junit.extensions.TestSetup.run(TestSetup.java:25)\r\n\tat org.apache.derbyTesting.junit.BaseTestSetup.run(BaseTestSetup.java:57)\r\n\tat junit.extensions.TestDecorator.basicRun(TestDecorator.java:24)\r\n\tat junit.extensions.TestSetup$1.protect(TestSetup.java:21)\r\n\tat junit.extensions.TestSetup.run(TestSetup.java:25)\r\n\tat org.apache.derbyTesting.junit.BaseTestSetup.run(BaseTestSetup.java:57)\r\n\tat junit.extensions.TestDecorator.basicRun(TestDecorator.java:24)\r\n\tat junit.extensions.TestSetup$1.protect(TestSetup.java:21)\r\n\tat junit.extensions.TestSetup.run(TestSetup.java:25)\r\n\tat org.apache.derbyTesting.junit.BaseTestSetup.run(BaseTestSetup.java:57)\r\n\tat junit.extensions.TestDecorator.basicRun(TestDecorator.java:24)\r\n\tat junit.extensions.TestSetup$1.protect(TestSetup.java:21)\r\n\tat junit.extensions.TestSetup.run(TestSetup.java:25)\r\n\tat junit.extensions.TestDecorator.basicRun(TestDecorator.java:24)\r\n\tat junit.extensions.TestSetup$1.protect(TestSetup.java:21)\r\n\tat junit.extensions.TestSetup.run(TestSetup.java:25)\r\n\tat org.apache.derbyTesting.junit.BaseTestSetup.run(BaseTestSetup.java:57)\r\n\tat junit.extensions.TestDecorator.basicRun(TestDecorator.java:24)\r\n\tat junit.extensions.TestSetup$1.protect(TestSetup.java:21)\r\n\tat junit.extensions.TestSetup.run(TestSetup.java:25)\r\n\tat org.apache.derbyTesting.junit.BaseTestSetup.run(BaseTestSetup.java:57)\r\n\tat junit.extensions.TestDecorator.basicRun(TestDecorator.java:24)\r\n\tat junit.extensions.TestSetup$1.protect(TestSetup.java:21)\r\n\tat junit.extensions.TestSetup.run(TestSetup.java:25)\r\n\tat junit.extensions.TestDecorator.basicRun(TestDecorator.java:24)\r\n\tat junit.extensions.TestSetup$1.protect(TestSetup.java:21)\r\n\tat junit.extensions.TestSetup.run(TestSetup.java:25)\r\n","customfield_10010":null,"timetracking":{},"customfield_12312026":null,"customfield_12310200":[{"self":"https://issues.apache.org/jira/rest/api/2/customFieldOption/10420","value":"Regression","id":"10420"},{"self":"https://issues.apache.org/jira/rest/api/2/customFieldOption/10369","value":"Regression Test Failure","id":"10369"}],"customfield_12312023":null,"customfield_12312024":null,"customfield_12312340":null,"aggregatetimeestimate":null,"customfield_12312022":null,"customfield_12312341":null,"customfield_12312220":null,"customfield_12310921":null,"customfield_12310920":"322894","summary":"Couple failures in SequenceGeneratorTest suite on trunk(1466748) with weme 6.2","creator":{"self":"https://issues.apache.org/jira/rest/api/2/user?username=mamtas","name":"mamtas","emailAddress":"msatoor at gmail dot com","avatarUrls":{"48x48":"https://issues.apache.org/jira/secure/useravatar?avatarId=10452","24x24":"https://issues.apache.org/jira/secure/useravatar?size=small&avatarId=10452","16x16":"https://issues.apache.org/jira/secure/useravatar?size=xsmall&avatarId=10452","32x32":"https://issues.apache.org/jira/secure/useravatar?size=medium&avatarId=10452"},"displayName":"Mamta A. Satoor","active":true},"subtasks":[],"customfield_12310090":[{"self":"https://issues.apache.org/jira/rest/api/2/customFieldOption/10422","value":"High Value Fix","id":"10422"}],"reporter":{"self":"https://issues.apache.org/jira/rest/api/2/user?username=mamtas","name":"mamtas","emailAddress":"msatoor at gmail dot com","avatarUrls":{"48x48":"https://issues.apache.org/jira/secure/useravatar?avatarId=10452","24x24":"https://issues.apache.org/jira/secure/useravatar?size=small&avatarId=10452","16x16":"https://issues.apache.org/jira/secure/useravatar?size=xsmall&avatarId=10452","32x32":"https://issues.apache.org/jira/secure/useravatar?size=medium&avatarId=10452"},"displayName":"Mamta A. Satoor","active":true},"customfield_12310291":null,"customfield_12310290":null,"aggregateprogress":{"progress":0,"total":0},"environment":null,"customfield_12311020":null,"customfield_12310050":null,"duedate":null,"customfield_12310250":null,"progress":{"progress":0,"total":0},"comment":{"startAt":0,"maxResults":8,"total":8,"comments":[{"self":"https://issues.apache.org/jira/rest/api/2/issue/12642135/comment/13630136","id":"13630136","author":{"self":"https://issues.apache.org/jira/rest/api/2/user?username=mikem","name":"mikem","emailAddress":"mikem_app at sbcglobal dot net","avatarUrls":{"48x48":"https://issues.apache.org/jira/secure/useravatar?avatarId=10452","24x24":"https://issues.apache.org/jira/secure/useravatar?size=small&avatarId=10452","16x16":"https://issues.apache.org/jira/secure/useravatar?size=xsmall&avatarId=10452","32x32":"https://issues.apache.org/jira/secure/useravatar?size=medium&avatarId=10452"},"displayName":"Mike Matrigali","active":true},"body":"Got error same error in 10.10 on weme:\r\nhttp://people.apache.org/~myrnavl/derby_test_results/v10_10/windows/testlog/weme6.2/1467157-suites.All_diff.txt","updateAuthor":{"self":"https://issues.apache.org/jira/rest/api/2/user?username=mikem","name":"mikem","emailAddress":"mikem_app at sbcglobal dot net","avatarUrls":{"48x48":"https://issues.apache.org/jira/secure/useravatar?avatarId=10452","24x24":"https://issues.apache.org/jira/secure/useravatar?size=small&avatarId=10452","16x16":"https://issues.apache.org/jira/secure/useravatar?size=xsmall&avatarId=10452","32x32":"https://issues.apache.org/jira/secure/useravatar?size=medium&avatarId=10452"},"displayName":"Mike Matrigali","active":true},"created":"2013-04-12T15:01:35.552+0000","updated":"2013-04-12T15:01:35.552+0000"},{"self":"https://issues.apache.org/jira/rest/api/2/issue/12642135/comment/13630143","id":"13630143","author":{"self":"https://issues.apache.org/jira/rest/api/2/user?username=mikem","name":"mikem","emailAddress":"mikem_app at sbcglobal dot net","avatarUrls":{"48x48":"https://issues.apache.org/jira/secure/useravatar?avatarId=10452","24x24":"https://issues.apache.org/jira/secure/useravatar?size=small&avatarId=10452","16x16":"https://issues.apache.org/jira/secure/useravatar?size=xsmall&avatarId=10452","32x32":"https://issues.apache.org/jira/secure/useravatar?size=medium&avatarId=10452"},"displayName":"Mike Matrigali","active":true},"body":"It looks like recent change to DERBY-6137 made changes to the\r\ntest_16_6137 test.  Looks like the failure showed up in trunk when that \r\nchange was checked in, and then showed up in 10.10 branch when that\r\nchange was backported.\r\n\r\nProbably change #1466623 is the cause.","updateAuthor":{"self":"https://issues.apache.org/jira/rest/api/2/user?username=mikem","name":"mikem","emailAddress":"mikem_app at sbcglobal dot net","avatarUrls":{"48x48":"https://issues.apache.org/jira/secure/useravatar?avatarId=10452","24x24":"https://issues.apache.org/jira/secure/useravatar?size=small&avatarId=10452","16x16":"https://issues.apache.org/jira/secure/useravatar?size=xsmall&avatarId=10452","32x32":"https://issues.apache.org/jira/secure/useravatar?size=medium&avatarId=10452"},"displayName":"Mike Matrigali","active":true},"created":"2013-04-12T15:04:58.400+0000","updated":"2013-04-12T15:04:58.400+0000"},{"self":"https://issues.apache.org/jira/rest/api/2/issue/12642135/comment/13630420","id":"13630420","author":{"self":"https://issues.apache.org/jira/rest/api/2/user?username=rhillegas","name":"rhillegas","emailAddress":"rhillegas at apache dot org","avatarUrls":{"48x48":"https://issues.apache.org/jira/secure/useravatar?avatarId=10452","24x24":"https://issues.apache.org/jira/secure/useravatar?size=small&avatarId=10452","16x16":"https://issues.apache.org/jira/secure/useravatar?size=xsmall&avatarId=10452","32x32":"https://issues.apache.org/jira/secure/useravatar?size=medium&avatarId=10452"},"displayName":"Rick Hillegas","active":true},"body":"test_16_6137 test is the regression test for derby-6137. Probably we should disable this test on weme and maybe all small devices. The disabling should be backported to 10.10. It shouldn't be necessary to backport the disabling to 10.9 even though the derby-6137 fix was backported to 10.9. That is because the test involves calling a system procedure added in 10.10 (SYSCS_UTIL.SYSCS_INVALIDATE_STORED_STATEMENTS); for that reason, the test_16_6137 regression test was not backported to 10.9. Thanks.","updateAuthor":{"self":"https://issues.apache.org/jira/rest/api/2/user?username=rhillegas","name":"rhillegas","emailAddress":"rhillegas at apache dot org","avatarUrls":{"48x48":"https://issues.apache.org/jira/secure/useravatar?avatarId=10452","24x24":"https://issues.apache.org/jira/secure/useravatar?size=small&avatarId=10452","16x16":"https://issues.apache.org/jira/secure/useravatar?size=xsmall&avatarId=10452","32x32":"https://issues.apache.org/jira/secure/useravatar?size=medium&avatarId=10452"},"displayName":"Rick Hillegas","active":true},"created":"2013-04-12T18:07:59.647+0000","updated":"2013-04-12T18:07:59.647+0000"},{"self":"https://issues.apache.org/jira/rest/api/2/issue/12642135/comment/13630437","id":"13630437","author":{"self":"https://issues.apache.org/jira/rest/api/2/user?username=mikem","name":"mikem","emailAddress":"mikem_app at sbcglobal dot net","avatarUrls":{"48x48":"https://issues.apache.org/jira/secure/useravatar?avatarId=10452","24x24":"https://issues.apache.org/jira/secure/useravatar?size=small&avatarId=10452","16x16":"https://issues.apache.org/jira/secure/useravatar?size=xsmall&avatarId=10452","32x32":"https://issues.apache.org/jira/secure/useravatar?size=medium&avatarId=10452"},"displayName":"Mike Matrigali","active":true},"body":"thanks rick, will look at disabling that test.  there were some other failures in the SequencerGeneratorTest, also popped.  Should we disable that one also?","updateAuthor":{"self":"https://issues.apache.org/jira/rest/api/2/user?username=mikem","name":"mikem","emailAddress":"mikem_app at sbcglobal dot net","avatarUrls":{"48x48":"https://issues.apache.org/jira/secure/useravatar?avatarId=10452","24x24":"https://issues.apache.org/jira/secure/useravatar?size=small&avatarId=10452","16x16":"https://issues.apache.org/jira/secure/useravatar?size=xsmall&avatarId=10452","32x32":"https://issues.apache.org/jira/secure/useravatar?size=medium&avatarId=10452"},"displayName":"Mike Matrigali","active":true},"created":"2013-04-12T18:21:36.848+0000","updated":"2013-04-12T18:21:36.848+0000"},{"self":"https://issues.apache.org/jira/rest/api/2/issue/12642135/comment/13630457","id":"13630457","author":{"self":"https://issues.apache.org/jira/rest/api/2/user?username=rhillegas","name":"rhillegas","emailAddress":"rhillegas at apache dot org","avatarUrls":{"48x48":"https://issues.apache.org/jira/secure/useravatar?avatarId=10452","24x24":"https://issues.apache.org/jira/secure/useravatar?size=small&avatarId=10452","16x16":"https://issues.apache.org/jira/secure/useravatar?size=xsmall&avatarId=10452","32x32":"https://issues.apache.org/jira/secure/useravatar?size=medium&avatarId=10452"},"displayName":"Rick Hillegas","active":true},"body":"Hi Mike,\r\n\r\nI think that the other failures may be follow-on effects of the failure in test_16_6137. That test changes the default allocation count for sequences; if the test fails, then the default allocation count won't be reset. That might be what causes the other failures. Thanks.","updateAuthor":{"self":"https://issues.apache.org/jira/rest/api/2/user?username=rhillegas","name":"rhillegas","emailAddress":"rhillegas at apache dot org","avatarUrls":{"48x48":"https://issues.apache.org/jira/secure/useravatar?avatarId=10452","24x24":"https://issues.apache.org/jira/secure/useravatar?size=small&avatarId=10452","16x16":"https://issues.apache.org/jira/secure/useravatar?size=xsmall&avatarId=10452","32x32":"https://issues.apache.org/jira/secure/useravatar?size=medium&avatarId=10452"},"displayName":"Rick Hillegas","active":true},"created":"2013-04-12T18:34:56.034+0000","updated":"2013-04-12T18:34:56.034+0000"},{"self":"https://issues.apache.org/jira/rest/api/2/issue/12642135/comment/13631046","id":"13631046","author":{"self":"https://issues.apache.org/jira/rest/api/2/user?username=mamtas","name":"mamtas","emailAddress":"msatoor at gmail dot com","avatarUrls":{"48x48":"https://issues.apache.org/jira/secure/useravatar?avatarId=10452","24x24":"https://issues.apache.org/jira/secure/useravatar?size=small&avatarId=10452","16x16":"https://issues.apache.org/jira/secure/useravatar?size=xsmall&avatarId=10452","32x32":"https://issues.apache.org/jira/secure/useravatar?size=medium&avatarId=10452"},"displayName":"Mamta A. Satoor","active":true},"body":"I have disabled the test from small devices on trunk with revision 1467494. Will backport it to 10.10","updateAuthor":{"self":"https://issues.apache.org/jira/rest/api/2/user?username=mamtas","name":"mamtas","emailAddress":"msatoor at gmail dot com","avatarUrls":{"48x48":"https://issues.apache.org/jira/secure/useravatar?avatarId=10452","24x24":"https://issues.apache.org/jira/secure/useravatar?size=small&avatarId=10452","16x16":"https://issues.apache.org/jira/secure/useravatar?size=xsmall&avatarId=10452","32x32":"https://issues.apache.org/jira/secure/useravatar?size=medium&avatarId=10452"},"displayName":"Mamta A. Satoor","active":true},"created":"2013-04-13T13:53:43.630+0000","updated":"2013-04-13T13:53:43.630+0000"},{"self":"https://issues.apache.org/jira/rest/api/2/issue/12642135/comment/13631049","id":"13631049","author":{"self":"https://issues.apache.org/jira/rest/api/2/user?username=mamtas","name":"mamtas","emailAddress":"msatoor at gmail dot com","avatarUrls":{"48x48":"https://issues.apache.org/jira/secure/useravatar?avatarId=10452","24x24":"https://issues.apache.org/jira/secure/useravatar?size=small&avatarId=10452","16x16":"https://issues.apache.org/jira/secure/useravatar?size=xsmall&avatarId=10452","32x32":"https://issues.apache.org/jira/secure/useravatar?size=medium&avatarId=10452"},"displayName":"Mamta A. Satoor","active":true},"body":"Backported the disabling of test for small devices on 10.10 with revision 1467634","updateAuthor":{"self":"https://issues.apache.org/jira/rest/api/2/user?username=mamtas","name":"mamtas","emailAddress":"msatoor at gmail dot com","avatarUrls":{"48x48":"https://issues.apache.org/jira/secure/useravatar?avatarId=10452","24x24":"https://issues.apache.org/jira/secure/useravatar?size=small&avatarId=10452","16x16":"https://issues.apache.org/jira/secure/useravatar?size=xsmall&avatarId=10452","32x32":"https://issues.apache.org/jira/secure/useravatar?size=medium&avatarId=10452"},"displayName":"Mamta A. Satoor","active":true},"created":"2013-04-13T13:59:39.637+0000","updated":"2013-04-13T13:59:39.637+0000"},{"self":"https://issues.apache.org/jira/rest/api/2/issue/12642135/comment/14119561","id":"14119561","author":{"self":"https://issues.apache.org/jira/rest/api/2/user?username=knutanders","name":"knutanders","emailAddress":"knut dot hatlen at oracle dot com","avatarUrls":{"48x48":"https://issues.apache.org/jira/secure/useravatar?avatarId=10452","24x24":"https://issues.apache.org/jira/secure/useravatar?size=small&avatarId=10452","16x16":"https://issues.apache.org/jira/secure/useravatar?size=xsmall&avatarId=10452","32x32":"https://issues.apache.org/jira/secure/useravatar?size=medium&avatarId=10452"},"displayName":"Knut Anders Hatlen","active":true},"body":"[bulk update] Close all resolved issues that haven't been updated for more than one year.","updateAuthor":{"self":"https://issues.apache.org/jira/rest/api/2/user?username=knutanders","name":"knutanders","emailAddress":"knut dot hatlen at oracle dot com","avatarUrls":{"48x48":"https://issues.apache.org/jira/secure/useravatar?avatarId=10452","24x24":"https://issues.apache.org/jira/secure/useravatar?size=small&avatarId=10452","16x16":"https://issues.apache.org/jira/secure/useravatar?size=xsmall&avatarId=10452","32x32":"https://issues.apache.org/jira/secure/useravatar?size=medium&avatarId=10452"},"displayName":"Knut Anders Hatlen","active":true},"created":"2014-09-03T08:31:26.181+0000","updated":"2014-09-03T08:31:26.181+0000"}]},"votes":{"self":"https://issues.apache.org/jira/rest/api/2/issue/DERBY-6176/votes","votes":0,"hasVoted":false},"worklog":{"startAt":0,"maxResults":20,"total":0,"worklogs":[]},"customfield_12311820":"0|i1jng7:"}}