{"expand":"renderedFields,names,schema,transitions,operations,editmeta,changelog","id":"12655205","self":"https://issues.apache.org/jira/rest/api/latest/issue/12655205","key":"DERBY-6280","fields":{"issuetype":{"self":"https://issues.apache.org/jira/rest/api/2/issuetype/1","id":"1","description":"A problem which impairs or prevents the functions of the product.","iconUrl":"https://issues.apache.org/jira/images/icons/issuetypes/bug.png","name":"Bug","subtask":false},"timespent":null,"project":{"self":"https://issues.apache.org/jira/rest/api/2/project/10594","id":"10594","key":"DERBY","name":"Derby","avatarUrls":{"48x48":"https://issues.apache.org/jira/secure/projectavatar?pid=10594&avatarId=10122","24x24":"https://issues.apache.org/jira/secure/projectavatar?size=small&pid=10594&avatarId=10122","16x16":"https://issues.apache.org/jira/secure/projectavatar?size=xsmall&pid=10594&avatarId=10122","32x32":"https://issues.apache.org/jira/secure/projectavatar?size=medium&pid=10594&avatarId=10122"},"projectCategory":{"self":"https://issues.apache.org/jira/rest/api/2/projectCategory/10090","id":"10090","description":"DB related projects","name":"DB"}},"fixVersions":[],"aggregatetimespent":null,"resolution":null,"customfield_12310220":"2013-09-09 18:56:26.269","customfield_12312322":null,"customfield_12312323":null,"customfield_12310420":"335482","customfield_12310222":null,"customfield_12312320":null,"customfield_12312321":null,"customfield_12312120":null,"customfield_12312121":null,"resolutiondate":null,"workratio":-1,"customfield_12312328":null,"customfield_12312329":null,"customfield_12312326":null,"customfield_12310300":null,"customfield_12312327":null,"customfield_12312324":null,"customfield_12312325":null,"lastViewed":null,"watches":{"self":"https://issues.apache.org/jira/rest/api/2/issue/DERBY-6280/watchers","watchCount":3,"isWatching":false},"created":"2013-06-27T19:11:45.855+0000","priority":{"self":"https://issues.apache.org/jira/rest/api/2/priority/3","iconUrl":"https://issues.apache.org/jira/images/icons/priorities/major.png","name":"Major","id":"3"},"labels":[],"customfield_12312333":null,"customfield_12312334":null,"customfield_12310310":"0.0","customfield_12312331":null,"customfield_12312332":null,"timeestimate":null,"aggregatetimeoriginalestimate":null,"versions":[{"self":"https://issues.apache.org/jira/rest/api/2/version/12326659","id":"12326659","description":"candidate for Second release for 10.10 branch","name":"10.10.2.0","archived":false,"released":true,"releaseDate":"2014-04-15"}],"customfield_12311120":null,"customfield_12312330":null,"issuelinks":[{"id":"12384344","self":"https://issues.apache.org/jira/rest/api/2/issueLink/12384344","type":{"id":"10030","name":"Reference","inward":"is related to","outward":"relates to","self":"https://issues.apache.org/jira/rest/api/2/issueLinkType/10030"},"inwardIssue":{"id":"12654832","key":"DERBY-6275","self":"https://issues.apache.org/jira/rest/api/2/issue/12654832","fields":{"summary":"address selective intermittent test failures before 10.10.2 release for 2-week clean goal.","status":{"self":"https://issues.apache.org/jira/rest/api/2/status/6","description":"The issue is considered finished, the resolution is correct. Issues which are closed can be reopened.","iconUrl":"https://issues.apache.org/jira/images/icons/statuses/closed.png","name":"Closed","id":"6","statusCategory":{"self":"https://issues.apache.org/jira/rest/api/2/statuscategory/3","id":3,"key":"done","colorName":"green","name":"Complete"}},"priority":{"self":"https://issues.apache.org/jira/rest/api/2/priority/3","iconUrl":"https://issues.apache.org/jira/images/icons/priorities/major.png","name":"Major","id":"3"},"issuetype":{"self":"https://issues.apache.org/jira/rest/api/2/issuetype/3","id":"3","description":"A task that needs to be done.","iconUrl":"https://issues.apache.org/jira/images/icons/issuetypes/task.png","name":"Task","subtask":false}}}}],"customfield_12312339":null,"assignee":null,"customfield_12312337":null,"customfield_12312338":null,"updated":"2014-10-08T19:51:36.839+0000","customfield_12312335":null,"customfield_12311720":null,"customfield_12312336":null,"status":{"self":"https://issues.apache.org/jira/rest/api/2/status/1","description":"The issue is open and ready for the assignee to start work on it.","iconUrl":"https://issues.apache.org/jira/images/icons/statuses/open.png","name":"Open","id":"1","statusCategory":{"self":"https://issues.apache.org/jira/rest/api/2/statuscategory/2","id":2,"key":"new","colorName":"blue-gray","name":"New"}},"components":[{"self":"https://issues.apache.org/jira/rest/api/2/component/11413","id":"11413","name":"Test"}],"timeoriginalestimate":null,"description":"build:\r\n10.10.1.3 - (1495273)\r\n\r\nsee: http://people.apache.org/~myrnavl/derby_test_results/v10_10/windows/testlog/ibm16/1495273-suites.All_diff.txt\r\nstack trace:\r\n1) SetQueryTimeoutTest(org.apache.derbyTesting.functionTests.tests.jdbcapi.JDBCHarnessJavaTest)junit.framework.ComparisonFailure: Output at line 16 expected:<Test[ing that PreparedStatement remembers timeout.]> but was:<Test[ SetQueryTimeoutTest FAILED]>\r\n\tat org.apache.derbyTesting.functionTests.util.CanonTestCase.compareCanon(CanonTestCase.java:109)\r\n\tat org.apache.derbyTesting.functionTests.util.HarnessJavaTest.runTest(HarnessJavaTest.java:91)\r\n\tat org.apache.derbyTesting.junit.BaseTestCase.runBare(BaseTestCase.java:117)\r\n\tat org.apache.derbyTesting.junit.BaseJDBCTestCase.runBareOverridable(BaseJDBCTestCase.java:442)\r\n\tat org.apache.derbyTesting.junit.BaseJDBCTestCase.runBare(BaseJDBCTestCase.java:459)\r\n\tat junit.extensions.TestDecorator.basicRun(TestDecorator.java:24)\r\n\tat junit.extensions.TestSetup$1.protect(TestSetup.java:21)\r\n\tat junit.extensions.TestSetup.run(TestSetup.java:25)\r\n\tat junit.extensions.TestDecorator.basicRun(TestDecorator.java:24)\r\n\tat junit.extensions.TestSetup$1.protect(TestSetup.java:21)\r\n\tat junit.extensions.TestSetup.run(TestSetup.java:25)\r\n\tat org.apache.derbyTesting.junit.BaseTestSetup.run(BaseTestSetup.java:57)\r\n\tat junit.extensions.TestDecorator.basicRun(TestDecorator.java:24)\r\n\tat junit.extensions.TestSetup$1.protect(TestSetup.java:21)\r\n\tat junit.extensions.TestSetup.run(TestSetup.java:25)\r\n\tat org.apache.derbyTesting.junit.BaseTestSetup.run(BaseTestSetup.java:57)","customfield_10010":null,"timetracking":{},"customfield_12312026":null,"customfield_12310200":null,"customfield_12312023":null,"customfield_12312024":null,"customfield_12312340":null,"aggregatetimeestimate":null,"customfield_12312022":null,"customfield_12312341":null,"customfield_12312220":null,"customfield_12310921":null,"customfield_12310920":"335806","summary":"test failure in SetQueryTimeoutTest ComparisonFailure: Output at line 16 expected:<Test[ing that PreparedStatement remembers timeout.]> but was:<Test[ SetQueryTimeoutTest FAILED]>","creator":{"self":"https://issues.apache.org/jira/rest/api/2/user?username=myrna","name":"myrna","emailAddress":"m dot v dot lunteren at gmail dot com","avatarUrls":{"48x48":"https://issues.apache.org/jira/secure/useravatar?avatarId=10452","24x24":"https://issues.apache.org/jira/secure/useravatar?size=small&avatarId=10452","16x16":"https://issues.apache.org/jira/secure/useravatar?size=xsmall&avatarId=10452","32x32":"https://issues.apache.org/jira/secure/useravatar?size=medium&avatarId=10452"},"displayName":"Myrna van Lunteren","active":true},"subtasks":[],"customfield_12310090":null,"reporter":{"self":"https://issues.apache.org/jira/rest/api/2/user?username=myrna","name":"myrna","emailAddress":"m dot v dot lunteren at gmail dot com","avatarUrls":{"48x48":"https://issues.apache.org/jira/secure/useravatar?avatarId=10452","24x24":"https://issues.apache.org/jira/secure/useravatar?size=small&avatarId=10452","16x16":"https://issues.apache.org/jira/secure/useravatar?size=xsmall&avatarId=10452","32x32":"https://issues.apache.org/jira/secure/useravatar?size=medium&avatarId=10452"},"displayName":"Myrna van Lunteren","active":true},"customfield_12310291":null,"customfield_12310290":null,"aggregateprogress":{"progress":0,"total":0},"environment":"win(on vmware), ibm16","customfield_12311020":null,"customfield_12310050":null,"duedate":null,"customfield_12310250":null,"progress":{"progress":0,"total":0},"comment":{"startAt":0,"maxResults":20,"total":20,"comments":[{"self":"https://issues.apache.org/jira/rest/api/2/issue/12655205/comment/13694963","id":"13694963","author":{"self":"https://issues.apache.org/jira/rest/api/2/user?username=myrna","name":"myrna","emailAddress":"m dot v dot lunteren at gmail dot com","avatarUrls":{"48x48":"https://issues.apache.org/jira/secure/useravatar?avatarId=10452","24x24":"https://issues.apache.org/jira/secure/useravatar?size=small&avatarId=10452","16x16":"https://issues.apache.org/jira/secure/useravatar?size=xsmall&avatarId=10452","32x32":"https://issues.apache.org/jira/secure/useravatar?size=medium&avatarId=10452"},"displayName":"Myrna van Lunteren","active":true},"body":"This looks to me a different failure than older test failures in this test with IBMs J2ME implementations (DERBY-1848, DERBY-2681, DERBY-3641).","updateAuthor":{"self":"https://issues.apache.org/jira/rest/api/2/user?username=myrna","name":"myrna","emailAddress":"m dot v dot lunteren at gmail dot com","avatarUrls":{"48x48":"https://issues.apache.org/jira/secure/useravatar?avatarId=10452","24x24":"https://issues.apache.org/jira/secure/useravatar?size=small&avatarId=10452","16x16":"https://issues.apache.org/jira/secure/useravatar?size=xsmall&avatarId=10452","32x32":"https://issues.apache.org/jira/secure/useravatar?size=medium&avatarId=10452"},"displayName":"Myrna van Lunteren","active":true},"created":"2013-06-27T19:13:52.421+0000","updated":"2013-06-27T19:13:52.421+0000"},{"self":"https://issues.apache.org/jira/rest/api/2/issue/12655205/comment/13759253","id":"13759253","author":{"self":"https://issues.apache.org/jira/rest/api/2/user?username=myrna","name":"myrna","emailAddress":"m dot v dot lunteren at gmail dot com","avatarUrls":{"48x48":"https://issues.apache.org/jira/secure/useravatar?avatarId=10452","24x24":"https://issues.apache.org/jira/secure/useravatar?size=small&avatarId=10452","16x16":"https://issues.apache.org/jira/secure/useravatar?size=xsmall&avatarId=10452","32x32":"https://issues.apache.org/jira/secure/useravatar?size=medium&avatarId=10452"},"displayName":"Myrna van Lunteren","active":true},"body":"Failed again, again on 10.10 windows, ibm 1.5:\r\n\r\nhttp://people.apache.org/~myrnavl/derby_test_results/v10_10/windows/testlog/ibm15/1520193-suites.All_diff.txt\r\n\r\nLine number is different:\r\nSetQueryTimeoutTest(org.apache.derbyTesting.functionTests.tests.jdbcapi.JDBCHarnessJavaTest)junit.framework.ComparisonFailure: Output at line 6 expected:<[Statement 0 timed out]> but was:<[Test SetQueryTimeoutTest FAILED]>\r\n\tat org.apache.derbyTesting.functionTests.util.CanonTestCase.compareCanon(CanonTestCase.java:109)\r\n\tat org.apache.derbyTesting.functionTests.util.HarnessJavaTest.runTest(HarnessJavaTest.java:91)\r\n\tat org.apache.derbyTesting.junit.BaseTestCase.runBare(BaseTestCase.java:117)\r\n\tat org.apache.derbyTesting.junit.BaseJDBCTestCase.runBareOverridable(BaseJDBCTestCase.java:442)\r\n\tat org.apache.derbyTesting.junit.BaseJDBCTestCase.runBare(BaseJDBCTestCase.java:459)\r\n\tat junit.extensions.TestDecorator.basicRun(TestDecorator.java:24)\r\n\tat junit.extensions.TestSetup$1.protect(TestSetup.java:21)\r\n\tat junit.extensions.TestSetup.run(TestSetup.java:25)\r\n\tat junit.extensions.TestDecorator.basicRun(TestDecorator.java:24)\r\n\tat junit.extensions.TestSetup$1.protect(TestSetup.java:21)\r\n\tat junit.extensions.TestSetup.run(TestSetup.java:25)\r\n\tat org.apache.derbyTesting.junit.BaseTestSetup.run(BaseTestSetup.java:57)\r\n\tat junit.extensions.TestDecorator.basicRun(TestDecorator.java:24)\r\n\tat junit.extensions.TestSetup$1.protect(TestSetup.java:21)\r\n\tat junit.extensions.TestSetup.run(TestSetup.java:25)\r\n\tat org.apache.derbyTesting.junit.BaseTestSetup.run(BaseTestSetup.java:57)","updateAuthor":{"self":"https://issues.apache.org/jira/rest/api/2/user?username=myrna","name":"myrna","emailAddress":"m dot v dot lunteren at gmail dot com","avatarUrls":{"48x48":"https://issues.apache.org/jira/secure/useravatar?avatarId=10452","24x24":"https://issues.apache.org/jira/secure/useravatar?size=small&avatarId=10452","16x16":"https://issues.apache.org/jira/secure/useravatar?size=xsmall&avatarId=10452","32x32":"https://issues.apache.org/jira/secure/useravatar?size=medium&avatarId=10452"},"displayName":"Myrna van Lunteren","active":true},"created":"2013-09-05T17:38:38.484+0000","updated":"2013-09-05T17:39:39.988+0000"},{"self":"https://issues.apache.org/jira/rest/api/2/issue/12655205/comment/13762155","id":"13762155","author":{"self":"https://issues.apache.org/jira/rest/api/2/user?username=mamtas","name":"mamtas","emailAddress":"msatoor at gmail dot com","avatarUrls":{"48x48":"https://issues.apache.org/jira/secure/useravatar?avatarId=10452","24x24":"https://issues.apache.org/jira/secure/useravatar?size=small&avatarId=10452","16x16":"https://issues.apache.org/jira/secure/useravatar?size=xsmall&avatarId=10452","32x32":"https://issues.apache.org/jira/secure/useravatar?size=medium&avatarId=10452"},"displayName":"Mamta A. Satoor","active":true},"body":"Failed on 10.10.1.3(1520721) http://people.apache.org/~myrnavl/derby_test_results/v10_10/windows/testlog/ibm15/1520721-suites.All_diff.txt with IBM jdlk1.5 ","updateAuthor":{"self":"https://issues.apache.org/jira/rest/api/2/user?username=mamtas","name":"mamtas","emailAddress":"msatoor at gmail dot com","avatarUrls":{"48x48":"https://issues.apache.org/jira/secure/useravatar?avatarId=10452","24x24":"https://issues.apache.org/jira/secure/useravatar?size=small&avatarId=10452","16x16":"https://issues.apache.org/jira/secure/useravatar?size=xsmall&avatarId=10452","32x32":"https://issues.apache.org/jira/secure/useravatar?size=medium&avatarId=10452"},"displayName":"Mamta A. Satoor","active":true},"created":"2013-09-09T18:56:26.269+0000","updated":"2013-09-09T18:56:26.269+0000"},{"self":"https://issues.apache.org/jira/rest/api/2/issue/12655205/comment/13766748","id":"13766748","author":{"self":"https://issues.apache.org/jira/rest/api/2/user?username=mamtas","name":"mamtas","emailAddress":"msatoor at gmail dot com","avatarUrls":{"48x48":"https://issues.apache.org/jira/secure/useravatar?avatarId=10452","24x24":"https://issues.apache.org/jira/secure/useravatar?size=small&avatarId=10452","16x16":"https://issues.apache.org/jira/secure/useravatar?size=xsmall&avatarId=10452","32x32":"https://issues.apache.org/jira/secure/useravatar?size=medium&avatarId=10452"},"displayName":"Mamta A. Satoor","active":true},"body":"Failed on 10.10 codeline(revision 1522131) with IBM jdk 1.7\r\nhttp://people.apache.org/~myrnavl/derby_test_results/v10_10/windows/testlog/ibm17/1522131-suites.All_diff.txt","updateAuthor":{"self":"https://issues.apache.org/jira/rest/api/2/user?username=mamtas","name":"mamtas","emailAddress":"msatoor at gmail dot com","avatarUrls":{"48x48":"https://issues.apache.org/jira/secure/useravatar?avatarId=10452","24x24":"https://issues.apache.org/jira/secure/useravatar?size=small&avatarId=10452","16x16":"https://issues.apache.org/jira/secure/useravatar?size=xsmall&avatarId=10452","32x32":"https://issues.apache.org/jira/secure/useravatar?size=medium&avatarId=10452"},"displayName":"Mamta A. Satoor","active":true},"created":"2013-09-13T18:15:18.707+0000","updated":"2013-09-13T18:15:18.707+0000"},{"self":"https://issues.apache.org/jira/rest/api/2/issue/12655205/comment/13880422","id":"13880422","author":{"self":"https://issues.apache.org/jira/rest/api/2/user?username=myrna","name":"myrna","emailAddress":"m dot v dot lunteren at gmail dot com","avatarUrls":{"48x48":"https://issues.apache.org/jira/secure/useravatar?avatarId=10452","24x24":"https://issues.apache.org/jira/secure/useravatar?size=small&avatarId=10452","16x16":"https://issues.apache.org/jira/secure/useravatar?size=xsmall&avatarId=10452","32x32":"https://issues.apache.org/jira/secure/useravatar?size=medium&avatarId=10452"},"displayName":"Myrna van Lunteren","active":true},"body":"Failed: \r\nhttp://people.apache.org/~myrnavl/derby_test_results/v10_10/windows/testlog/ibm15/1560574-suites.All_diff.txt","updateAuthor":{"self":"https://issues.apache.org/jira/rest/api/2/user?username=myrna","name":"myrna","emailAddress":"m dot v dot lunteren at gmail dot com","avatarUrls":{"48x48":"https://issues.apache.org/jira/secure/useravatar?avatarId=10452","24x24":"https://issues.apache.org/jira/secure/useravatar?size=small&avatarId=10452","16x16":"https://issues.apache.org/jira/secure/useravatar?size=xsmall&avatarId=10452","32x32":"https://issues.apache.org/jira/secure/useravatar?size=medium&avatarId=10452"},"displayName":"Myrna van Lunteren","active":true},"created":"2014-01-23T22:09:18.505+0000","updated":"2014-01-23T22:09:18.505+0000"},{"self":"https://issues.apache.org/jira/rest/api/2/issue/12655205/comment/13910663","id":"13910663","author":{"self":"https://issues.apache.org/jira/rest/api/2/user?username=myrna","name":"myrna","emailAddress":"m dot v dot lunteren at gmail dot com","avatarUrls":{"48x48":"https://issues.apache.org/jira/secure/useravatar?avatarId=10452","24x24":"https://issues.apache.org/jira/secure/useravatar?size=small&avatarId=10452","16x16":"https://issues.apache.org/jira/secure/useravatar?size=xsmall&avatarId=10452","32x32":"https://issues.apache.org/jira/secure/useravatar?size=medium&avatarId=10452"},"displayName":"Myrna van Lunteren","active":true},"body":"I ran the test SetQueryTimeoutTest using the old harness.RunTest 100x, on windows 7, using ibm 16, and 10.10 classes (branch updated to revision 1567823)  and it did not fail.\r\nThen I ran (same environment) the JDBCHarnessTest using junit 100x and it did not fail either...","updateAuthor":{"self":"https://issues.apache.org/jira/rest/api/2/user?username=myrna","name":"myrna","emailAddress":"m dot v dot lunteren at gmail dot com","avatarUrls":{"48x48":"https://issues.apache.org/jira/secure/useravatar?avatarId=10452","24x24":"https://issues.apache.org/jira/secure/useravatar?size=small&avatarId=10452","16x16":"https://issues.apache.org/jira/secure/useravatar?size=xsmall&avatarId=10452","32x32":"https://issues.apache.org/jira/secure/useravatar?size=medium&avatarId=10452"},"displayName":"Myrna van Lunteren","active":true},"created":"2014-02-24T19:04:22.915+0000","updated":"2014-02-24T19:04:22.915+0000"},{"self":"https://issues.apache.org/jira/rest/api/2/issue/12655205/comment/13910709","id":"13910709","author":{"self":"https://issues.apache.org/jira/rest/api/2/user?username=myrna","name":"myrna","emailAddress":"m dot v dot lunteren at gmail dot com","avatarUrls":{"48x48":"https://issues.apache.org/jira/secure/useravatar?avatarId=10452","24x24":"https://issues.apache.org/jira/secure/useravatar?size=small&avatarId=10452","16x16":"https://issues.apache.org/jira/secure/useravatar?size=xsmall&avatarId=10452","32x32":"https://issues.apache.org/jira/secure/useravatar?size=medium&avatarId=10452"},"displayName":"Myrna van Lunteren","active":true},"body":"I looked a little closer at the failure from the run with 10.10.1.4 (1560574) and the derby.log just shows happy boots and shutdowns. \r\n\r\nThe only other file in the fail directory is the SetQueryTimeOut.out file, which I believe is the actual output:\r\n-------------------------------------------\r\nTest SetQueryTimeoutTest starting\r\nGot connections\r\nPreparing for testing queries with timeout\r\nInitializing tables with prefix t\r\nTesting timeout with fetch operations\r\nStatement 0 timed out\r\nStatement 1 completed\r\nStatement 2 completed\r\nStatement 3 completed\r\nTesting timeout with an execute operation\r\nStatements that should time out timed out, and statements that should complete completed\r\nTesting setting a negative timeout value\r\nNegative timeout value caused exception, as expected\r\nExecute returned a ResultSet\r\nTesting that Statement remembers timeout.\r\nTesting that PreparedStatement remembers timeout.\r\nTest SetQueryTimeoutTest FAILED\r\nClosed connections\r\n-------------------------------------------\r\nThe master file diffs from this only in the last few lines, we're expecting this:\r\n-------------------------------------------------\r\n...\r\nTesting that PreparedStatement remembers timeout.\r\nTesting that CallableStatement remembers timeout.\r\nTesting timeout with executeUpdate call.\r\nTest SetQueryTimeoutTest PASSED\r\nClosed connections\r\n-------------------------------------------------\r\n\r\nSo it seems that the failure happened in the CallableStatement that time. This was in the client/server implementation. It seems the other reports of this failure were with embedded.\r\n\r\nIn each case, it seems the stack trace actually went to the console; searching for 'ms F' I can find the stack trace, e.g. from the same (net) failure:\r\n---------------------------------------\r\norg.apache.derbyTesting.functionTests.tests.jdbcapi.SetQueryTimeoutTest$TestFailedException: Should have timed out.\r\n\tat org.apache.derbyTesting.functionTests.tests.jdbcapi.SetQueryTimeoutTest.testStatementRemembersTimeout(SetQueryTimeoutTest.java:709)\r\n\tat org.apache.derbyTesting.functionTests.tests.jdbcapi.SetQueryTimeoutTest.testRememberTimeoutValue(SetQueryTimeoutTest.java:671)\r\n\tat org.apache.derbyTesting.functionTests.tests.jdbcapi.SetQueryTimeoutTest.go(SetQueryTimeoutTest.java:755)\r\n\tat org.apache.derbyTesting.functionTests.tests.jdbcapi.SetQueryTimeoutTest.main(SetQueryTimeoutTest.java:722)\r\n\tat sun.reflect.NativeMethodAccessorImpl.invoke0(Native Method)\r\n\tat sun.reflect.NativeMethodAccessorImpl.invoke(NativeMethodAccessorImpl.java:76)\r\n\tat sun.reflect.DelegatingMethodAccessorImpl.invoke(DelegatingMethodAccessorImpl.java:43)\r\n\tat java.lang.reflect.Method.invoke(Method.java:607)\r\n\tat org.apache.derbyTesting.functionTests.util.HarnessJavaTest.runTest(HarnessJavaTest.java:87)\r\n\tat junit.framework.TestCase.runBare(TestCase.java:130)\r\n\tat org.apache.derbyTesting.junit.BaseTestCase.runBare(BaseTestCase.java:117)\r\n\tat org.apache.derbyTesting.junit.BaseJDBCTestCase.runBareOverridable(BaseJDBCTestCase.java:442)\r\n\tat org.apache.derbyTesting.junit.BaseJDBCTestCase.runBare(BaseJDBCTestCase.java:459)\r\n\tat junit.framework.TestResult$1.protect(TestResult.java:106)\r\n\tat junit.framework.TestResult.runProtected(TestResult.java:124)\r\n\tat junit.framework.TestResult.run(TestResult.java:109)\r\n\tat junit.framework.TestCase.run(TestCase.java:120)\r\n\tat junit.extensions.TestDecorator.basicRun(TestDecorator.java:24)\r\n\tat junit.extensions.TestSetup$1.protect(TestSetup.java:21)\r\n\tat junit.framework.TestResult.runProtected(TestResult.java:124)\r\n\tat junit.extensions.TestSetup.run(TestSetup.java:25)\r\n\tat junit.extensions.TestDecorator.basicRun(TestDecorator.java:24)\r\n\tat junit.extensions.TestSetup$1.protect(TestSetup.java:21)\r\n\tat junit.framework.TestResult.runProtected(TestResult.java:124)\r\n\tat junit.extensions.TestSetup.run(TestSetup.java:25)\r\n\tat org.apache.derbyTesting.junit.BaseTestSetup.run(BaseTestSetup.java:57)\r\n\tat junit.extensions.TestDecorator.basicRun(TestDecorator.java:24)\r\n\tat junit.extensions.TestSetup$1.protect(TestSetup.java:21)\r\n\tat junit.framework.TestResult.runProtected(TestResult.java:124)\r\n\tat junit.extensions.TestSetup.run(TestSetup.java:25)\r\n\tat org.apache.derbyTesting.junit.BaseTestSetup.run(BaseTestSetup.java:57)\r\n\tat junit.framework.TestSuite.runTest(TestSuite.java:230)\r\n\tat junit.framework.TestSuite.run(TestSuite.java:225)\r\n\tat junit.extensions.TestDecorator.basicRun(TestDecorator.java:24)\r\n\tat junit.extensions.TestSetup$1.protect(TestSetup.java:21)\r\n\tat junit.framework.TestResult.runProtected(TestResult.java:124)\r\n\tat junit.extensions.TestSetup.run(TestSetup.java:25)\r\n\tat org.apache.derbyTesting.junit.BaseTestSetup.run(BaseTestSetup.java:57)\r\n\tat junit.extensions.TestDecorator.basicRun(TestDecorator.java:24)\r\n\tat junit.extensions.TestSetup$1.protect(TestSetup.java:21)\r\n\tat junit.framework.TestResult.runProtected(TestResult.java:124)\r\n\tat junit.extensions.TestSetup.run(TestSetup.java:25)\r\n\tat junit.framework.TestSuite.runTest(TestSuite.java:230)\r\n\tat junit.framework.TestSuite.run(TestSuite.java:225)\r\n\tat junit.framework.TestSuite.runTest(TestSuite.java:230)\r\n\tat junit.framework.TestSuite.run(TestSuite.java:225)\r\n\tat junit.framework.TestSuite.runTest(TestSuite.java:230)\r\n\tat junit.framework.TestSuite.run(TestSuite.java:225)\r\n\tat junit.framework.TestSuite.runTest(TestSuite.java:230)\r\n\tat junit.framework.TestSuite.run(TestSuite.java:225)\r\n\tat junit.textui.TestRunner.doRun(TestRunner.java:121)\r\n\tat junit.textui.TestRunner.start(TestRunner.java:185)\r\n\tat junit.textui.TestRunner.main(TestRunner.java:143)","updateAuthor":{"self":"https://issues.apache.org/jira/rest/api/2/user?username=myrna","name":"myrna","emailAddress":"m dot v dot lunteren at gmail dot com","avatarUrls":{"48x48":"https://issues.apache.org/jira/secure/useravatar?avatarId=10452","24x24":"https://issues.apache.org/jira/secure/useravatar?size=small&avatarId=10452","16x16":"https://issues.apache.org/jira/secure/useravatar?size=xsmall&avatarId=10452","32x32":"https://issues.apache.org/jira/secure/useravatar?size=medium&avatarId=10452"},"displayName":"Myrna van Lunteren","active":true},"created":"2014-02-24T19:30:40.412+0000","updated":"2014-02-24T19:30:40.412+0000"},{"self":"https://issues.apache.org/jira/rest/api/2/issue/12655205/comment/13910721","id":"13910721","author":{"self":"https://issues.apache.org/jira/rest/api/2/user?username=myrna","name":"myrna","emailAddress":"m dot v dot lunteren at gmail dot com","avatarUrls":{"48x48":"https://issues.apache.org/jira/secure/useravatar?avatarId=10452","24x24":"https://issues.apache.org/jira/secure/useravatar?size=small&avatarId=10452","16x16":"https://issues.apache.org/jira/secure/useravatar?size=xsmall&avatarId=10452","32x32":"https://issues.apache.org/jira/secure/useravatar?size=medium&avatarId=10452"},"displayName":"Myrna van Lunteren","active":true},"body":"older failures show other locations for the timeouts.\r\nFor instance, from the run with 1520721 (emb):\r\norg.apache.derbyTesting.functionTests.tests.jdbcapi.SetQueryTimeoutTest$TestFailedException: Should have timed out.\r\n\tat org.apache.derbyTesting.functionTests.tests.jdbcapi.SetQueryTimeoutTest.testStatementRemembersTimeout(SetQueryTimeoutTest.java:688)\r\n\tat org.apache.derbyTesting.functionTests.tests.jdbcapi.SetQueryTimeoutTest.testRememberTimeoutValue(SetQueryTimeoutTest.java:667)\r\n\tat org.apache.derbyTesting.functionTests.tests.jdbcapi.SetQueryTimeoutTest.go(SetQueryTimeoutTest.java:755)\r\n\tat org.apache.derbyTesting.functionTests.tests.jdbcapi.SetQueryTimeoutTest.main(SetQueryTimeoutTest.java:722)\r\n\tat sun.reflect.NativeMethodAccessorImpl.invoke0(Native Method)\r\n\tat sun.reflect.NativeMethodAccessorImpl.invoke(NativeMethodAccessorImpl.java:79)\r\n\tat sun.reflect.DelegatingMethodAccessorImpl.invoke(DelegatingMethodAccessorImpl.java:43)\r\n\tat java.lang.reflect.Method.invoke(Method.java:619)\r\n\tat org.apache.derbyTesting.functionTests.util.HarnessJavaTest.runTest(HarnessJavaTest.java:87)\r\n\tat junit.framework.TestCase.runBare(TestCase.java:130)\r\n\tat org.apache.derbyTesting.junit.BaseTestCase.runBare(BaseTestCase.java:117)\r\n\tat org.apache.derbyTesting.junit.BaseJDBCTestCase.runBareOverridable(BaseJDBCTestCase.java:442)\r\n\tat org.apache.derbyTesting.junit.BaseJDBCTestCase.runBare(BaseJDBCTestCase.java:459)\r\n\tat junit.framework.TestResult$1.protect(TestResult.java:106)\r\n\tat junit.framework.TestResult.runProtected(TestResult.java:124)\r\n\tat junit.framework.TestResult.run(TestResult.java:109)\r\n\tat junit.framework.TestCase.run(TestCase.java:120)\r\n\tat junit.extensions.TestDecorator.basicRun(TestDecorator.java:24)\r\n\tat junit.extensions.TestSetup$1.protect(TestSetup.java:21)\r\n\tat junit.framework.TestResult.runProtected(TestResult.java:124)\r\n\tat junit.extensions.TestSetup.run(TestSetup.java:25)\r\n\tat junit.extensions.TestDecorator.basicRun(TestDecorator.java:24)\r\n\tat junit.extensions.TestSetup$1.protect(TestSetup.java:21)\r\n\tat junit.framework.TestResult.runProtected(TestResult.java:124)\r\n\tat junit.extensions.TestSetup.run(TestSetup.java:25)\r\n\tat org.apache.derbyTesting.junit.BaseTestSetup.run(BaseTestSetup.java:57)\r\n\tat junit.extensions.TestDecorator.basicRun(TestDecorator.java:24)\r\n\tat junit.extensions.TestSetup$1.protect(TestSetup.java:21)\r\n\tat junit.framework.TestResult.runProtected(TestResult.java:124)\r\n\tat junit.extensions.TestSetup.run(TestSetup.java:25)\r\n\tat org.apache.derbyTesting.junit.BaseTestSetup.run(BaseTestSetup.java:57)\r\n\tat junit.framework.TestSuite.runTest(TestSuite.java:230)\r\n\tat junit.framework.TestSuite.run(TestSuite.java:225)\r\n\tat junit.framework.TestSuite.runTest(TestSuite.java:230)\r\n\tat junit.framework.TestSuite.run(TestSuite.java:225)\r\n\tat junit.framework.TestSuite.runTest(TestSuite.java:230)\r\n\tat junit.framework.TestSuite.run(TestSuite.java:225)\r\n\tat junit.framework.TestSuite.runTest(TestSuite.java:230)\r\n\tat junit.framework.TestSuite.run(TestSuite.java:225)\r\n\tat junit.framework.TestSuite.runTest(TestSuite.java:230)\r\n\tat junit.framework.TestSuite.run(TestSuite.java:225)\r\n\tat junit.textui.TestRunner.doRun(TestRunner.java:121)\r\n\tat junit.textui.TestRunner.start(TestRunner.java:185)\r\n\tat junit.textui.TestRunner.main(TestRunner.java:143)\r\n\r\n\r\nFrom the run 1520193 (emb):\r\norg.apache.derbyTesting.functionTests.tests.jdbcapi.SetQueryTimeoutTest$TestFailedException: fetch did not time out. Highest execution time: 3042 ms\r\n\tat org.apache.derbyTesting.functionTests.tests.jdbcapi.SetQueryTimeoutTest.expectException(SetQueryTimeoutTest.java:395)\r\n\tat org.apache.derbyTesting.functionTests.tests.jdbcapi.SetQueryTimeoutTest.testTimeoutWithFetch(SetQueryTimeoutTest.java:478)\r\n\tat org.apache.derbyTesting.functionTests.tests.jdbcapi.SetQueryTimeoutTest.go(SetQueryTimeoutTest.java:752)\r\n\tat org.apache.derbyTesting.functionTests.tests.jdbcapi.SetQueryTimeoutTest.main(SetQueryTimeoutTest.java:722)\r\n\tat sun.reflect.NativeMethodAccessorImpl.invoke0(Native Method)\r\n\tat sun.reflect.NativeMethodAccessorImpl.invoke(NativeMethodAccessorImpl.java:79)\r\n\tat sun.reflect.DelegatingMethodAccessorImpl.invoke(DelegatingMethodAccessorImpl.java:43)\r\n\tat java.lang.reflect.Method.invoke(Method.java:619)\r\n\tat org.apache.derbyTesting.functionTests.util.HarnessJavaTest.runTest(HarnessJavaTest.java:87)\r\n\tat junit.framework.TestCase.runBare(TestCase.java:130)\r\n\tat org.apache.derbyTesting.junit.BaseTestCase.runBare(BaseTestCase.java:117)\r\n\tat org.apache.derbyTesting.junit.BaseJDBCTestCase.runBareOverridable(BaseJDBCTestCase.java:442)\r\n\tat org.apache.derbyTesting.junit.BaseJDBCTestCase.runBare(BaseJDBCTestCase.java:459)\r\n\tat junit.framework.TestResult$1.protect(TestResult.java:106)\r\n\tat junit.framework.TestResult.runProtected(TestResult.java:124)\r\n\tat junit.framework.TestResult.run(TestResult.java:109)\r\n\tat junit.framework.TestCase.run(TestCase.java:120)\r\n\tat junit.extensions.TestDecorator.basicRun(TestDecorator.java:24)\r\n\tat junit.extensions.TestSetup$1.protect(TestSetup.java:21)\r\n\tat junit.framework.TestResult.runProtected(TestResult.java:124)\r\n\tat junit.extensions.TestSetup.run(TestSetup.java:25)\r\n\tat junit.extensions.TestDecorator.basicRun(TestDecorator.java:24)\r\n\tat junit.extensions.TestSetup$1.protect(TestSetup.java:21)\r\n\tat junit.framework.TestResult.runProtected(TestResult.java:124)\r\n\tat junit.extensions.TestSetup.run(TestSetup.java:25)\r\n\tat org.apache.derbyTesting.junit.BaseTestSetup.run(BaseTestSetup.java:57)\r\n\tat junit.extensions.TestDecorator.basicRun(TestDecorator.java:24)\r\n\tat junit.extensions.TestSetup$1.protect(TestSetup.java:21)\r\n\tat junit.framework.TestResult.runProtected(TestResult.java:124)\r\n\tat junit.extensions.TestSetup.run(TestSetup.java:25)\r\n\tat org.apache.derbyTesting.junit.BaseTestSetup.run(BaseTestSetup.java:57)\r\n\tat junit.framework.TestSuite.runTest(TestSuite.java:230)\r\n\tat junit.framework.TestSuite.run(TestSuite.java:225)\r\n\tat junit.framework.TestSuite.runTest(TestSuite.java:230)\r\n\tat junit.framework.TestSuite.run(TestSuite.java:225)\r\n\tat junit.framework.TestSuite.runTest(TestSuite.java:230)\r\n\tat junit.framework.TestSuite.run(TestSuite.java:225)\r\n\tat junit.framework.TestSuite.runTest(TestSuite.java:230)\r\n\tat junit.framework.TestSuite.run(TestSuite.java:225)\r\n\tat junit.framework.TestSuite.runTest(TestSuite.java:230)\r\n\tat junit.framework.TestSuite.run(TestSuite.java:225)\r\n\tat junit.textui.TestRunner.doRun(TestRunner.java:121)\r\n\tat junit.textui.TestRunner.start(TestRunner.java:185)\r\n\tat junit.textui.TestRunner.main(TestRunner.java:143)\r\njava.sql.SQLException: Cannot close a connection while a transaction is still active.\r\n\tat org.apache.derby.impl.jdbc.SQLExceptionFactory.getSQLException(Unknown Source)\r\n\tat org.apache.derby.impl.jdbc.Util.newEmbedSQLException(Unknown Source)\r\n\tat org.apache.derby.impl.jdbc.Util.newEmbedSQLException(Unknown Source)\r\n\tat org.apache.derby.impl.jdbc.Util.generateCsSQLException(Unknown Source)\r\n\tat org.apache.derby.impl.jdbc.EmbedConnection.newSQLException(Unknown Source)\r\n\tat org.apache.derby.impl.jdbc.EmbedConnection.checkForTransactionInProgress(Unknown Source)\r\n\tat org.apache.derby.impl.jdbc.EmbedConnection.close(Unknown Source)\r\n\tat org.apache.derbyTesting.functionTests.tests.jdbcapi.SetQueryTimeoutTest.go(SetQueryTimeoutTest.java:766)\r\n\tat org.apache.derbyTesting.functionTests.tests.jdbcapi.SetQueryTimeoutTest.main(SetQueryTimeoutTest.java:722)\r\n\tat sun.reflect.NativeMethodAccessorImpl.invoke0(Native Method)\r\n\tat sun.reflect.NativeMethodAccessorImpl.invoke(NativeMethodAccessorImpl.java:79)\r\n\tat sun.reflect.DelegatingMethodAccessorImpl.invoke(DelegatingMethodAccessorImpl.java:43)\r\n\tat java.lang.reflect.Method.invoke(Method.java:619)\r\n\tat org.apache.derbyTesting.functionTests.util.HarnessJavaTest.runTest(HarnessJavaTest.java:87)\r\n\tat junit.framework.TestCase.runBare(TestCase.java:130)\r\n\tat org.apache.derbyTesting.junit.BaseTestCase.runBare(BaseTestCase.java:117)\r\n\tat org.apache.derbyTesting.junit.BaseJDBCTestCase.runBareOverridable(BaseJDBCTestCase.java:442)\r\n\tat org.apache.derbyTesting.junit.BaseJDBCTestCase.runBare(BaseJDBCTestCase.java:459)\r\n\tat junit.framework.TestResult$1.protect(TestResult.java:106)\r\n\tat junit.framework.TestResult.runProtected(TestResult.java:124)\r\n\tat junit.framework.TestResult.run(TestResult.java:109)\r\n\tat junit.framework.TestCase.run(TestCase.java:120)\r\n\tat junit.extensions.TestDecorator.basicRun(TestDecorator.java:24)\r\n\tat junit.extensions.TestSetup$1.protect(TestSetup.java:21)\r\n\tat junit.framework.TestResult.runProtected(TestResult.java:124)\r\n\tat junit.extensions.TestSetup.run(TestSetup.java:25)\r\n\tat junit.extensions.TestDecorator.basicRun(TestDecorator.java:24)\r\n\tat junit.extensions.TestSetup$1.protect(TestSetup.java:21)\r\n\tat junit.framework.TestResult.runProtected(TestResult.java:124)\r\n\tat junit.extensions.TestSetup.run(TestSetup.java:25)\r\n\tat org.apache.derbyTesting.junit.BaseTestSetup.run(BaseTestSetup.java:57)\r\n\tat junit.extensions.TestDecorator.basicRun(TestDecorator.java:24)\r\n\tat junit.extensions.TestSetup$1.protect(TestSetup.java:21)\r\n\tat junit.framework.TestResult.runProtected(TestResult.java:124)\r\n\tat junit.extensions.TestSetup.run(TestSetup.java:25)\r\n\tat org.apache.derbyTesting.junit.BaseTestSetup.run(BaseTestSetup.java:57)\r\n\tat junit.framework.TestSuite.runTest(TestSuite.java:230)\r\n\tat junit.framework.TestSuite.run(TestSuite.java:225)\r\n\tat junit.framework.TestSuite.runTest(TestSuite.java:230)\r\n\tat junit.framework.TestSuite.run(TestSuite.java:225)\r\n\tat junit.framework.TestSuite.runTest(TestSuite.java:230)\r\n\tat junit.framework.TestSuite.run(TestSuite.java:225)\r\n\tat junit.framework.TestSuite.runTest(TestSuite.java:230)\r\n\tat junit.framework.TestSuite.run(TestSuite.java:225)\r\n\tat junit.framework.TestSuite.runTest(TestSuite.java:230)\r\n\tat junit.framework.TestSuite.run(TestSuite.java:225)\r\n\tat junit.textui.TestRunner.doRun(TestRunner.java:121)\r\n\tat junit.textui.TestRunner.start(TestRunner.java:185)\r\n\tat junit.textui.TestRunner.main(TestRunner.java:143)\r\njava.sql.SQLException: Cannot close a connection while a transaction is still active.\r\n\tat org.apache.derby.impl.jdbc.SQLExceptionFactory.getSQLException(Unknown Source)\r\n\tat org.apache.derby.impl.jdbc.Util.newEmbedSQLException(Unknown Source)\r\n\tat org.apache.derby.impl.jdbc.Util.newEmbedSQLException(Unknown Source)\r\n\tat org.apache.derby.impl.jdbc.Util.generateCsSQLException(Unknown Source)\r\n\tat org.apache.derby.impl.jdbc.EmbedConnection.newSQLException(Unknown Source)\r\n\tat org.apache.derby.impl.jdbc.EmbedConnection.checkForTransactionInProgress(Unknown Source)\r\n\tat org.apache.derby.impl.jdbc.EmbedConnection.close(Unknown Source)\r\n\tat org.apache.derbyTesting.functionTests.tests.jdbcapi.SetQueryTimeoutTest.go(SetQueryTimeoutTest.java:766)\r\n\tat org.apache.derbyTesting.functionTests.tests.jdbcapi.SetQueryTimeoutTest.main(SetQueryTimeoutTest.java:722)\r\n\tat sun.reflect.NativeMethodAccessorImpl.invoke0(Native Method)\r\n\tat sun.reflect.NativeMethodAccessorImpl.invoke(NativeMethodAccessorImpl.java:79)\r\n\tat sun.reflect.DelegatingMethodAccessorImpl.invoke(DelegatingMethodAccessorImpl.java:43)\r\n\tat java.lang.reflect.Method.invoke(Method.java:619)\r\n\tat org.apache.derbyTesting.functionTests.util.HarnessJavaTest.runTest(HarnessJavaTest.java:87)\r\n\tat junit.framework.TestCase.runBare(TestCase.java:130)\r\n\tat org.apache.derbyTesting.junit.BaseTestCase.runBare(BaseTestCase.java:117)\r\n\tat org.apache.derbyTesting.junit.BaseJDBCTestCase.runBareOverridable(BaseJDBCTestCase.java:442)\r\n\tat org.apache.derbyTesting.junit.BaseJDBCTestCase.runBare(BaseJDBCTestCase.java:459)\r\n\tat junit.framework.TestResult$1.protect(TestResult.java:106)\r\n\tat junit.framework.TestResult.runProtected(TestResult.java:124)\r\n\tat junit.framework.TestResult.run(TestResult.java:109)\r\n\tat junit.framework.TestCase.run(TestCase.java:120)\r\n\tat junit.extensions.TestDecorator.basicRun(TestDecorator.java:24)\r\n\tat junit.extensions.TestSetup$1.protect(TestSetup.java:21)\r\n\tat junit.framework.TestResult.runProtected(TestResult.java:124)\r\n\tat junit.extensions.TestSetup.run(TestSetup.java:25)\r\n\tat junit.extensions.TestDecorator.basicRun(TestDecorator.java:24)\r\n\tat junit.extensions.TestSetup$1.protect(TestSetup.java:21)\r\n\tat junit.framework.TestResult.runProtected(TestResult.java:124)\r\n\tat junit.extensions.TestSetup.run(TestSetup.java:25)\r\n\tat org.apache.derbyTesting.junit.BaseTestSetup.run(BaseTestSetup.java:57)\r\n\tat junit.extensions.TestDecorator.basicRun(TestDecorator.java:24)\r\n\tat junit.extensions.TestSetup$1.protect(TestSetup.java:21)\r\n\tat junit.framework.TestResult.runProtected(TestResult.java:124)\r\n\tat junit.extensions.TestSetup.run(TestSetup.java:25)\r\n\tat org.apache.derbyTesting.junit.BaseTestSetup.run(BaseTestSetup.java:57)\r\n\tat junit.framework.TestSuite.runTest(TestSuite.java:230)\r\n\tat junit.framework.TestSuite.run(TestSuite.java:225)\r\n\tat junit.framework.TestSuite.runTest(TestSuite.java:230)\r\n\tat junit.framework.TestSuite.run(TestSuite.java:225)\r\n\tat junit.framework.TestSuite.runTest(TestSuite.java:230)\r\n\tat junit.framework.TestSuite.run(TestSuite.java:225)\r\n\tat junit.framework.TestSuite.runTest(TestSuite.java:230)\r\n\tat junit.framework.TestSuite.run(TestSuite.java:225)\r\n\tat junit.framework.TestSuite.runTest(TestSuite.java:230)\r\n\tat junit.framework.TestSuite.run(TestSuite.java:225)\r\n\tat junit.textui.TestRunner.doRun(TestRunner.java:121)\r\n\tat junit.textui.TestRunner.start(TestRunner.java:185)\r\n\tat junit.textui.TestRunner.main(TestRunner.java:143)\r\n\r\nthe failure against 1495237 (emb):\r\norg.apache.derbyTesting.functionTests.tests.jdbcapi.SetQueryTimeoutTest$TestFailedException: Should have timed out.\r\n\tat org.apache.derbyTesting.functionTests.tests.jdbcapi.SetQueryTimeoutTest.testStatementRemembersTimeout(SetQueryTimeoutTest.java:688)\r\n\tat org.apache.derbyTesting.functionTests.tests.jdbcapi.SetQueryTimeoutTest.testRememberTimeoutValue(SetQueryTimeoutTest.java:667)\r\n\tat org.apache.derbyTesting.functionTests.tests.jdbcapi.SetQueryTimeoutTest.go(SetQueryTimeoutTest.java:755)\r\n\tat org.apache.derbyTesting.functionTests.tests.jdbcapi.SetQueryTimeoutTest.main(SetQueryTimeoutTest.java:722)\r\n\tat sun.reflect.NativeMethodAccessorImpl.invoke0(Native Method)\r\n\tat sun.reflect.NativeMethodAccessorImpl.invoke(NativeMethodAccessorImpl.java:60)\r\n\tat sun.reflect.DelegatingMethodAccessorImpl.invoke(DelegatingMethodAccessorImpl.java:37)\r\n\tat java.lang.reflect.Method.invoke(Method.java:611)\r\n\tat org.apache.derbyTesting.functionTests.util.HarnessJavaTest.runTest(HarnessJavaTest.java:87)\r\n\tat junit.framework.TestCase.runBare(TestCase.java:130)\r\n\tat org.apache.derbyTesting.junit.BaseTestCase.runBare(BaseTestCase.java:117)\r\n\tat org.apache.derbyTesting.junit.BaseJDBCTestCase.runBareOverridable(BaseJDBCTestCase.java:442)\r\n\tat org.apache.derbyTesting.junit.BaseJDBCTestCase.runBare(BaseJDBCTestCase.java:459)\r\n\tat junit.framework.TestResult$1.protect(TestResult.java:106)\r\n\tat junit.framework.TestResult.runProtected(TestResult.java:124)\r\n\tat junit.framework.TestResult.run(TestResult.java:109)\r\n\tat junit.framework.TestCase.run(TestCase.java:120)\r\n\tat junit.extensions.TestDecorator.basicRun(TestDecorator.java:24)\r\n\tat junit.extensions.TestSetup$1.protect(TestSetup.java:21)\r\n\tat junit.framework.TestResult.runProtected(TestResult.java:124)\r\n\tat junit.extensions.TestSetup.run(TestSetup.java:25)\r\n\tat junit.extensions.TestDecorator.basicRun(TestDecorator.java:24)\r\n\tat junit.extensions.TestSetup$1.protect(TestSetup.java:21)\r\n\tat junit.framework.TestResult.runProtected(TestResult.java:124)\r\n\tat junit.extensions.TestSetup.run(TestSetup.java:25)\r\n\tat org.apache.derbyTesting.junit.BaseTestSetup.run(BaseTestSetup.java:57)\r\n\tat junit.extensions.TestDecorator.basicRun(TestDecorator.java:24)\r\n\tat junit.extensions.TestSetup$1.protect(TestSetup.java:21)\r\n\tat junit.framework.TestResult.runProtected(TestResult.java:124)\r\n\tat junit.extensions.TestSetup.run(TestSetup.java:25)\r\n\tat org.apache.derbyTesting.junit.BaseTestSetup.run(BaseTestSetup.java:57)\r\n\tat junit.framework.TestSuite.runTest(TestSuite.java:230)\r\n\tat junit.framework.TestSuite.run(TestSuite.java:225)\r\n\tat junit.framework.TestSuite.runTest(TestSuite.java:230)\r\n\tat junit.framework.TestSuite.run(TestSuite.java:225)\r\n\tat junit.framework.TestSuite.runTest(TestSuite.java:230)\r\n\tat junit.framework.TestSuite.run(TestSuite.java:225)\r\n\tat junit.framework.TestSuite.runTest(TestSuite.java:230)\r\n\tat junit.framework.TestSuite.run(TestSuite.java:225)\r\n\tat junit.framework.TestSuite.runTest(TestSuite.java:230)\r\n\tat junit.framework.TestSuite.run(TestSuite.java:225)\r\n\tat junit.textui.TestRunner.doRun(TestRunner.java:121)\r\n\tat junit.textui.TestRunner.start(TestRunner.java:185)\r\n\tat junit.textui.TestRunner.main(TestRunner.java:143)\r\n\r\nSo the test has failed both expecting timeouts but not getting them, and in one case, not timeing out and then a subsequent attempt fails because a transaction is still active.","updateAuthor":{"self":"https://issues.apache.org/jira/rest/api/2/user?username=myrna","name":"myrna","emailAddress":"m dot v dot lunteren at gmail dot com","avatarUrls":{"48x48":"https://issues.apache.org/jira/secure/useravatar?avatarId=10452","24x24":"https://issues.apache.org/jira/secure/useravatar?size=small&avatarId=10452","16x16":"https://issues.apache.org/jira/secure/useravatar?size=xsmall&avatarId=10452","32x32":"https://issues.apache.org/jira/secure/useravatar?size=medium&avatarId=10452"},"displayName":"Myrna van Lunteren","active":true},"created":"2014-02-24T19:42:31.186+0000","updated":"2014-02-24T19:42:31.186+0000"},{"self":"https://issues.apache.org/jira/rest/api/2/issue/12655205/comment/13911010","id":"13911010","author":{"self":"https://issues.apache.org/jira/rest/api/2/user?username=myrna","name":"myrna","emailAddress":"m dot v dot lunteren at gmail dot com","avatarUrls":{"48x48":"https://issues.apache.org/jira/secure/useravatar?avatarId=10452","24x24":"https://issues.apache.org/jira/secure/useravatar?size=small&avatarId=10452","16x16":"https://issues.apache.org/jira/secure/useravatar?size=xsmall&avatarId=10452","32x32":"https://issues.apache.org/jira/secure/useravatar?size=medium&avatarId=10452"},"displayName":"Myrna van Lunteren","active":true},"body":"After puzzling over the expected timeouts but not getting them, I am still puzzled.\r\nIf I understand correctly, the test sets the QueryTimeout to 1 (second). Then it executes a query which calls the delay(int,int) method which causes a sleep of 1 second, for every row, and there are 6 rows, so this should take 6 seconds.\r\nThe interesting part is that we so far have seen this only fail on one particular vmware machine.\r\nThe method setting up the query, getFetchQuery, has the following comment:\r\n        /**\r\n         * The reason for using the mod function here is to force\r\n         * at least one invocation of ResultSet.next() to read\r\n         * more than one row from the table before returning.\r\n         * This is necessary since timeout is checked only when\r\n         * reading rows from base tables, and when the first row\r\n         * is read, the query still has not exceeded the timeout.\r\nWe also see the following comment in one of the oldest parts of the test: \r\n         * Actually, there is no guarantee that setting a query timeout\r\n         * for a statement will actually cause a timeout, even if execution\r\n         * of the statement takes longer than the specified timeout.\r\nSo, I currently have 2 theories.\r\n1. The test failures occur on a machine which is running vmware with a bug in it, so that it doesn't handle the time elapsing correctly.\r\n2. This machine is occasionally extra-super-duper fast and then especially when JIT kicks in it manages to get more rows through before it gets to checking the timeout.\r\n\r\nI think the best I can do at this time is to improve the error messages.\r\n","updateAuthor":{"self":"https://issues.apache.org/jira/rest/api/2/user?username=myrna","name":"myrna","emailAddress":"m dot v dot lunteren at gmail dot com","avatarUrls":{"48x48":"https://issues.apache.org/jira/secure/useravatar?avatarId=10452","24x24":"https://issues.apache.org/jira/secure/useravatar?size=small&avatarId=10452","16x16":"https://issues.apache.org/jira/secure/useravatar?size=xsmall&avatarId=10452","32x32":"https://issues.apache.org/jira/secure/useravatar?size=medium&avatarId=10452"},"displayName":"Myrna van Lunteren","active":true},"created":"2014-02-24T23:53:10.723+0000","updated":"2014-02-24T23:53:10.723+0000"},{"self":"https://issues.apache.org/jira/rest/api/2/issue/12655205/comment/13911115","id":"13911115","author":{"self":"https://issues.apache.org/jira/rest/api/2/user?username=jira-bot","name":"jira-bot","emailAddress":"no-reply at urd dot zones dot apache dot org","avatarUrls":{"48x48":"https://issues.apache.org/jira/secure/useravatar?avatarId=10452","24x24":"https://issues.apache.org/jira/secure/useravatar?size=small&avatarId=10452","16x16":"https://issues.apache.org/jira/secure/useravatar?size=xsmall&avatarId=10452","32x32":"https://issues.apache.org/jira/secure/useravatar?size=medium&avatarId=10452"},"displayName":"ASF subversion and git services","active":true},"body":"Commit 1571534 from [~myrna] in branch 'code/trunk'\r\n[ https://svn.apache.org/r1571534 ]\r\n\r\nDERBY-6280; test failure in SetQueryTimeoutTest ComparisonFailure: Output at line 16 expected:<Test[ing that PreparedStatement remembers timeout.]> but was:<Test[ SetQueryTimeoutTest FAILED]>\r\n   adding details to the failure messages for this case","updateAuthor":{"self":"https://issues.apache.org/jira/rest/api/2/user?username=jira-bot","name":"jira-bot","emailAddress":"no-reply at urd dot zones dot apache dot org","avatarUrls":{"48x48":"https://issues.apache.org/jira/secure/useravatar?avatarId=10452","24x24":"https://issues.apache.org/jira/secure/useravatar?size=small&avatarId=10452","16x16":"https://issues.apache.org/jira/secure/useravatar?size=xsmall&avatarId=10452","32x32":"https://issues.apache.org/jira/secure/useravatar?size=medium&avatarId=10452"},"displayName":"ASF subversion and git services","active":true},"created":"2014-02-25T02:02:16.876+0000","updated":"2014-02-25T02:02:16.876+0000"},{"self":"https://issues.apache.org/jira/rest/api/2/issue/12655205/comment/13911120","id":"13911120","author":{"self":"https://issues.apache.org/jira/rest/api/2/user?username=jira-bot","name":"jira-bot","emailAddress":"no-reply at urd dot zones dot apache dot org","avatarUrls":{"48x48":"https://issues.apache.org/jira/secure/useravatar?avatarId=10452","24x24":"https://issues.apache.org/jira/secure/useravatar?size=small&avatarId=10452","16x16":"https://issues.apache.org/jira/secure/useravatar?size=xsmall&avatarId=10452","32x32":"https://issues.apache.org/jira/secure/useravatar?size=medium&avatarId=10452"},"displayName":"ASF subversion and git services","active":true},"body":"Commit 1571538 from [~myrna] in branch 'code/branches/10.10'\r\n[ https://svn.apache.org/r1571538 ]\r\n\r\nDERBY-6280;  test failure in SetQueryTimeoutTest ComparisonFailure: Output at line 16 expected:<Test[ing that PreparedStatement remembers timeout.]> but was:<Test[ SetQueryTimeoutTest FAILED]>\r\n   adding comments; merge of revision 1571534 from trunk","updateAuthor":{"self":"https://issues.apache.org/jira/rest/api/2/user?username=jira-bot","name":"jira-bot","emailAddress":"no-reply at urd dot zones dot apache dot org","avatarUrls":{"48x48":"https://issues.apache.org/jira/secure/useravatar?avatarId=10452","24x24":"https://issues.apache.org/jira/secure/useravatar?size=small&avatarId=10452","16x16":"https://issues.apache.org/jira/secure/useravatar?size=xsmall&avatarId=10452","32x32":"https://issues.apache.org/jira/secure/useravatar?size=medium&avatarId=10452"},"displayName":"ASF subversion and git services","active":true},"created":"2014-02-25T02:06:27.379+0000","updated":"2014-02-25T02:06:27.379+0000"},{"self":"https://issues.apache.org/jira/rest/api/2/issue/12655205/comment/13911704","id":"13911704","author":{"self":"https://issues.apache.org/jira/rest/api/2/user?username=myrna","name":"myrna","emailAddress":"m dot v dot lunteren at gmail dot com","avatarUrls":{"48x48":"https://issues.apache.org/jira/secure/useravatar?avatarId=10452","24x24":"https://issues.apache.org/jira/secure/useravatar?size=small&avatarId=10452","16x16":"https://issues.apache.org/jira/secure/useravatar?size=xsmall&avatarId=10452","32x32":"https://issues.apache.org/jira/secure/useravatar?size=medium&avatarId=10452"},"displayName":"Myrna van Lunteren","active":true},"body":"The test failed on the same machine, with DerbyNetClient, with a non-official jvm build, with the following output (again to the console):\r\norg.apache.derbyTesting.functionTests.tests.jdbcapi.SetQueryTimeoutTest$TestFailedException: Should have timed out, for statement, iteration: 2, took (millis): 0\r\n\tat org.apache.derbyTesting.functionTests.tests.jdbcapi.SetQueryTimeoutTest.testStatementRemembersTimeout(SetQueryTimeoutTest.java:692)\r\n\tat org.apache.derbyTesting.functionTests.tests.jdbcapi.SetQueryTimeoutTest.testRememberTimeoutValue(SetQueryTimeoutTest.java:667)\r\n\tat org.apache.derbyTesting.functionTests.tests.jdbcapi.SetQueryTimeoutTest.go(SetQueryTimeoutTest.java:770)\r\n\tat org.apache.derbyTesting.functionTests.tests.jdbcapi.SetQueryTimeoutTest.main(SetQueryTimeoutTest.java:737)\r\n\tat sun.reflect.NativeMethodAccessorImpl.invoke0(Native Method)\r\n\tat sun.reflect.NativeMethodAccessorImpl.invoke(NativeMethodAccessorImpl.java:94)\r\n\tat sun.reflect.DelegatingMethodAccessorImpl.invoke(DelegatingMethodAccessorImpl.java:55)\r\n\tat java.lang.reflect.Method.invoke(Method.java:619)\r\n\tat org.apache.derbyTesting.functionTests.util.HarnessJavaTest.runTest(HarnessJavaTest.java:87)\r\n\tat junit.framework.TestCase.runBare(TestCase.java:130)\r\n...[snipped the rest of the junit framework part of the stack...]\r\n","updateAuthor":{"self":"https://issues.apache.org/jira/rest/api/2/user?username=myrna","name":"myrna","emailAddress":"m dot v dot lunteren at gmail dot com","avatarUrls":{"48x48":"https://issues.apache.org/jira/secure/useravatar?avatarId=10452","24x24":"https://issues.apache.org/jira/secure/useravatar?size=small&avatarId=10452","16x16":"https://issues.apache.org/jira/secure/useravatar?size=xsmall&avatarId=10452","32x32":"https://issues.apache.org/jira/secure/useravatar?size=medium&avatarId=10452"},"displayName":"Myrna van Lunteren","active":true},"created":"2014-02-25T16:39:05.590+0000","updated":"2014-02-25T16:39:05.590+0000"},{"self":"https://issues.apache.org/jira/rest/api/2/issue/12655205/comment/13911772","id":"13911772","author":{"self":"https://issues.apache.org/jira/rest/api/2/user?username=jira-bot","name":"jira-bot","emailAddress":"no-reply at urd dot zones dot apache dot org","avatarUrls":{"48x48":"https://issues.apache.org/jira/secure/useravatar?avatarId=10452","24x24":"https://issues.apache.org/jira/secure/useravatar?size=small&avatarId=10452","16x16":"https://issues.apache.org/jira/secure/useravatar?size=xsmall&avatarId=10452","32x32":"https://issues.apache.org/jira/secure/useravatar?size=medium&avatarId=10452"},"displayName":"ASF subversion and git services","active":true},"body":"Commit 1571764 from [~myrna] in branch 'code/trunk'\r\n[ https://svn.apache.org/r1571764 ]\r\n\r\nDERBY-6280; test failure in SetQueryTimeoutTest ComparisonFailure: Output at line 16 expected:<Test[ing that PreparedStatement remembers timeout.]> but was:<Test[ SetQueryTimeoutTest FAILED]>\r\n  adjusting location getting start time for enhanced error message on failure","updateAuthor":{"self":"https://issues.apache.org/jira/rest/api/2/user?username=jira-bot","name":"jira-bot","emailAddress":"no-reply at urd dot zones dot apache dot org","avatarUrls":{"48x48":"https://issues.apache.org/jira/secure/useravatar?avatarId=10452","24x24":"https://issues.apache.org/jira/secure/useravatar?size=small&avatarId=10452","16x16":"https://issues.apache.org/jira/secure/useravatar?size=xsmall&avatarId=10452","32x32":"https://issues.apache.org/jira/secure/useravatar?size=medium&avatarId=10452"},"displayName":"ASF subversion and git services","active":true},"created":"2014-02-25T17:41:41.695+0000","updated":"2014-02-25T17:41:41.695+0000"},{"self":"https://issues.apache.org/jira/rest/api/2/issue/12655205/comment/13911786","id":"13911786","author":{"self":"https://issues.apache.org/jira/rest/api/2/user?username=jira-bot","name":"jira-bot","emailAddress":"no-reply at urd dot zones dot apache dot org","avatarUrls":{"48x48":"https://issues.apache.org/jira/secure/useravatar?avatarId=10452","24x24":"https://issues.apache.org/jira/secure/useravatar?size=small&avatarId=10452","16x16":"https://issues.apache.org/jira/secure/useravatar?size=xsmall&avatarId=10452","32x32":"https://issues.apache.org/jira/secure/useravatar?size=medium&avatarId=10452"},"displayName":"ASF subversion and git services","active":true},"body":"Commit 1571769 from [~myrna] in branch 'code/trunk'\r\n[ https://svn.apache.org/r1571769 ]\r\n\r\nDERBY-6280; test failure in SetQueryTimeoutTest ComparisonFailure: Output at line 16 expected:<Test[ing that PreparedStatement remembers timeout.]> but was:<Test[ SetQueryTimeoutTest FAILED]>\r\n  one more fix to the enhanced messages","updateAuthor":{"self":"https://issues.apache.org/jira/rest/api/2/user?username=jira-bot","name":"jira-bot","emailAddress":"no-reply at urd dot zones dot apache dot org","avatarUrls":{"48x48":"https://issues.apache.org/jira/secure/useravatar?avatarId=10452","24x24":"https://issues.apache.org/jira/secure/useravatar?size=small&avatarId=10452","16x16":"https://issues.apache.org/jira/secure/useravatar?size=xsmall&avatarId=10452","32x32":"https://issues.apache.org/jira/secure/useravatar?size=medium&avatarId=10452"},"displayName":"ASF subversion and git services","active":true},"created":"2014-02-25T17:50:52.870+0000","updated":"2014-02-25T17:50:52.870+0000"},{"self":"https://issues.apache.org/jira/rest/api/2/issue/12655205/comment/13911789","id":"13911789","author":{"self":"https://issues.apache.org/jira/rest/api/2/user?username=jira-bot","name":"jira-bot","emailAddress":"no-reply at urd dot zones dot apache dot org","avatarUrls":{"48x48":"https://issues.apache.org/jira/secure/useravatar?avatarId=10452","24x24":"https://issues.apache.org/jira/secure/useravatar?size=small&avatarId=10452","16x16":"https://issues.apache.org/jira/secure/useravatar?size=xsmall&avatarId=10452","32x32":"https://issues.apache.org/jira/secure/useravatar?size=medium&avatarId=10452"},"displayName":"ASF subversion and git services","active":true},"body":"Commit 1571771 from [~myrna] in branch 'code/branches/10.10'\r\n[ https://svn.apache.org/r1571771 ]\r\n\r\nDERBY-6280; test failure in SetQueryTimeoutTest ComparisonFailure: Output at line 16 expected:<Test[ing that PreparedStatement remembers timeout.]> but was:<Test[ SetQueryTimeoutTest FAILED]>\r\n  merge of revisions 1571764 and 1571769 from trunk","updateAuthor":{"self":"https://issues.apache.org/jira/rest/api/2/user?username=jira-bot","name":"jira-bot","emailAddress":"no-reply at urd dot zones dot apache dot org","avatarUrls":{"48x48":"https://issues.apache.org/jira/secure/useravatar?avatarId=10452","24x24":"https://issues.apache.org/jira/secure/useravatar?size=small&avatarId=10452","16x16":"https://issues.apache.org/jira/secure/useravatar?size=xsmall&avatarId=10452","32x32":"https://issues.apache.org/jira/secure/useravatar?size=medium&avatarId=10452"},"displayName":"ASF subversion and git services","active":true},"created":"2014-02-25T17:54:25.336+0000","updated":"2014-02-25T17:54:25.336+0000"},{"self":"https://issues.apache.org/jira/rest/api/2/issue/12655205/comment/13912010","id":"13912010","author":{"self":"https://issues.apache.org/jira/rest/api/2/user?username=myrna","name":"myrna","emailAddress":"m dot v dot lunteren at gmail dot com","avatarUrls":{"48x48":"https://issues.apache.org/jira/secure/useravatar?avatarId=10452","24x24":"https://issues.apache.org/jira/secure/useravatar?size=small&avatarId=10452","16x16":"https://issues.apache.org/jira/secure/useravatar?size=xsmall&avatarId=10452","32x32":"https://issues.apache.org/jira/secure/useravatar?size=medium&avatarId=10452"},"displayName":"Myrna van Lunteren","active":true},"body":"I tried running the test (using harness.RunTest) 100x on the machine where we've seen this fail, with ibm 1.6, and -Xjit:count=0 (hoping to force the JIT from the first iteration), but it did not fail.","updateAuthor":{"self":"https://issues.apache.org/jira/rest/api/2/user?username=myrna","name":"myrna","emailAddress":"m dot v dot lunteren at gmail dot com","avatarUrls":{"48x48":"https://issues.apache.org/jira/secure/useravatar?avatarId=10452","24x24":"https://issues.apache.org/jira/secure/useravatar?size=small&avatarId=10452","16x16":"https://issues.apache.org/jira/secure/useravatar?size=xsmall&avatarId=10452","32x32":"https://issues.apache.org/jira/secure/useravatar?size=medium&avatarId=10452"},"displayName":"Myrna van Lunteren","active":true},"created":"2014-02-25T20:24:44.480+0000","updated":"2014-02-25T20:24:44.480+0000"},{"self":"https://issues.apache.org/jira/rest/api/2/issue/12655205/comment/13923149","id":"13923149","author":{"self":"https://issues.apache.org/jira/rest/api/2/user?username=myrna","name":"myrna","emailAddress":"m dot v dot lunteren at gmail dot com","avatarUrls":{"48x48":"https://issues.apache.org/jira/secure/useravatar?avatarId=10452","24x24":"https://issues.apache.org/jira/secure/useravatar?size=small&avatarId=10452","16x16":"https://issues.apache.org/jira/secure/useravatar?size=xsmall&avatarId=10452","32x32":"https://issues.apache.org/jira/secure/useravatar?size=medium&avatarId=10452"},"displayName":"Myrna van Lunteren","active":true},"body":"Test failed again: http://people.apache.org/~myrnavl/derby_test_results/v10_10/windows/testlog/ibm15/1574754-suites.All_diff.txt:\r\n\r\nThere was 1 failure:\r\n1) SetQueryTimeoutTest(org.apache.derbyTesting.functionTests.tests.jdbcapi.JDBCHarnessJavaTest)junit.framework.ComparisonFailure: Output at line 18 expected:<Test[ing timeout with executeUpdate call.]> but was:<Test[ SetQueryTimeoutTest FAILED]>\r\n\tat org.apache.derbyTesting.functionTests.util.CanonTestCase.compareCanon(CanonTestCase.java:109)\r\n\tat org.apache.derbyTesting.functionTests.util.HarnessJavaTest.runTest(HarnessJavaTest.java:91)\r\n\tat org.apache.derbyTesting.junit.BaseTestCase.runBare(BaseTestCase.java:118)\r\n\tat org.apache.derbyTesting.junit.BaseJDBCTestCase.runBareOverridable(BaseJDBCTestCase.java:442)\r\n\tat org.apache.derbyTesting.junit.BaseJDBCTestCase.runBare(BaseJDBCTestCase.java:459)\r\n\tat junit.extensions.TestDecorator.basicRun(TestDecorator.java:24)\r\n\tat junit.extensions.TestSetup$1.protect(TestSetup.java:21)\r\n\tat junit.extensions.TestSetup.run(TestSetup.java:25)\r\n\tat junit.extensions.TestDecorator.basicRun(TestDecorator.java:24)\r\n\tat junit.extensions.TestSetup$1.protect(TestSetup.java:21)\r\n\tat junit.extensions.TestSetup.run(TestSetup.java:25)\r\n\tat org.apache.derbyTesting.junit.BaseTestSetup.run(BaseTestSetup.java:57)\r\n\tat junit.extensions.TestDecorator.basicRun(TestDecorator.java:24)\r\n\tat junit.extensions.TestSetup$1.protect(TestSetup.java:21)\r\n\tat junit.extensions.TestSetup.run(TestSetup.java:25)\r\n\tat org.apache.derbyTesting.junit.BaseTestSetup.run(BaseTestSetup.java:57)\r\n\r\nand in the console output (with derby.tests.trace=true): \r\n(emb)jdbcapi.JDBCHarnessJavaTest.SetQueryTimeoutTest org.apache.derbyTesting.functionTests.tests.jdbcapi.SetQueryTimeoutTest$TestFailedException: Should have timed out, for CallableStatement, on iteration 2, runtime(millis): 8596\r\n\tat org.apache.derbyTesting.functionTests.tests.jdbcapi.SetQueryTimeoutTest.testStatementRemembersTimeout(SetQueryTimeoutTest.java:720)\r\n\tat org.apache.derbyTesting.functionTests.tests.jdbcapi.SetQueryTimeoutTest.testRememberTimeoutValue(SetQueryTimeoutTest.java:671)\r\n\tat org.apache.derbyTesting.functionTests.tests.jdbcapi.SetQueryTimeoutTest.go(SetQueryTimeoutTest.java:770)\r\n\tat org.apache.derbyTesting.functionTests.tests.jdbcapi.SetQueryTimeoutTest.main(SetQueryTimeoutTest.java:737)\r\n\tat sun.reflect.NativeMethodAccessorImpl.invoke0(Native Method)\r\n\tat sun.reflect.NativeMethodAccessorImpl.invoke(NativeMethodAccessorImpl.java:79)\r\n\tat sun.reflect.DelegatingMethodAccessorImpl.invoke(DelegatingMethodAccessorImpl.java:43)\r\n\tat java.lang.reflect.Method.invoke(Method.java:619)\r\n\tat org.apache.derbyTesting.functionTests.util.HarnessJavaTest.runTest(HarnessJavaTest.java:87)\r\n\tat junit.framework.TestCase.runBare(TestCase.java:130)\r\n\tat org.apache.derbyTesting.junit.BaseTestCase.runBare(BaseTestCase.java:118)\r\n\tat org.apache.derbyTesting.junit.BaseJDBCTestCase.runBareOverridable(BaseJDBCTestCase.java:442)\r\n\tat org.apache.derbyTesting.junit.BaseJDBCTestCase.runBare(BaseJDBCTestCase.java:459)\r\n\tat junit.framework.TestResult$1.protect(TestResult.java:106)\r\n\tat junit.framework.TestResult.runProtected(TestResult.java:124)\r\n\tat junit.framework.TestResult.run(TestResult.java:109)\r\n\tat junit.framework.TestCase.run(TestCase.java:120)\r\n\tat junit.extensions.TestDecorator.basicRun(TestDecorator.java:24)\r\n\tat junit.extensions.TestSetup$1.protect(TestSetup.java:21)\r\n\tat junit.framework.TestResult.runProtected(TestResult.java:124)\r\n\tat junit.extensions.TestSetup.run(TestSetup.java:25)\r\n\tat junit.extensions.TestDecorator.basicRun(TestDecorator.java:24)\r\n\tat junit.extensions.TestSetup$1.protect(TestSetup.java:21)\r\n\tat junit.framework.TestResult.runProtected(TestResult.java:124)\r\n\tat junit.extensions.TestSetup.run(TestSetup.java:25)\r\n\tat org.apache.derbyTesting.junit.BaseTestSetup.run(BaseTestSetup.java:57)\r\n\tat junit.extensions.TestDecorator.basicRun(TestDecorator.java:24)\r\n\tat junit.extensions.TestSetup$1.protect(TestSetup.java:21)\r\n\tat junit.framework.TestResult.runProtected(TestResult.java:124)\r\n\tat junit.extensions.TestSetup.run(TestSetup.java:25)\r\n\tat org.apache.derbyTesting.junit.BaseTestSetup.run(BaseTestSetup.java:57)\r\n\tat junit.framework.TestSuite.runTest(TestSuite.java:230)\r\n\tat junit.framework.TestSuite.run(TestSuite.java:225)\r\n\tat junit.framework.TestSuite.runTest(TestSuite.java:230)\r\n\tat junit.framework.TestSuite.run(TestSuite.java:225)\r\n\tat junit.framework.TestSuite.runTest(TestSuite.java:230)\r\n\tat junit.framework.TestSuite.run(TestSuite.java:225)\r\n\tat junit.framework.TestSuite.runTest(TestSuite.java:230)\r\n\tat junit.framework.TestSuite.run(TestSuite.java:225)\r\n\tat junit.framework.TestSuite.runTest(TestSuite.java:230)\r\n\tat junit.framework.TestSuite.run(TestSuite.java:225)\r\n\tat junit.textui.TestRunner.doRun(TestRunner.java:121)\r\n\tat junit.textui.TestRunner.start(TestRunner.java:185)\r\n\tat junit.textui.TestRunner.main(TestRunner.java:143)\r\nused 62978 ms F.","updateAuthor":{"self":"https://issues.apache.org/jira/rest/api/2/user?username=myrna","name":"myrna","emailAddress":"m dot v dot lunteren at gmail dot com","avatarUrls":{"48x48":"https://issues.apache.org/jira/secure/useravatar?avatarId=10452","24x24":"https://issues.apache.org/jira/secure/useravatar?size=small&avatarId=10452","16x16":"https://issues.apache.org/jira/secure/useravatar?size=xsmall&avatarId=10452","32x32":"https://issues.apache.org/jira/secure/useravatar?size=medium&avatarId=10452"},"displayName":"Myrna van Lunteren","active":true},"created":"2014-03-06T22:09:31.046+0000","updated":"2014-03-06T22:09:31.046+0000"},{"self":"https://issues.apache.org/jira/rest/api/2/issue/12655205/comment/14005081","id":"14005081","author":{"self":"https://issues.apache.org/jira/rest/api/2/user?username=myrna","name":"myrna","emailAddress":"m dot v dot lunteren at gmail dot com","avatarUrls":{"48x48":"https://issues.apache.org/jira/secure/useravatar?avatarId=10452","24x24":"https://issues.apache.org/jira/secure/useravatar?size=small&avatarId=10452","16x16":"https://issues.apache.org/jira/secure/useravatar?size=xsmall&avatarId=10452","32x32":"https://issues.apache.org/jira/secure/useravatar?size=medium&avatarId=10452"},"displayName":"Myrna van Lunteren","active":true},"body":"still failing, I have no good ideas:\r\n10.10 at 1596446, windows 2008 on VMware, ibm 1.7 SR7:\r\nhttp://people.apache.org/~myrnavl/derby_test_results/v10_10/windows/testlog/ibm17/1596446-suites.All_diff.txt\r\n\r\n1) SetQueryTimeoutTest(org.apache.derbyTesting.functionTests.tests.jdbcapi.JDBCHarnessJavaTest)junit.framework.ComparisonFailure: Output at line 18 expected:<Test[ing timeout with executeUpdate call.]> but was:<Test[ SetQueryTimeoutTest FAILED]>\r\n\tat org.apache.derbyTesting.functionTests.util.CanonTestCase.compareCanon(CanonTestCase.java:109)\r\n\tat org.apache.derbyTesting.functionTests.util.HarnessJavaTest.runTest(HarnessJavaTest.java:91)\r\n\tat org.apache.derbyTesting.junit.BaseTestCase.runBare(BaseTestCase.java:118)\r\n\tat org.apache.derbyTesting.junit.BaseJDBCTestCase.runBareOverridable(BaseJDBCTestCase.java:442)\r\n\tat org.apache.derbyTesting.junit.BaseJDBCTestCase.runBare(BaseJDBCTestCase.java:459)\r\n\tat junit.extensions.TestDecorator.basicRun(TestDecorator.java:24)\r\n.....\r\n","updateAuthor":{"self":"https://issues.apache.org/jira/rest/api/2/user?username=myrna","name":"myrna","emailAddress":"m dot v dot lunteren at gmail dot com","avatarUrls":{"48x48":"https://issues.apache.org/jira/secure/useravatar?avatarId=10452","24x24":"https://issues.apache.org/jira/secure/useravatar?size=small&avatarId=10452","16x16":"https://issues.apache.org/jira/secure/useravatar?size=xsmall&avatarId=10452","32x32":"https://issues.apache.org/jira/secure/useravatar?size=medium&avatarId=10452"},"displayName":"Myrna van Lunteren","active":true},"created":"2014-05-21T18:49:31.518+0000","updated":"2014-05-21T18:49:31.518+0000"},{"self":"https://issues.apache.org/jira/rest/api/2/issue/12655205/comment/14020273","id":"14020273","author":{"self":"https://issues.apache.org/jira/rest/api/2/user?username=mamtas","name":"mamtas","emailAddress":"msatoor at gmail dot com","avatarUrls":{"48x48":"https://issues.apache.org/jira/secure/useravatar?avatarId=10452","24x24":"https://issues.apache.org/jira/secure/useravatar?size=small&avatarId=10452","16x16":"https://issues.apache.org/jira/secure/useravatar?size=xsmall&avatarId=10452","32x32":"https://issues.apache.org/jira/secure/useravatar?size=medium&avatarId=10452"},"displayName":"Mamta A. Satoor","active":true},"body":"The test failed again. The jdk was IBM jdk 1.7 and the code line was trunk(10.11)\r\nhttp://people.apache.org/~myrnavl/derby_test_results/main/windows/testlog/ibm17/1600553-suites.All_diff.txt\r\n\r\nSetQueryTimeoutTest(org.apache.derbyTesting.functionTests.tests.jdbcapi.JDBCHarnessJavaTest)junit.framework.ComparisonFailure: Output at line 17 expected:<Test[ing that CallableStatement remembers timeout.]> but was:<Test[ SetQueryTimeoutTest FAILED]>\r\n\tat org.apache.derbyTesting.functionTests.util.CanonTestCase.compareCanon(CanonTestCase.java:110)\r\n\tat org.apache.derbyTesting.functionTests.util.HarnessJavaTest.runTest(HarnessJavaTest.java:90)\r\n\tat org.apache.derbyTesting.junit.BaseTestCase.runBare(BaseTestCase.java:118)\r\n\tat org.apache.derbyTesting.junit.BaseJDBCTestCase.runBareOverridable(BaseJDBCTestCase.java:440)\r\n\tat org.apache.derbyTesting.junit.BaseJDBCTestCase.runBare(BaseJDBCTestCase.java:457)\r\n\tat junit.extensions.TestDecorator.basicRun(TestDecorator.java:24)\r\n\tat junit.extensions.TestSetup$1.protect(TestSetup.java:21)\r\n\tat junit.extensions.TestSetup.run(TestSetup.java:25)\r\n\tat junit.extensions.TestDecorator.basicRun(TestDecorator.java:24)\r\n\tat junit.extensions.TestSetup$1.protect(TestSetup.java:21)\r\n\tat junit.extensions.TestSetup.run(TestSetup.java:25)\r\n\tat org.apache.derbyTesting.junit.BaseTestSetup.run(BaseTestSetup.java:57)\r\n\tat junit.extensions.TestDecorator.basicRun(TestDecorator.java:24)\r\n\tat junit.extensions.TestSetup$1.protect(TestSetup.java:21)\r\n\tat junit.extensions.TestSetup.run(TestSetup.java:25)\r\n\tat org.apache.derbyTesting.junit.BaseTestSetup.run(BaseTestSetup.java:57)\r\n","updateAuthor":{"self":"https://issues.apache.org/jira/rest/api/2/user?username=mamtas","name":"mamtas","emailAddress":"msatoor at gmail dot com","avatarUrls":{"48x48":"https://issues.apache.org/jira/secure/useravatar?avatarId=10452","24x24":"https://issues.apache.org/jira/secure/useravatar?size=small&avatarId=10452","16x16":"https://issues.apache.org/jira/secure/useravatar?size=xsmall&avatarId=10452","32x32":"https://issues.apache.org/jira/secure/useravatar?size=medium&avatarId=10452"},"displayName":"Mamta A. Satoor","active":true},"created":"2014-06-06T19:27:27.732+0000","updated":"2014-06-06T19:27:27.732+0000"},{"self":"https://issues.apache.org/jira/rest/api/2/issue/12655205/comment/14164048","id":"14164048","author":{"self":"https://issues.apache.org/jira/rest/api/2/user?username=mamtas","name":"mamtas","emailAddress":"msatoor at gmail dot com","avatarUrls":{"48x48":"https://issues.apache.org/jira/secure/useravatar?avatarId=10452","24x24":"https://issues.apache.org/jira/secure/useravatar?size=small&avatarId=10452","16x16":"https://issues.apache.org/jira/secure/useravatar?size=xsmall&avatarId=10452","32x32":"https://issues.apache.org/jira/secure/useravatar?size=medium&avatarId=10452"},"displayName":"Mamta A. Satoor","active":true},"body":"The test failed again on trunk(revision 1629794)\r\nhttp://people.apache.org/~myrnavl/derby_test_results/main/windows/testlog/ibm16/1629794-suites.All_diff.txt\r\nSetQueryTimeoutTest(org.apache.derbyTesting.functionTests.tests.jdbcapi.JDBCHarnessJavaTest)junit.framework.ComparisonFailure: Output at line 18 expected:<Test[ing timeout with executeUpdate call.]> but was:<Test[ SetQueryTimeoutTest FAILED]>\r\n\tat org.apache.derbyTesting.functionTests.util.CanonTestCase.compareCanon(CanonTestCase.java:110)\r\n\tat org.apache.derbyTesting.functionTests.util.HarnessJavaTest.runTest(HarnessJavaTest.java:90)\r\n\tat org.apache.derbyTesting.junit.BaseTestCase.runBare(BaseTestCase.java:120)\r\n\tat org.apache.derbyTesting.junit.BaseJDBCTestCase.runBareOverridable(BaseJDBCTestCase.java:443)\r\n\tat org.apache.derbyTesting.junit.BaseJDBCTestCase.runBare(BaseJDBCTestCase.java:460)\r\n\tat junit.extensions.TestDecorator.basicRun(TestDecorator.java:24)\r\n\tat junit.extensions.TestSetup$1.protect(TestSetup.java:21)\r\n\tat junit.extensions.TestSetup.run(TestSetup.java:25)\r\n\tat junit.extensions.TestDecorator.basicRun(TestDecorator.java:24)\r\n\tat junit.extensions.TestSetup$1.protect(TestSetup.java:21)\r\n\tat junit.extensions.TestSetup.run(TestSetup.java:25)\r\n\tat org.apache.derbyTesting.junit.BaseTestSetup.run(BaseTestSetup.java:58)\r\n\tat junit.extensions.TestDecorator.basicRun(TestDecorator.java:24)\r\n\tat junit.extensions.TestSetup$1.protect(TestSetup.java:21)\r\n\tat junit.extensions.TestSetup.run(TestSetup.java:25)\r\n\tat org.apache.derbyTesting.junit.BaseTestSetup.run(BaseTestSetup.java:58)","updateAuthor":{"self":"https://issues.apache.org/jira/rest/api/2/user?username=mamtas","name":"mamtas","emailAddress":"msatoor at gmail dot com","avatarUrls":{"48x48":"https://issues.apache.org/jira/secure/useravatar?avatarId=10452","24x24":"https://issues.apache.org/jira/secure/useravatar?size=small&avatarId=10452","16x16":"https://issues.apache.org/jira/secure/useravatar?size=xsmall&avatarId=10452","32x32":"https://issues.apache.org/jira/secure/useravatar?size=medium&avatarId=10452"},"displayName":"Mamta A. Satoor","active":true},"created":"2014-10-08T19:51:36.839+0000","updated":"2014-10-08T19:51:36.839+0000"}]},"votes":{"self":"https://issues.apache.org/jira/rest/api/2/issue/DERBY-6280/votes","votes":0,"hasVoted":false},"worklog":{"startAt":0,"maxResults":20,"total":0,"worklogs":[]},"customfield_12311820":"0|i1lvaf:"}}