{"expand":"renderedFields,names,schema,transitions,operations,editmeta,changelog","id":"12377597","self":"https://issues.apache.org/jira/rest/api/latest/issue/12377597","key":"DERBY-3055","fields":{"issuetype":{"self":"https://issues.apache.org/jira/rest/api/2/issuetype/1","id":"1","description":"A problem which impairs or prevents the functions of the product.","iconUrl":"https://issues.apache.org/jira/images/icons/issuetypes/bug.png","name":"Bug","subtask":false},"timespent":null,"project":{"self":"https://issues.apache.org/jira/rest/api/2/project/10594","id":"10594","key":"DERBY","name":"Derby","avatarUrls":{"48x48":"https://issues.apache.org/jira/secure/projectavatar?pid=10594&avatarId=10122","24x24":"https://issues.apache.org/jira/secure/projectavatar?size=small&pid=10594&avatarId=10122","16x16":"https://issues.apache.org/jira/secure/projectavatar?size=xsmall&pid=10594&avatarId=10122","32x32":"https://issues.apache.org/jira/secure/projectavatar?size=medium&pid=10594&avatarId=10122"},"projectCategory":{"self":"https://issues.apache.org/jira/rest/api/2/projectCategory/10090","id":"10090","description":"DB related projects","name":"DB"}},"fixVersions":[],"aggregatetimespent":null,"resolution":{"self":"https://issues.apache.org/jira/rest/api/2/resolution/6","id":"6","description":"The problem isn't valid and it can't be fixed.","name":"Invalid"},"customfield_12310220":"2007-09-11 18:37:10.737","customfield_12312322":null,"customfield_12312323":null,"customfield_12310420":"23400","customfield_12310222":"1_*:*_1_*:*_1829952436_*|*_6_*:*_1_*:*_0","customfield_12312320":null,"customfield_12312321":null,"customfield_12312120":null,"customfield_12312121":null,"resolutiondate":"2007-09-26T23:43:50.918+0000","workratio":-1,"customfield_12312328":null,"customfield_12312329":null,"customfield_12312326":null,"customfield_12310300":null,"customfield_12312327":null,"customfield_12312324":null,"customfield_12312325":null,"lastViewed":null,"watches":{"self":"https://issues.apache.org/jira/rest/api/2/issue/DERBY-3055/watchers","watchCount":0,"isWatching":false},"created":"2007-09-05T19:24:38.482+0000","priority":{"self":"https://issues.apache.org/jira/rest/api/2/priority/3","iconUrl":"https://issues.apache.org/jira/images/icons/priorities/major.png","name":"Major","id":"3"},"labels":[],"customfield_12312333":null,"customfield_12312334":null,"customfield_12310310":"4.0","customfield_12312331":null,"customfield_12312332":null,"timeestimate":null,"aggregatetimeoriginalestimate":null,"versions":[{"self":"https://issues.apache.org/jira/rest/api/2/version/12313111","id":"12313111","description":"","name":"10.4.1.3","archived":false,"released":true,"releaseDate":"2008-04-24"}],"customfield_12311120":null,"customfield_12312330":null,"issuelinks":[{"id":"12317528","self":"https://issues.apache.org/jira/rest/api/2/issueLink/12317528","type":{"id":"12310000","name":"Duplicate","inward":"is duplicated by","outward":"duplicates","self":"https://issues.apache.org/jira/rest/api/2/issueLinkType/12310000"},"inwardIssue":{"id":"12377928","key":"DERBY-3065","self":"https://issues.apache.org/jira/rest/api/2/issue/12377928","fields":{"summary":"CollationTest2 fails with J2ME/JSR169 with Import error/Read endOfFile on line 7 extinout\\names.dat","status":{"self":"https://issues.apache.org/jira/rest/api/2/status/6","description":"The issue is considered finished, the resolution is correct. Issues which are closed can be reopened.","iconUrl":"https://issues.apache.org/jira/images/icons/statuses/closed.png","name":"Closed","id":"6","statusCategory":{"self":"https://issues.apache.org/jira/rest/api/2/statuscategory/3","id":3,"key":"done","colorName":"green","name":"Complete"}},"priority":{"self":"https://issues.apache.org/jira/rest/api/2/priority/3","iconUrl":"https://issues.apache.org/jira/images/icons/priorities/major.png","name":"Major","id":"3"},"issuetype":{"self":"https://issues.apache.org/jira/rest/api/2/issuetype/1","id":"1","description":"A problem which impairs or prevents the functions of the product.","iconUrl":"https://issues.apache.org/jira/images/icons/issuetypes/bug.png","name":"Bug","subtask":false}}}}],"customfield_12312339":null,"assignee":null,"customfield_12312337":null,"customfield_12312338":null,"updated":"2009-06-29T22:57:59.139+0000","customfield_12312335":null,"customfield_12311720":null,"customfield_12312336":null,"status":{"self":"https://issues.apache.org/jira/rest/api/2/status/6","description":"The issue is considered finished, the resolution is correct. Issues which are closed can be reopened.","iconUrl":"https://issues.apache.org/jira/images/icons/statuses/closed.png","name":"Closed","id":"6","statusCategory":{"self":"https://issues.apache.org/jira/rest/api/2/statuscategory/3","id":3,"key":"done","colorName":"green","name":"Complete"}},"components":[{"self":"https://issues.apache.org/jira/rest/api/2/component/11413","id":"11413","name":"Test"}],"timeoriginalestimate":null,"description":"testDefaultCollation(org.apache.derbyTesting.functionTests.tests.lang.CollationTest2) failed:\njava.sql.SQLException: Import error on line 7 of file extinout\\names.dat: Read endOfFile at unexpected place on line 7. \n\tat org.apache.derby.impl.jdbc.SQLExceptionFactory.getSQLException(SQLExceptionFactory.java:45)\n\tat org.apache.derby.impl.jdbc.Util.newEmbedSQLException(Util.java:88)\n\tat org.apache.derby.impl.jdbc.Util.seeNextException(Util.java:224)\n\tat org.apache.derby.impl.jdbc.TransactionResourceImpl.wrapInSQLException(TransactionResourceImpl.java:398)\n\tat org.apache.derby.impl.jdbc.TransactionResourceImpl.handleException(TransactionResourceImpl.java:346)\n\tat org.apache.derby.impl.jdbc.EmbedConnection.handleException(EmbedConnection.java:1572)\n\tat org.apache.derby.impl.jdbc.ConnectionChild.handleException(ConnectionChild.java:81)\n\tat org.apache.derby.impl.jdbc.EmbedStatement.executeStatement(EmbedStatement.java:1315)\n\tat org.apache.derby.impl.jdbc.EmbedPreparedStatement.executeStatement(EmbedPreparedStatement.java:1649)\n\tat org.apache.derby.impl.jdbc.EmbedCallableStatement.executeStatement(EmbedCallableStatement.java:116)\n\tat org.apache.derby.impl.jdbc.EmbedPreparedStatement.executeUpdate(EmbedPreparedStatement.java:299)\n\tat org.apache.derbyTesting.functionTests.tests.lang.CollationTest2.doImportTable(CollationTest2.java:694)\n\tat org.apache.derbyTesting.functionTests.tests.lang.CollationTest2.runBulkInsert(CollationTest2.java:1696)\n\tat org.apache.derbyTesting.functionTests.tests.lang.CollationTest2.runTestIter(CollationTest2.java:2031)\n\tat org.apache.derbyTesting.functionTests.tests.lang.CollationTest2.testDefaultCollation(CollationTest2.java:2053)\n\tat java.lang.reflect.AccessibleObject.invokeV(AccessibleObject.java:205)\n\tat java.lang.reflect.Method.invoke(Method.java:253)\n\tat junit.framework.TestCase.runTest(TestCase.java:154)\n\tat junit.framework.TestCase.runBare(TestCase.java:127)\n\tat org.apache.derbyTesting.junit.BaseTestCase.runBare(BaseTestCase.java:95)\n\tat junit.framework.TestResult$1.protect(TestResult.java:106)\n\tat junit.framework.TestResult.runProtected(TestResult.java:124)\n\tat junit.framework.TestResult.run(TestResult.java:109)\n\tat junit.framework.TestCase.run(TestCase.java:118)\n\tat junit.framework.TestSuite.runTest(TestSuite.java:208)\n\tat junit.framework.TestSuite.run(TestSuite.java:203)\n\tat junit.extensions.TestDecorator.basicRun(TestDecorator.java:22)\n\tat junit.extensions.TestSetup$1.protect(TestSetup.java:19)\n\tat junit.framework.TestResult.runProtected(TestResult.java:124)\n\tat junit.extensions.TestSetup.run(TestSetup.java:23)\n\tat junit.extensions.TestDecorator.basicRun(TestDecorator.java:22)\n\tat junit.extensions.TestSetup$1.protect(TestSetup.java:19)\n\tat junit.framework.TestResult.runProtected(TestResult.java:124)\n\tat junit.extensions.TestSetup.run(TestSetup.java:23)\n\tat org.apache.derbyTesting.junit.BaseTestSetup.run(BaseTestSetup.java:57)\n\tat junit.extensions.TestDecorator.basicRun(TestDecorator.java:22)\n\tat junit.extensions.TestSetup$1.protect(TestSetup.java:19)\n\tat junit.framework.TestResult.runProtected(TestResult.java:124)\n\tat junit.extensions.TestSetup.run(TestSetup.java:23)\n\tat junit.extensions.TestDecorator.basicRun(TestDecorator.java:22)\n\tat junit.extensions.TestSetup$1.protect(TestSetup.java:19)\n\tat junit.framework.TestResult.runProtected(TestResult.java:124)\n\tat junit.extensions.TestSetup.run(TestSetup.java:23)\n\tat org.apache.derbyTesting.junit.BaseTestSetup.run(BaseTestSetup.java:57)\n\tat junit.extensions.TestDecorator.basicRun(TestDecorator.java:22)\n\tat junit.extensions.TestSetup$1.protect(TestSetup.java:19)\n\tat junit.framework.TestResult.runProtected(TestResult.java:124)\n\tat junit.extensions.TestSetup.run(TestSetup.java:23)\n\tat junit.extensions.TestDecorator.basicRun(TestDecorator.java:22)\n\tat junit.extensions.TestSetup$1.protect(TestSetup.java:19)\n\tat junit.framework.TestResult.runProtected(TestResult.java:124)\n\tat junit.extensions.TestSetup.run(TestSetup.java:23)\n\tat org.apache.derbyTesting.junit.BaseTestSetup.run(BaseTestSetup.java:57)\n\tat junit.extensions.TestDecorator.basicRun(TestDecorator.java:22)\n\tat junit.extensions.TestSetup$1.protect(TestSetup.java:19)\n\tat junit.framework.TestResult.runProtected(TestResult.java:124)\n\tat junit.extensions.TestSetup.run(TestSetup.java:23)\n\tat junit.extensions.TestDecorator.basicRun(TestDecorator.java:22)\n\tat junit.extensions.TestSetup$1.protect(TestSetup.java:19)\n\tat junit.framework.TestResult.runProtected(TestResult.java:124)\n\tat junit.extensions.TestSetup.run(TestSetup.java:23)\n\tat org.apache.derbyTesting.junit.BaseTestSetup.run(BaseTestSetup.java:57)\n\tat junit.extensions.TestDecorator.basicRun(TestDecorator.java:22)\n\tat junit.extensions.TestSetup$1.protect(TestSetup.java:19)\n\tat junit.framework.TestResult.runProtected(TestResult.java:124)\n\tat junit.extensions.TestSetup.run(TestSetup.java:23)\n\tat junit.extensions.TestDecorator.basicRun(TestDecorator.java:22)\n\tat junit.extensions.TestSetup$1.protect(TestSetup.java:19)\n\tat junit.framework.TestResult.runProtected(TestResult.java:124)\n\tat junit.extensions.TestSetup.run(TestSetup.java:23)\n\tat org.apache.derbyTesting.junit.BaseTestSetup.run(BaseTestSetup.java:57)\n\tat junit.extensions.TestDecorator.basicRun(TestDecorator.java:22)\n\tat junit.extensions.TestSetup$1.protect(TestSetup.java:19)\n\tat junit.framework.TestResult.runProtected(TestResult.java:124)\n\tat junit.extensions.TestSetup.run(TestSetup.java:23)\n\tat junit.framework.TestSuite.runTest(TestSuite.java:208)\n\tat junit.framework.TestSuite.run(TestSuite.java:203)\n\tat junit.framework.TestSuite.runTest(TestSuite.java:208)\n\tat junit.framework.TestSuite.run(TestSuite.java:203)\n\tat junit.framework.TestSuite.runTest(TestSuite.java:208)\n\tat junit.framework.TestSuite.run(TestSuite.java:203)\n\tat TimeRunner.main(TimeRunner.java:31)\nCaused by: java.sql.SQLException: Read endOfFile at unexpected place on line 7.\n\tat org.apache.derby.impl.jdbc.SQLExceptionFactory.getSQLException(SQLExceptionFactory.java:45)\n\tat org.apache.derby.impl.jdbc.Util.generateCsSQLException(Util.java:202)\n\tat org.apache.derby.impl.jdbc.TransactionResourceImpl.wrapInSQLException(TransactionResourceImpl.java:391)\n\tat org.apache.derby.impl.jdbc.TransactionResourceImpl.handleException(TransactionResourceImpl.java:346)\n\tat org.apache.derby.impl.jdbc.EmbedConnection.handleException(EmbedConnection.java:1572)\n\tat org.apache.derby.impl.jdbc.ConnectionChild.handleException(ConnectionChild.java:81)\n\tat org.apache.derby.impl.jdbc.EmbedStatement.executeStatement(EmbedStatement.java:1315)\n\tat org.apache.derby.impl.jdbc.EmbedPreparedStatement.executeStatement(EmbedPreparedStatement.java:1649)\n\tat org.apache.derby.impl.jdbc.EmbedPreparedStatement.executeUpdate(EmbedPreparedStatement.java:299)\n\tat org.apache.derby.impl.load.Import.performImport(Import.java:285)\n\tat org.apache.derby.impl.load.Import.importTable(Import.java:126)\n\tat org.apache.derby.catalog.SystemProcedures.SYSCS_IMPORT_TABLE(SystemProcedures.java:1254)\n\tat org.apache.derby.exe.ac12f1d349x0114xd70dx30aax00003dcd3cb41f7.g0(Unknown Source)\n\tat java.lang.reflect.AccessibleObject.invokeV(AccessibleObject.java:205)\n\tat java.lang.reflect.Method.invoke(Method.java:253)\n\tat org.apache.derby.impl.services.reflect.ReflectMethod.invoke(ReflectMethod.java:46)\n\tat org.apache.derby.impl.sql.execute.CallStatementResultSet.open(CallStatementResultSet.java:57)\n\tat org.apache.derby.impl.sql.GenericPreparedStatement.execute(GenericPreparedStatement.java:370)\n\tat org.apache.derby.impl.jdbc.EmbedStatement.executeStatement(EmbedStatement.java:1225)\n\t... 74 more\nCaused by: ERROR XIE0E: Read endOfFile at unexpected place on line 7.\n\tat org.apache.derby.iapi.error.StandardException.newException(StandardException.java:290)\n\tat org.apache.derby.impl.load.LoadError.unexpectedEndOfFile(LoadError.java:162)\n\tat org.apache.derby.impl.load.ImportReadData.readNextDelimitedRow(ImportReadData.java:746)\n\tat org.apache.derby.impl.load.ImportReadData.readNextRow(ImportReadData.java:655)\n\tat org.apache.derby.impl.load.ImportAbstract.next(ImportAbstract.java:124)\n\tat org.apache.derby.impl.sql.execute.VTIResultSet.getNextRowCore(VTIResultSet.java:325)\n\tat org.apache.derby.impl.sql.execute.ProjectRestrictResultSet.getNextRowCore(ProjectRestrictResultSet.java:255)\n\tat org.apache.derby.impl.sql.execute.NormalizeResultSet.getNextRowCore(NormalizeResultSet.java:186)\n\tat org.apache.derby.impl.sql.execute.NoPutResultSetImpl.getNextRowFromRowSource(NoPutResultSetImpl.java:205)\n\tat org.apache.derby.impl.store.access.heap.HeapController.load(HeapController.java:396)\n\tat org.apache.derby.impl.store.access.heap.Heap.load(Heap.java:649)\n\tat org.apache.derby.impl.store.access.RAMTransaction.loadConglomerate(RAMTransaction.java:1240)\n\tat org.apache.derby.impl.store.access.RAMTransaction.recreateAndLoadConglomerate(RAMTransaction.java:908)\n\tat org.apache.derby.impl.sql.execute.InsertResultSet.bulkInsertCore(InsertResultSet.java:1308)\n\tat org.apache.derby.impl.sql.execute.InsertResultSet.open(InsertResultSet.java:446)\n\tat org.apache.derby.impl.sql.GenericPreparedStatement.execute(GenericPreparedStatement.java:370)\n\tat org.apache.derby.impl.jdbc.EmbedStatement.executeStatement(EmbedStatement.java:1225)\n\t... 86 more\n4172\ttestDefaultCollation(org.apache.derbyTesting.functionTests.tests.lang.CollationTest2)\nstart\ttestEnglishCollation(org.apache.derbyTesting.functionTests.tests.lang.CollationTest2)\ntestEnglishCollation(org.apache.derbyTesting.functionTests.tests.lang.CollationTest2) failed:\njava.sql.SQLException: Import error on line 7 of file extinout\\names.dat: Read endOfFile at unexpected place on line 7. \n\tat org.apache.derby.impl.jdbc.SQLExceptionFactory.getSQLException(SQLExceptionFactory.java:45)\n\tat org.apache.derby.impl.jdbc.Util.newEmbedSQLException(Util.java:88)\n\tat org.apache.derby.impl.jdbc.Util.seeNextException(Util.java:224)\n\tat org.apache.derby.impl.jdbc.TransactionResourceImpl.wrapInSQLException(TransactionResourceImpl.java:398)\n\tat org.apache.derby.impl.jdbc.TransactionResourceImpl.handleException(TransactionResourceImpl.java:346)\n\tat org.apache.derby.impl.jdbc.EmbedConnection.handleException(EmbedConnection.java:1572)\n\tat org.apache.derby.impl.jdbc.ConnectionChild.handleException(ConnectionChild.java:81)\n\tat org.apache.derby.impl.jdbc.EmbedStatement.executeStatement(EmbedStatement.java:1315)\n\tat org.apache.derby.impl.jdbc.EmbedPreparedStatement.executeStatement(EmbedPreparedStatement.java:1649)\n\tat org.apache.derby.impl.jdbc.EmbedCallableStatement.executeStatement(EmbedCallableStatement.java:116)\n\tat org.apache.derby.impl.jdbc.EmbedPreparedStatement.executeUpdate(EmbedPreparedStatement.java:299)\n\tat org.apache.derbyTesting.functionTests.tests.lang.CollationTest2.doImportTable(CollationTest2.java:694)\n\tat org.apache.derbyTesting.functionTests.tests.lang.CollationTest2.runBulkInsert(CollationTest2.java:1696)\n\tat org.apache.derbyTesting.functionTests.tests.lang.CollationTest2.runTestIter(CollationTest2.java:2031)\n\tat org.apache.derbyTesting.functionTests.tests.lang.CollationTest2.testEnglishCollation(CollationTest2.java:2060)\n\tat java.lang.reflect.AccessibleObject.invokeV(AccessibleObject.java:205)\n\tat java.lang.reflect.Method.invoke(Method.java:253)\n\tat junit.framework.TestCase.runTest(TestCase.java:154)\n\tat junit.framework.TestCase.runBare(TestCase.java:127)\n\tat org.apache.derbyTesting.junit.BaseTestCase.runBare(BaseTestCase.java:95)\n\tat junit.framework.TestResult$1.protect(TestResult.java:106)\n\tat junit.framework.TestResult.runProtected(TestResult.java:124)\n\tat junit.framework.TestResult.run(TestResult.java:109)\n\tat junit.framework.TestCase.run(TestCase.java:118)\n\tat junit.framework.TestSuite.runTest(TestSuite.java:208)\n\tat junit.framework.TestSuite.run(TestSuite.java:203)\n\tat junit.extensions.TestDecorator.basicRun(TestDecorator.java:22)\n\tat junit.extensions.TestSetup$1.protect(TestSetup.java:19)\n\tat junit.framework.TestResult.runProtected(TestResult.java:124)\n\tat junit.extensions.TestSetup.run(TestSetup.java:23)\n\tat junit.extensions.TestDecorator.basicRun(TestDecorator.java:22)\n\tat junit.extensions.TestSetup$1.protect(TestSetup.java:19)\n\tat junit.framework.TestResult.runProtected(TestResult.java:124)\n\tat junit.extensions.TestSetup.run(TestSetup.java:23)\n\tat org.apache.derbyTesting.junit.BaseTestSetup.run(BaseTestSetup.java:57)\n\tat junit.extensions.TestDecorator.basicRun(TestDecorator.java:22)\n\tat junit.extensions.TestSetup$1.protect(TestSetup.java:19)\n\tat junit.framework.TestResult.runProtected(TestResult.java:124)\n\tat junit.extensions.TestSetup.run(TestSetup.java:23)\n\tat junit.extensions.TestDecorator.basicRun(TestDecorator.java:22)\n\tat junit.extensions.TestSetup$1.protect(TestSetup.java:19)\n\tat junit.framework.TestResult.runProtected(TestResult.java:124)\n\tat junit.extensions.TestSetup.run(TestSetup.java:23)\n\tat org.apache.derbyTesting.junit.BaseTestSetup.run(BaseTestSetup.java:57)\n\tat junit.extensions.TestDecorator.basicRun(TestDecorator.java:22)\n\tat junit.extensions.TestSetup$1.protect(TestSetup.java:19)\n\tat junit.framework.TestResult.runProtected(TestResult.java:124)\n\tat junit.extensions.TestSetup.run(TestSetup.java:23)\n\tat junit.extensions.TestDecorator.basicRun(TestDecorator.java:22)\n\tat junit.extensions.TestSetup$1.protect(TestSetup.java:19)\n\tat junit.framework.TestResult.runProtected(TestResult.java:124)\n\tat junit.extensions.TestSetup.run(TestSetup.java:23)\n\tat org.apache.derbyTesting.junit.BaseTestSetup.run(BaseTestSetup.java:57)\n\tat junit.extensions.TestDecorator.basicRun(TestDecorator.java:22)\n\tat junit.extensions.TestSetup$1.protect(TestSetup.java:19)\n\tat junit.framework.TestResult.runProtected(TestResult.java:124)\n\tat junit.extensions.TestSetup.run(TestSetup.java:23)\n\tat junit.extensions.TestDecorator.basicRun(TestDecorator.java:22)\n\tat junit.extensions.TestSetup$1.protect(TestSetup.java:19)\n\tat junit.framework.TestResult.runProtected(TestResult.java:124)\n\tat junit.extensions.TestSetup.run(TestSetup.java:23)\n\tat org.apache.derbyTesting.junit.BaseTestSetup.run(BaseTestSetup.java:57)\n\tat junit.extensions.TestDecorator.basicRun(TestDecorator.java:22)\n\tat junit.extensions.TestSetup$1.protect(TestSetup.java:19)\n\tat junit.framework.TestResult.runProtected(TestResult.java:124)\n\tat junit.extensions.TestSetup.run(TestSetup.java:23)\n\tat junit.extensions.TestDecorator.basicRun(TestDecorator.java:22)\n\tat junit.extensions.TestSetup$1.protect(TestSetup.java:19)\n\tat junit.framework.TestResult.runProtected(TestResult.java:124)\n\tat junit.extensions.TestSetup.run(TestSetup.java:23)\n\tat org.apache.derbyTesting.junit.BaseTestSetup.run(BaseTestSetup.java:57)\n\tat junit.extensions.TestDecorator.basicRun(TestDecorator.java:22)\n\tat junit.extensions.TestSetup$1.protect(TestSetup.java:19)\n\tat junit.framework.TestResult.runProtected(TestResult.java:124)\n\tat junit.extensions.TestSetup.run(TestSetup.java:23)\n\tat junit.framework.TestSuite.runTest(TestSuite.java:208)\n\tat junit.framework.TestSuite.run(TestSuite.java:203)\n\tat junit.framework.TestSuite.runTest(TestSuite.java:208)\n\tat junit.framework.TestSuite.run(TestSuite.java:203)\n\tat junit.framework.TestSuite.runTest(TestSuite.java:208)\n\tat junit.framework.TestSuite.run(TestSuite.java:203)\n\tat TimeRunner.main(TimeRunner.java:31)\nCaused by: java.sql.SQLException: Read endOfFile at unexpected place on line 7.\n\tat org.apache.derby.impl.jdbc.SQLExceptionFactory.getSQLException(SQLExceptionFactory.java:45)\n\tat org.apache.derby.impl.jdbc.Util.generateCsSQLException(Util.java:202)\n\tat org.apache.derby.impl.jdbc.TransactionResourceImpl.wrapInSQLException(TransactionResourceImpl.java:391)\n\tat org.apache.derby.impl.jdbc.TransactionResourceImpl.handleException(TransactionResourceImpl.java:346)\n\tat org.apache.derby.impl.jdbc.EmbedConnection.handleException(EmbedConnection.java:1572)\n\tat org.apache.derby.impl.jdbc.ConnectionChild.handleException(ConnectionChild.java:81)\n\tat org.apache.derby.impl.jdbc.EmbedStatement.executeStatement(EmbedStatement.java:1315)\n\tat org.apache.derby.impl.jdbc.EmbedPreparedStatement.executeStatement(EmbedPreparedStatement.java:1649)\n\tat org.apache.derby.impl.jdbc.EmbedPreparedStatement.executeUpdate(EmbedPreparedStatement.java:299)\n\tat org.apache.derby.impl.load.Import.performImport(Import.java:285)\n\tat org.apache.derby.impl.load.Import.importTable(Import.java:126)\n\tat org.apache.derby.catalog.SystemProcedures.SYSCS_IMPORT_TABLE(SystemProcedures.java:1254)\n\tat org.apache.derby.exe.ac5c8ad4b0x0114xd70dx30aax00003dcd3cb41f7.g0(Unknown Source)\n\tat java.lang.reflect.AccessibleObject.invokeV(AccessibleObject.java:205)\n\tat java.lang.reflect.Method.invoke(Method.java:253)\n\tat org.apache.derby.impl.services.reflect.ReflectMethod.invoke(ReflectMethod.java:46)\n\tat org.apache.derby.impl.sql.execute.CallStatementResultSet.open(CallStatementResultSet.java:57)\n\tat org.apache.derby.impl.sql.GenericPreparedStatement.execute(GenericPreparedStatement.java:370)\n\tat org.apache.derby.impl.jdbc.EmbedStatement.executeStatement(EmbedStatement.java:1225)\n\t... 74 more\nCaused by: ERROR XIE0E: Read endOfFile at unexpected place on line 7.\n\tat org.apache.derby.iapi.error.StandardException.newException(StandardException.java:290)\n\tat org.apache.derby.impl.load.LoadError.unexpectedEndOfFile(LoadError.java:162)\n\tat org.apache.derby.impl.load.ImportReadData.readNextDelimitedRow(ImportReadData.java:746)\n\tat org.apache.derby.impl.load.ImportReadData.readNextRow(ImportReadData.java:655)\n\tat org.apache.derby.impl.load.ImportAbstract.next(ImportAbstract.java:124)\n\tat org.apache.derby.impl.sql.execute.VTIResultSet.getNextRowCore(VTIResultSet.java:325)\n\tat org.apache.derby.impl.sql.execute.ProjectRestrictResultSet.getNextRowCore(ProjectRestrictResultSet.java:255)\n\tat org.apache.derby.impl.sql.execute.NormalizeResultSet.getNextRowCore(NormalizeResultSet.java:186)\n\tat org.apache.derby.impl.sql.execute.NoPutResultSetImpl.getNextRowFromRowSource(NoPutResultSetImpl.java:205)\n\tat org.apache.derby.impl.store.access.heap.HeapController.load(HeapController.java:396)\n\tat org.apache.derby.impl.store.access.heap.Heap.load(Heap.java:649)\n\tat org.apache.derby.impl.store.access.RAMTransaction.loadConglomerate(RAMTransaction.java:1240)\n\tat org.apache.derby.impl.store.access.RAMTransaction.recreateAndLoadConglomerate(RAMTransaction.java:908)\n\tat org.apache.derby.impl.sql.execute.InsertResultSet.bulkInsertCore(InsertResultSet.java:1308)\n\tat org.apache.derby.impl.sql.execute.InsertResultSet.open(InsertResultSet.java:446)\n\tat org.apache.derby.impl.sql.GenericPreparedStatement.execute(GenericPreparedStatement.java:370)\n\tat org.apache.derby.impl.jdbc.EmbedStatement.executeStatement(EmbedStatement.java:1225)\n\t... 86 more\n3907\ttestEnglishCollation(org.apache.derbyTesting.functionTests.tests.lang.CollationTest2)\nstart\ttestPolishCollation(org.apache.derbyTesting.functionTests.tests.lang.CollationTest2)\ntestPolishCollation(org.apache.derbyTesting.functionTests.tests.lang.CollationTest2) failed:\njava.sql.SQLException: Import error on line 7 of file extinout\\names.dat: Odczytano znak endOfFile w nieoczekiwanym miejscu w wierszu 7. \n\tat org.apache.derby.impl.jdbc.SQLExceptionFactory.getSQLException(SQLExceptionFactory.java:45)\n\tat org.apache.derby.impl.jdbc.Util.newEmbedSQLException(Util.java:88)\n\tat org.apache.derby.impl.jdbc.Util.seeNextException(Util.java:224)\n\tat org.apache.derby.impl.jdbc.TransactionResourceImpl.wrapInSQLException(TransactionResourceImpl.java:398)\n\tat org.apache.derby.impl.jdbc.TransactionResourceImpl.handleException(TransactionResourceImpl.java:346)\n\tat org.apache.derby.impl.jdbc.EmbedConnection.handleException(EmbedConnection.java:1572)\n\tat org.apache.derby.impl.jdbc.ConnectionChild.handleException(ConnectionChild.java:81)\n\tat org.apache.derby.impl.jdbc.EmbedStatement.executeStatement(EmbedStatement.java:1315)\n\tat org.apache.derby.impl.jdbc.EmbedPreparedStatement.executeStatement(EmbedPreparedStatement.java:1649)\n\tat org.apache.derby.impl.jdbc.EmbedCallableStatement.executeStatement(EmbedCallableStatement.java:116)\n\tat org.apache.derby.impl.jdbc.EmbedPreparedStatement.executeUpdate(EmbedPreparedStatement.java:299)\n\tat org.apache.derbyTesting.functionTests.tests.lang.CollationTest2.doImportTable(CollationTest2.java:694)\n\tat org.apache.derbyTesting.functionTests.tests.lang.CollationTest2.runBulkInsert(CollationTest2.java:1696)\n\tat org.apache.derbyTesting.functionTests.tests.lang.CollationTest2.runTestIter(CollationTest2.java:2031)\n\tat org.apache.derbyTesting.functionTests.tests.lang.CollationTest2.testPolishCollation(CollationTest2.java:2068)\n\tat java.lang.reflect.AccessibleObject.invokeV(AccessibleObject.java:205)\n\tat java.lang.reflect.Method.invoke(Method.java:253)\n\tat junit.framework.TestCase.runTest(TestCase.java:154)\n\tat junit.framework.TestCase.runBare(TestCase.java:127)\n\tat org.apache.derbyTesting.junit.BaseTestCase.runBare(BaseTestCase.java:95)\n\tat junit.framework.TestResult$1.protect(TestResult.java:106)\n\tat junit.framework.TestResult.runProtected(TestResult.java:124)\n\tat junit.framework.TestResult.run(TestResult.java:109)\n\tat junit.framework.TestCase.run(TestCase.java:118)\n\tat junit.framework.TestSuite.runTest(TestSuite.java:208)\n\tat junit.framework.TestSuite.run(TestSuite.java:203)\n\tat junit.extensions.TestDecorator.basicRun(TestDecorator.java:22)\n\tat junit.extensions.TestSetup$1.protect(TestSetup.java:19)\n\tat junit.framework.TestResult.runProtected(TestResult.java:124)\n\tat junit.extensions.TestSetup.run(TestSetup.java:23)\n\tat junit.extensions.TestDecorator.basicRun(TestDecorator.java:22)\n\tat junit.extensions.TestSetup$1.protect(TestSetup.java:19)\n\tat junit.framework.TestResult.runProtected(TestResult.java:124)\n\tat junit.extensions.TestSetup.run(TestSetup.java:23)\n\tat org.apache.derbyTesting.junit.BaseTestSetup.run(BaseTestSetup.java:57)\n\tat junit.extensions.TestDecorator.basicRun(TestDecorator.java:22)\n\tat junit.extensions.TestSetup$1.protect(TestSetup.java:19)\n\tat junit.framework.TestResult.runProtected(TestResult.java:124)\n\tat junit.extensions.TestSetup.run(TestSetup.java:23)\n\tat junit.extensions.TestDecorator.basicRun(TestDecorator.java:22)\n\tat junit.extensions.TestSetup$1.protect(TestSetup.java:19)\n\tat junit.framework.TestResult.runProtected(TestResult.java:124)\n\tat junit.extensions.TestSetup.run(TestSetup.java:23)\n\tat org.apache.derbyTesting.junit.BaseTestSetup.run(BaseTestSetup.java:57)\n\tat junit.extensions.TestDecorator.basicRun(TestDecorator.java:22)\n\tat junit.extensions.TestSetup$1.protect(TestSetup.java:19)\n\tat junit.framework.TestResult.runProtected(TestResult.java:124)\n\tat junit.extensions.TestSetup.run(TestSetup.java:23)\n\tat junit.extensions.TestDecorator.basicRun(TestDecorator.java:22)\n\tat junit.extensions.TestSetup$1.protect(TestSetup.java:19)\n\tat junit.framework.TestResult.runProtected(TestResult.java:124)\n\tat junit.extensions.TestSetup.run(TestSetup.java:23)\n\tat org.apache.derbyTesting.junit.BaseTestSetup.run(BaseTestSetup.java:57)\n\tat junit.extensions.TestDecorator.basicRun(TestDecorator.java:22)\n\tat junit.extensions.TestSetup$1.protect(TestSetup.java:19)\n\tat junit.framework.TestResult.runProtected(TestResult.java:124)\n\tat junit.extensions.TestSetup.run(TestSetup.java:23)\n\tat junit.extensions.TestDecorator.basicRun(TestDecorator.java:22)\n\tat junit.extensions.TestSetup$1.protect(TestSetup.java:19)\n\tat junit.framework.TestResult.runProtected(TestResult.java:124)\n\tat junit.extensions.TestSetup.run(TestSetup.java:23)\n\tat org.apache.derbyTesting.junit.BaseTestSetup.run(BaseTestSetup.java:57)\n\tat junit.extensions.TestDecorator.basicRun(TestDecorator.java:22)\n\tat junit.extensions.TestSetup$1.protect(TestSetup.java:19)\n\tat junit.framework.TestResult.runProtected(TestResult.java:124)\n\tat junit.extensions.TestSetup.run(TestSetup.java:23)\n\tat junit.extensions.TestDecorator.basicRun(TestDecorator.java:22)\n\tat junit.extensions.TestSetup$1.protect(TestSetup.java:19)\n\tat junit.framework.TestResult.runProtected(TestResult.java:124)\n\tat junit.extensions.TestSetup.run(TestSetup.java:23)\n\tat org.apache.derbyTesting.junit.BaseTestSetup.run(BaseTestSetup.java:57)\n\tat junit.extensions.TestDecorator.basicRun(TestDecorator.java:22)\n\tat junit.extensions.TestSetup$1.protect(TestSetup.java:19)\n\tat junit.framework.TestResult.runProtected(TestResult.java:124)\n\tat junit.extensions.TestSetup.run(TestSetup.java:23)\n\tat junit.framework.TestSuite.runTest(TestSuite.java:208)\n\tat junit.framework.TestSuite.run(TestSuite.java:203)\n\tat junit.framework.TestSuite.runTest(TestSuite.java:208)\n\tat junit.framework.TestSuite.run(TestSuite.java:203)\n\tat junit.framework.TestSuite.runTest(TestSuite.java:208)\n\tat junit.framework.TestSuite.run(TestSuite.java:203)\n\tat TimeRunner.main(TimeRunner.java:31)\nCaused by: java.sql.SQLException: Odczytano znak endOfFile w nieoczekiwanym miejscu w wierszu 7.\n\tat org.apache.derby.impl.jdbc.SQLExceptionFactory.getSQLException(SQLExceptionFactory.java:45)\n\tat org.apache.derby.impl.jdbc.Util.generateCsSQLException(Util.java:202)\n\tat org.apache.derby.impl.jdbc.TransactionResourceImpl.wrapInSQLException(TransactionResourceImpl.java:391)\n\tat org.apache.derby.impl.jdbc.TransactionResourceImpl.handleException(TransactionResourceImpl.java:346)\n\tat org.apache.derby.impl.jdbc.EmbedConnection.handleException(EmbedConnection.java:1572)\n\tat org.apache.derby.impl.jdbc.ConnectionChild.handleException(ConnectionChild.java:81)\n\tat org.apache.derby.impl.jdbc.EmbedStatement.executeStatement(EmbedStatement.java:1315)\n\tat org.apache.derby.impl.jdbc.EmbedPreparedStatement.executeStatement(EmbedPreparedStatement.java:1649)\n\tat org.apache.derby.impl.jdbc.EmbedPreparedStatement.executeUpdate(EmbedPreparedStatement.java:299)\n\tat org.apache.derby.impl.load.Import.performImport(Import.java:285)\n\tat org.apache.derby.impl.load.Import.importTable(Import.java:126)\n\tat org.apache.derby.catalog.SystemProcedures.SYSCS_IMPORT_TABLE(SystemProcedures.java:1254)\n\tat org.apache.derby.exe.ac14001617x0114xd70dx30aax00003dcd3cb41f7.g0(Unknown Source)\n\tat java.lang.reflect.AccessibleObject.invokeV(AccessibleObject.java:205)\n\tat java.lang.reflect.Method.invoke(Method.java:253)\n\tat org.apache.derby.impl.services.reflect.ReflectMethod.invoke(ReflectMethod.java:46)\n\tat org.apache.derby.impl.sql.execute.CallStatementResultSet.open(CallStatementResultSet.java:57)\n\tat org.apache.derby.impl.sql.GenericPreparedStatement.execute(GenericPreparedStatement.java:370)\n\tat org.apache.derby.impl.jdbc.EmbedStatement.executeStatement(EmbedStatement.java:1225)\n\t... 74 more\nCaused by: ERROR XIE0E: Odczytano znak endOfFile w nieoczekiwanym miejscu w wierszu 7.\n\tat org.apache.derby.iapi.error.StandardException.newException(StandardException.java:290)\n\tat org.apache.derby.impl.load.LoadError.unexpectedEndOfFile(LoadError.java:162)\n\tat org.apache.derby.impl.load.ImportReadData.readNextDelimitedRow(ImportReadData.java:746)\n\tat org.apache.derby.impl.load.ImportReadData.readNextRow(ImportReadData.java:655)\n\tat org.apache.derby.impl.load.ImportAbstract.next(ImportAbstract.java:124)\n\tat org.apache.derby.impl.sql.execute.VTIResultSet.getNextRowCore(VTIResultSet.java:325)\n\tat org.apache.derby.impl.sql.execute.ProjectRestrictResultSet.getNextRowCore(ProjectRestrictResultSet.java:255)\n\tat org.apache.derby.impl.sql.execute.NormalizeResultSet.getNextRowCore(NormalizeResultSet.java:186)\n\tat org.apache.derby.impl.sql.execute.NoPutResultSetImpl.getNextRowFromRowSource(NoPutResultSetImpl.java:205)\n\tat org.apache.derby.impl.store.access.heap.HeapController.load(HeapController.java:396)\n\tat org.apache.derby.impl.store.access.heap.Heap.load(Heap.java:649)\n\tat org.apache.derby.impl.store.access.RAMTransaction.loadConglomerate(RAMTransaction.java:1240)\n\tat org.apache.derby.impl.store.access.RAMTransaction.recreateAndLoadConglomerate(RAMTransaction.java:908)\n\tat org.apache.derby.impl.sql.execute.InsertResultSet.bulkInsertCore(InsertResultSet.java:1308)\n\tat org.apache.derby.impl.sql.execute.InsertResultSet.open(InsertResultSet.java:446)\n\tat org.apache.derby.impl.sql.GenericPreparedStatement.execute(GenericPreparedStatement.java:370)\n\tat org.apache.derby.impl.jdbc.EmbedStatement.executeStatement(EmbedStatement.java:1225)\n\t... 86 more\n3859\ttestPolishCollation(org.apache.derbyTesting.functionTests.tests.lang.CollationTest2)\nstart\ttestNorwayCollation(org.apache.derbyTesting.functionTests.tests.lang.CollationTest2)\ntestNorwayCollation(org.apache.derbyTesting.functionTests.tests.lang.CollationTest2) failed:\njava.sql.SQLException: Import error on line 7 of file extinout\\names.dat: Read endOfFile at unexpected place on line 7. \n\tat org.apache.derby.impl.jdbc.SQLExceptionFactory.getSQLException(SQLExceptionFactory.java:45)\n\tat org.apache.derby.impl.jdbc.Util.newEmbedSQLException(Util.java:88)\n\tat org.apache.derby.impl.jdbc.Util.seeNextException(Util.java:224)\n\tat org.apache.derby.impl.jdbc.TransactionResourceImpl.wrapInSQLException(TransactionResourceImpl.java:398)\n\tat org.apache.derby.impl.jdbc.TransactionResourceImpl.handleException(TransactionResourceImpl.java:346)\n\tat org.apache.derby.impl.jdbc.EmbedConnection.handleException(EmbedConnection.java:1572)\n\tat org.apache.derby.impl.jdbc.ConnectionChild.handleException(ConnectionChild.java:81)\n\tat org.apache.derby.impl.jdbc.EmbedStatement.executeStatement(EmbedStatement.java:1315)\n\tat org.apache.derby.impl.jdbc.EmbedPreparedStatement.executeStatement(EmbedPreparedStatement.java:1649)\n\tat org.apache.derby.impl.jdbc.EmbedCallableStatement.executeStatement(EmbedCallableStatement.java:116)\n\tat org.apache.derby.impl.jdbc.EmbedPreparedStatement.executeUpdate(EmbedPreparedStatement.java:299)\n\tat org.apache.derbyTesting.functionTests.tests.lang.CollationTest2.doImportTable(CollationTest2.java:694)\n\tat org.apache.derbyTesting.functionTests.tests.lang.CollationTest2.runBulkInsert(CollationTest2.java:1696)\n\tat org.apache.derbyTesting.functionTests.tests.lang.CollationTest2.runTestIter(CollationTest2.java:2031)\n\tat org.apache.derbyTesting.functionTests.tests.lang.CollationTest2.testNorwayCollation(CollationTest2.java:2076)\n\tat java.lang.reflect.AccessibleObject.invokeV(AccessibleObject.java:205)\n\tat java.lang.reflect.Method.invoke(Method.java:253)\n\tat junit.framework.TestCase.runTest(TestCase.java:154)\n\tat junit.framework.TestCase.runBare(TestCase.java:127)\n\tat org.apache.derbyTesting.junit.BaseTestCase.runBare(BaseTestCase.java:95)\n\tat junit.framework.TestResult$1.protect(TestResult.java:106)\n\tat junit.framework.TestResult.runProtected(TestResult.java:124)\n\tat junit.framework.TestResult.run(TestResult.java:109)\n\tat junit.framework.TestCase.run(TestCase.java:118)\n\tat junit.framework.TestSuite.runTest(TestSuite.java:208)\n\tat junit.framework.TestSuite.run(TestSuite.java:203)\n\tat junit.extensions.TestDecorator.basicRun(TestDecorator.java:22)\n\tat junit.extensions.TestSetup$1.protect(TestSetup.java:19)\n\tat junit.framework.TestResult.runProtected(TestResult.java:124)\n\tat junit.extensions.TestSetup.run(TestSetup.java:23)\n\tat junit.extensions.TestDecorator.basicRun(TestDecorator.java:22)\n\tat junit.extensions.TestSetup$1.protect(TestSetup.java:19)\n\tat junit.framework.TestResult.runProtected(TestResult.java:124)\n\tat junit.extensions.TestSetup.run(TestSetup.java:23)\n\tat org.apache.derbyTesting.junit.BaseTestSetup.run(BaseTestSetup.java:57)\n\tat junit.extensions.TestDecorator.basicRun(TestDecorator.java:22)\n\tat junit.extensions.TestSetup$1.protect(TestSetup.java:19)\n\tat junit.framework.TestResult.runProtected(TestResult.java:124)\n\tat junit.extensions.TestSetup.run(TestSetup.java:23)\n\tat junit.extensions.TestDecorator.basicRun(TestDecorator.java:22)\n\tat junit.extensions.TestSetup$1.protect(TestSetup.java:19)\n\tat junit.framework.TestResult.runProtected(TestResult.java:124)\n\tat junit.extensions.TestSetup.run(TestSetup.java:23)\n\tat org.apache.derbyTesting.junit.BaseTestSetup.run(BaseTestSetup.java:57)\n\tat junit.extensions.TestDecorator.basicRun(TestDecorator.java:22)\n\tat junit.extensions.TestSetup$1.protect(TestSetup.java:19)\n\tat junit.framework.TestResult.runProtected(TestResult.java:124)\n\tat junit.extensions.TestSetup.run(TestSetup.java:23)\n\tat junit.extensions.TestDecorator.basicRun(TestDecorator.java:22)\n\tat junit.extensions.TestSetup$1.protect(TestSetup.java:19)\n\tat junit.framework.TestResult.runProtected(TestResult.java:124)\n\tat junit.extensions.TestSetup.run(TestSetup.java:23)\n\tat org.apache.derbyTesting.junit.BaseTestSetup.run(BaseTestSetup.java:57)\n\tat junit.extensions.TestDecorator.basicRun(TestDecorator.java:22)\n\tat junit.extensions.TestSetup$1.protect(TestSetup.java:19)\n\tat junit.framework.TestResult.runProtected(TestResult.java:124)\n\tat junit.extensions.TestSetup.run(TestSetup.java:23)\n\tat junit.extensions.TestDecorator.basicRun(TestDecorator.java:22)\n\tat junit.extensions.TestSetup$1.protect(TestSetup.java:19)\n\tat junit.framework.TestResult.runProtected(TestResult.java:124)\n\tat junit.extensions.TestSetup.run(TestSetup.java:23)\n\tat org.apache.derbyTesting.junit.BaseTestSetup.run(BaseTestSetup.java:57)\n\tat junit.extensions.TestDecorator.basicRun(TestDecorator.java:22)\n\tat junit.extensions.TestSetup$1.protect(TestSetup.java:19)\n\tat junit.framework.TestResult.runProtected(TestResult.java:124)\n\tat junit.extensions.TestSetup.run(TestSetup.java:23)\n\tat junit.extensions.TestDecorator.basicRun(TestDecorator.java:22)\n\tat junit.extensions.TestSetup$1.protect(TestSetup.java:19)\n\tat junit.framework.TestResult.runProtected(TestResult.java:124)\n\tat junit.extensions.TestSetup.run(TestSetup.java:23)\n\tat org.apache.derbyTesting.junit.BaseTestSetup.run(BaseTestSetup.java:57)\n\tat junit.extensions.TestDecorator.basicRun(TestDecorator.java:22)\n\tat junit.extensions.TestSetup$1.protect(TestSetup.java:19)\n\tat junit.framework.TestResult.runProtected(TestResult.java:124)\n\tat junit.extensions.TestSetup.run(TestSetup.java:23)\n\tat junit.framework.TestSuite.runTest(TestSuite.java:208)\n\tat junit.framework.TestSuite.run(TestSuite.java:203)\n\tat junit.framework.TestSuite.runTest(TestSuite.java:208)\n\tat junit.framework.TestSuite.run(TestSuite.java:203)\n\tat junit.framework.TestSuite.runTest(TestSuite.java:208)\n\tat junit.framework.TestSuite.run(TestSuite.java:203)\n\tat TimeRunner.main(TimeRunner.java:31)\nCaused by: java.sql.SQLException: Read endOfFile at unexpected place on line 7.\n\tat org.apache.derby.impl.jdbc.SQLExceptionFactory.getSQLException(SQLExceptionFactory.java:45)\n\tat org.apache.derby.impl.jdbc.Util.generateCsSQLException(Util.java:202)\n\tat org.apache.derby.impl.jdbc.TransactionResourceImpl.wrapInSQLException(TransactionResourceImpl.java:391)\n\tat org.apache.derby.impl.jdbc.TransactionResourceImpl.handleException(TransactionResourceImpl.java:346)\n\tat org.apache.derby.impl.jdbc.EmbedConnection.handleException(EmbedConnection.java:1572)\n\tat org.apache.derby.impl.jdbc.ConnectionChild.handleException(ConnectionChild.java:81)\n\tat org.apache.derby.impl.jdbc.EmbedStatement.executeStatement(EmbedStatement.java:1315)\n\tat org.apache.derby.impl.jdbc.EmbedPreparedStatement.executeStatement(EmbedPreparedStatement.java:1649)\n\tat org.apache.derby.impl.jdbc.EmbedPreparedStatement.executeUpdate(EmbedPreparedStatement.java:299)\n\tat org.apache.derby.impl.load.Import.performImport(Import.java:285)\n\tat org.apache.derby.impl.load.Import.importTable(Import.java:126)\n\tat org.apache.derby.catalog.SystemProcedures.SYSCS_IMPORT_TABLE(SystemProcedures.java:1254)\n\tat org.apache.derby.exe.aca951977ex0114xd70dx30aax00003dcd3cb4224.g0(Unknown Source)\n\tat java.lang.reflect.AccessibleObject.invokeV(AccessibleObject.java:205)\n\tat java.lang.reflect.Method.invoke(Method.java:253)\n\tat org.apache.derby.impl.services.reflect.ReflectMethod.invoke(ReflectMethod.java:46)\n\tat org.apache.derby.impl.sql.execute.CallStatementResultSet.open(CallStatementResultSet.java:57)\n\tat org.apache.derby.impl.sql.GenericPreparedStatement.execute(GenericPreparedStatement.java:370)\n\tat org.apache.derby.impl.jdbc.EmbedStatement.executeStatement(EmbedStatement.java:1225)\n\t... 74 more\nCaused by: ERROR XIE0E: Read endOfFile at unexpected place on line 7.\n\tat org.apache.derby.iapi.error.StandardException.newException(StandardException.java:290)\n\tat org.apache.derby.impl.load.LoadError.unexpectedEndOfFile(LoadError.java:162)\n\tat org.apache.derby.impl.load.ImportReadData.readNextDelimitedRow(ImportReadData.java:746)\n\tat org.apache.derby.impl.load.ImportReadData.readNextRow(ImportReadData.java:655)\n\tat org.apache.derby.impl.load.ImportAbstract.next(ImportAbstract.java:124)\n\tat org.apache.derby.impl.sql.execute.VTIResultSet.getNextRowCore(VTIResultSet.java:325)\n\tat org.apache.derby.impl.sql.execute.ProjectRestrictResultSet.getNextRowCore(ProjectRestrictResultSet.java:255)\n\tat org.apache.derby.impl.sql.execute.NormalizeResultSet.getNextRowCore(NormalizeResultSet.java:186)\n\tat org.apache.derby.impl.sql.execute.NoPutResultSetImpl.getNextRowFromRowSource(NoPutResultSetImpl.java:205)\n\tat org.apache.derby.impl.store.access.heap.HeapController.load(HeapController.java:396)\n\tat org.apache.derby.impl.store.access.heap.Heap.load(Heap.java:649)\n\tat org.apache.derby.impl.store.access.RAMTransaction.loadConglomerate(RAMTransaction.java:1240)\n\tat org.apache.derby.impl.store.access.RAMTransaction.recreateAndLoadConglomerate(RAMTransaction.java:908)\n\tat org.apache.derby.impl.sql.execute.InsertResultSet.bulkInsertCore(InsertResultSet.java:1308)\n\tat org.apache.derby.impl.sql.execute.InsertResultSet.open(InsertResultSet.java:446)\n\tat org.apache.derby.impl.sql.GenericPreparedStatement.execute(GenericPreparedStatement.java:370)\n\tat org.apache.derby.impl.jdbc.EmbedStatement.executeStatement(EmbedStatement.java:1225)\n\t... 86 more\n4266\ttestNorwayCollation(org.apache.derbyTesting.functionTests.tests.lang.CollationTest2)\nstart\ttestDefaultJVMTerritoryCollation(org.apache.derbyTesting.functionTests.tests.lang.CollationTest2)\ntestDefaultJVMTerritoryCollation(org.apache.derbyTesting.functionTests.tests.lang.CollationTest2) failed:\njava.sql.SQLException: Import error on line 7 of file extinout\\names.dat: Read endOfFile at unexpected place on line 7. \n\tat org.apache.derby.impl.jdbc.SQLExceptionFactory.getSQLException(SQLExceptionFactory.java:45)\n\tat org.apache.derby.impl.jdbc.Util.newEmbedSQLException(Util.java:88)\n\tat org.apache.derby.impl.jdbc.Util.seeNextException(Util.java:224)\n\tat org.apache.derby.impl.jdbc.TransactionResourceImpl.wrapInSQLException(TransactionResourceImpl.java:398)\n\tat org.apache.derby.impl.jdbc.TransactionResourceImpl.handleException(TransactionResourceImpl.java:346)\n\tat org.apache.derby.impl.jdbc.EmbedConnection.handleException(EmbedConnection.java:1572)\n\tat org.apache.derby.impl.jdbc.ConnectionChild.handleException(ConnectionChild.java:81)\n\tat org.apache.derby.impl.jdbc.EmbedStatement.executeStatement(EmbedStatement.java:1315)\n\tat org.apache.derby.impl.jdbc.EmbedPreparedStatement.executeStatement(EmbedPreparedStatement.java:1649)\n\tat org.apache.derby.impl.jdbc.EmbedCallableStatement.executeStatement(EmbedCallableStatement.java:116)\n\tat org.apache.derby.impl.jdbc.EmbedPreparedStatement.executeUpdate(EmbedPreparedStatement.java:299)\n\tat org.apache.derbyTesting.functionTests.tests.lang.CollationTest2.doImportTable(CollationTest2.java:694)\n\tat org.apache.derbyTesting.functionTests.tests.lang.CollationTest2.runBulkInsert(CollationTest2.java:1696)\n\tat org.apache.derbyTesting.functionTests.tests.lang.CollationTest2.runTestIter(CollationTest2.java:2031)\n\tat org.apache.derbyTesting.functionTests.tests.lang.CollationTest2.testDefaultJVMTerritoryCollation(CollationTest2.java:2116)\n\tat java.lang.reflect.AccessibleObject.invokeV(AccessibleObject.java:205)\n\tat java.lang.reflect.Method.invoke(Method.java:253)\n\tat junit.framework.TestCase.runTest(TestCase.java:154)\n\tat junit.framework.TestCase.runBare(TestCase.java:127)\n\tat org.apache.derbyTesting.junit.BaseTestCase.runBare(BaseTestCase.java:95)\n\tat junit.framework.TestResult$1.protect(TestResult.java:106)\n\tat junit.framework.TestResult.runProtected(TestResult.java:124)\n\tat junit.framework.TestResult.run(TestResult.java:109)\n\tat junit.framework.TestCase.run(TestCase.java:118)\n\tat junit.framework.TestSuite.runTest(TestSuite.java:208)\n\tat junit.framework.TestSuite.run(TestSuite.java:203)\n\tat junit.extensions.TestDecorator.basicRun(TestDecorator.java:22)\n\tat junit.extensions.TestSetup$1.protect(TestSetup.java:19)\n\tat junit.framework.TestResult.runProtected(TestResult.java:124)\n\tat junit.extensions.TestSetup.run(TestSetup.java:23)\n\tat junit.extensions.TestDecorator.basicRun(TestDecorator.java:22)\n\tat junit.extensions.TestSetup$1.protect(TestSetup.java:19)\n\tat junit.framework.TestResult.runProtected(TestResult.java:124)\n\tat junit.extensions.TestSetup.run(TestSetup.java:23)\n\tat org.apache.derbyTesting.junit.BaseTestSetup.run(BaseTestSetup.java:57)\n\tat junit.extensions.TestDecorator.basicRun(TestDecorator.java:22)\n\tat junit.extensions.TestSetup$1.protect(TestSetup.java:19)\n\tat junit.framework.TestResult.runProtected(TestResult.java:124)\n\tat junit.extensions.TestSetup.run(TestSetup.java:23)\n\tat junit.extensions.TestDecorator.basicRun(TestDecorator.java:22)\n\tat junit.extensions.TestSetup$1.protect(TestSetup.java:19)\n\tat junit.framework.TestResult.runProtected(TestResult.java:124)\n\tat junit.extensions.TestSetup.run(TestSetup.java:23)\n\tat org.apache.derbyTesting.junit.BaseTestSetup.run(BaseTestSetup.java:57)\n\tat junit.extensions.TestDecorator.basicRun(TestDecorator.java:22)\n\tat junit.extensions.TestSetup$1.protect(TestSetup.java:19)\n\tat junit.framework.TestResult.runProtected(TestResult.java:124)\n\tat junit.extensions.TestSetup.run(TestSetup.java:23)\n\tat junit.extensions.TestDecorator.basicRun(TestDecorator.java:22)\n\tat junit.extensions.TestSetup$1.protect(TestSetup.java:19)\n\tat junit.framework.TestResult.runProtected(TestResult.java:124)\n\tat junit.extensions.TestSetup.run(TestSetup.java:23)\n\tat org.apache.derbyTesting.junit.BaseTestSetup.run(BaseTestSetup.java:57)\n\tat junit.extensions.TestDecorator.basicRun(TestDecorator.java:22)\n\tat junit.extensions.TestSetup$1.protect(TestSetup.java:19)\n\tat junit.framework.TestResult.runProtected(TestResult.java:124)\n\tat junit.extensions.TestSetup.run(TestSetup.java:23)\n\tat junit.extensions.TestDecorator.basicRun(TestDecorator.java:22)\n\tat junit.extensions.TestSetup$1.protect(TestSetup.java:19)\n\tat junit.framework.TestResult.runProtected(TestResult.java:124)\n\tat junit.extensions.TestSetup.run(TestSetup.java:23)\n\tat org.apache.derbyTesting.junit.BaseTestSetup.run(BaseTestSetup.java:57)\n\tat junit.extensions.TestDecorator.basicRun(TestDecorator.java:22)\n\tat junit.extensions.TestSetup$1.protect(TestSetup.java:19)\n\tat junit.framework.TestResult.runProtected(TestResult.java:124)\n\tat junit.extensions.TestSetup.run(TestSetup.java:23)\n\tat junit.extensions.TestDecorator.basicRun(TestDecorator.java:22)\n\tat junit.extensions.TestSetup$1.protect(TestSetup.java:19)\n\tat junit.framework.TestResult.runProtected(TestResult.java:124)\n\tat junit.extensions.TestSetup.run(TestSetup.java:23)\n\tat org.apache.derbyTesting.junit.BaseTestSetup.run(BaseTestSetup.java:57)\n\tat junit.extensions.TestDecorator.basicRun(TestDecorator.java:22)\n\tat junit.extensions.TestSetup$1.protect(TestSetup.java:19)\n\tat junit.framework.TestResult.runProtected(TestResult.java:124)\n\tat junit.extensions.TestSetup.run(TestSetup.java:23)\n\tat junit.framework.TestSuite.runTest(TestSuite.java:208)\n\tat junit.framework.TestSuite.run(TestSuite.java:203)\n\tat junit.framework.TestSuite.runTest(TestSuite.java:208)\n\tat junit.framework.TestSuite.run(TestSuite.java:203)\n\tat junit.framework.TestSuite.runTest(TestSuite.java:208)\n\tat junit.framework.TestSuite.run(TestSuite.java:203)\n\tat TimeRunner.main(TimeRunner.java:31)\nCaused by: java.sql.SQLException: Read endOfFile at unexpected place on line 7.\n\tat org.apache.derby.impl.jdbc.SQLExceptionFactory.getSQLException(SQLExceptionFactory.java:45)\n\tat org.apache.derby.impl.jdbc.Util.generateCsSQLException(Util.java:202)\n\tat org.apache.derby.impl.jdbc.TransactionResourceImpl.wrapInSQLException(TransactionResourceImpl.java:391)\n\tat org.apache.derby.impl.jdbc.TransactionResourceImpl.handleException(TransactionResourceImpl.java:346)\n\tat org.apache.derby.impl.jdbc.EmbedConnection.handleException(EmbedConnection.java:1572)\n\tat org.apache.derby.impl.jdbc.ConnectionChild.handleException(ConnectionChild.java:81)\n\tat org.apache.derby.impl.jdbc.EmbedStatement.executeStatement(EmbedStatement.java:1315)\n\tat org.apache.derby.impl.jdbc.EmbedPreparedStatement.executeStatement(EmbedPreparedStatement.java:1649)\n\tat org.apache.derby.impl.jdbc.EmbedPreparedStatement.executeUpdate(EmbedPreparedStatement.java:299)\n\tat org.apache.derby.impl.load.Import.performImport(Import.java:285)\n\tat org.apache.derby.impl.load.Import.importTable(Import.java:126)\n\tat org.apache.derby.catalog.SystemProcedures.SYSCS_IMPORT_TABLE(SystemProcedures.java:1254)\n\tat org.apache.derby.exe.ac47a19903x0114xd70dx30aax00003dcd3cb41f7.g0(Unknown Source)\n\tat java.lang.reflect.AccessibleObject.invokeV(AccessibleObject.java:205)\n\tat java.lang.reflect.Method.invoke(Method.java:253)\n\tat org.apache.derby.impl.services.reflect.ReflectMethod.invoke(ReflectMethod.java:46)\n\tat org.apache.derby.impl.sql.execute.CallStatementResultSet.open(CallStatementResultSet.java:57)\n\tat org.apache.derby.impl.sql.GenericPreparedStatement.execute(GenericPreparedStatement.java:370)\n\tat org.apache.derby.impl.jdbc.EmbedStatement.executeStatement(EmbedStatement.java:1225)\n\t... 74 more\nCaused by: ERROR XIE0E: Read endOfFile at unexpected place on line 7.\n\tat org.apache.derby.iapi.error.StandardException.newException(StandardException.java:290)\n\tat org.apache.derby.impl.load.LoadError.unexpectedEndOfFile(LoadError.java:162)\n\tat org.apache.derby.impl.load.ImportReadData.readNextDelimitedRow(ImportReadData.java:746)\n\tat org.apache.derby.impl.load.ImportReadData.readNextRow(ImportReadData.java:655)\n\tat org.apache.derby.impl.load.ImportAbstract.next(ImportAbstract.java:124)\n\tat org.apache.derby.impl.sql.execute.VTIResultSet.getNextRowCore(VTIResultSet.java:325)\n\tat org.apache.derby.impl.sql.execute.ProjectRestrictResultSet.getNextRowCore(ProjectRestrictResultSet.java:255)\n\tat org.apache.derby.impl.sql.execute.NormalizeResultSet.getNextRowCore(NormalizeResultSet.java:186)\n\tat org.apache.derby.impl.sql.execute.NoPutResultSetImpl.getNextRowFromRowSource(NoPutResultSetImpl.java:205)\n\tat org.apache.derby.impl.store.access.heap.HeapController.load(HeapController.java:396)\n\tat org.apache.derby.impl.store.access.heap.Heap.load(Heap.java:649)\n\tat org.apache.derby.impl.store.access.RAMTransaction.loadConglomerate(RAMTransaction.java:1240)\n\tat org.apache.derby.impl.store.access.RAMTransaction.recreateAndLoadConglomerate(RAMTransaction.java:908)\n\tat org.apache.derby.impl.sql.execute.InsertResultSet.bulkInsertCore(InsertResultSet.java:1308)\n\tat org.apache.derby.impl.sql.execute.InsertResultSet.open(InsertResultSet.java:446)\n\tat org.apache.derby.impl.sql.GenericPreparedStatement.execute(GenericPreparedStatement.java:370)\n\tat org.apache.derby.impl.jdbc.EmbedStatement.executeStatement(EmbedStatement.java:1225)\n\t... 86 more","customfield_10010":null,"timetracking":{},"customfield_12312026":null,"customfield_12310200":[{"self":"https://issues.apache.org/jira/rest/api/2/customFieldOption/10369","value":"Regression Test Failure","id":"10369"}],"customfield_12312023":null,"customfield_12312024":null,"customfield_12312340":null,"aggregatetimeestimate":null,"customfield_12312022":null,"customfield_12312341":null,"customfield_12312220":null,"customfield_12310921":null,"customfield_12310920":"38942","summary":"start CollationTest2 testDefaultCollation fails with java.sql.SQLException: Import error on line 7 of file extinout\\names.dat: Read endOfFile at unexpected place on line 7. ","creator":{"self":"https://issues.apache.org/jira/rest/api/2/user?username=kmarsden","name":"kmarsden","emailAddress":"kmarsdenderby at sbcglobal dot net","avatarUrls":{"48x48":"https://issues.apache.org/jira/secure/useravatar?avatarId=10452","24x24":"https://issues.apache.org/jira/secure/useravatar?size=small&avatarId=10452","16x16":"https://issues.apache.org/jira/secure/useravatar?size=xsmall&avatarId=10452","32x32":"https://issues.apache.org/jira/secure/useravatar?size=medium&avatarId=10452"},"displayName":"Kathey Marsden","active":true},"subtasks":[],"customfield_12310090":null,"reporter":{"self":"https://issues.apache.org/jira/rest/api/2/user?username=kmarsden","name":"kmarsden","emailAddress":"kmarsdenderby at sbcglobal dot net","avatarUrls":{"48x48":"https://issues.apache.org/jira/secure/useravatar?avatarId=10452","24x24":"https://issues.apache.org/jira/secure/useravatar?size=small&avatarId=10452","16x16":"https://issues.apache.org/jira/secure/useravatar?size=xsmall&avatarId=10452","32x32":"https://issues.apache.org/jira/secure/useravatar?size=medium&avatarId=10452"},"displayName":"Kathey Marsden","active":true},"customfield_12310291":null,"customfield_12310290":null,"aggregateprogress":{"progress":0,"total":0},"environment":null,"customfield_12311020":null,"customfield_12310050":null,"duedate":null,"customfield_12310250":null,"progress":{"progress":0,"total":0},"comment":{"startAt":0,"maxResults":6,"total":6,"comments":[{"self":"https://issues.apache.org/jira/rest/api/2/issue/12377597/comment/12526551","id":"12526551","author":{"self":"https://issues.apache.org/jira/rest/api/2/user?username=myrna","name":"myrna","emailAddress":"m dot v dot lunteren at gmail dot com","avatarUrls":{"48x48":"https://issues.apache.org/jira/secure/useravatar?avatarId=10452","24x24":"https://issues.apache.org/jira/secure/useravatar?size=small&avatarId=10452","16x16":"https://issues.apache.org/jira/secure/useravatar?size=xsmall&avatarId=10452","32x32":"https://issues.apache.org/jira/secure/useravatar?size=medium&avatarId=10452"},"displayName":"Myrna van Lunteren","active":true},"body":"Note: this does *not* occur with 10.3. because with 10.3 this test gets skipped. (See https://issues.apache.org/jira/browse/DERBY-2703 related revisions 542697 and 555421 for the adding and removing of this skipping code. 555421 has not been backported, so in 10.3 this test is still skipped with jdk142 and j9).","updateAuthor":{"self":"https://issues.apache.org/jira/rest/api/2/user?username=myrna","name":"myrna","emailAddress":"m dot v dot lunteren at gmail dot com","avatarUrls":{"48x48":"https://issues.apache.org/jira/secure/useravatar?avatarId=10452","24x24":"https://issues.apache.org/jira/secure/useravatar?size=small&avatarId=10452","16x16":"https://issues.apache.org/jira/secure/useravatar?size=xsmall&avatarId=10452","32x32":"https://issues.apache.org/jira/secure/useravatar?size=medium&avatarId=10452"},"displayName":"Myrna van Lunteren","active":true},"created":"2007-09-11T18:37:10.737+0000","updated":"2007-09-25T01:39:41.911+0000"},{"self":"https://issues.apache.org/jira/rest/api/2/issue/12377597/comment/12530576","id":"12530576","author":{"self":"https://issues.apache.org/jira/rest/api/2/user?username=myrna","name":"myrna","emailAddress":"m dot v dot lunteren at gmail dot com","avatarUrls":{"48x48":"https://issues.apache.org/jira/secure/useravatar?avatarId=10452","24x24":"https://issues.apache.org/jira/secure/useravatar?size=small&avatarId=10452","16x16":"https://issues.apache.org/jira/secure/useravatar?size=xsmall&avatarId=10452","32x32":"https://issues.apache.org/jira/secure/useravatar?size=medium&avatarId=10452"},"displayName":"Myrna van Lunteren","active":true},"body":"Attaching a repro for this issue, using names.dat generated by the test.\r\nAlso attaching jdk14 output.","updateAuthor":{"self":"https://issues.apache.org/jira/rest/api/2/user?username=myrna","name":"myrna","emailAddress":"m dot v dot lunteren at gmail dot com","avatarUrls":{"48x48":"https://issues.apache.org/jira/secure/useravatar?avatarId=10452","24x24":"https://issues.apache.org/jira/secure/useravatar?size=small&avatarId=10452","16x16":"https://issues.apache.org/jira/secure/useravatar?size=xsmall&avatarId=10452","32x32":"https://issues.apache.org/jira/secure/useravatar?size=medium&avatarId=10452"},"displayName":"Myrna van Lunteren","active":true},"created":"2007-09-26T22:36:26.970+0000","updated":"2007-09-26T22:36:26.970+0000"},{"self":"https://issues.apache.org/jira/rest/api/2/issue/12377597/comment/12530580","id":"12530580","author":{"self":"https://issues.apache.org/jira/rest/api/2/user?username=myrna","name":"myrna","emailAddress":"m dot v dot lunteren at gmail dot com","avatarUrls":{"48x48":"https://issues.apache.org/jira/secure/useravatar?avatarId=10452","24x24":"https://issues.apache.org/jira/secure/useravatar?size=small&avatarId=10452","16x16":"https://issues.apache.org/jira/secure/useravatar?size=xsmall&avatarId=10452","32x32":"https://issues.apache.org/jira/secure/useravatar?size=medium&avatarId=10452"},"displayName":"Myrna van Lunteren","active":true},"body":"output of repro3055 with weme6.1. Comparing this with the jdk14 output shows that the problem is that the weme6.1 (a.k.a. 'j9') jvm does not handle all characters correctly.\r\n\r\nThe problem does not occur when the Codeset used to create the InputStreamReader in the test case is null, but it does show up when it's set to UTF-16. UTF-16 is what it is set when we run the CollationTest2 (and I think otherwise also with Derby).","updateAuthor":{"self":"https://issues.apache.org/jira/rest/api/2/user?username=myrna","name":"myrna","emailAddress":"m dot v dot lunteren at gmail dot com","avatarUrls":{"48x48":"https://issues.apache.org/jira/secure/useravatar?avatarId=10452","24x24":"https://issues.apache.org/jira/secure/useravatar?size=small&avatarId=10452","16x16":"https://issues.apache.org/jira/secure/useravatar?size=xsmall&avatarId=10452","32x32":"https://issues.apache.org/jira/secure/useravatar?size=medium&avatarId=10452"},"displayName":"Myrna van Lunteren","active":true},"created":"2007-09-26T22:40:01.512+0000","updated":"2007-09-26T22:40:01.512+0000"},{"self":"https://issues.apache.org/jira/rest/api/2/issue/12377597/comment/12530582","id":"12530582","author":{"self":"https://issues.apache.org/jira/rest/api/2/user?username=myrna","name":"myrna","emailAddress":"m dot v dot lunteren at gmail dot com","avatarUrls":{"48x48":"https://issues.apache.org/jira/secure/useravatar?avatarId=10452","24x24":"https://issues.apache.org/jira/secure/useravatar?size=small&avatarId=10452","16x16":"https://issues.apache.org/jira/secure/useravatar?size=xsmall&avatarId=10452","32x32":"https://issues.apache.org/jira/secure/useravatar?size=medium&avatarId=10452"},"displayName":"Myrna van Lunteren","active":true},"body":"I have reported this issue to the jvm vendor (IBM).\r\n\r\nI will make this test case skip with JSR169.  \r\n","updateAuthor":{"self":"https://issues.apache.org/jira/rest/api/2/user?username=myrna","name":"myrna","emailAddress":"m dot v dot lunteren at gmail dot com","avatarUrls":{"48x48":"https://issues.apache.org/jira/secure/useravatar?avatarId=10452","24x24":"https://issues.apache.org/jira/secure/useravatar?size=small&avatarId=10452","16x16":"https://issues.apache.org/jira/secure/useravatar?size=xsmall&avatarId=10452","32x32":"https://issues.apache.org/jira/secure/useravatar?size=medium&avatarId=10452"},"displayName":"Myrna van Lunteren","active":true},"created":"2007-09-26T22:43:42.943+0000","updated":"2007-09-26T22:43:42.943+0000"},{"self":"https://issues.apache.org/jira/rest/api/2/issue/12377597/comment/12530583","id":"12530583","author":{"self":"https://issues.apache.org/jira/rest/api/2/user?username=myrna","name":"myrna","emailAddress":"m dot v dot lunteren at gmail dot com","avatarUrls":{"48x48":"https://issues.apache.org/jira/secure/useravatar?avatarId=10452","24x24":"https://issues.apache.org/jira/secure/useravatar?size=small&avatarId=10452","16x16":"https://issues.apache.org/jira/secure/useravatar?size=xsmall&avatarId=10452","32x32":"https://issues.apache.org/jira/secure/useravatar?size=medium&avatarId=10452"},"displayName":"Myrna van Lunteren","active":true},"body":"See also DERBY-2546 for another weme6.1 UTF-16 issue with import.","updateAuthor":{"self":"https://issues.apache.org/jira/rest/api/2/user?username=myrna","name":"myrna","emailAddress":"m dot v dot lunteren at gmail dot com","avatarUrls":{"48x48":"https://issues.apache.org/jira/secure/useravatar?avatarId=10452","24x24":"https://issues.apache.org/jira/secure/useravatar?size=small&avatarId=10452","16x16":"https://issues.apache.org/jira/secure/useravatar?size=xsmall&avatarId=10452","32x32":"https://issues.apache.org/jira/secure/useravatar?size=medium&avatarId=10452"},"displayName":"Myrna van Lunteren","active":true},"created":"2007-09-26T22:46:13.167+0000","updated":"2007-09-26T22:46:13.167+0000"},{"self":"https://issues.apache.org/jira/rest/api/2/issue/12377597/comment/12530600","id":"12530600","author":{"self":"https://issues.apache.org/jira/rest/api/2/user?username=myrna","name":"myrna","emailAddress":"m dot v dot lunteren at gmail dot com","avatarUrls":{"48x48":"https://issues.apache.org/jira/secure/useravatar?avatarId=10452","24x24":"https://issues.apache.org/jira/secure/useravatar?size=small&avatarId=10452","16x16":"https://issues.apache.org/jira/secure/useravatar?size=xsmall&avatarId=10452","32x32":"https://issues.apache.org/jira/secure/useravatar?size=medium&avatarId=10452"},"displayName":"Myrna van Lunteren","active":true},"body":"marking invalid as this is a jvm issue, not a derby bug.","updateAuthor":{"self":"https://issues.apache.org/jira/rest/api/2/user?username=myrna","name":"myrna","emailAddress":"m dot v dot lunteren at gmail dot com","avatarUrls":{"48x48":"https://issues.apache.org/jira/secure/useravatar?avatarId=10452","24x24":"https://issues.apache.org/jira/secure/useravatar?size=small&avatarId=10452","16x16":"https://issues.apache.org/jira/secure/useravatar?size=xsmall&avatarId=10452","32x32":"https://issues.apache.org/jira/secure/useravatar?size=medium&avatarId=10452"},"displayName":"Myrna van Lunteren","active":true},"created":"2007-09-26T23:43:50.777+0000","updated":"2007-09-26T23:43:50.777+0000"}]},"votes":{"self":"https://issues.apache.org/jira/rest/api/2/issue/DERBY-3055/votes","votes":0,"hasVoted":false},"worklog":{"startAt":0,"maxResults":20,"total":0,"worklogs":[]},"customfield_12311820":"0|i07133:"}}